[INFO] Scanning for projects...
[WARNING] 
[WARNING] Some problems were encountered while building the effective model for org.jclouds.provider:azureblob:bundle:1.3.0-SNAPSHOT
[WARNING] 'parent.relativePath' of POM org.jclouds:jclouds-project:1.3.0-SNAPSHOT (/Users/adriancole/workspace/git/jclouds/project/pom.xml) points at org.jclouds:jclouds-multi instead of org.sonatype.oss:oss-parent, please verify your project structure @ org.jclouds:jclouds-project:1.3.0-SNAPSHOT, /Users/adriancole/workspace/git/jclouds/project/pom.xml, line 24, column 13
[WARNING] 
[WARNING] It is highly recommended to fix these problems because they threaten the stability of your build.
[WARNING] 
[WARNING] For this reason, future Maven versions might no longer support building such malformed projects.
[WARNING] 
[INFO]                                                                         
[INFO] ------------------------------------------------------------------------
[INFO] Building jclouds Azure Storage provider 1.3.0-SNAPSHOT
[INFO] ------------------------------------------------------------------------
[INFO] 
[INFO] --- maven-clean-plugin:2.4.1:clean (default-clean) @ azureblob ---
[INFO] Deleting /Users/adriancole/workspace/git/jclouds/providers/azureblob/target
[INFO] 
[INFO] --- maven-enforcer-plugin:1.0.1:enforce (enforce-maven) @ azureblob ---
[INFO] 
[INFO] --- maven-enforcer-plugin:1.0.1:enforce (enforce-banned-dependencies) @ azureblob ---
[INFO] 
[INFO] --- maven-enforcer-plugin:1.0.1:enforce (enforce-java) @ azureblob ---
[INFO] 
[INFO] --- maven-remote-resources-plugin:1.2:process (process-remote-resources) @ azureblob ---
[INFO] Setting property: classpath.resource.loader.class => 'org.codehaus.plexus.velocity.ContextClassLoaderResourceLoader'.
[INFO] Setting property: velocimacro.messages.on => 'false'.
[INFO] Setting property: resource.loader => 'classpath'.
[INFO] Setting property: resource.manager.logwhenfound => 'false'.
[INFO] 
[INFO] --- maven-resources-plugin:2.4.2:resources (default-resources) @ azureblob ---
[INFO] Using 'UTF-8' encoding to copy filtered resources.
[INFO] skip non existing resourceDirectory /Users/adriancole/workspace/git/jclouds/providers/azureblob/src/main/clojure
[INFO] Copying 1 resource
[INFO] Copying 2 resources
[INFO] 
[INFO] --- maven-compiler-plugin:2.3:compile (default-compile) @ azureblob ---
[INFO] Compiling 48 source files to /Users/adriancole/workspace/git/jclouds/providers/azureblob/target/classes
[INFO] 
[INFO] --- maven-resources-plugin:2.4.2:testResources (default-testResources) @ azureblob ---
[INFO] Using 'UTF-8' encoding to copy filtered resources.
[INFO] skip non existing resourceDirectory /Users/adriancole/workspace/git/jclouds/providers/azureblob/src/test/clojure
[INFO] Copying 5 resources
[INFO] Copying 2 resources
[INFO] 
[INFO] --- maven-compiler-plugin:2.3:testCompile (default-testCompile) @ azureblob ---
[INFO] Compiling 23 source files to /Users/adriancole/workspace/git/jclouds/providers/azureblob/target/test-classes
[INFO] 
[INFO] --- maven-surefire-plugin:2.10:test (default-test) @ azureblob ---
[INFO] Surefire report directory: /Users/adriancole/workspace/git/jclouds/providers/azureblob/target/surefire-reports
[INFO] Using configured provider org.apache.maven.surefire.testng.TestNGProvider

-------------------------------------------------------
 T E S T S
-------------------------------------------------------
Running TestSuite
Starting test test404OnContainerIsContainerNotFound(org.jclouds.azure.storage.handlers.ParseAzureBlobErrorFromXmlContentTest)
Starting test test404WithoutContainerIsKeyNotFound(org.jclouds.azure.storage.handlers.ParseAzureBlobErrorFromXmlContentTest)
Starting test testMetadataAlreadyPrefixed(org.jclouds.azureblob.options.CreateContainerOptionsTest)
Starting test testMetadataStatic(org.jclouds.azureblob.options.CreateContainerOptionsTest)
Starting test testMetadata(org.jclouds.azureblob.options.CreateContainerOptionsTest)
[pool-2-thread-4] Test testMetadataStatic(org.jclouds.azureblob.options.CreateContainerOptionsTest) succeeded: 84ms
Test suite progress: tests succeeded: 1, failed: 0, skipped: 0.
Starting test testPublicAccessStatic(org.jclouds.azureblob.options.CreateContainerOptionsTest)
[pool-2-thread-3] Test testMetadataAlreadyPrefixed(org.jclouds.azureblob.options.CreateContainerOptionsTest) succeeded: 86ms
Test suite progress: tests succeeded: 2, failed: 0, skipped: 0.
Starting test testPublicAccess(org.jclouds.azureblob.options.CreateContainerOptionsTest)
[pool-2-thread-3] Test testPublicAccess(org.jclouds.azureblob.options.CreateContainerOptionsTest) succeeded: 0ms
Test suite progress: tests succeeded: 3, failed: 0, skipped: 0.
Starting test testDelimiterStatic(org.jclouds.azureblob.options.ListBlobsOptionsTest)
[pool-2-thread-5] Test testMetadata(org.jclouds.azureblob.options.CreateContainerOptionsTest) succeeded: 87ms
Test suite progress: tests succeeded: 4, failed: 0, skipped: 0.
[pool-2-thread-3] Test testDelimiterStatic(org.jclouds.azureblob.options.ListBlobsOptionsTest) succeeded: 2ms
Test suite progress: tests succeeded: 5, failed: 0, skipped: 0.
Starting test testDelimiter(org.jclouds.azureblob.options.ListBlobsOptionsTest)
Starting test testContextImpl(org.jclouds.azureblob.blobstore.config.AzureBlobStoreModuleTest)
[pool-2-thread-5] Test testDelimiter(org.jclouds.azureblob.options.ListBlobsOptionsTest) succeeded: 0ms
Test suite progress: tests succeeded: 6, failed: 0, skipped: 0.
Starting test testInvalidNames(org.jclouds.azureblob.predicates.validators.ContainerNameValidatorTest)
[pool-2-thread-4] Test testPublicAccessStatic(org.jclouds.azureblob.options.CreateContainerOptionsTest) succeeded: 4ms
Test suite progress: tests succeeded: 7, failed: 0, skipped: 0.
Starting test testNamesValidity(org.jclouds.azureblob.predicates.validators.ContainerNameValidatorTest)
[pool-2-thread-4] Test testNamesValidity(org.jclouds.azureblob.predicates.validators.ContainerNameValidatorTest) succeeded: 24ms
Test suite progress: tests succeeded: 8, failed: 0, skipped: 0.
[pool-2-thread-5] Test testInvalidNames(org.jclouds.azureblob.predicates.validators.ContainerNameValidatorTest) succeeded: 44ms
Test suite progress: tests succeeded: 9, failed: 0, skipped: 0.
[pool-2-thread-2] Test test404WithoutContainerIsKeyNotFound(org.jclouds.azure.storage.handlers.ParseAzureBlobErrorFromXmlContentTest) succeeded: 673ms
Test suite progress: tests succeeded: 10, failed: 0, skipped: 0.
[pool-2-thread-1] Test test404OnContainerIsContainerNotFound(org.jclouds.azure.storage.handlers.ParseAzureBlobErrorFromXmlContentTest) succeeded: 691ms
Test suite progress: tests succeeded: 11, failed: 0, skipped: 0.
[pool-2-thread-3] Test testContextImpl(org.jclouds.azureblob.blobstore.config.AzureBlobStoreModuleTest) succeeded: 1100ms
Test suite progress: tests succeeded: 12, failed: 0, skipped: 0.
Starting test testSetBlobMetadata(org.jclouds.azureblob.AzureBlobAsyncClientTest)
Starting test testCreateRootContainer(org.jclouds.azureblob.AzureBlobAsyncClientTest)
Starting test testContainerProperties(org.jclouds.azureblob.AzureBlobAsyncClientTest)
Starting test testCreateRootContainerOptions(org.jclouds.azureblob.AzureBlobAsyncClientTest)
Starting test testListContainersOptions(org.jclouds.azureblob.AzureBlobAsyncClientTest)
[pool-3-thread-2] Test testCreateRootContainerOptions(org.jclouds.azureblob.AzureBlobAsyncClientTest) succeeded: 55ms
Test suite progress: tests succeeded: 13, failed: 0, skipped: 0.
Starting test testListRootBlobs(org.jclouds.azureblob.AzureBlobAsyncClientTest)
[pool-3-thread-5] Test testCreateRootContainer(org.jclouds.azureblob.AzureBlobAsyncClientTest) succeeded: 69ms
Test suite progress: tests succeeded: 14, failed: 0, skipped: 0.
Starting test testGetPublicAccessForContainer(org.jclouds.azureblob.AzureBlobAsyncClientTest)
[pool-3-thread-4] Test testContainerProperties(org.jclouds.azureblob.AzureBlobAsyncClientTest) succeeded: 73ms
Test suite progress: tests succeeded: 15, failed: 0, skipped: 0.
Starting test testDeleteContainer(org.jclouds.azureblob.AzureBlobAsyncClientTest)
[pool-3-thread-5] Test testGetPublicAccessForContainer(org.jclouds.azureblob.AzureBlobAsyncClientTest) succeeded: 9ms
Test suite progress: tests succeeded: 16, failed: 0, skipped: 0.
Starting test testListBlobs(org.jclouds.azureblob.AzureBlobAsyncClientTest)
[pool-3-thread-1] Test testSetBlobMetadata(org.jclouds.azureblob.AzureBlobAsyncClientTest) succeeded: 103ms
Test suite progress: tests succeeded: 17, failed: 0, skipped: 0.
Starting test testListContainers(org.jclouds.azureblob.AzureBlobAsyncClientTest)
[pool-3-thread-4] Test testDeleteContainer(org.jclouds.azureblob.AzureBlobAsyncClientTest) succeeded: 32ms
Test suite progress: tests succeeded: 18, failed: 0, skipped: 0.
Starting test testCreateContainerOptions(org.jclouds.azureblob.AzureBlobAsyncClientTest)
[pool-3-thread-4] Test testCreateContainerOptions(org.jclouds.azureblob.AzureBlobAsyncClientTest) succeeded: 2ms
Test suite progress: tests succeeded: 19, failed: 0, skipped: 0.
Starting test testSetResourceMetadata(org.jclouds.azureblob.AzureBlobAsyncClientTest)
[pool-3-thread-4] Test testSetResourceMetadata(org.jclouds.azureblob.AzureBlobAsyncClientTest) succeeded: 2ms
Test suite progress: tests succeeded: 20, failed: 0, skipped: 0.
Starting test testGetBlob(org.jclouds.azureblob.AzureBlobAsyncClientTest)
[pool-3-thread-3] Test testListContainersOptions(org.jclouds.azureblob.AzureBlobAsyncClientTest) succeeded: 123ms
Test suite progress: tests succeeded: 21, failed: 0, skipped: 0.
[pool-3-thread-5] Test testListBlobs(org.jclouds.azureblob.AzureBlobAsyncClientTest) succeeded: 48ms
Test suite progress: tests succeeded: 22, failed: 0, skipped: 0.
Starting test testCreateContainer(org.jclouds.azureblob.AzureBlobAsyncClientTest)
Starting test testDeleteRootContainer(org.jclouds.azureblob.AzureBlobAsyncClientTest)
[pool-3-thread-2] Test testListRootBlobs(org.jclouds.azureblob.AzureBlobAsyncClientTest) succeeded: 72ms
Test suite progress: tests succeeded: 23, failed: 0, skipped: 0.
[pool-3-thread-3] Test testDeleteRootContainer(org.jclouds.azureblob.AzureBlobAsyncClientTest) succeeded: 2ms
Test suite progress: tests succeeded: 24, failed: 0, skipped: 0.
[pool-3-thread-4] Test testGetBlob(org.jclouds.azureblob.AzureBlobAsyncClientTest) succeeded: 18ms
Test suite progress: tests succeeded: 25, failed: 0, skipped: 0.
[pool-3-thread-1] Test testListContainers(org.jclouds.azureblob.AzureBlobAsyncClientTest) succeeded: 31ms
Test suite progress: tests succeeded: 26, failed: 0, skipped: 0.
[pool-3-thread-5] Test testCreateContainer(org.jclouds.azureblob.AzureBlobAsyncClientTest) succeeded: 5ms
Test suite progress: tests succeeded: 27, failed: 0, skipped: 0.
Starting test testInRestProperties(org.jclouds.azureblob.AzureBlobProviderTest)
Starting test testWithId(org.jclouds.azureblob.AzureBlobProviderTest)
Starting test testAllContains(org.jclouds.azureblob.AzureBlobProviderTest)
Starting test testOfTypeContains(org.jclouds.azureblob.AzureBlobProviderTest)
[pool-4-thread-2] Test testWithId(org.jclouds.azureblob.AzureBlobProviderTest) succeeded: 7ms
Test suite progress: tests succeeded: 28, failed: 0, skipped: 0.
[pool-4-thread-4] Test testOfTypeContains(org.jclouds.azureblob.AzureBlobProviderTest) succeeded: 4ms
Test suite progress: tests succeeded: 29, failed: 0, skipped: 0.
[pool-4-thread-3] Test testAllContains(org.jclouds.azureblob.AzureBlobProviderTest) succeeded: 6ms
Test suite progress: tests succeeded: 30, failed: 0, skipped: 0.
[pool-4-thread-1] Test testInRestProperties(org.jclouds.azureblob.AzureBlobProviderTest) succeeded: 36ms
Test suite progress: tests succeeded: 31, failed: 0, skipped: 0.
Starting test testPassWithMinimumDetailsAndPayload64MB(org.jclouds.azureblob.binders.BindAzureBlobMetadataToRequestTest)
Starting test testOver64MBIsBad(org.jclouds.azureblob.binders.BindAzureBlobMetadataToRequestTest)
Starting test testNullIsBad(org.jclouds.azureblob.binders.BindAzureBlobMetadataToRequestTest)
Starting test testMustBeAzureBlob(org.jclouds.azureblob.binders.BindAzureBlobMetadataToRequestTest)
Starting test testNoNameIsBad(org.jclouds.azureblob.binders.BindAzureBlobMetadataToRequestTest)
[pool-5-thread-4] Test testNullIsBad(org.jclouds.azureblob.binders.BindAzureBlobMetadataToRequestTest) succeeded: 5ms
Test suite progress: tests succeeded: 32, failed: 0, skipped: 0.
Starting test testExtendedPropertiesBind(org.jclouds.azureblob.binders.BindAzureBlobMetadataToRequestTest)
[pool-5-thread-2] Test testMustBeAzureBlob(org.jclouds.azureblob.binders.BindAzureBlobMetadataToRequestTest) succeeded: 6ms
Test suite progress: tests succeeded: 33, failed: 0, skipped: 0.
Starting test testNoContentLengthIsBad(org.jclouds.azureblob.binders.BindAzureBlobMetadataToRequestTest)
[pool-5-thread-2] Test testNoContentLengthIsBad(org.jclouds.azureblob.binders.BindAzureBlobMetadataToRequestTest) succeeded: 0ms
Test suite progress: tests succeeded: 34, failed: 0, skipped: 0.
[pool-5-thread-5] Test testNoNameIsBad(org.jclouds.azureblob.binders.BindAzureBlobMetadataToRequestTest) succeeded: 7ms
Test suite progress: tests succeeded: 35, failed: 0, skipped: 0.
[pool-5-thread-3] Test testOver64MBIsBad(org.jclouds.azureblob.binders.BindAzureBlobMetadataToRequestTest) succeeded: 13ms
Test suite progress: tests succeeded: 36, failed: 0, skipped: 0.
[pool-5-thread-4] Test testExtendedPropertiesBind(org.jclouds.azureblob.binders.BindAzureBlobMetadataToRequestTest) succeeded: 6ms
Test suite progress: tests succeeded: 37, failed: 0, skipped: 0.
[pool-5-thread-1] Test testPassWithMinimumDetailsAndPayload64MB(org.jclouds.azureblob.binders.BindAzureBlobMetadataToRequestTest) succeeded: 19ms
Test suite progress: tests succeeded: 38, failed: 0, skipped: 0.
Starting test testSignPutBlob(org.jclouds.azureblob.blobstore.AzureBlobRequestSignerTest)
Starting test testSignRemoveBlob(org.jclouds.azureblob.blobstore.AzureBlobRequestSignerTest)
Starting test testSignGetBlob(org.jclouds.azureblob.blobstore.AzureBlobRequestSignerTest)
[pool-6-thread-2] Test testSignRemoveBlob(org.jclouds.azureblob.blobstore.AzureBlobRequestSignerTest) succeeded: 416ms
Test suite progress: tests succeeded: 39, failed: 0, skipped: 0.
[pool-6-thread-3] Test testSignPutBlob(org.jclouds.azureblob.blobstore.AzureBlobRequestSignerTest) succeeded: 422ms
Test suite progress: tests succeeded: 40, failed: 0, skipped: 0.
[pool-6-thread-1] Test testSignGetBlob(org.jclouds.azureblob.blobstore.AzureBlobRequestSignerTest) succeeded: 414ms
Test suite progress: tests succeeded: 41, failed: 0, skipped: 0.
Starting test testApplyInputStream(org.jclouds.azureblob.xml.AccountNameEnumerationResultsHandlerTest)
[pool-7-thread-1] Test testApplyInputStream(org.jclouds.azureblob.xml.AccountNameEnumerationResultsHandlerTest) succeeded: 49ms
Test suite progress: tests succeeded: 42, failed: 0, skipped: 0.
Starting test testApplyInputStreamWithOptions(org.jclouds.azureblob.xml.AccountNameEnumerationResultsHandlerTest)
[pool-7-thread-2] Test testApplyInputStreamWithOptions(org.jclouds.azureblob.xml.AccountNameEnumerationResultsHandlerTest) succeeded: 3ms
Test suite progress: tests succeeded: 43, failed: 0, skipped: 0.
Starting test testApplyInputStream(org.jclouds.azureblob.xml.ContainerNameEnumerationResultsHandlerTest)
Starting test testOptions(org.jclouds.azureblob.xml.ContainerNameEnumerationResultsHandlerTest)
[pool-8-thread-2] Test testOptions(org.jclouds.azureblob.xml.ContainerNameEnumerationResultsHandlerTest) succeeded: 5ms
Test suite progress: tests succeeded: 44, failed: 0, skipped: 0.
[pool-8-thread-1] Test testApplyInputStream(org.jclouds.azureblob.xml.ContainerNameEnumerationResultsHandlerTest) succeeded: 10ms
Test suite progress: tests succeeded: 45, failed: 0, skipped: 0.
Tests run: 45, Failures: 0, Errors: 0, Skipped: 0, Time elapsed: 2.829 sec

Results :

Tests run: 45, Failures: 0, Errors: 0, Skipped: 0

[INFO] 
[INFO] --- clojure-maven-plugin:1.3.3:test (test-clojure) @ azureblob ---

Testing user

Ran 0 tests containing 0 assertions.
0 failures, 0 errors.
[INFO] 
[INFO] --- maven-bundle-plugin:2.3.4:bundle (default-bundle) @ azureblob ---
[INFO] 
[INFO] --- maven-source-plugin:2.1.1:jar-no-fork (attach-sources) @ azureblob ---
[INFO] Building jar: /Users/adriancole/workspace/git/jclouds/providers/azureblob/target/azureblob-1.3.0-SNAPSHOT-sources.jar
[INFO] 
[INFO] --- maven-javadoc-plugin:2.8:jar (javadoc) @ azureblob ---
[INFO] Skipping javadoc generation
[INFO] 
[INFO] --- maven-jar-plugin:2.3.1:test-jar (default) @ azureblob ---
[INFO] Building jar: /Users/adriancole/workspace/git/jclouds/providers/azureblob/target/azureblob-1.3.0-SNAPSHOT-tests.jar
[INFO] 
[INFO] --- maven-surefire-plugin:2.10:test (integration) @ azureblob ---
[INFO] Surefire report directory: /Users/adriancole/workspace/git/jclouds/providers/azureblob/target/surefire-reports
[INFO] Using configured provider org.apache.maven.surefire.testng.TestNGProvider

-------------------------------------------------------
 T E S T S
-------------------------------------------------------
Running TestSuite
org.jclouds.azure.storage.AzureStorageResponseException: command [method=AzureBlobAsyncClient.createContainer, request=PUT https://jclouds.blob.core.windows.net/adriancole-blobstore1?restype=container HTTP/1.1] failed with code 409, error: AzureError{requestId='c79b36fc-1111-4fd4-98d2-f276b3e7a4fb', code='ContainerBeingDeleted', message='The specified container is being deleted. Try operation later.
RequestId:c79b36fc-1111-4fd4-98d2-f276b3e7a4fb
Time:2011-12-15T05:10:01.5472121Z'
	at org.jclouds.azure.storage.handlers.ParseAzureStorageErrorFromXmlContent.handleError(ParseAzureStorageErrorFromXmlContent.java:75)
	at org.jclouds.http.handlers.DelegatingErrorHandler.handleError(DelegatingErrorHandler.java:69)
	at org.jclouds.http.internal.BaseHttpCommandExecutorService$HttpResponseCallable.shouldContinue(BaseHttpCommandExecutorService.java:200)
	at org.jclouds.http.internal.BaseHttpCommandExecutorService$HttpResponseCallable.call(BaseHttpCommandExecutorService.java:165)
	at org.jclouds.http.internal.BaseHttpCommandExecutorService$HttpResponseCallable.call(BaseHttpCommandExecutorService.java:134)
	at java.util.concurrent.FutureTask$Sync.innerRun(FutureTask.java:303)
	at java.util.concurrent.FutureTask.run(FutureTask.java:138)
	at java.util.concurrent.ThreadPoolExecutor$Worker.runTask(ThreadPoolExecutor.java:886)
	at java.util.concurrent.ThreadPoolExecutor$Worker.run(ThreadPoolExecutor.java:908)
	at java.lang.Thread.run(Thread.java:680)
	at org.jclouds.concurrent.config.ExecutorServiceModule$DescribingExecutorService.submit(ExecutorServiceModule.java:182)
	at org.jclouds.http.internal.BaseHttpCommandExecutorService.submit(BaseHttpCommandExecutorService.java:131)
	at org.jclouds.http.TransformingHttpCommandExecutorServiceImpl.submit(TransformingHttpCommandExecutorServiceImpl.java:54)
	at org.jclouds.http.TransformingHttpCommandImpl.execute(TransformingHttpCommandImpl.java:72)
	at org.jclouds.rest.internal.AsyncRestClientProxy.createListenableFuture(AsyncRestClientProxy.java:156)
	at org.jclouds.rest.internal.AsyncRestClientProxy.invoke(AsyncRestClientProxy.java:126)
	at $Proxy60.createContainer(Unknown Source)
	at sun.reflect.NativeMethodAccessorImpl.invoke0(Native Method)
	at sun.reflect.NativeMethodAccessorImpl.invoke(NativeMethodAccessorImpl.java:39)
	at sun.reflect.DelegatingMethodAccessorImpl.invoke(DelegatingMethodAccessorImpl.java:25)
	at java.lang.reflect.Method.invoke(Method.java:597)
	at org.jclouds.concurrent.internal.SyncProxy.invoke(SyncProxy.java:140)
	at $Proxy61.createContainer(Unknown Source)
	at org.jclouds.azureblob.blobstore.AzureBlobStore.createContainerInLocation(AzureBlobStore.java:130)
	at org.jclouds.blobstore.integration.internal.BaseBlobStoreIntegrationTest.createContainerAndEnsureEmpty(BaseBlobStoreIntegrationTest.java:235)
	at org.jclouds.blobstore.integration.internal.BaseBlobStoreIntegrationTest.createContainersSharedByAllThreads(BaseBlobStoreIntegrationTest.java:142)
	at org.jclouds.blobstore.integration.internal.BaseBlobStoreIntegrationTest.setUpResourcesForAllThreads(BaseBlobStoreIntegrationTest.java:93)
	at sun.reflect.NativeMethodAccessorImpl.invoke0(Native Method)
	at sun.reflect.NativeMethodAccessorImpl.invoke(NativeMethodAccessorImpl.java:39)
	at sun.reflect.DelegatingMethodAccessorImpl.invoke(DelegatingMethodAccessorImpl.java:25)
	at java.lang.reflect.Method.invoke(Method.java:597)
	at org.testng.internal.MethodInvocationHelper.invokeMethod(MethodInvocationHelper.java:76)
	at org.testng.internal.Invoker.invokeConfigurationMethod(Invoker.java:525)
	at org.testng.internal.Invoker.invokeConfigurations(Invoker.java:202)
	at org.testng.internal.Invoker.invokeConfigurations(Invoker.java:130)
	at org.testng.SuiteRunner.privateRun(SuiteRunner.java:260)
	at org.testng.SuiteRunner.run(SuiteRunner.java:223)
	at org.testng.SuiteRunnerWorker.runSuite(SuiteRunnerWorker.java:52)
	at org.testng.SuiteRunnerWorker.run(SuiteRunnerWorker.java:86)
	at org.testng.TestNG.runSuitesSequentially(TestNG.java:1039)
	at org.testng.TestNG.runSuitesLocally(TestNG.java:964)
	at org.testng.TestNG.run(TestNG.java:900)
	at org.apache.maven.surefire.testng.TestNGExecutor.run(TestNGExecutor.java:70)
	at org.apache.maven.surefire.testng.TestNGDirectoryTestSuite.executeMulti(TestNGDirectoryTestSuite.java:158)
	at org.apache.maven.surefire.testng.TestNGDirectoryTestSuite.execute(TestNGDirectoryTestSuite.java:98)
	at org.apache.maven.surefire.testng.TestNGProvider.invoke(TestNGProvider.java:111)
	at sun.reflect.NativeMethodAccessorImpl.invoke0(Native Method)
	at sun.reflect.NativeMethodAccessorImpl.invoke(NativeMethodAccessorImpl.java:39)
	at sun.reflect.DelegatingMethodAccessorImpl.invoke(DelegatingMethodAccessorImpl.java:25)
	at java.lang.reflect.Method.invoke(Method.java:597)
	at org.apache.maven.surefire.util.ReflectionUtils.invokeMethodWithArray(ReflectionUtils.java:164)
	at org.apache.maven.surefire.booter.ProviderFactory$ProviderProxy.invoke(ProviderFactory.java:110)
	at org.apache.maven.surefire.booter.SurefireStarter.invokeProvider(SurefireStarter.java:175)
	at org.apache.maven.surefire.booter.SurefireStarter.runSuitesInProcessWhenForked(SurefireStarter.java:107)
	at org.apache.maven.surefire.booter.ForkedBooter.main(ForkedBooter.java:68)
	at org.jclouds.concurrent.config.ExecutorServiceModule$DescribingExecutorService.submit(ExecutorServiceModule.java:182)
	at org.jclouds.http.internal.BaseHttpCommandExecutorService.submit(BaseHttpCommandExecutorService.java:131)
	at org.jclouds.http.TransformingHttpCommandExecutorServiceImpl.submit(TransformingHttpCommandExecutorServiceImpl.java:54)
	at org.jclouds.http.TransformingHttpCommandImpl.execute(TransformingHttpCommandImpl.java:72)
	at org.jclouds.rest.internal.AsyncRestClientProxy.createListenableFuture(AsyncRestClientProxy.java:156)
	at org.jclouds.rest.internal.AsyncRestClientProxy.invoke(AsyncRestClientProxy.java:126)
	at $Proxy60.createContainer(Unknown Source)
	at sun.reflect.NativeMethodAccessorImpl.invoke0(Native Method)
	at sun.reflect.NativeMethodAccessorImpl.invoke(NativeMethodAccessorImpl.java:39)
	at sun.reflect.DelegatingMethodAccessorImpl.invoke(DelegatingMethodAccessorImpl.java:25)
	at java.lang.reflect.Method.invoke(Method.java:597)
	at org.jclouds.concurrent.internal.SyncProxy.invoke(SyncProxy.java:140)
	at $Proxy61.createContainer(Unknown Source)
	at org.jclouds.azureblob.blobstore.AzureBlobStore.createContainerInLocation(AzureBlobStore.java:130)
	at org.jclouds.blobstore.integration.internal.BaseBlobStoreIntegrationTest.createContainerAndEnsureEmpty(BaseBlobStoreIntegrationTest.java:235)
	at org.jclouds.blobstore.integration.internal.BaseBlobStoreIntegrationTest.createContainersSharedByAllThreads(BaseBlobStoreIntegrationTest.java:142)
	at org.jclouds.blobstore.integration.internal.BaseBlobStoreIntegrationTest.setUpResourcesForAllThreads(BaseBlobStoreIntegrationTest.java:93)
	at sun.reflect.NativeMethodAccessorImpl.invoke0(Native Method)
	at sun.reflect.NativeMethodAccessorImpl.invoke(NativeMethodAccessorImpl.java:39)
	at sun.reflect.DelegatingMethodAccessorImpl.invoke(DelegatingMethodAccessorImpl.java:25)
	at java.lang.reflect.Method.invoke(Method.java:597)
	at org.testng.internal.MethodInvocationHelper.invokeMethod(MethodInvocationHelper.java:76)
	at org.testng.internal.Invoker.invokeConfigurationMethod(Invoker.java:525)
	at org.testng.internal.Invoker.invokeConfigurations(Invoker.java:202)
	at org.testng.internal.Invoker.invokeConfigurations(Invoker.java:130)
	at org.testng.SuiteRunner.privateRun(SuiteRunner.java:260)
	at org.testng.SuiteRunner.run(SuiteRunner.java:223)
	at org.testng.SuiteRunnerWorker.runSuite(SuiteRunnerWorker.java:52)
	at org.testng.SuiteRunnerWorker.run(SuiteRunnerWorker.java:86)
	at org.testng.TestNG.runSuitesSequentially(TestNG.java:1039)
	at org.testng.TestNG.runSuitesLocally(TestNG.java:964)
	at org.testng.TestNG.run(TestNG.java:900)
	at org.apache.maven.surefire.testng.TestNGExecutor.run(TestNGExecutor.java:70)
	at org.apache.maven.surefire.testng.TestNGDirectoryTestSuite.executeMulti(TestNGDirectoryTestSuite.java:158)
	at org.apache.maven.surefire.testng.TestNGDirectoryTestSuite.execute(TestNGDirectoryTestSuite.java:98)
	at org.apache.maven.surefire.testng.TestNGProvider.invoke(TestNGProvider.java:111)
	at sun.reflect.NativeMethodAccessorImpl.invoke0(Native Method)
	at sun.reflect.NativeMethodAccessorImpl.invoke(NativeMethodAccessorImpl.java:39)
	at sun.reflect.DelegatingMethodAccessorImpl.invoke(DelegatingMethodAccessorImpl.java:25)
	at java.lang.reflect.Method.invoke(Method.java:597)
	at org.apache.maven.surefire.util.ReflectionUtils.invokeMethodWithArray(ReflectionUtils.java:164)
	at org.apache.maven.surefire.booter.ProviderFactory$ProviderProxy.invoke(ProviderFactory.java:110)
	at org.apache.maven.surefire.booter.SurefireStarter.invokeProvider(SurefireStarter.java:175)
	at org.apache.maven.surefire.booter.SurefireStarter.runSuitesInProcessWhenForked(SurefireStarter.java:107)
	at org.apache.maven.surefire.booter.ForkedBooter.main(ForkedBooter.java:68)
org.jclouds.azure.storage.AzureStorageResponseException: command [method=AzureBlobAsyncClient.createContainer, request=PUT https://jclouds.blob.core.windows.net/adriancole-blobstore3?restype=container HTTP/1.1] failed with code 409, error: AzureError{requestId='a2091590-ce1b-47b8-aaf3-7dd1b504b940', code='ContainerBeingDeleted', message='The specified container is being deleted. Try operation later.
RequestId:a2091590-ce1b-47b8-aaf3-7dd1b504b940
Time:2011-12-15T05:10:10.0339444Z'
	at org.jclouds.azure.storage.handlers.ParseAzureStorageErrorFromXmlContent.handleError(ParseAzureStorageErrorFromXmlContent.java:75)
	at org.jclouds.http.handlers.DelegatingErrorHandler.handleError(DelegatingErrorHandler.java:69)
	at org.jclouds.http.internal.BaseHttpCommandExecutorService$HttpResponseCallable.shouldContinue(BaseHttpCommandExecutorService.java:200)
	at org.jclouds.http.internal.BaseHttpCommandExecutorService$HttpResponseCallable.call(BaseHttpCommandExecutorService.java:165)
	at org.jclouds.http.internal.BaseHttpCommandExecutorService$HttpResponseCallable.call(BaseHttpCommandExecutorService.java:134)
	at java.util.concurrent.FutureTask$Sync.innerRun(FutureTask.java:303)
	at java.util.concurrent.FutureTask.run(FutureTask.java:138)
	at java.util.concurrent.ThreadPoolExecutor$Worker.runTask(ThreadPoolExecutor.java:886)
	at java.util.concurrent.ThreadPoolExecutor$Worker.run(ThreadPoolExecutor.java:908)
	at java.lang.Thread.run(Thread.java:680)
	at org.jclouds.concurrent.config.ExecutorServiceModule$DescribingExecutorService.submit(ExecutorServiceModule.java:182)
	at org.jclouds.http.internal.BaseHttpCommandExecutorService.submit(BaseHttpCommandExecutorService.java:131)
	at org.jclouds.http.TransformingHttpCommandExecutorServiceImpl.submit(TransformingHttpCommandExecutorServiceImpl.java:54)
	at org.jclouds.http.TransformingHttpCommandImpl.execute(TransformingHttpCommandImpl.java:72)
	at org.jclouds.rest.internal.AsyncRestClientProxy.createListenableFuture(AsyncRestClientProxy.java:156)
	at org.jclouds.rest.internal.AsyncRestClientProxy.invoke(AsyncRestClientProxy.java:126)
	at $Proxy60.createContainer(Unknown Source)
	at sun.reflect.NativeMethodAccessorImpl.invoke0(Native Method)
	at sun.reflect.NativeMethodAccessorImpl.invoke(NativeMethodAccessorImpl.java:39)
	at sun.reflect.DelegatingMethodAccessorImpl.invoke(DelegatingMethodAccessorImpl.java:25)
	at java.lang.reflect.Method.invoke(Method.java:597)
	at org.jclouds.concurrent.internal.SyncProxy.invoke(SyncProxy.java:140)
	at $Proxy61.createContainer(Unknown Source)
	at org.jclouds.azureblob.blobstore.AzureBlobStore.createContainerInLocation(AzureBlobStore.java:130)
	at org.jclouds.blobstore.integration.internal.BaseBlobStoreIntegrationTest.createContainerAndEnsureEmpty(BaseBlobStoreIntegrationTest.java:235)
	at org.jclouds.blobstore.integration.internal.BaseBlobStoreIntegrationTest.createContainersSharedByAllThreads(BaseBlobStoreIntegrationTest.java:142)
	at org.jclouds.blobstore.integration.internal.BaseBlobStoreIntegrationTest.setUpResourcesForAllThreads(BaseBlobStoreIntegrationTest.java:93)
	at sun.reflect.NativeMethodAccessorImpl.invoke0(Native Method)
	at sun.reflect.NativeMethodAccessorImpl.invoke(NativeMethodAccessorImpl.java:39)
	at sun.reflect.DelegatingMethodAccessorImpl.invoke(DelegatingMethodAccessorImpl.java:25)
	at java.lang.reflect.Method.invoke(Method.java:597)
	at org.testng.internal.MethodInvocationHelper.invokeMethod(MethodInvocationHelper.java:76)
	at org.testng.internal.Invoker.invokeConfigurationMethod(Invoker.java:525)
	at org.testng.internal.Invoker.invokeConfigurations(Invoker.java:202)
	at org.testng.internal.Invoker.invokeConfigurations(Invoker.java:130)
	at org.testng.SuiteRunner.privateRun(SuiteRunner.java:260)
	at org.testng.SuiteRunner.run(SuiteRunner.java:223)
	at org.testng.SuiteRunnerWorker.runSuite(SuiteRunnerWorker.java:52)
	at org.testng.SuiteRunnerWorker.run(SuiteRunnerWorker.java:86)
	at org.testng.TestNG.runSuitesSequentially(TestNG.java:1039)
	at org.testng.TestNG.runSuitesLocally(TestNG.java:964)
	at org.testng.TestNG.run(TestNG.java:900)
	at org.apache.maven.surefire.testng.TestNGExecutor.run(TestNGExecutor.java:70)
	at org.apache.maven.surefire.testng.TestNGDirectoryTestSuite.executeMulti(TestNGDirectoryTestSuite.java:158)
	at org.apache.maven.surefire.testng.TestNGDirectoryTestSuite.execute(TestNGDirectoryTestSuite.java:98)
	at org.apache.maven.surefire.testng.TestNGProvider.invoke(TestNGProvider.java:111)
	at sun.reflect.NativeMethodAccessorImpl.invoke0(Native Method)
	at sun.reflect.NativeMethodAccessorImpl.invoke(NativeMethodAccessorImpl.java:39)
	at sun.reflect.DelegatingMethodAccessorImpl.invoke(DelegatingMethodAccessorImpl.java:25)
	at java.lang.reflect.Method.invoke(Method.java:597)
	at org.apache.maven.surefire.util.ReflectionUtils.invokeMethodWithArray(ReflectionUtils.java:164)
	at org.apache.maven.surefire.booter.ProviderFactory$ProviderProxy.invoke(ProviderFactory.java:110)
	at org.apache.maven.surefire.booter.SurefireStarter.invokeProvider(SurefireStarter.java:175)
	at org.apache.maven.surefire.booter.SurefireStarter.runSuitesInProcessWhenForked(SurefireStarter.java:107)
	at org.apache.maven.surefire.booter.ForkedBooter.main(ForkedBooter.java:68)
	at org.jclouds.concurrent.config.ExecutorServiceModule$DescribingExecutorService.submit(ExecutorServiceModule.java:182)
	at org.jclouds.http.internal.BaseHttpCommandExecutorService.submit(BaseHttpCommandExecutorService.java:131)
	at org.jclouds.http.TransformingHttpCommandExecutorServiceImpl.submit(TransformingHttpCommandExecutorServiceImpl.java:54)
	at org.jclouds.http.TransformingHttpCommandImpl.execute(TransformingHttpCommandImpl.java:72)
	at org.jclouds.rest.internal.AsyncRestClientProxy.createListenableFuture(AsyncRestClientProxy.java:156)
	at org.jclouds.rest.internal.AsyncRestClientProxy.invoke(AsyncRestClientProxy.java:126)
	at $Proxy60.createContainer(Unknown Source)
	at sun.reflect.NativeMethodAccessorImpl.invoke0(Native Method)
	at sun.reflect.NativeMethodAccessorImpl.invoke(NativeMethodAccessorImpl.java:39)
	at sun.reflect.DelegatingMethodAccessorImpl.invoke(DelegatingMethodAccessorImpl.java:25)
	at java.lang.reflect.Method.invoke(Method.java:597)
	at org.jclouds.concurrent.internal.SyncProxy.invoke(SyncProxy.java:140)
	at $Proxy61.createContainer(Unknown Source)
	at org.jclouds.azureblob.blobstore.AzureBlobStore.createContainerInLocation(AzureBlobStore.java:130)
	at org.jclouds.blobstore.integration.internal.BaseBlobStoreIntegrationTest.createContainerAndEnsureEmpty(BaseBlobStoreIntegrationTest.java:235)
	at org.jclouds.blobstore.integration.internal.BaseBlobStoreIntegrationTest.createContainersSharedByAllThreads(BaseBlobStoreIntegrationTest.java:142)
	at org.jclouds.blobstore.integration.internal.BaseBlobStoreIntegrationTest.setUpResourcesForAllThreads(BaseBlobStoreIntegrationTest.java:93)
	at sun.reflect.NativeMethodAccessorImpl.invoke0(Native Method)
	at sun.reflect.NativeMethodAccessorImpl.invoke(NativeMethodAccessorImpl.java:39)
	at sun.reflect.DelegatingMethodAccessorImpl.invoke(DelegatingMethodAccessorImpl.java:25)
	at java.lang.reflect.Method.invoke(Method.java:597)
	at org.testng.internal.MethodInvocationHelper.invokeMethod(MethodInvocationHelper.java:76)
	at org.testng.internal.Invoker.invokeConfigurationMethod(Invoker.java:525)
	at org.testng.internal.Invoker.invokeConfigurations(Invoker.java:202)
	at org.testng.internal.Invoker.invokeConfigurations(Invoker.java:130)
	at org.testng.SuiteRunner.privateRun(SuiteRunner.java:260)
	at org.testng.SuiteRunner.run(SuiteRunner.java:223)
	at org.testng.SuiteRunnerWorker.runSuite(SuiteRunnerWorker.java:52)
	at org.testng.SuiteRunnerWorker.run(SuiteRunnerWorker.java:86)
	at org.testng.TestNG.runSuitesSequentially(TestNG.java:1039)
	at org.testng.TestNG.runSuitesLocally(TestNG.java:964)
	at org.testng.TestNG.run(TestNG.java:900)
	at org.apache.maven.surefire.testng.TestNGExecutor.run(TestNGExecutor.java:70)
	at org.apache.maven.surefire.testng.TestNGDirectoryTestSuite.executeMulti(TestNGDirectoryTestSuite.java:158)
	at org.apache.maven.surefire.testng.TestNGDirectoryTestSuite.execute(TestNGDirectoryTestSuite.java:98)
	at org.apache.maven.surefire.testng.TestNGProvider.invoke(TestNGProvider.java:111)
	at sun.reflect.NativeMethodAccessorImpl.invoke0(Native Method)
	at sun.reflect.NativeMethodAccessorImpl.invoke(NativeMethodAccessorImpl.java:39)
	at sun.reflect.DelegatingMethodAccessorImpl.invoke(DelegatingMethodAccessorImpl.java:25)
	at java.lang.reflect.Method.invoke(Method.java:597)
	at org.apache.maven.surefire.util.ReflectionUtils.invokeMethodWithArray(ReflectionUtils.java:164)
	at org.apache.maven.surefire.booter.ProviderFactory$ProviderProxy.invoke(ProviderFactory.java:110)
	at org.apache.maven.surefire.booter.SurefireStarter.invokeProvider(SurefireStarter.java:175)
	at org.apache.maven.surefire.booter.SurefireStarter.runSuitesInProcessWhenForked(SurefireStarter.java:107)
	at org.apache.maven.surefire.booter.ForkedBooter.main(ForkedBooter.java:68)
org.jclouds.azure.storage.AzureStorageResponseException: command [method=AzureBlobAsyncClient.createContainer, request=PUT https://jclouds.blob.core.windows.net/adriancole-blobstore4?restype=container HTTP/1.1] failed with code 409, error: AzureError{requestId='321749ba-fae6-4a6a-af21-f091a4834801', code='ContainerBeingDeleted', message='The specified container is being deleted. Try operation later.
RequestId:321749ba-fae6-4a6a-af21-f091a4834801
Time:2011-12-15T05:10:16.8619104Z'
	at org.jclouds.azure.storage.handlers.ParseAzureStorageErrorFromXmlContent.handleError(ParseAzureStorageErrorFromXmlContent.java:75)
	at org.jclouds.http.handlers.DelegatingErrorHandler.handleError(DelegatingErrorHandler.java:69)
	at org.jclouds.http.internal.BaseHttpCommandExecutorService$HttpResponseCallable.shouldContinue(BaseHttpCommandExecutorService.java:200)
	at org.jclouds.http.internal.BaseHttpCommandExecutorService$HttpResponseCallable.call(BaseHttpCommandExecutorService.java:165)
	at org.jclouds.http.internal.BaseHttpCommandExecutorService$HttpResponseCallable.call(BaseHttpCommandExecutorService.java:134)
	at java.util.concurrent.FutureTask$Sync.innerRun(FutureTask.java:303)
	at java.util.concurrent.FutureTask.run(FutureTask.java:138)
	at java.util.concurrent.ThreadPoolExecutor$Worker.runTask(ThreadPoolExecutor.java:886)
	at java.util.concurrent.ThreadPoolExecutor$Worker.run(ThreadPoolExecutor.java:908)
	at java.lang.Thread.run(Thread.java:680)
	at org.jclouds.concurrent.config.ExecutorServiceModule$DescribingExecutorService.submit(ExecutorServiceModule.java:182)
	at org.jclouds.http.internal.BaseHttpCommandExecutorService.submit(BaseHttpCommandExecutorService.java:131)
	at org.jclouds.http.TransformingHttpCommandExecutorServiceImpl.submit(TransformingHttpCommandExecutorServiceImpl.java:54)
	at org.jclouds.http.TransformingHttpCommandImpl.execute(TransformingHttpCommandImpl.java:72)
	at org.jclouds.rest.internal.AsyncRestClientProxy.createListenableFuture(AsyncRestClientProxy.java:156)
	at org.jclouds.rest.internal.AsyncRestClientProxy.invoke(AsyncRestClientProxy.java:126)
	at $Proxy60.createContainer(Unknown Source)
	at sun.reflect.NativeMethodAccessorImpl.invoke0(Native Method)
	at sun.reflect.NativeMethodAccessorImpl.invoke(NativeMethodAccessorImpl.java:39)
	at sun.reflect.DelegatingMethodAccessorImpl.invoke(DelegatingMethodAccessorImpl.java:25)
	at java.lang.reflect.Method.invoke(Method.java:597)
	at org.jclouds.concurrent.internal.SyncProxy.invoke(SyncProxy.java:140)
	at $Proxy61.createContainer(Unknown Source)
	at org.jclouds.azureblob.blobstore.AzureBlobStore.createContainerInLocation(AzureBlobStore.java:130)
	at org.jclouds.blobstore.integration.internal.BaseBlobStoreIntegrationTest.createContainerAndEnsureEmpty(BaseBlobStoreIntegrationTest.java:235)
	at org.jclouds.blobstore.integration.internal.BaseBlobStoreIntegrationTest.createContainersSharedByAllThreads(BaseBlobStoreIntegrationTest.java:142)
	at org.jclouds.blobstore.integration.internal.BaseBlobStoreIntegrationTest.setUpResourcesForAllThreads(BaseBlobStoreIntegrationTest.java:93)
	at sun.reflect.NativeMethodAccessorImpl.invoke0(Native Method)
	at sun.reflect.NativeMethodAccessorImpl.invoke(NativeMethodAccessorImpl.java:39)
	at sun.reflect.DelegatingMethodAccessorImpl.invoke(DelegatingMethodAccessorImpl.java:25)
	at java.lang.reflect.Method.invoke(Method.java:597)
	at org.testng.internal.MethodInvocationHelper.invokeMethod(MethodInvocationHelper.java:76)
	at org.testng.internal.Invoker.invokeConfigurationMethod(Invoker.java:525)
	at org.testng.internal.Invoker.invokeConfigurations(Invoker.java:202)
	at org.testng.internal.Invoker.invokeConfigurations(Invoker.java:130)
	at org.testng.SuiteRunner.privateRun(SuiteRunner.java:260)
	at org.testng.SuiteRunner.run(SuiteRunner.java:223)
	at org.testng.SuiteRunnerWorker.runSuite(SuiteRunnerWorker.java:52)
	at org.testng.SuiteRunnerWorker.run(SuiteRunnerWorker.java:86)
	at org.testng.TestNG.runSuitesSequentially(TestNG.java:1039)
	at org.testng.TestNG.runSuitesLocally(TestNG.java:964)
	at org.testng.TestNG.run(TestNG.java:900)
	at org.apache.maven.surefire.testng.TestNGExecutor.run(TestNGExecutor.java:70)
	at org.apache.maven.surefire.testng.TestNGDirectoryTestSuite.executeMulti(TestNGDirectoryTestSuite.java:158)
	at org.apache.maven.surefire.testng.TestNGDirectoryTestSuite.execute(TestNGDirectoryTestSuite.java:98)
	at org.apache.maven.surefire.testng.TestNGProvider.invoke(TestNGProvider.java:111)
	at sun.reflect.NativeMethodAccessorImpl.invoke0(Native Method)
	at sun.reflect.NativeMethodAccessorImpl.invoke(NativeMethodAccessorImpl.java:39)
	at sun.reflect.DelegatingMethodAccessorImpl.invoke(DelegatingMethodAccessorImpl.java:25)
	at java.lang.reflect.Method.invoke(Method.java:597)
	at org.apache.maven.surefire.util.ReflectionUtils.invokeMethodWithArray(ReflectionUtils.java:164)
	at org.apache.maven.surefire.booter.ProviderFactory$ProviderProxy.invoke(ProviderFactory.java:110)
	at org.apache.maven.surefire.booter.SurefireStarter.invokeProvider(SurefireStarter.java:175)
	at org.apache.maven.surefire.booter.SurefireStarter.runSuitesInProcessWhenForked(SurefireStarter.java:107)
	at org.apache.maven.surefire.booter.ForkedBooter.main(ForkedBooter.java:68)
	at org.jclouds.concurrent.config.ExecutorServiceModule$DescribingExecutorService.submit(ExecutorServiceModule.java:182)
	at org.jclouds.http.internal.BaseHttpCommandExecutorService.submit(BaseHttpCommandExecutorService.java:131)
	at org.jclouds.http.TransformingHttpCommandExecutorServiceImpl.submit(TransformingHttpCommandExecutorServiceImpl.java:54)
	at org.jclouds.http.TransformingHttpCommandImpl.execute(TransformingHttpCommandImpl.java:72)
	at org.jclouds.rest.internal.AsyncRestClientProxy.createListenableFuture(AsyncRestClientProxy.java:156)
	at org.jclouds.rest.internal.AsyncRestClientProxy.invoke(AsyncRestClientProxy.java:126)
	at $Proxy60.createContainer(Unknown Source)
	at sun.reflect.NativeMethodAccessorImpl.invoke0(Native Method)
	at sun.reflect.NativeMethodAccessorImpl.invoke(NativeMethodAccessorImpl.java:39)
	at sun.reflect.DelegatingMethodAccessorImpl.invoke(DelegatingMethodAccessorImpl.java:25)
	at java.lang.reflect.Method.invoke(Method.java:597)
	at org.jclouds.concurrent.internal.SyncProxy.invoke(SyncProxy.java:140)
	at $Proxy61.createContainer(Unknown Source)
	at org.jclouds.azureblob.blobstore.AzureBlobStore.createContainerInLocation(AzureBlobStore.java:130)
	at org.jclouds.blobstore.integration.internal.BaseBlobStoreIntegrationTest.createContainerAndEnsureEmpty(BaseBlobStoreIntegrationTest.java:235)
	at org.jclouds.blobstore.integration.internal.BaseBlobStoreIntegrationTest.createContainersSharedByAllThreads(BaseBlobStoreIntegrationTest.java:142)
	at org.jclouds.blobstore.integration.internal.BaseBlobStoreIntegrationTest.setUpResourcesForAllThreads(BaseBlobStoreIntegrationTest.java:93)
	at sun.reflect.NativeMethodAccessorImpl.invoke0(Native Method)
	at sun.reflect.NativeMethodAccessorImpl.invoke(NativeMethodAccessorImpl.java:39)
	at sun.reflect.DelegatingMethodAccessorImpl.invoke(DelegatingMethodAccessorImpl.java:25)
	at java.lang.reflect.Method.invoke(Method.java:597)
	at org.testng.internal.MethodInvocationHelper.invokeMethod(MethodInvocationHelper.java:76)
	at org.testng.internal.Invoker.invokeConfigurationMethod(Invoker.java:525)
	at org.testng.internal.Invoker.invokeConfigurations(Invoker.java:202)
	at org.testng.internal.Invoker.invokeConfigurations(Invoker.java:130)
	at org.testng.SuiteRunner.privateRun(SuiteRunner.java:260)
	at org.testng.SuiteRunner.run(SuiteRunner.java:223)
	at org.testng.SuiteRunnerWorker.runSuite(SuiteRunnerWorker.java:52)
	at org.testng.SuiteRunnerWorker.run(SuiteRunnerWorker.java:86)
	at org.testng.TestNG.runSuitesSequentially(TestNG.java:1039)
	at org.testng.TestNG.runSuitesLocally(TestNG.java:964)
	at org.testng.TestNG.run(TestNG.java:900)
	at org.apache.maven.surefire.testng.TestNGExecutor.run(TestNGExecutor.java:70)
	at org.apache.maven.surefire.testng.TestNGDirectoryTestSuite.executeMulti(TestNGDirectoryTestSuite.java:158)
	at org.apache.maven.surefire.testng.TestNGDirectoryTestSuite.execute(TestNGDirectoryTestSuite.java:98)
	at org.apache.maven.surefire.testng.TestNGProvider.invoke(TestNGProvider.java:111)
	at sun.reflect.NativeMethodAccessorImpl.invoke0(Native Method)
	at sun.reflect.NativeMethodAccessorImpl.invoke(NativeMethodAccessorImpl.java:39)
	at sun.reflect.DelegatingMethodAccessorImpl.invoke(DelegatingMethodAccessorImpl.java:25)
	at java.lang.reflect.Method.invoke(Method.java:597)
	at org.apache.maven.surefire.util.ReflectionUtils.invokeMethodWithArray(ReflectionUtils.java:164)
	at org.apache.maven.surefire.booter.ProviderFactory$ProviderProxy.invoke(ProviderFactory.java:110)
	at org.apache.maven.surefire.booter.SurefireStarter.invokeProvider(SurefireStarter.java:175)
	at org.apache.maven.surefire.booter.SurefireStarter.runSuitesInProcessWhenForked(SurefireStarter.java:107)
	at org.apache.maven.surefire.booter.ForkedBooter.main(ForkedBooter.java:68)
*** containers to test: [adriancole-blobstore0, adriancole-blobstore2, adriancole-blobstore5, adriancole-blobstore6, adriancole-blobstore7, adriancole-blobstore8, adriancole-blobstore9, adriancole-blobstore10, adriancole-blobstore11, adriancole-blobstore12]
Starting test testCreateContainer(org.jclouds.azureblob.AzureBlobClientLiveTest)
[pool-4-thread-1] Test testCreateContainer(org.jclouds.azureblob.AzureBlobClientLiveTest) succeeded: 1275ms
Test suite progress: tests succeeded: 1, failed: 0, skipped: 0.
Starting test testCreatePublicContainer(org.jclouds.azureblob.AzureBlobClientLiveTest)
[pool-4-thread-1] Test testCreatePublicContainer(org.jclouds.azureblob.AzureBlobClientLiveTest) succeeded: 378ms
Test suite progress: tests succeeded: 2, failed: 0, skipped: 0.
Starting test testCreatePublicRootContainer(org.jclouds.azureblob.AzureBlobClientLiveTest)
[pool-4-thread-1] Test testCreatePublicRootContainer(org.jclouds.azureblob.AzureBlobClientLiveTest) succeeded: 986ms
Test suite progress: tests succeeded: 3, failed: 0, skipped: 0.
Starting test testDeleteRootContainer(org.jclouds.azureblob.AzureBlobClientLiveTest)
[pool-4-thread-1] Test testDeleteRootContainer(org.jclouds.azureblob.AzureBlobClientLiveTest) succeeded: 347ms
Test suite progress: tests succeeded: 4, failed: 0, skipped: 0.
Starting test testListOwnedContainers(org.jclouds.azureblob.AzureBlobClientLiveTest)
[pool-4-thread-1] Test testListOwnedContainers(org.jclouds.azureblob.AzureBlobClientLiveTest) succeeded: 1161ms
Test suite progress: tests succeeded: 5, failed: 0, skipped: 0.
Starting test testObjectOperations(org.jclouds.azureblob.AzureBlobClientLiveTest)
[pool-4-thread-1] Test testObjectOperations(org.jclouds.azureblob.AzureBlobClientLiveTest) failed.
Test suite progress: tests succeeded: 5, failed: 1, skipped: 0.
[pool-4-thread-1] Test testDeleteContainer(org.jclouds.azureblob.AzureBlobClientLiveTest) skipped.
Test suite progress: tests succeeded: 5, failed: 1, skipped: 1.
Starting test testListContainersWithOptions(org.jclouds.azureblob.AzureBlobClientLiveTest)
[pool-4-thread-1] Test testListContainersWithOptions(org.jclouds.azureblob.AzureBlobClientLiveTest) succeeded: 341ms
Test suite progress: tests succeeded: 6, failed: 1, skipped: 1.
Starting test testDeleteOneContainer(org.jclouds.azureblob.AzureBlobClientLiveTest)
[pool-4-thread-1] Test testDeleteOneContainer(org.jclouds.azureblob.AzureBlobClientLiveTest) succeeded: 329ms
Test suite progress: tests succeeded: 7, failed: 1, skipped: 1.
Starting test testListContainers(org.jclouds.azureblob.AzureBlobClientLiveTest)
[pool-4-thread-1] Test testListContainers(org.jclouds.azureblob.AzureBlobClientLiveTest) succeeded: 568ms
Test suite progress: tests succeeded: 8, failed: 1, skipped: 1.
Starting test testPublicAccess(org.jclouds.azureblob.blobstore.integration.AzureBlobContainerLiveTest)
*** allocated new container adriancole-blobstore0...
*** allocated new container adriancole-blobstore014...
[pool-4-thread-1] Test testPublicAccess(org.jclouds.azureblob.blobstore.integration.AzureBlobContainerLiveTest) succeeded: 4589ms
Test suite progress: tests succeeded: 9, failed: 1, skipped: 1.
Starting test testContainsBytesValue(org.jclouds.azureblob.blobstore.integration.AzureBlobInputStreamMapIntegrationLiveTest)
[pool-4-thread-1] Test testContainsBytesValue(org.jclouds.azureblob.blobstore.integration.AzureBlobInputStreamMapIntegrationLiveTest) succeeded: 2716ms
Test suite progress: tests succeeded: 10, failed: 1, skipped: 1.
Starting test testContainsFileValue(org.jclouds.azureblob.blobstore.integration.AzureBlobInputStreamMapIntegrationLiveTest)
[pool-4-thread-1] Test testContainsFileValue(org.jclouds.azureblob.blobstore.integration.AzureBlobInputStreamMapIntegrationLiveTest) succeeded: 2575ms
Test suite progress: tests succeeded: 11, failed: 1, skipped: 1.
Starting test testContainsInputStreamValue(org.jclouds.azureblob.blobstore.integration.AzureBlobInputStreamMapIntegrationLiveTest)
[pool-4-thread-1] Test testContainsInputStreamValue(org.jclouds.azureblob.blobstore.integration.AzureBlobInputStreamMapIntegrationLiveTest) succeeded: 2676ms
Test suite progress: tests succeeded: 12, failed: 1, skipped: 1.
Starting test testContainsStringValue(org.jclouds.azureblob.blobstore.integration.AzureBlobInputStreamMapIntegrationLiveTest)
[pool-4-thread-1] Test testContainsStringValue(org.jclouds.azureblob.blobstore.integration.AzureBlobInputStreamMapIntegrationLiveTest) succeeded: 2683ms
Test suite progress: tests succeeded: 13, failed: 1, skipped: 1.
Starting test testEntrySet(org.jclouds.azureblob.blobstore.integration.AzureBlobInputStreamMapIntegrationLiveTest)
[pool-4-thread-1] Test testEntrySet(org.jclouds.azureblob.blobstore.integration.AzureBlobInputStreamMapIntegrationLiveTest) succeeded: 11530ms
Test suite progress: tests succeeded: 14, failed: 1, skipped: 1.
Starting test testPut(org.jclouds.azureblob.blobstore.integration.AzureBlobInputStreamMapIntegrationLiveTest)
[pool-4-thread-1] Test testPut(org.jclouds.azureblob.blobstore.integration.AzureBlobInputStreamMapIntegrationLiveTest) succeeded: 4384ms
Test suite progress: tests succeeded: 15, failed: 1, skipped: 1.
Starting test testPutAll(org.jclouds.azureblob.blobstore.integration.AzureBlobInputStreamMapIntegrationLiveTest)
[pool-4-thread-1] Test testPutAll(org.jclouds.azureblob.blobstore.integration.AzureBlobInputStreamMapIntegrationLiveTest) succeeded: 3960ms
Test suite progress: tests succeeded: 16, failed: 1, skipped: 1.
Starting test testPutAllBytes(org.jclouds.azureblob.blobstore.integration.AzureBlobInputStreamMapIntegrationLiveTest)
[pool-4-thread-1] Test testPutAllBytes(org.jclouds.azureblob.blobstore.integration.AzureBlobInputStreamMapIntegrationLiveTest) succeeded: 3947ms
Test suite progress: tests succeeded: 17, failed: 1, skipped: 1.
Starting test testPutAllFiles(org.jclouds.azureblob.blobstore.integration.AzureBlobInputStreamMapIntegrationLiveTest)
[pool-4-thread-1] Test testPutAllFiles(org.jclouds.azureblob.blobstore.integration.AzureBlobInputStreamMapIntegrationLiveTest) succeeded: 4242ms
Test suite progress: tests succeeded: 18, failed: 1, skipped: 1.
Starting test testPutAllStrings(org.jclouds.azureblob.blobstore.integration.AzureBlobInputStreamMapIntegrationLiveTest)
[pool-4-thread-1] Test testPutAllStrings(org.jclouds.azureblob.blobstore.integration.AzureBlobInputStreamMapIntegrationLiveTest) succeeded: 4351ms
Test suite progress: tests succeeded: 19, failed: 1, skipped: 1.
Starting test testPutBytes(org.jclouds.azureblob.blobstore.integration.AzureBlobInputStreamMapIntegrationLiveTest)
[pool-4-thread-1] Test testPutBytes(org.jclouds.azureblob.blobstore.integration.AzureBlobInputStreamMapIntegrationLiveTest) succeeded: 4726ms
Test suite progress: tests succeeded: 20, failed: 1, skipped: 1.
Starting test testPutFile(org.jclouds.azureblob.blobstore.integration.AzureBlobInputStreamMapIntegrationLiveTest)
[pool-4-thread-1] Test testPutFile(org.jclouds.azureblob.blobstore.integration.AzureBlobInputStreamMapIntegrationLiveTest) succeeded: 4677ms
Test suite progress: tests succeeded: 21, failed: 1, skipped: 1.
Starting test testPutMoreThanSingleListing(org.jclouds.azureblob.blobstore.integration.AzureBlobInputStreamMapIntegrationLiveTest)
[pool-4-thread-1] Test testPutMoreThanSingleListing(org.jclouds.azureblob.blobstore.integration.AzureBlobInputStreamMapIntegrationLiveTest) succeeded: 9769ms
Test suite progress: tests succeeded: 22, failed: 1, skipped: 1.
Starting test testPutString(org.jclouds.azureblob.blobstore.integration.AzureBlobInputStreamMapIntegrationLiveTest)
[pool-4-thread-1] Test testPutString(org.jclouds.azureblob.blobstore.integration.AzureBlobInputStreamMapIntegrationLiveTest) succeeded: 4724ms
Test suite progress: tests succeeded: 23, failed: 1, skipped: 1.
Starting test testRemove(org.jclouds.azureblob.blobstore.integration.AzureBlobInputStreamMapIntegrationLiveTest)
[pool-4-thread-1] Test testRemove(org.jclouds.azureblob.blobstore.integration.AzureBlobInputStreamMapIntegrationLiveTest) succeeded: 4743ms
Test suite progress: tests succeeded: 24, failed: 1, skipped: 1.
Starting test testValues(org.jclouds.azureblob.blobstore.integration.AzureBlobInputStreamMapIntegrationLiveTest)
[pool-4-thread-1] Test testValues(org.jclouds.azureblob.blobstore.integration.AzureBlobInputStreamMapIntegrationLiveTest) succeeded: 3287ms
Test suite progress: tests succeeded: 25, failed: 1, skipped: 1.
Starting test testClear(org.jclouds.azureblob.blobstore.integration.AzureBlobInputStreamMapIntegrationLiveTest)
[pool-4-thread-1] Test testClear(org.jclouds.azureblob.blobstore.integration.AzureBlobInputStreamMapIntegrationLiveTest) succeeded: 4373ms
Test suite progress: tests succeeded: 26, failed: 1, skipped: 1.
Starting test testContainsKey(org.jclouds.azureblob.blobstore.integration.AzureBlobInputStreamMapIntegrationLiveTest)
[pool-4-thread-1] Test testContainsKey(org.jclouds.azureblob.blobstore.integration.AzureBlobInputStreamMapIntegrationLiveTest) succeeded: 3192ms
Test suite progress: tests succeeded: 27, failed: 1, skipped: 1.
Starting test testDirectory(org.jclouds.azureblob.blobstore.integration.AzureBlobInputStreamMapIntegrationLiveTest)
[pool-4-thread-1] Test testDirectory(org.jclouds.azureblob.blobstore.integration.AzureBlobInputStreamMapIntegrationLiveTest) succeeded: 27855ms
Test suite progress: tests succeeded: 28, failed: 1, skipped: 1.
Starting test testIsEmpty(org.jclouds.azureblob.blobstore.integration.AzureBlobInputStreamMapIntegrationLiveTest)
[pool-4-thread-1] Test testIsEmpty(org.jclouds.azureblob.blobstore.integration.AzureBlobInputStreamMapIntegrationLiveTest) succeeded: 3110ms
Test suite progress: tests succeeded: 29, failed: 1, skipped: 1.
Starting test testKeySet(org.jclouds.azureblob.blobstore.integration.AzureBlobInputStreamMapIntegrationLiveTest)
[pool-4-thread-1] Test testKeySet(org.jclouds.azureblob.blobstore.integration.AzureBlobInputStreamMapIntegrationLiveTest) succeeded: 3494ms
Test suite progress: tests succeeded: 30, failed: 1, skipped: 1.
Starting test testListContainer(org.jclouds.azureblob.blobstore.integration.AzureBlobInputStreamMapIntegrationLiveTest)
[pool-4-thread-1] Test testListContainer(org.jclouds.azureblob.blobstore.integration.AzureBlobInputStreamMapIntegrationLiveTest) succeeded: 1363ms
Test suite progress: tests succeeded: 31, failed: 1, skipped: 1.
Starting test containerDoesntExist(org.jclouds.azureblob.blobstore.integration.AzureBlobServiceIntegrationLiveTest)
[pool-4-thread-1] Test containerDoesntExist(org.jclouds.azureblob.blobstore.integration.AzureBlobServiceIntegrationLiveTest) succeeded: 573ms
Test suite progress: tests succeeded: 32, failed: 1, skipped: 1.
Starting test testAllLocations(org.jclouds.azureblob.blobstore.integration.AzureBlobServiceIntegrationLiveTest)
*** allocated new container adriancole-blobstore8...
 >> creating container in location [id=azureblob, scope=PROVIDER, description=https://jclouds.blob.core.windows.net, parent=null, iso3166Codes=[US-TX, US-IL, IE-D, SG, NL-NH, HK], metadata={}]
 << call complete.. checking
*** allocated new container adriancole-blobstore816...
[pool-4-thread-1] Test testAllLocations(org.jclouds.azureblob.blobstore.integration.AzureBlobServiceIntegrationLiveTest) succeeded: 3734ms
Test suite progress: tests succeeded: 33, failed: 1, skipped: 1.
Starting test testGetAssignableLocations(org.jclouds.azureblob.blobstore.integration.AzureBlobServiceIntegrationLiveTest)
location [id=azureblob, scope=PROVIDER, description=https://jclouds.blob.core.windows.net, parent=null, iso3166Codes=[US-TX, US-IL, IE-D, SG, NL-NH, HK], metadata={}]
[pool-4-thread-1] Test testGetAssignableLocations(org.jclouds.azureblob.blobstore.integration.AzureBlobServiceIntegrationLiveTest) succeeded: 2ms
Test suite progress: tests succeeded: 34, failed: 1, skipped: 1.
Starting test testSignRemoveUrl(org.jclouds.azureblob.blobstore.integration.AzureBlobSignerLiveTest)
[pool-4-thread-1] Test testSignRemoveUrl(org.jclouds.azureblob.blobstore.integration.AzureBlobSignerLiveTest) succeeded: 2706ms
Test suite progress: tests succeeded: 35, failed: 1, skipped: 1.
Starting test testSignGetUrlOptions(org.jclouds.azureblob.blobstore.integration.AzureBlobSignerLiveTest)
[pool-4-thread-1] Test testSignGetUrlOptions(org.jclouds.azureblob.blobstore.integration.AzureBlobSignerLiveTest) succeeded: 3259ms
Test suite progress: tests succeeded: 36, failed: 1, skipped: 1.
Starting test testSignPutUrl(org.jclouds.azureblob.blobstore.integration.AzureBlobSignerLiveTest)
[pool-4-thread-1] Test testSignPutUrl(org.jclouds.azureblob.blobstore.integration.AzureBlobSignerLiveTest) succeeded: 2150ms
Test suite progress: tests succeeded: 37, failed: 1, skipped: 1.
Starting test testSignGetUrl(org.jclouds.azureblob.blobstore.integration.AzureBlobSignerLiveTest)
[pool-4-thread-1] Test testSignGetUrl(org.jclouds.azureblob.blobstore.integration.AzureBlobSignerLiveTest) succeeded: 2759ms
Test suite progress: tests succeeded: 38, failed: 1, skipped: 1.
Starting test testGetIfModifiedSince(org.jclouds.azureblob.blobstore.integration.AzureBlobIntegrationLiveTest)
[pool-4-thread-1] Test testGetIfModifiedSince(org.jclouds.azureblob.blobstore.integration.AzureBlobIntegrationLiveTest) succeeded: 9619ms
Test suite progress: tests succeeded: 39, failed: 1, skipped: 1.
Starting test testGetIfMatch(org.jclouds.azureblob.blobstore.integration.AzureBlobIntegrationLiveTest)
[pool-4-thread-1] Test testGetIfMatch(org.jclouds.azureblob.blobstore.integration.AzureBlobIntegrationLiveTest) succeeded: 0ms
Test suite progress: tests succeeded: 40, failed: 1, skipped: 1.
Starting test testPutFileParallel(org.jclouds.azureblob.blobstore.integration.AzureBlobIntegrationLiveTest)
[pool-4-thread-1] Test testPutFileParallel(org.jclouds.azureblob.blobstore.integration.AzureBlobIntegrationLiveTest) succeeded: 31787ms
Test suite progress: tests succeeded: 41, failed: 1, skipped: 1.
Starting test deleteObjectNoContainer(org.jclouds.azureblob.blobstore.integration.AzureBlobIntegrationLiveTest)
[pool-4-thread-1] Test deleteObjectNoContainer(org.jclouds.azureblob.blobstore.integration.AzureBlobIntegrationLiveTest) succeeded: 1484ms
Test suite progress: tests succeeded: 42, failed: 1, skipped: 1.
Starting test testGetIfNoneMatch(org.jclouds.azureblob.blobstore.integration.AzureBlobIntegrationLiveTest)
[pool-4-thread-1] Test testGetIfNoneMatch(org.jclouds.azureblob.blobstore.integration.AzureBlobIntegrationLiveTest) succeeded: 9376ms
Test suite progress: tests succeeded: 43, failed: 1, skipped: 1.
Starting test blobNotFound(org.jclouds.azureblob.blobstore.integration.AzureBlobIntegrationLiveTest)
[pool-4-thread-1] Test blobNotFound(org.jclouds.azureblob.blobstore.integration.AzureBlobIntegrationLiveTest) succeeded: 1383ms
Test suite progress: tests succeeded: 44, failed: 1, skipped: 1.
Starting test testBigFileGets(org.jclouds.azureblob.blobstore.integration.AzureBlobIntegrationLiveTest)
[pool-4-thread-1] Test testBigFileGets(org.jclouds.azureblob.blobstore.integration.AzureBlobIntegrationLiveTest) succeeded: 44503ms
Test suite progress: tests succeeded: 45, failed: 1, skipped: 1.
Starting test deleteObject(org.jclouds.azureblob.blobstore.integration.AzureBlobIntegrationLiveTest)
[pool-4-thread-1] Test deleteObject(org.jclouds.azureblob.blobstore.integration.AzureBlobIntegrationLiveTest) succeeded: 2726ms
Test suite progress: tests succeeded: 46, failed: 1, skipped: 1.
Starting test deleteObject(org.jclouds.azureblob.blobstore.integration.AzureBlobIntegrationLiveTest)
[pool-4-thread-1] Test deleteObject(org.jclouds.azureblob.blobstore.integration.AzureBlobIntegrationLiveTest) succeeded: 2814ms
Test suite progress: tests succeeded: 47, failed: 1, skipped: 1.
Starting test deleteObject(org.jclouds.azureblob.blobstore.integration.AzureBlobIntegrationLiveTest)
[pool-4-thread-1] Test deleteObject(org.jclouds.azureblob.blobstore.integration.AzureBlobIntegrationLiveTest) succeeded: 2837ms
Test suite progress: tests succeeded: 48, failed: 1, skipped: 1.
Starting test deleteObject(org.jclouds.azureblob.blobstore.integration.AzureBlobIntegrationLiveTest)
[pool-4-thread-1] Test deleteObject(org.jclouds.azureblob.blobstore.integration.AzureBlobIntegrationLiveTest) succeeded: 3063ms
Test suite progress: tests succeeded: 49, failed: 1, skipped: 1.
Starting test deleteObject(org.jclouds.azureblob.blobstore.integration.AzureBlobIntegrationLiveTest)
[pool-4-thread-1] Test deleteObject(org.jclouds.azureblob.blobstore.integration.AzureBlobIntegrationLiveTest) succeeded: 2097ms
Test suite progress: tests succeeded: 50, failed: 1, skipped: 1.
Starting test deleteObject(org.jclouds.azureblob.blobstore.integration.AzureBlobIntegrationLiveTest)
[pool-4-thread-1] Test deleteObject(org.jclouds.azureblob.blobstore.integration.AzureBlobIntegrationLiveTest) succeeded: 2895ms
Test suite progress: tests succeeded: 51, failed: 1, skipped: 1.
Starting test deleteObject(org.jclouds.azureblob.blobstore.integration.AzureBlobIntegrationLiveTest)
[pool-4-thread-1] Test deleteObject(org.jclouds.azureblob.blobstore.integration.AzureBlobIntegrationLiveTest) succeeded: 2191ms
Test suite progress: tests succeeded: 52, failed: 1, skipped: 1.
Starting test deleteObject(org.jclouds.azureblob.blobstore.integration.AzureBlobIntegrationLiveTest)
[pool-4-thread-1] Test deleteObject(org.jclouds.azureblob.blobstore.integration.AzureBlobIntegrationLiveTest) succeeded: 2794ms
Test suite progress: tests succeeded: 53, failed: 1, skipped: 1.
Starting test deleteObject(org.jclouds.azureblob.blobstore.integration.AzureBlobIntegrationLiveTest)
[pool-4-thread-1] Test deleteObject(org.jclouds.azureblob.blobstore.integration.AzureBlobIntegrationLiveTest) succeeded: 2058ms
Test suite progress: tests succeeded: 54, failed: 1, skipped: 1.
Starting test deleteObject(org.jclouds.azureblob.blobstore.integration.AzureBlobIntegrationLiveTest)
[pool-4-thread-1] Test deleteObject(org.jclouds.azureblob.blobstore.integration.AzureBlobIntegrationLiveTest) succeeded: 2082ms
Test suite progress: tests succeeded: 55, failed: 1, skipped: 1.
Starting test deleteObject(org.jclouds.azureblob.blobstore.integration.AzureBlobIntegrationLiveTest)
[pool-4-thread-1] Test deleteObject(org.jclouds.azureblob.blobstore.integration.AzureBlobIntegrationLiveTest) succeeded: 1998ms
Test suite progress: tests succeeded: 56, failed: 1, skipped: 1.
Starting test testMetadata(org.jclouds.azureblob.blobstore.integration.AzureBlobIntegrationLiveTest)
[pool-4-thread-1] Test testMetadata(org.jclouds.azureblob.blobstore.integration.AzureBlobIntegrationLiveTest) succeeded: 3337ms
Test suite progress: tests succeeded: 57, failed: 1, skipped: 1.
Starting test testPutObject(org.jclouds.azureblob.blobstore.integration.AzureBlobIntegrationLiveTest)
[pool-4-thread-1] Test testPutObject(org.jclouds.azureblob.blobstore.integration.AzureBlobIntegrationLiveTest) succeeded: 2398ms
Test suite progress: tests succeeded: 58, failed: 1, skipped: 1.
Starting test testPutObject(org.jclouds.azureblob.blobstore.integration.AzureBlobIntegrationLiveTest)
[pool-4-thread-1] Test testPutObject(org.jclouds.azureblob.blobstore.integration.AzureBlobIntegrationLiveTest) succeeded: 2109ms
Test suite progress: tests succeeded: 59, failed: 1, skipped: 1.
Starting test testPutObject(org.jclouds.azureblob.blobstore.integration.AzureBlobIntegrationLiveTest)
[pool-4-thread-1] Test testPutObject(org.jclouds.azureblob.blobstore.integration.AzureBlobIntegrationLiveTest) succeeded: 2443ms
Test suite progress: tests succeeded: 60, failed: 1, skipped: 1.
Starting test testGetIfUnmodifiedSince(org.jclouds.azureblob.blobstore.integration.AzureBlobIntegrationLiveTest)
[pool-4-thread-1] Test testGetIfUnmodifiedSince(org.jclouds.azureblob.blobstore.integration.AzureBlobIntegrationLiveTest) succeeded: 3410ms
Test suite progress: tests succeeded: 61, failed: 1, skipped: 1.
Starting test testPutObjectStream(org.jclouds.azureblob.blobstore.integration.AzureBlobIntegrationLiveTest)
[pool-4-thread-1] Test testPutObjectStream(org.jclouds.azureblob.blobstore.integration.AzureBlobIntegrationLiveTest) succeeded: 1005ms
Test suite progress: tests succeeded: 62, failed: 1, skipped: 1.
Starting test deleteObjectNotFound(org.jclouds.azureblob.blobstore.integration.AzureBlobIntegrationLiveTest)
[pool-4-thread-1] Test deleteObjectNotFound(org.jclouds.azureblob.blobstore.integration.AzureBlobIntegrationLiveTest) succeeded: 1340ms
Test suite progress: tests succeeded: 63, failed: 1, skipped: 1.
Starting test testGetRange(org.jclouds.azureblob.blobstore.integration.AzureBlobIntegrationLiveTest)
[pool-4-thread-1] Test testGetRange(org.jclouds.azureblob.blobstore.integration.AzureBlobIntegrationLiveTest) succeeded: 3001ms
Test suite progress: tests succeeded: 64, failed: 1, skipped: 1.
Starting test testGetTwoRanges(org.jclouds.azureblob.blobstore.integration.AzureBlobIntegrationLiveTest)
[pool-4-thread-1] Test testGetTwoRanges(org.jclouds.azureblob.blobstore.integration.AzureBlobIntegrationLiveTest) succeeded: 3071ms
Test suite progress: tests succeeded: 65, failed: 1, skipped: 1.
Starting test testValues(org.jclouds.azureblob.blobstore.integration.AzureBlobMapIntegrationLiveTest)
[pool-4-thread-1] Test testValues(org.jclouds.azureblob.blobstore.integration.AzureBlobMapIntegrationLiveTest) succeeded: 4155ms
Test suite progress: tests succeeded: 66, failed: 1, skipped: 1.
Starting test testDirectory(org.jclouds.azureblob.blobstore.integration.AzureBlobMapIntegrationLiveTest)
[pool-4-thread-1] Test testDirectory(org.jclouds.azureblob.blobstore.integration.AzureBlobMapIntegrationLiveTest) succeeded: 35010ms
Test suite progress: tests succeeded: 67, failed: 1, skipped: 1.
Starting test testPutMoreThanSingleListing(org.jclouds.azureblob.blobstore.integration.AzureBlobMapIntegrationLiveTest)
[pool-4-thread-1] Test testPutMoreThanSingleListing(org.jclouds.azureblob.blobstore.integration.AzureBlobMapIntegrationLiveTest) succeeded: 9914ms
Test suite progress: tests succeeded: 68, failed: 1, skipped: 1.
Starting test testContainsKey(org.jclouds.azureblob.blobstore.integration.AzureBlobMapIntegrationLiveTest)
[pool-4-thread-1] Test testContainsKey(org.jclouds.azureblob.blobstore.integration.AzureBlobMapIntegrationLiveTest) succeeded: 3262ms
Test suite progress: tests succeeded: 69, failed: 1, skipped: 1.
Starting test testPut(org.jclouds.azureblob.blobstore.integration.AzureBlobMapIntegrationLiveTest)
[pool-4-thread-1] Test testPut(org.jclouds.azureblob.blobstore.integration.AzureBlobMapIntegrationLiveTest) succeeded: 4459ms
Test suite progress: tests succeeded: 70, failed: 1, skipped: 1.
Starting test testListContainer(org.jclouds.azureblob.blobstore.integration.AzureBlobMapIntegrationLiveTest)
[pool-4-thread-1] Test testListContainer(org.jclouds.azureblob.blobstore.integration.AzureBlobMapIntegrationLiveTest) succeeded: 1377ms
Test suite progress: tests succeeded: 71, failed: 1, skipped: 1.
Starting test testEntrySet(org.jclouds.azureblob.blobstore.integration.AzureBlobMapIntegrationLiveTest)
[pool-4-thread-1] Test testEntrySet(org.jclouds.azureblob.blobstore.integration.AzureBlobMapIntegrationLiveTest) succeeded: 10785ms
Test suite progress: tests succeeded: 72, failed: 1, skipped: 1.
Starting test testKeySet(org.jclouds.azureblob.blobstore.integration.AzureBlobMapIntegrationLiveTest)
[pool-4-thread-1] Test testKeySet(org.jclouds.azureblob.blobstore.integration.AzureBlobMapIntegrationLiveTest) succeeded: 3431ms
Test suite progress: tests succeeded: 73, failed: 1, skipped: 1.
Starting test testContains(org.jclouds.azureblob.blobstore.integration.AzureBlobMapIntegrationLiveTest)
[pool-4-thread-1] Test testContains(org.jclouds.azureblob.blobstore.integration.AzureBlobMapIntegrationLiveTest) succeeded: 3272ms
Test suite progress: tests succeeded: 74, failed: 1, skipped: 1.
Starting test testPutAll(org.jclouds.azureblob.blobstore.integration.AzureBlobMapIntegrationLiveTest)
[pool-4-thread-1] Test testPutAll(org.jclouds.azureblob.blobstore.integration.AzureBlobMapIntegrationLiveTest) succeeded: 8937ms
Test suite progress: tests succeeded: 75, failed: 1, skipped: 1.
Starting test testIsEmpty(org.jclouds.azureblob.blobstore.integration.AzureBlobMapIntegrationLiveTest)
[pool-4-thread-1] Test testIsEmpty(org.jclouds.azureblob.blobstore.integration.AzureBlobMapIntegrationLiveTest) succeeded: 2961ms
Test suite progress: tests succeeded: 76, failed: 1, skipped: 1.
Starting test testClear(org.jclouds.azureblob.blobstore.integration.AzureBlobMapIntegrationLiveTest)
[pool-4-thread-1] Test testClear(org.jclouds.azureblob.blobstore.integration.AzureBlobMapIntegrationLiveTest) succeeded: 4821ms
Test suite progress: tests succeeded: 77, failed: 1, skipped: 1.
Starting test testRemove(org.jclouds.azureblob.blobstore.integration.AzureBlobMapIntegrationLiveTest)
[pool-4-thread-1] Test testRemove(org.jclouds.azureblob.blobstore.integration.AzureBlobMapIntegrationLiveTest) succeeded: 4752ms
Test suite progress: tests succeeded: 78, failed: 1, skipped: 1.
Starting test containerExists(org.jclouds.azureblob.blobstore.integration.AzureBlobContainerIntegrationLiveTest)
[pool-4-thread-1] Test containerExists(org.jclouds.azureblob.blobstore.integration.AzureBlobContainerIntegrationLiveTest) succeeded: 1363ms
Test suite progress: tests succeeded: 79, failed: 1, skipped: 1.
Starting test deleteContainerIfEmpty(org.jclouds.azureblob.blobstore.integration.AzureBlobContainerIntegrationLiveTest)
*** allocated new container adriancole-blobstore12...
[pool-4-thread-1] Test deleteContainerIfEmpty(org.jclouds.azureblob.blobstore.integration.AzureBlobContainerIntegrationLiveTest) succeeded: 3504ms
Test suite progress: tests succeeded: 80, failed: 1, skipped: 1.
Starting test deleteContainerWithContents(org.jclouds.azureblob.blobstore.integration.AzureBlobContainerIntegrationLiveTest)
*** allocated new container adriancole-blobstore2...
[pool-4-thread-1] Test deleteContainerWithContents(org.jclouds.azureblob.blobstore.integration.AzureBlobContainerIntegrationLiveTest) succeeded: 3998ms
Test suite progress: tests succeeded: 81, failed: 1, skipped: 1.
Starting test testDirectory(org.jclouds.azureblob.blobstore.integration.AzureBlobContainerIntegrationLiveTest)
[pool-4-thread-1] Test testDirectory(org.jclouds.azureblob.blobstore.integration.AzureBlobContainerIntegrationLiveTest) succeeded: 18373ms
Test suite progress: tests succeeded: 82, failed: 1, skipped: 1.
Starting test testClearWhenContentsUnderPath(org.jclouds.azureblob.blobstore.integration.AzureBlobContainerIntegrationLiveTest)
[pool-4-thread-1] Test testClearWhenContentsUnderPath(org.jclouds.azureblob.blobstore.integration.AzureBlobContainerIntegrationLiveTest) succeeded: 6794ms
Test suite progress: tests succeeded: 83, failed: 1, skipped: 1.
Starting test testListContainerPrefix(org.jclouds.azureblob.blobstore.integration.AzureBlobContainerIntegrationLiveTest)
[pool-4-thread-1] Test testListContainerPrefix(org.jclouds.azureblob.blobstore.integration.AzureBlobContainerIntegrationLiveTest) succeeded: 11369ms
Test suite progress: tests succeeded: 84, failed: 1, skipped: 1.
Starting test containerDoesntExist(org.jclouds.azureblob.blobstore.integration.AzureBlobContainerIntegrationLiveTest)
[pool-4-thread-1] Test containerDoesntExist(org.jclouds.azureblob.blobstore.integration.AzureBlobContainerIntegrationLiveTest) succeeded: 727ms
Test suite progress: tests succeeded: 85, failed: 1, skipped: 1.
Starting test testWithDetails(org.jclouds.azureblob.blobstore.integration.AzureBlobContainerIntegrationLiveTest)
[pool-4-thread-1] Test testWithDetails(org.jclouds.azureblob.blobstore.integration.AzureBlobContainerIntegrationLiveTest) succeeded: 2713ms
Test suite progress: tests succeeded: 86, failed: 1, skipped: 1.
Starting test testListContainer(org.jclouds.azureblob.blobstore.integration.AzureBlobContainerIntegrationLiveTest)
[pool-4-thread-1] Test testListContainer(org.jclouds.azureblob.blobstore.integration.AzureBlobContainerIntegrationLiveTest) succeeded: 7373ms
Test suite progress: tests succeeded: 87, failed: 1, skipped: 1.
Starting test testListContainerMarker(org.jclouds.azureblob.blobstore.integration.AzureBlobContainerIntegrationLiveTest)
[pool-4-thread-1] Test testListContainerMarker(org.jclouds.azureblob.blobstore.integration.AzureBlobContainerIntegrationLiveTest) succeeded: 12424ms
Test suite progress: tests succeeded: 88, failed: 1, skipped: 1.
Starting test testPutTwiceIsOkAndDoesntOverwrite(org.jclouds.azureblob.blobstore.integration.AzureBlobContainerIntegrationLiveTest)
[pool-4-thread-1] Test testPutTwiceIsOkAndDoesntOverwrite(org.jclouds.azureblob.blobstore.integration.AzureBlobContainerIntegrationLiveTest) succeeded: 2760ms
Test suite progress: tests succeeded: 89, failed: 1, skipped: 1.
Starting test testListContainerMaxResults(org.jclouds.azureblob.blobstore.integration.AzureBlobContainerIntegrationLiveTest)
[pool-4-thread-1] Test testListContainerMaxResults(org.jclouds.azureblob.blobstore.integration.AzureBlobContainerIntegrationLiveTest) succeeded: 11545ms
Test suite progress: tests succeeded: 90, failed: 1, skipped: 1.
Starting test testListRootUsesDelimiter(org.jclouds.azureblob.blobstore.integration.AzureBlobContainerIntegrationLiveTest)
[pool-4-thread-1] Test testListRootUsesDelimiter(org.jclouds.azureblob.blobstore.integration.AzureBlobContainerIntegrationLiveTest) succeeded: 11653ms
Test suite progress: tests succeeded: 91, failed: 1, skipped: 1.
Starting test testCopyUrl(org.jclouds.azureblob.blobstore.integration.AzureBlobLiveTest)
[pool-4-thread-1] Test testCopyUrl(org.jclouds.azureblob.blobstore.integration.AzureBlobLiveTest) succeeded: 9263ms
Test suite progress: tests succeeded: 92, failed: 1, skipped: 1.
Tests run: 94, Failures: 1, Errors: 0, Skipped: 1, Time elapsed: 541.039 sec <<< FAILURE!

Results :

Failed tests:   testObjectOperations(org.jclouds.azureblob.AzureBlobClientLiveTest)

Tests run: 94, Failures: 1, Errors: 0, Skipped: 1

[INFO] ------------------------------------------------------------------------
[INFO] BUILD FAILURE
[INFO] ------------------------------------------------------------------------
[INFO] Total time: 9:21.325s
[INFO] Finished at: Wed Dec 14 21:18:45 PST 2011
[INFO] Final Memory: 20M/265M
[INFO] ------------------------------------------------------------------------
[ERROR] Failed to execute goal org.apache.maven.plugins:maven-surefire-plugin:2.10:test (integration) on project azureblob: There are test failures.
[ERROR] 
[ERROR] Please refer to /Users/adriancole/workspace/git/jclouds/providers/azureblob/target/surefire-reports for the individual test results.
[ERROR] -> [Help 1]
[ERROR] 
[ERROR] To see the full stack trace of the errors, re-run Maven with the -e switch.
[ERROR] Re-run Maven using the -X switch to enable full debug logging.
[ERROR] 
[ERROR] For more information about the errors and possible solutions, please read the following articles:
[ERROR] [Help 1] http://cwiki.apache.org/confluence/display/MAVEN/MojoFailureException
