[INFO] Scanning for projects...
[WARNING] 
[WARNING] Some problems were encountered while building the effective model for org.jclouds.provider:bluelock-vcloud-zone01:bundle:1.3.0-SNAPSHOT
[WARNING] 'parent.relativePath' of POM org.jclouds:jclouds-project:1.3.0-SNAPSHOT (/Users/adriancole/workspace/git/jclouds/project/pom.xml) points at org.jclouds:jclouds-multi instead of org.sonatype.oss:oss-parent, please verify your project structure @ org.jclouds:jclouds-project:1.3.0-SNAPSHOT, /Users/adriancole/workspace/git/jclouds/project/pom.xml, line 24, column 13
[WARNING] 
[WARNING] It is highly recommended to fix these problems because they threaten the stability of your build.
[WARNING] 
[WARNING] For this reason, future Maven versions might no longer support building such malformed projects.
[WARNING] 
[INFO]                                                                         
[INFO] ------------------------------------------------------------------------
[INFO] Building jclouds Bluelock vCloud Zone01 provider 1.3.0-SNAPSHOT
[INFO] ------------------------------------------------------------------------
[INFO] 
[INFO] --- maven-clean-plugin:2.4.1:clean (default-clean) @ bluelock-vcloud-zone01 ---
[INFO] Deleting /Users/adriancole/workspace/git/jclouds/providers/bluelock-vcloud-zone01/target
[INFO] 
[INFO] --- maven-enforcer-plugin:1.0.1:enforce (enforce-maven) @ bluelock-vcloud-zone01 ---
[INFO] 
[INFO] --- maven-enforcer-plugin:1.0.1:enforce (enforce-banned-dependencies) @ bluelock-vcloud-zone01 ---
[INFO] 
[INFO] --- maven-enforcer-plugin:1.0.1:enforce (enforce-java) @ bluelock-vcloud-zone01 ---
[INFO] 
[INFO] --- maven-remote-resources-plugin:1.2:process (process-remote-resources) @ bluelock-vcloud-zone01 ---
[INFO] Setting property: classpath.resource.loader.class => 'org.codehaus.plexus.velocity.ContextClassLoaderResourceLoader'.
[INFO] Setting property: velocimacro.messages.on => 'false'.
[INFO] Setting property: resource.loader => 'classpath'.
[INFO] Setting property: resource.manager.logwhenfound => 'false'.
[INFO] 
[INFO] --- maven-resources-plugin:2.4.2:resources (default-resources) @ bluelock-vcloud-zone01 ---
[INFO] Using 'UTF-8' encoding to copy filtered resources.
[INFO] skip non existing resourceDirectory /Users/adriancole/workspace/git/jclouds/providers/bluelock-vcloud-zone01/src/main/clojure
[INFO] Copying 1 resource
[INFO] Copying 2 resources
[INFO] 
[INFO] --- maven-compiler-plugin:2.3:compile (default-compile) @ bluelock-vcloud-zone01 ---
[INFO] Compiling 4 source files to /Users/adriancole/workspace/git/jclouds/providers/bluelock-vcloud-zone01/target/classes
[INFO] 
[INFO] --- maven-resources-plugin:2.4.2:testResources (default-testResources) @ bluelock-vcloud-zone01 ---
[INFO] Using 'UTF-8' encoding to copy filtered resources.
[INFO] skip non existing resourceDirectory /Users/adriancole/workspace/git/jclouds/providers/bluelock-vcloud-zone01/src/test/clojure
[INFO] Copying 2 resources
[INFO] Copying 2 resources
[INFO] 
[INFO] --- maven-compiler-plugin:2.3:testCompile (default-testCompile) @ bluelock-vcloud-zone01 ---
[INFO] Compiling 11 source files to /Users/adriancole/workspace/git/jclouds/providers/bluelock-vcloud-zone01/target/test-classes
[INFO] 
[INFO] --- maven-surefire-plugin:2.10:test (default-test) @ bluelock-vcloud-zone01 ---
[INFO] Surefire report directory: /Users/adriancole/workspace/git/jclouds/providers/bluelock-vcloud-zone01/target/surefire-reports
[INFO] Using configured provider org.apache.maven.surefire.testng.TestNGProvider

-------------------------------------------------------
 T E S T S
-------------------------------------------------------
Running org.jclouds.bluelock.vcloud.zone01.BluelockVCloudZone01ProviderTest
Starting test testInRestProperties(org.jclouds.bluelock.vcloud.zone01.BluelockVCloudZone01ProviderTest)
Starting test testWithId(org.jclouds.bluelock.vcloud.zone01.BluelockVCloudZone01ProviderTest)
Starting test testAllContains(org.jclouds.bluelock.vcloud.zone01.BluelockVCloudZone01ProviderTest)
Starting test testOfTypeContains(org.jclouds.bluelock.vcloud.zone01.BluelockVCloudZone01ProviderTest)
[pool-2-thread-3] Test testAllContains(org.jclouds.bluelock.vcloud.zone01.BluelockVCloudZone01ProviderTest) succeeded: 24ms
Test suite progress: tests succeeded: 1, failed: 0, skipped: 0.
[pool-2-thread-2] Test testWithId(org.jclouds.bluelock.vcloud.zone01.BluelockVCloudZone01ProviderTest) succeeded: 35ms
Test suite progress: tests succeeded: 2, failed: 0, skipped: 0.
[pool-2-thread-4] Test testOfTypeContains(org.jclouds.bluelock.vcloud.zone01.BluelockVCloudZone01ProviderTest) succeeded: 33ms
Test suite progress: tests succeeded: 3, failed: 0, skipped: 0.
[pool-2-thread-1] Test testInRestProperties(org.jclouds.bluelock.vcloud.zone01.BluelockVCloudZone01ProviderTest) succeeded: 84ms
Test suite progress: tests succeeded: 4, failed: 0, skipped: 0.
Tests run: 4, Failures: 0, Errors: 0, Skipped: 0, Time elapsed: 0.375 sec

Results :

Tests run: 4, Failures: 0, Errors: 0, Skipped: 0

[INFO] 
[INFO] --- clojure-maven-plugin:1.3.3:test (test-clojure) @ bluelock-vcloud-zone01 ---

Testing user

Ran 0 tests containing 0 assertions.
0 failures, 0 errors.
[INFO] 
[INFO] --- maven-bundle-plugin:2.3.4:bundle (default-bundle) @ bluelock-vcloud-zone01 ---
[INFO] 
[INFO] --- maven-source-plugin:2.1.1:jar-no-fork (attach-sources) @ bluelock-vcloud-zone01 ---
[INFO] Building jar: /Users/adriancole/workspace/git/jclouds/providers/bluelock-vcloud-zone01/target/bluelock-vcloud-zone01-1.3.0-SNAPSHOT-sources.jar
[INFO] 
[INFO] --- maven-javadoc-plugin:2.8:jar (javadoc) @ bluelock-vcloud-zone01 ---
[INFO] Skipping javadoc generation
[INFO] 
[INFO] --- maven-jar-plugin:2.3.1:test-jar (default) @ bluelock-vcloud-zone01 ---
[INFO] Building jar: /Users/adriancole/workspace/git/jclouds/providers/bluelock-vcloud-zone01/target/bluelock-vcloud-zone01-1.3.0-SNAPSHOT-tests.jar
[INFO] 
[INFO] --- maven-surefire-plugin:2.10:test (integration) @ bluelock-vcloud-zone01 ---
[INFO] Surefire report directory: /Users/adriancole/workspace/git/jclouds/providers/bluelock-vcloud-zone01/target/surefire-reports
[INFO] Using configured provider org.apache.maven.surefire.testng.TestNGProvider

-------------------------------------------------------
 T E S T S
-------------------------------------------------------
Running TestSuite
Starting test testFindCatalogIsWriteable(org.jclouds.bluelock.vcloud.zone01.features.BluelockVCloudZone01CatalogClientLiveTest)
Starting test testListOrgs(org.jclouds.bluelock.vcloud.zone01.features.BluelockVCloudZone01OrgClientLiveTest)
Starting test testGetVApp(org.jclouds.bluelock.vcloud.zone01.features.BluelockVCloudZone01VAppClientLiveTest)
Starting test testDefaultTemplateBuilder(org.jclouds.bluelock.vcloud.zone01.compute.BluelockVCloudZone01TemplateBuilderLiveTest)
[pool-2-thread-3] Test testFindCatalogIsWriteable(org.jclouds.bluelock.vcloud.zone01.features.BluelockVCloudZone01CatalogClientLiveTest) succeeded: 7262ms
Test suite progress: tests succeeded: 1, failed: 0, skipped: 0.
Starting test testGetCatalog(org.jclouds.bluelock.vcloud.zone01.features.BluelockVCloudZone01CatalogClientLiveTest)
[pool-2-thread-3] Test testGetCatalog(org.jclouds.bluelock.vcloud.zone01.features.BluelockVCloudZone01CatalogClientLiveTest) succeeded: 2119ms
Test suite progress: tests succeeded: 2, failed: 0, skipped: 0.
Starting test setServiceDefaults(org.jclouds.bluelock.vcloud.zone01.compute.BluelockVCloudZone01ComputeServiceLiveTest)
[pool-2-thread-1] Test setServiceDefaults(org.jclouds.bluelock.vcloud.zone01.compute.BluelockVCloudZone01ComputeServiceLiveTest) succeeded: 0ms
Test suite progress: tests succeeded: 3, failed: 0, skipped: 0.
Starting test testTemplateBuilder(org.jclouds.bluelock.vcloud.zone01.compute.BluelockVCloudZone01ComputeServiceLiveTest)
Starting test testCaptureVApp(org.jclouds.bluelock.vcloud.zone01.features.BluelockVCloudZone01VAppTemplateClientLiveTest)
[pool-2-thread-5] Test testListOrgs(org.jclouds.bluelock.vcloud.zone01.features.BluelockVCloudZone01OrgClientLiveTest) succeeded: 13970ms
Test suite progress: tests succeeded: 4, failed: 0, skipped: 0.
Starting test testExtendedOptionsWithCustomizationScript(org.jclouds.bluelock.vcloud.zone01.features.BluelockVCloudZone01VmClientLiveTest)
[pool-2-thread-4] Test testGetVApp(org.jclouds.bluelock.vcloud.zone01.features.BluelockVCloudZone01VAppClientLiveTest) succeeded: 18261ms
Test suite progress: tests succeeded: 5, failed: 0, skipped: 0.
[pool-2-thread-2] Test testDefaultTemplateBuilder(org.jclouds.bluelock.vcloud.zone01.compute.BluelockVCloudZone01TemplateBuilderLiveTest) succeeded: 23140ms
Test suite progress: tests succeeded: 6, failed: 0, skipped: 0.
Starting test testCompareSizes(org.jclouds.bluelock.vcloud.zone01.compute.BluelockVCloudZone01TemplateBuilderLiveTest)
smallest [id=https://zone01.bluelock.com/api/v1.0/vAppTemplate/vappTemplate-15202766, providerId=https://zone01.bluelock.com/api/v1.0/vAppTemplate/vappTemplate-15202766, name=OS-Ubuntu10.04_x64, processors=[[cores=1.0, speed=1.0]], ram=512, volumes=[[id=0, type=LOCAL, size=30.0, device=null, durable=true, isBootDevice=true]], supportsImage=idEquals(https://zone01.bluelock.com/api/v1.0/vAppTemplate/vappTemplate-15202766), tags=[]]
fastest [id=https://zone01.bluelock.com/api/v1.0/vAppTemplate/vappTemplate-15202766, providerId=https://zone01.bluelock.com/api/v1.0/vAppTemplate/vappTemplate-15202766, name=OS-Ubuntu10.04_x64, processors=[[cores=1.0, speed=1.0]], ram=512, volumes=[[id=0, type=LOCAL, size=30.0, device=null, durable=true, isBootDevice=true]], supportsImage=idEquals(https://zone01.bluelock.com/api/v1.0/vAppTemplate/vappTemplate-15202766), tags=[]]
biggest [id=https://zone01.bluelock.com/api/v1.0/vAppTemplate/vappTemplate-15202766, providerId=https://zone01.bluelock.com/api/v1.0/vAppTemplate/vappTemplate-15202766, name=OS-Ubuntu10.04_x64, processors=[[cores=1.0, speed=1.0]], ram=512, volumes=[[id=0, type=LOCAL, size=30.0, device=null, durable=true, isBootDevice=true]], supportsImage=idEquals(https://zone01.bluelock.com/api/v1.0/vAppTemplate/vappTemplate-15202766), tags=[]]
[pool-2-thread-2] Test testCompareSizes(org.jclouds.bluelock.vcloud.zone01.compute.BluelockVCloudZone01TemplateBuilderLiveTest) succeeded: 3ms
Test suite progress: tests succeeded: 7, failed: 0, skipped: 0.
Starting test testFromTemplate(org.jclouds.bluelock.vcloud.zone01.compute.BluelockVCloudZone01TemplateBuilderLiveTest)
[pool-2-thread-2] Test testFromTemplate(org.jclouds.bluelock.vcloud.zone01.compute.BluelockVCloudZone01TemplateBuilderLiveTest) succeeded: 2ms
Test suite progress: tests succeeded: 8, failed: 0, skipped: 0.
Starting test testGetAssignableLocations(org.jclouds.bluelock.vcloud.zone01.compute.BluelockVCloudZone01TemplateBuilderLiveTest)
location [id=https://zone01.bluelock.com/api/v1.0/vdc/480447969, scope=ZONE, description=Cluster01-Jclouds, parent=https://zone01.bluelock.com/api/v1.0/org/1484502809, iso3166Codes=[], metadata={}]
[pool-2-thread-2] Test testGetAssignableLocations(org.jclouds.bluelock.vcloud.zone01.compute.BluelockVCloudZone01TemplateBuilderLiveTest) succeeded: 1ms
Test suite progress: tests succeeded: 9, failed: 0, skipped: 0.
Starting test testTemplateBuilderCanFind(org.jclouds.bluelock.vcloud.zone01.compute.BluelockVCloudZone01TemplateBuilderLiveTest)
[pool-2-thread-2] Test testTemplateBuilderCanFind(org.jclouds.bluelock.vcloud.zone01.compute.BluelockVCloudZone01TemplateBuilderLiveTest) succeeded: 1ms
Test suite progress: tests succeeded: 10, failed: 0, skipped: 0.
Starting test testTemplateBuilderCanUseImageId(org.jclouds.bluelock.vcloud.zone01.compute.BluelockVCloudZone01TemplateBuilderLiveTest)
[id=https://zone01.bluelock.com/api/v1.0/vAppTemplate/vappTemplate-15202766, providerId=https://zone01.bluelock.com/api/v1.0/vAppTemplate/vappTemplate-15202766, name=OS-Ubuntu10.04_x64, processors=[[cores=1.0, speed=1.0]], ram=512, volumes=[[id=0, type=LOCAL, size=30.0, device=null, durable=true, isBootDevice=true]], supportsImage=idEquals(https://zone01.bluelock.com/api/v1.0/vAppTemplate/vappTemplate-15202766), tags=[]]
[pool-2-thread-1] Test testTemplateBuilder(org.jclouds.bluelock.vcloud.zone01.compute.BluelockVCloudZone01ComputeServiceLiveTest) succeeded: 12876ms
Test suite progress: tests succeeded: 11, failed: 0, skipped: 0.
Starting test testCompareSizes(org.jclouds.bluelock.vcloud.zone01.compute.BluelockVCloudZone01ComputeServiceLiveTest)
Dec 22, 2011 2:17:33 AM org.jclouds.compute.BaseComputeServiceLiveTest testCompareSizes
INFO: smallest [id=https://zone01.bluelock.com/api/v1.0/vAppTemplate/vappTemplate-15202766, providerId=https://zone01.bluelock.com/api/v1.0/vAppTemplate/vappTemplate-15202766, name=OS-Ubuntu10.04_x64, processors=[[cores=1.0, speed=1.0]], ram=512, volumes=[[id=0, type=LOCAL, size=30.0, device=null, durable=true, isBootDevice=true]], supportsImage=idEquals(https://zone01.bluelock.com/api/v1.0/vAppTemplate/vappTemplate-15202766), tags=[]]
Dec 22, 2011 2:17:33 AM org.jclouds.compute.BaseComputeServiceLiveTest testCompareSizes
INFO: fastest [id=https://zone01.bluelock.com/api/v1.0/vAppTemplate/vappTemplate-15202766, providerId=https://zone01.bluelock.com/api/v1.0/vAppTemplate/vappTemplate-15202766, name=OS-Ubuntu10.04_x64, processors=[[cores=1.0, speed=1.0]], ram=512, volumes=[[id=0, type=LOCAL, size=30.0, device=null, durable=true, isBootDevice=true]], supportsImage=idEquals(https://zone01.bluelock.com/api/v1.0/vAppTemplate/vappTemplate-15202766), tags=[]]
Dec 22, 2011 2:17:33 AM org.jclouds.compute.BaseComputeServiceLiveTest testCompareSizes
INFO: biggest [id=https://zone01.bluelock.com/api/v1.0/vAppTemplate/vappTemplate-15202766, providerId=https://zone01.bluelock.com/api/v1.0/vAppTemplate/vappTemplate-15202766, name=OS-Ubuntu10.04_x64, processors=[[cores=1.0, speed=1.0]], ram=512, volumes=[[id=0, type=LOCAL, size=30.0, device=null, durable=true, isBootDevice=true]], supportsImage=idEquals(https://zone01.bluelock.com/api/v1.0/vAppTemplate/vappTemplate-15202766), tags=[]]
[pool-2-thread-1] Test testCompareSizes(org.jclouds.bluelock.vcloud.zone01.compute.BluelockVCloudZone01ComputeServiceLiveTest) succeeded: 5ms
Test suite progress: tests succeeded: 12, failed: 0, skipped: 0.
Starting test testAScriptExecutionAfterBootWithBasicTemplate(org.jclouds.bluelock.vcloud.zone01.compute.BluelockVCloudZone01ComputeServiceLiveTest)
[pool-2-thread-2] Test testTemplateBuilderCanUseImageId(org.jclouds.bluelock.vcloud.zone01.compute.BluelockVCloudZone01TemplateBuilderLiveTest) succeeded: 12490ms
Test suite progress: tests succeeded: 13, failed: 0, skipped: 0.
Starting test testTemplateBuilderCannotFind(org.jclouds.bluelock.vcloud.zone01.compute.BluelockVCloudZone01TemplateBuilderLiveTest)
[pool-2-thread-2] Test testTemplateBuilderCannotFind(org.jclouds.bluelock.vcloud.zone01.compute.BluelockVCloudZone01TemplateBuilderLiveTest) succeeded: 2ms
Test suite progress: tests succeeded: 14, failed: 0, skipped: 0.
Starting test testTemplateBuilderCannotFind(org.jclouds.bluelock.vcloud.zone01.compute.BluelockVCloudZone01TemplateBuilderLiveTest)
[pool-2-thread-2] Test testTemplateBuilderCannotFind(org.jclouds.bluelock.vcloud.zone01.compute.BluelockVCloudZone01TemplateBuilderLiveTest) succeeded: 2ms
Test suite progress: tests succeeded: 15, failed: 0, skipped: 0.
Starting test testTemplateBuilderCannotFind(org.jclouds.bluelock.vcloud.zone01.compute.BluelockVCloudZone01TemplateBuilderLiveTest)
[pool-2-thread-2] Test testTemplateBuilderCannotFind(org.jclouds.bluelock.vcloud.zone01.compute.BluelockVCloudZone01TemplateBuilderLiveTest) succeeded: 2ms
Test suite progress: tests succeeded: 16, failed: 0, skipped: 0.
Starting test testTemplateBuilderCannotFind(org.jclouds.bluelock.vcloud.zone01.compute.BluelockVCloudZone01TemplateBuilderLiveTest)
[pool-2-thread-2] Test testTemplateBuilderCannotFind(org.jclouds.bluelock.vcloud.zone01.compute.BluelockVCloudZone01TemplateBuilderLiveTest) succeeded: 2ms
Test suite progress: tests succeeded: 17, failed: 0, skipped: 0.
Starting test testTemplateBuilderCannotFind(org.jclouds.bluelock.vcloud.zone01.compute.BluelockVCloudZone01TemplateBuilderLiveTest)
[pool-2-thread-2] Test testTemplateBuilderCannotFind(org.jclouds.bluelock.vcloud.zone01.compute.BluelockVCloudZone01TemplateBuilderLiveTest) succeeded: 1ms
Test suite progress: tests succeeded: 18, failed: 0, skipped: 0.
Starting test testTemplateBuilderCannotFind(org.jclouds.bluelock.vcloud.zone01.compute.BluelockVCloudZone01TemplateBuilderLiveTest)
[pool-2-thread-2] Test testTemplateBuilderCannotFind(org.jclouds.bluelock.vcloud.zone01.compute.BluelockVCloudZone01TemplateBuilderLiveTest) succeeded: 1ms
Test suite progress: tests succeeded: 19, failed: 0, skipped: 0.
Starting test testTemplateBuilderCannotFind(org.jclouds.bluelock.vcloud.zone01.compute.BluelockVCloudZone01TemplateBuilderLiveTest)
[pool-2-thread-2] Test testTemplateBuilderCannotFind(org.jclouds.bluelock.vcloud.zone01.compute.BluelockVCloudZone01TemplateBuilderLiveTest) succeeded: 1ms
Test suite progress: tests succeeded: 20, failed: 0, skipped: 0.
Starting test testTemplateBuilderCannotFind(org.jclouds.bluelock.vcloud.zone01.compute.BluelockVCloudZone01TemplateBuilderLiveTest)
[pool-2-thread-2] Test testTemplateBuilderCannotFind(org.jclouds.bluelock.vcloud.zone01.compute.BluelockVCloudZone01TemplateBuilderLiveTest) succeeded: 0ms
Test suite progress: tests succeeded: 21, failed: 0, skipped: 0.
Starting test testTemplateBuilderCannotFind(org.jclouds.bluelock.vcloud.zone01.compute.BluelockVCloudZone01TemplateBuilderLiveTest)
[pool-2-thread-2] Test testTemplateBuilderCannotFind(org.jclouds.bluelock.vcloud.zone01.compute.BluelockVCloudZone01TemplateBuilderLiveTest) succeeded: 1ms
Test suite progress: tests succeeded: 22, failed: 0, skipped: 0.
Starting test testTemplateBuilderCannotFind(org.jclouds.bluelock.vcloud.zone01.compute.BluelockVCloudZone01TemplateBuilderLiveTest)
[pool-2-thread-2] Test testTemplateBuilderCannotFind(org.jclouds.bluelock.vcloud.zone01.compute.BluelockVCloudZone01TemplateBuilderLiveTest) succeeded: 7ms
Test suite progress: tests succeeded: 23, failed: 0, skipped: 0.
Starting test testTemplateBuilderCannotFind(org.jclouds.bluelock.vcloud.zone01.compute.BluelockVCloudZone01TemplateBuilderLiveTest)
[pool-2-thread-2] Test testTemplateBuilderCannotFind(org.jclouds.bluelock.vcloud.zone01.compute.BluelockVCloudZone01TemplateBuilderLiveTest) succeeded: 1ms
Test suite progress: tests succeeded: 24, failed: 0, skipped: 0.
Starting test testTemplateBuilderCannotFind(org.jclouds.bluelock.vcloud.zone01.compute.BluelockVCloudZone01TemplateBuilderLiveTest)
[pool-2-thread-2] Test testTemplateBuilderCannotFind(org.jclouds.bluelock.vcloud.zone01.compute.BluelockVCloudZone01TemplateBuilderLiveTest) succeeded: 1ms
Test suite progress: tests succeeded: 25, failed: 0, skipped: 0.
Starting test testTemplateBuilderCannotFind(org.jclouds.bluelock.vcloud.zone01.compute.BluelockVCloudZone01TemplateBuilderLiveTest)
[pool-2-thread-2] Test testTemplateBuilderCannotFind(org.jclouds.bluelock.vcloud.zone01.compute.BluelockVCloudZone01TemplateBuilderLiveTest) succeeded: 0ms
Test suite progress: tests succeeded: 26, failed: 0, skipped: 0.
Starting test testTemplateBuilderCannotFind(org.jclouds.bluelock.vcloud.zone01.compute.BluelockVCloudZone01TemplateBuilderLiveTest)
[pool-2-thread-2] Test testTemplateBuilderCannotFind(org.jclouds.bluelock.vcloud.zone01.compute.BluelockVCloudZone01TemplateBuilderLiveTest) succeeded: 2ms
Test suite progress: tests succeeded: 27, failed: 0, skipped: 0.
Starting test testTemplateBuilderCannotFind(org.jclouds.bluelock.vcloud.zone01.compute.BluelockVCloudZone01TemplateBuilderLiveTest)
[pool-2-thread-2] Test testTemplateBuilderCannotFind(org.jclouds.bluelock.vcloud.zone01.compute.BluelockVCloudZone01TemplateBuilderLiveTest) succeeded: 1ms
Test suite progress: tests succeeded: 28, failed: 0, skipped: 0.
Starting test testTemplateBuilderCannotFind(org.jclouds.bluelock.vcloud.zone01.compute.BluelockVCloudZone01TemplateBuilderLiveTest)
[pool-2-thread-2] Test testTemplateBuilderCannotFind(org.jclouds.bluelock.vcloud.zone01.compute.BluelockVCloudZone01TemplateBuilderLiveTest) succeeded: 2ms
Test suite progress: tests succeeded: 29, failed: 0, skipped: 0.
Starting test testTemplateBuilderCannotFind(org.jclouds.bluelock.vcloud.zone01.compute.BluelockVCloudZone01TemplateBuilderLiveTest)
[pool-2-thread-2] Test testTemplateBuilderCannotFind(org.jclouds.bluelock.vcloud.zone01.compute.BluelockVCloudZone01TemplateBuilderLiveTest) succeeded: 1ms
Test suite progress: tests succeeded: 30, failed: 0, skipped: 0.
Starting test testTemplateBuilderCannotFind(org.jclouds.bluelock.vcloud.zone01.compute.BluelockVCloudZone01TemplateBuilderLiveTest)
[pool-2-thread-2] Test testTemplateBuilderCannotFind(org.jclouds.bluelock.vcloud.zone01.compute.BluelockVCloudZone01TemplateBuilderLiveTest) succeeded: 0ms
Test suite progress: tests succeeded: 31, failed: 0, skipped: 0.
Starting test testTemplateBuilderCannotFind(org.jclouds.bluelock.vcloud.zone01.compute.BluelockVCloudZone01TemplateBuilderLiveTest)
[pool-2-thread-2] Test testTemplateBuilderCannotFind(org.jclouds.bluelock.vcloud.zone01.compute.BluelockVCloudZone01TemplateBuilderLiveTest) succeeded: 1ms
Test suite progress: tests succeeded: 32, failed: 0, skipped: 0.
Starting test testTemplateBuilderCannotFind(org.jclouds.bluelock.vcloud.zone01.compute.BluelockVCloudZone01TemplateBuilderLiveTest)
[pool-2-thread-2] Test testTemplateBuilderCannotFind(org.jclouds.bluelock.vcloud.zone01.compute.BluelockVCloudZone01TemplateBuilderLiveTest) succeeded: 0ms
Test suite progress: tests succeeded: 33, failed: 0, skipped: 0.
Starting test testTemplateBuilderCannotFind(org.jclouds.bluelock.vcloud.zone01.compute.BluelockVCloudZone01TemplateBuilderLiveTest)
[pool-2-thread-2] Test testTemplateBuilderCannotFind(org.jclouds.bluelock.vcloud.zone01.compute.BluelockVCloudZone01TemplateBuilderLiveTest) succeeded: 1ms
Test suite progress: tests succeeded: 34, failed: 0, skipped: 0.
Starting test testTemplateBuilderCannotFind(org.jclouds.bluelock.vcloud.zone01.compute.BluelockVCloudZone01TemplateBuilderLiveTest)
[pool-2-thread-2] Test testTemplateBuilderCannotFind(org.jclouds.bluelock.vcloud.zone01.compute.BluelockVCloudZone01TemplateBuilderLiveTest) succeeded: 3ms
Test suite progress: tests succeeded: 35, failed: 0, skipped: 0.
Starting test testTemplateBuilderCannotFind(org.jclouds.bluelock.vcloud.zone01.compute.BluelockVCloudZone01TemplateBuilderLiveTest)
[pool-2-thread-2] Test testTemplateBuilderCannotFind(org.jclouds.bluelock.vcloud.zone01.compute.BluelockVCloudZone01TemplateBuilderLiveTest) succeeded: 0ms
Test suite progress: tests succeeded: 36, failed: 0, skipped: 0.
Starting test testTemplateBuilderCannotFind(org.jclouds.bluelock.vcloud.zone01.compute.BluelockVCloudZone01TemplateBuilderLiveTest)
[pool-2-thread-2] Test testTemplateBuilderCannotFind(org.jclouds.bluelock.vcloud.zone01.compute.BluelockVCloudZone01TemplateBuilderLiveTest) succeeded: 1ms
Test suite progress: tests succeeded: 37, failed: 0, skipped: 0.
Starting test testTemplateBuilderCannotFind(org.jclouds.bluelock.vcloud.zone01.compute.BluelockVCloudZone01TemplateBuilderLiveTest)
[pool-2-thread-2] Test testTemplateBuilderCannotFind(org.jclouds.bluelock.vcloud.zone01.compute.BluelockVCloudZone01TemplateBuilderLiveTest) succeeded: 0ms
Test suite progress: tests succeeded: 38, failed: 0, skipped: 0.
Starting test testTemplateBuilderCannotFind(org.jclouds.bluelock.vcloud.zone01.compute.BluelockVCloudZone01TemplateBuilderLiveTest)
[pool-2-thread-2] Test testTemplateBuilderCannotFind(org.jclouds.bluelock.vcloud.zone01.compute.BluelockVCloudZone01TemplateBuilderLiveTest) succeeded: 2ms
Test suite progress: tests succeeded: 39, failed: 0, skipped: 0.
Starting test testTemplateBuilderCannotFind(org.jclouds.bluelock.vcloud.zone01.compute.BluelockVCloudZone01TemplateBuilderLiveTest)
[pool-2-thread-2] Test testTemplateBuilderCannotFind(org.jclouds.bluelock.vcloud.zone01.compute.BluelockVCloudZone01TemplateBuilderLiveTest) succeeded: 1ms
Test suite progress: tests succeeded: 40, failed: 0, skipped: 0.
Starting test testTemplateBuilderCannotFind(org.jclouds.bluelock.vcloud.zone01.compute.BluelockVCloudZone01TemplateBuilderLiveTest)
[pool-2-thread-2] Test testTemplateBuilderCannotFind(org.jclouds.bluelock.vcloud.zone01.compute.BluelockVCloudZone01TemplateBuilderLiveTest) succeeded: 1ms
Test suite progress: tests succeeded: 41, failed: 0, skipped: 0.
Starting test testTemplateBuilderCannotFind(org.jclouds.bluelock.vcloud.zone01.compute.BluelockVCloudZone01TemplateBuilderLiveTest)
[pool-2-thread-2] Test testTemplateBuilderCannotFind(org.jclouds.bluelock.vcloud.zone01.compute.BluelockVCloudZone01TemplateBuilderLiveTest) succeeded: 0ms
Test suite progress: tests succeeded: 42, failed: 0, skipped: 0.
Starting test testTemplateBuilderCannotFind(org.jclouds.bluelock.vcloud.zone01.compute.BluelockVCloudZone01TemplateBuilderLiveTest)
[pool-2-thread-2] Test testTemplateBuilderCannotFind(org.jclouds.bluelock.vcloud.zone01.compute.BluelockVCloudZone01TemplateBuilderLiveTest) succeeded: 0ms
Test suite progress: tests succeeded: 43, failed: 0, skipped: 0.
Starting test testTemplateBuilderCannotFind(org.jclouds.bluelock.vcloud.zone01.compute.BluelockVCloudZone01TemplateBuilderLiveTest)
[pool-2-thread-2] Test testTemplateBuilderCannotFind(org.jclouds.bluelock.vcloud.zone01.compute.BluelockVCloudZone01TemplateBuilderLiveTest) succeeded: 2ms
Test suite progress: tests succeeded: 44, failed: 0, skipped: 0.
Starting test testTemplateBuilderCannotFind(org.jclouds.bluelock.vcloud.zone01.compute.BluelockVCloudZone01TemplateBuilderLiveTest)
[pool-2-thread-2] Test testTemplateBuilderCannotFind(org.jclouds.bluelock.vcloud.zone01.compute.BluelockVCloudZone01TemplateBuilderLiveTest) succeeded: 2ms
Test suite progress: tests succeeded: 45, failed: 0, skipped: 0.
Starting test testTemplateBuilderCannotFind(org.jclouds.bluelock.vcloud.zone01.compute.BluelockVCloudZone01TemplateBuilderLiveTest)
[pool-2-thread-2] Test testTemplateBuilderCannotFind(org.jclouds.bluelock.vcloud.zone01.compute.BluelockVCloudZone01TemplateBuilderLiveTest) succeeded: 1ms
Test suite progress: tests succeeded: 46, failed: 0, skipped: 0.
Starting test testTemplateBuilderCannotFind(org.jclouds.bluelock.vcloud.zone01.compute.BluelockVCloudZone01TemplateBuilderLiveTest)
[pool-2-thread-2] Test testTemplateBuilderCannotFind(org.jclouds.bluelock.vcloud.zone01.compute.BluelockVCloudZone01TemplateBuilderLiveTest) succeeded: 1ms
Test suite progress: tests succeeded: 47, failed: 0, skipped: 0.
Starting test testTemplateBuilderCannotFind(org.jclouds.bluelock.vcloud.zone01.compute.BluelockVCloudZone01TemplateBuilderLiveTest)
[pool-2-thread-2] Test testTemplateBuilderCannotFind(org.jclouds.bluelock.vcloud.zone01.compute.BluelockVCloudZone01TemplateBuilderLiveTest) succeeded: 2ms
Test suite progress: tests succeeded: 48, failed: 0, skipped: 0.
Starting test testTemplateBuilderCannotFind(org.jclouds.bluelock.vcloud.zone01.compute.BluelockVCloudZone01TemplateBuilderLiveTest)
[pool-2-thread-2] Test testTemplateBuilderCannotFind(org.jclouds.bluelock.vcloud.zone01.compute.BluelockVCloudZone01TemplateBuilderLiveTest) succeeded: 1ms
Test suite progress: tests succeeded: 49, failed: 0, skipped: 0.
Starting test testTemplateBuilderCannotFind(org.jclouds.bluelock.vcloud.zone01.compute.BluelockVCloudZone01TemplateBuilderLiveTest)
[pool-2-thread-2] Test testTemplateBuilderCannotFind(org.jclouds.bluelock.vcloud.zone01.compute.BluelockVCloudZone01TemplateBuilderLiveTest) succeeded: 1ms
Test suite progress: tests succeeded: 50, failed: 0, skipped: 0.
Starting test testTemplateBuilderCannotFind(org.jclouds.bluelock.vcloud.zone01.compute.BluelockVCloudZone01TemplateBuilderLiveTest)
[pool-2-thread-2] Test testTemplateBuilderCannotFind(org.jclouds.bluelock.vcloud.zone01.compute.BluelockVCloudZone01TemplateBuilderLiveTest) succeeded: 0ms
Test suite progress: tests succeeded: 51, failed: 0, skipped: 0.
Starting test testTemplateBuilderCannotFind(org.jclouds.bluelock.vcloud.zone01.compute.BluelockVCloudZone01TemplateBuilderLiveTest)
[pool-2-thread-2] Test testTemplateBuilderCannotFind(org.jclouds.bluelock.vcloud.zone01.compute.BluelockVCloudZone01TemplateBuilderLiveTest) succeeded: 1ms
Test suite progress: tests succeeded: 52, failed: 0, skipped: 0.
Starting test testTemplateBuilderCannotFind(org.jclouds.bluelock.vcloud.zone01.compute.BluelockVCloudZone01TemplateBuilderLiveTest)
[pool-2-thread-2] Test testTemplateBuilderCannotFind(org.jclouds.bluelock.vcloud.zone01.compute.BluelockVCloudZone01TemplateBuilderLiveTest) succeeded: 0ms
Test suite progress: tests succeeded: 53, failed: 0, skipped: 0.
Starting test testTemplateBuilderCannotFind(org.jclouds.bluelock.vcloud.zone01.compute.BluelockVCloudZone01TemplateBuilderLiveTest)
[pool-2-thread-2] Test testTemplateBuilderCannotFind(org.jclouds.bluelock.vcloud.zone01.compute.BluelockVCloudZone01TemplateBuilderLiveTest) succeeded: 1ms
Test suite progress: tests succeeded: 54, failed: 0, skipped: 0.
Starting test testTemplateBuilderCannotFind(org.jclouds.bluelock.vcloud.zone01.compute.BluelockVCloudZone01TemplateBuilderLiveTest)
[pool-2-thread-2] Test testTemplateBuilderCannotFind(org.jclouds.bluelock.vcloud.zone01.compute.BluelockVCloudZone01TemplateBuilderLiveTest) succeeded: 1ms
Test suite progress: tests succeeded: 55, failed: 0, skipped: 0.
Starting test testTemplateBuilderCannotFind(org.jclouds.bluelock.vcloud.zone01.compute.BluelockVCloudZone01TemplateBuilderLiveTest)
[pool-2-thread-2] Test testTemplateBuilderCannotFind(org.jclouds.bluelock.vcloud.zone01.compute.BluelockVCloudZone01TemplateBuilderLiveTest) succeeded: 0ms
Test suite progress: tests succeeded: 56, failed: 0, skipped: 0.
Starting test testTemplateBuilderCannotFind(org.jclouds.bluelock.vcloud.zone01.compute.BluelockVCloudZone01TemplateBuilderLiveTest)
[pool-2-thread-2] Test testTemplateBuilderCannotFind(org.jclouds.bluelock.vcloud.zone01.compute.BluelockVCloudZone01TemplateBuilderLiveTest) succeeded: 1ms
Test suite progress: tests succeeded: 57, failed: 0, skipped: 0.
Starting test testTemplateBuilderCannotFind(org.jclouds.bluelock.vcloud.zone01.compute.BluelockVCloudZone01TemplateBuilderLiveTest)
[pool-2-thread-2] Test testTemplateBuilderCannotFind(org.jclouds.bluelock.vcloud.zone01.compute.BluelockVCloudZone01TemplateBuilderLiveTest) succeeded: 3ms
Test suite progress: tests succeeded: 58, failed: 0, skipped: 0.
Starting test testTemplateBuilderCannotFind(org.jclouds.bluelock.vcloud.zone01.compute.BluelockVCloudZone01TemplateBuilderLiveTest)
[pool-2-thread-2] Test testTemplateBuilderCannotFind(org.jclouds.bluelock.vcloud.zone01.compute.BluelockVCloudZone01TemplateBuilderLiveTest) succeeded: 0ms
Test suite progress: tests succeeded: 59, failed: 0, skipped: 0.
Starting test testTemplateBuilderCannotFind(org.jclouds.bluelock.vcloud.zone01.compute.BluelockVCloudZone01TemplateBuilderLiveTest)
[pool-2-thread-2] Test testTemplateBuilderCannotFind(org.jclouds.bluelock.vcloud.zone01.compute.BluelockVCloudZone01TemplateBuilderLiveTest) succeeded: 1ms
Test suite progress: tests succeeded: 60, failed: 0, skipped: 0.
Starting test testTemplateBuilderCannotFind(org.jclouds.bluelock.vcloud.zone01.compute.BluelockVCloudZone01TemplateBuilderLiveTest)
[pool-2-thread-2] Test testTemplateBuilderCannotFind(org.jclouds.bluelock.vcloud.zone01.compute.BluelockVCloudZone01TemplateBuilderLiveTest) succeeded: 0ms
Test suite progress: tests succeeded: 61, failed: 0, skipped: 0.
Starting test testTemplateBuilderCannotFind(org.jclouds.bluelock.vcloud.zone01.compute.BluelockVCloudZone01TemplateBuilderLiveTest)
[pool-2-thread-2] Test testTemplateBuilderCannotFind(org.jclouds.bluelock.vcloud.zone01.compute.BluelockVCloudZone01TemplateBuilderLiveTest) succeeded: 1ms
Test suite progress: tests succeeded: 62, failed: 0, skipped: 0.
Starting test testTemplateBuilderCannotFind(org.jclouds.bluelock.vcloud.zone01.compute.BluelockVCloudZone01TemplateBuilderLiveTest)
[pool-2-thread-2] Test testTemplateBuilderCannotFind(org.jclouds.bluelock.vcloud.zone01.compute.BluelockVCloudZone01TemplateBuilderLiveTest) succeeded: 0ms
Test suite progress: tests succeeded: 63, failed: 0, skipped: 0.
Starting test testTemplateBuilderCannotFind(org.jclouds.bluelock.vcloud.zone01.compute.BluelockVCloudZone01TemplateBuilderLiveTest)
[pool-2-thread-2] Test testTemplateBuilderCannotFind(org.jclouds.bluelock.vcloud.zone01.compute.BluelockVCloudZone01TemplateBuilderLiveTest) succeeded: 1ms
Test suite progress: tests succeeded: 64, failed: 0, skipped: 0.
Starting test testTemplateBuilderCannotFind(org.jclouds.bluelock.vcloud.zone01.compute.BluelockVCloudZone01TemplateBuilderLiveTest)
[pool-2-thread-2] Test testTemplateBuilderCannotFind(org.jclouds.bluelock.vcloud.zone01.compute.BluelockVCloudZone01TemplateBuilderLiveTest) succeeded: 0ms
Test suite progress: tests succeeded: 65, failed: 0, skipped: 0.
Starting test testTemplateBuilderCannotFind(org.jclouds.bluelock.vcloud.zone01.compute.BluelockVCloudZone01TemplateBuilderLiveTest)
[pool-2-thread-2] Test testTemplateBuilderCannotFind(org.jclouds.bluelock.vcloud.zone01.compute.BluelockVCloudZone01TemplateBuilderLiveTest) succeeded: 1ms
Test suite progress: tests succeeded: 66, failed: 0, skipped: 0.
Starting test testTemplateBuilderCannotFind(org.jclouds.bluelock.vcloud.zone01.compute.BluelockVCloudZone01TemplateBuilderLiveTest)
[pool-2-thread-2] Test testTemplateBuilderCannotFind(org.jclouds.bluelock.vcloud.zone01.compute.BluelockVCloudZone01TemplateBuilderLiveTest) succeeded: 0ms
Test suite progress: tests succeeded: 67, failed: 0, skipped: 0.
Starting test testTemplateBuilderCannotFind(org.jclouds.bluelock.vcloud.zone01.compute.BluelockVCloudZone01TemplateBuilderLiveTest)
[pool-2-thread-2] Test testTemplateBuilderCannotFind(org.jclouds.bluelock.vcloud.zone01.compute.BluelockVCloudZone01TemplateBuilderLiveTest) succeeded: 0ms
Test suite progress: tests succeeded: 68, failed: 0, skipped: 0.
Starting test testTemplateBuilderCannotFind(org.jclouds.bluelock.vcloud.zone01.compute.BluelockVCloudZone01TemplateBuilderLiveTest)
[pool-2-thread-2] Test testTemplateBuilderCannotFind(org.jclouds.bluelock.vcloud.zone01.compute.BluelockVCloudZone01TemplateBuilderLiveTest) succeeded: 0ms
Test suite progress: tests succeeded: 69, failed: 0, skipped: 0.
Starting test testTemplateBuilderCannotFind(org.jclouds.bluelock.vcloud.zone01.compute.BluelockVCloudZone01TemplateBuilderLiveTest)
[pool-2-thread-2] Test testTemplateBuilderCannotFind(org.jclouds.bluelock.vcloud.zone01.compute.BluelockVCloudZone01TemplateBuilderLiveTest) succeeded: 0ms
Test suite progress: tests succeeded: 70, failed: 0, skipped: 0.
Starting test testTemplateBuilderCannotFind(org.jclouds.bluelock.vcloud.zone01.compute.BluelockVCloudZone01TemplateBuilderLiveTest)
[pool-2-thread-2] Test testTemplateBuilderCannotFind(org.jclouds.bluelock.vcloud.zone01.compute.BluelockVCloudZone01TemplateBuilderLiveTest) succeeded: 0ms
Test suite progress: tests succeeded: 71, failed: 0, skipped: 0.
Starting test testTemplateBuilderCannotFind(org.jclouds.bluelock.vcloud.zone01.compute.BluelockVCloudZone01TemplateBuilderLiveTest)
[pool-2-thread-2] Test testTemplateBuilderCannotFind(org.jclouds.bluelock.vcloud.zone01.compute.BluelockVCloudZone01TemplateBuilderLiveTest) succeeded: 0ms
Test suite progress: tests succeeded: 72, failed: 0, skipped: 0.
Starting test testTemplateBuilderCannotFind(org.jclouds.bluelock.vcloud.zone01.compute.BluelockVCloudZone01TemplateBuilderLiveTest)
[pool-2-thread-2] Test testTemplateBuilderCannotFind(org.jclouds.bluelock.vcloud.zone01.compute.BluelockVCloudZone01TemplateBuilderLiveTest) succeeded: 1ms
Test suite progress: tests succeeded: 73, failed: 0, skipped: 0.
Starting test testTemplateBuilderCannotFind(org.jclouds.bluelock.vcloud.zone01.compute.BluelockVCloudZone01TemplateBuilderLiveTest)
[pool-2-thread-2] Test testTemplateBuilderCannotFind(org.jclouds.bluelock.vcloud.zone01.compute.BluelockVCloudZone01TemplateBuilderLiveTest) succeeded: 0ms
Test suite progress: tests succeeded: 74, failed: 0, skipped: 0.
Starting test testTemplateBuilderCannotFind(org.jclouds.bluelock.vcloud.zone01.compute.BluelockVCloudZone01TemplateBuilderLiveTest)
[pool-2-thread-2] Test testTemplateBuilderCannotFind(org.jclouds.bluelock.vcloud.zone01.compute.BluelockVCloudZone01TemplateBuilderLiveTest) succeeded: 1ms
Test suite progress: tests succeeded: 75, failed: 0, skipped: 0.
Starting test testTemplateBuilderCannotFind(org.jclouds.bluelock.vcloud.zone01.compute.BluelockVCloudZone01TemplateBuilderLiveTest)
[pool-2-thread-2] Test testTemplateBuilderCannotFind(org.jclouds.bluelock.vcloud.zone01.compute.BluelockVCloudZone01TemplateBuilderLiveTest) succeeded: 0ms
Test suite progress: tests succeeded: 76, failed: 0, skipped: 0.
Starting test testTemplateBuilderCannotFind(org.jclouds.bluelock.vcloud.zone01.compute.BluelockVCloudZone01TemplateBuilderLiveTest)
[pool-2-thread-2] Test testTemplateBuilderCannotFind(org.jclouds.bluelock.vcloud.zone01.compute.BluelockVCloudZone01TemplateBuilderLiveTest) succeeded: 1ms
Test suite progress: tests succeeded: 77, failed: 0, skipped: 0.
Starting test testTemplateBuilderCannotFind(org.jclouds.bluelock.vcloud.zone01.compute.BluelockVCloudZone01TemplateBuilderLiveTest)
[pool-2-thread-2] Test testTemplateBuilderCannotFind(org.jclouds.bluelock.vcloud.zone01.compute.BluelockVCloudZone01TemplateBuilderLiveTest) succeeded: 0ms
Test suite progress: tests succeeded: 78, failed: 0, skipped: 0.
Starting test testTemplateBuilderCannotFind(org.jclouds.bluelock.vcloud.zone01.compute.BluelockVCloudZone01TemplateBuilderLiveTest)
[pool-2-thread-2] Test testTemplateBuilderCannotFind(org.jclouds.bluelock.vcloud.zone01.compute.BluelockVCloudZone01TemplateBuilderLiveTest) succeeded: 1ms
Test suite progress: tests succeeded: 79, failed: 0, skipped: 0.
Starting test testTemplateBuilderCannotFind(org.jclouds.bluelock.vcloud.zone01.compute.BluelockVCloudZone01TemplateBuilderLiveTest)
[pool-2-thread-2] Test testTemplateBuilderCannotFind(org.jclouds.bluelock.vcloud.zone01.compute.BluelockVCloudZone01TemplateBuilderLiveTest) succeeded: 0ms
Test suite progress: tests succeeded: 80, failed: 0, skipped: 0.
Starting test testTemplateBuilderCannotFind(org.jclouds.bluelock.vcloud.zone01.compute.BluelockVCloudZone01TemplateBuilderLiveTest)
[pool-2-thread-2] Test testTemplateBuilderCannotFind(org.jclouds.bluelock.vcloud.zone01.compute.BluelockVCloudZone01TemplateBuilderLiveTest) succeeded: 1ms
Test suite progress: tests succeeded: 81, failed: 0, skipped: 0.
Starting test testTemplateBuilderCannotFind(org.jclouds.bluelock.vcloud.zone01.compute.BluelockVCloudZone01TemplateBuilderLiveTest)
[pool-2-thread-2] Test testTemplateBuilderCannotFind(org.jclouds.bluelock.vcloud.zone01.compute.BluelockVCloudZone01TemplateBuilderLiveTest) succeeded: 0ms
Test suite progress: tests succeeded: 82, failed: 0, skipped: 0.
Starting test testTemplateBuilderCannotFind(org.jclouds.bluelock.vcloud.zone01.compute.BluelockVCloudZone01TemplateBuilderLiveTest)
[pool-2-thread-2] Test testTemplateBuilderCannotFind(org.jclouds.bluelock.vcloud.zone01.compute.BluelockVCloudZone01TemplateBuilderLiveTest) succeeded: 1ms
Test suite progress: tests succeeded: 83, failed: 0, skipped: 0.
Starting test testTemplateBuilderCannotFind(org.jclouds.bluelock.vcloud.zone01.compute.BluelockVCloudZone01TemplateBuilderLiveTest)
[pool-2-thread-2] Test testTemplateBuilderCannotFind(org.jclouds.bluelock.vcloud.zone01.compute.BluelockVCloudZone01TemplateBuilderLiveTest) succeeded: 0ms
Test suite progress: tests succeeded: 84, failed: 0, skipped: 0.
Starting test testTemplateBuilderCannotFind(org.jclouds.bluelock.vcloud.zone01.compute.BluelockVCloudZone01TemplateBuilderLiveTest)
[pool-2-thread-2] Test testTemplateBuilderCannotFind(org.jclouds.bluelock.vcloud.zone01.compute.BluelockVCloudZone01TemplateBuilderLiveTest) succeeded: 1ms
Test suite progress: tests succeeded: 85, failed: 0, skipped: 0.
Starting test testTemplateBuilderCannotFind(org.jclouds.bluelock.vcloud.zone01.compute.BluelockVCloudZone01TemplateBuilderLiveTest)
[pool-2-thread-2] Test testTemplateBuilderCannotFind(org.jclouds.bluelock.vcloud.zone01.compute.BluelockVCloudZone01TemplateBuilderLiveTest) succeeded: 0ms
Test suite progress: tests succeeded: 86, failed: 0, skipped: 0.
Starting test testTemplateBuilderCannotFind(org.jclouds.bluelock.vcloud.zone01.compute.BluelockVCloudZone01TemplateBuilderLiveTest)
[pool-2-thread-2] Test testTemplateBuilderCannotFind(org.jclouds.bluelock.vcloud.zone01.compute.BluelockVCloudZone01TemplateBuilderLiveTest) succeeded: 1ms
Test suite progress: tests succeeded: 87, failed: 0, skipped: 0.
Starting test testTemplateBuilderCannotFind(org.jclouds.bluelock.vcloud.zone01.compute.BluelockVCloudZone01TemplateBuilderLiveTest)
[pool-2-thread-2] Test testTemplateBuilderCannotFind(org.jclouds.bluelock.vcloud.zone01.compute.BluelockVCloudZone01TemplateBuilderLiveTest) succeeded: 0ms
Test suite progress: tests succeeded: 88, failed: 0, skipped: 0.
Starting test testTemplateBuilderCannotFind(org.jclouds.bluelock.vcloud.zone01.compute.BluelockVCloudZone01TemplateBuilderLiveTest)
[pool-2-thread-2] Test testTemplateBuilderCannotFind(org.jclouds.bluelock.vcloud.zone01.compute.BluelockVCloudZone01TemplateBuilderLiveTest) succeeded: 1ms
Test suite progress: tests succeeded: 89, failed: 0, skipped: 0.
Starting test testTemplateBuilderCannotFind(org.jclouds.bluelock.vcloud.zone01.compute.BluelockVCloudZone01TemplateBuilderLiveTest)
[pool-2-thread-2] Test testTemplateBuilderCannotFind(org.jclouds.bluelock.vcloud.zone01.compute.BluelockVCloudZone01TemplateBuilderLiveTest) succeeded: 0ms
Test suite progress: tests succeeded: 90, failed: 0, skipped: 0.
Starting test testTemplateBuilderCannotFind(org.jclouds.bluelock.vcloud.zone01.compute.BluelockVCloudZone01TemplateBuilderLiveTest)
[pool-2-thread-2] Test testTemplateBuilderCannotFind(org.jclouds.bluelock.vcloud.zone01.compute.BluelockVCloudZone01TemplateBuilderLiveTest) succeeded: 1ms
Test suite progress: tests succeeded: 91, failed: 0, skipped: 0.
Starting test testTemplateBuilderCannotFind(org.jclouds.bluelock.vcloud.zone01.compute.BluelockVCloudZone01TemplateBuilderLiveTest)
[pool-2-thread-2] Test testTemplateBuilderCannotFind(org.jclouds.bluelock.vcloud.zone01.compute.BluelockVCloudZone01TemplateBuilderLiveTest) succeeded: 0ms
Test suite progress: tests succeeded: 92, failed: 0, skipped: 0.
Starting test testTemplateBuilderCannotFind(org.jclouds.bluelock.vcloud.zone01.compute.BluelockVCloudZone01TemplateBuilderLiveTest)
[pool-2-thread-2] Test testTemplateBuilderCannotFind(org.jclouds.bluelock.vcloud.zone01.compute.BluelockVCloudZone01TemplateBuilderLiveTest) succeeded: 1ms
Test suite progress: tests succeeded: 93, failed: 0, skipped: 0.
Starting test testTemplateBuilderCannotFind(org.jclouds.bluelock.vcloud.zone01.compute.BluelockVCloudZone01TemplateBuilderLiveTest)
[pool-2-thread-2] Test testTemplateBuilderCannotFind(org.jclouds.bluelock.vcloud.zone01.compute.BluelockVCloudZone01TemplateBuilderLiveTest) succeeded: 0ms
Test suite progress: tests succeeded: 94, failed: 0, skipped: 0.
Starting test testTemplateBuilderCannotFind(org.jclouds.bluelock.vcloud.zone01.compute.BluelockVCloudZone01TemplateBuilderLiveTest)
[pool-2-thread-2] Test testTemplateBuilderCannotFind(org.jclouds.bluelock.vcloud.zone01.compute.BluelockVCloudZone01TemplateBuilderLiveTest) succeeded: 1ms
Test suite progress: tests succeeded: 95, failed: 0, skipped: 0.
Starting test testTemplateBuilderCannotFind(org.jclouds.bluelock.vcloud.zone01.compute.BluelockVCloudZone01TemplateBuilderLiveTest)
[pool-2-thread-2] Test testTemplateBuilderCannotFind(org.jclouds.bluelock.vcloud.zone01.compute.BluelockVCloudZone01TemplateBuilderLiveTest) succeeded: 0ms
Test suite progress: tests succeeded: 96, failed: 0, skipped: 0.
Starting test testTemplateBuilderWithImageIdSpecified(org.jclouds.bluelock.vcloud.zone01.compute.BluelockVCloudZone01TemplateBuilderLiveTest)
[pool-2-thread-2] Test testTemplateBuilderWithImageIdSpecified(org.jclouds.bluelock.vcloud.zone01.compute.BluelockVCloudZone01TemplateBuilderLiveTest) succeeded: 21484ms
Test suite progress: tests succeeded: 97, failed: 0, skipped: 0.
Starting test testTemplateBuilderWithLoginUserSpecified(org.jclouds.bluelock.vcloud.zone01.compute.BluelockVCloudZone01TemplateBuilderLiveTest)
[pool-2-thread-2] Test testTemplateBuilderWithLoginUserSpecified(org.jclouds.bluelock.vcloud.zone01.compute.BluelockVCloudZone01TemplateBuilderLiveTest) succeeded: 21328ms
Test suite progress: tests succeeded: 98, failed: 0, skipped: 0.
SLF4J: Failed to load class "org.slf4j.impl.StaticLoggerBinder".
SLF4J: Defaulting to no-operation (NOP) logger implementation
SLF4J: See http://www.slf4j.org/codes.html#StaticLoggerBinder for further details.
[pool-2-thread-5] Test testExtendedOptionsWithCustomizationScript(org.jclouds.bluelock.vcloud.zone01.features.BluelockVCloudZone01VmClientLiveTest) failed.
Test suite progress: tests succeeded: 98, failed: 1, skipped: 0.
Starting test testGetThumbnailOfVm(org.jclouds.bluelock.vcloud.zone01.features.BluelockVCloudZone01VmClientLiveTest)
[pool-2-thread-5] Test testGetThumbnailOfVm(org.jclouds.bluelock.vcloud.zone01.features.BluelockVCloudZone01VmClientLiveTest) succeeded: 4522ms
Test suite progress: tests succeeded: 99, failed: 1, skipped: 0.
Starting test testGetVm(org.jclouds.bluelock.vcloud.zone01.features.BluelockVCloudZone01VmClientLiveTest)
[pool-2-thread-5] Test testGetVm(org.jclouds.bluelock.vcloud.zone01.features.BluelockVCloudZone01VmClientLiveTest) succeeded: 5038ms
Test suite progress: tests succeeded: 100, failed: 1, skipped: 0.
<< problem applying options to node(https://zone01.bluelock.com/api/v1.0/vApp/vapp-224055705): 
org.jclouds.rest.AuthorizationException: (root:pw[44efbc0994df5210cf411ad73e135e8d]@173.240.109.28:22) (root:pw[44efbc0994df5210cf411ad73e135e8d]@173.240.109.28:22) error acquiring SSHClient(timeout=60000) (not retryable): Exhausted available authentication methods
	at org.jclouds.sshj.SshjSshClient.propagate(SshjSshClient.java:413)
	at org.jclouds.sshj.SshjSshClient.acquire(SshjSshClient.java:243)
	at org.jclouds.sshj.SshjSshClient.connect(SshjSshClient.java:254)
	at org.jclouds.compute.callables.RunScriptOnNodeUsingSsh.call(RunScriptOnNodeUsingSsh.java:73)
	at org.jclouds.compute.strategy.RunScriptOnNodeAndAddToGoodMapOrPutExceptionIntoBadMap.call(RunScriptOnNodeAndAddToGoodMapOrPutExceptionIntoBadMap.java:69)
	at org.jclouds.compute.strategy.RunScriptOnNodeAndAddToGoodMapOrPutExceptionIntoBadMap.call(RunScriptOnNodeAndAddToGoodMapOrPutExceptionIntoBadMap.java:44)
	at java.util.concurrent.FutureTask$Sync.innerRun(FutureTask.java:303)
	at java.util.concurrent.FutureTask.run(FutureTask.java:138)
	at java.util.concurrent.ThreadPoolExecutor$Worker.runTask(ThreadPoolExecutor.java:886)
	at java.util.concurrent.ThreadPoolExecutor$Worker.run(ThreadPoolExecutor.java:908)
	at java.lang.Thread.run(Thread.java:680)
Caused by: net.schmizz.sshj.userauth.UserAuthException: Exhausted available authentication methods
	at net.schmizz.sshj.userauth.UserAuthImpl.authenticate(UserAuthImpl.java:114)
	at net.schmizz.sshj.SSHClient.auth(SSHClient.java:204)
	at net.schmizz.sshj.SSHClient.auth(SSHClient.java:189)
	at net.schmizz.sshj.SSHClient.authPassword(SSHClient.java:265)
	at net.schmizz.sshj.SSHClient.authPassword(SSHClient.java:235)
	at net.schmizz.sshj.SSHClient.authPassword(SSHClient.java:219)
	at org.jclouds.sshj.SshjSshClient$1.create(SshjSshClient.java:199)
	at org.jclouds.sshj.SshjSshClient$1.create(SshjSshClient.java:175)
	at org.jclouds.sshj.SshjSshClient.acquire(SshjSshClient.java:224)
	... 9 more
Caused by: net.schmizz.sshj.userauth.UserAuthException: keyboard-interactive auth not allowed by server
	at net.schmizz.sshj.userauth.UserAuthImpl.authenticate(UserAuthImpl.java:81)
	... 17 more
[pool-2-thread-3] Test testCaptureVApp(org.jclouds.bluelock.vcloud.zone01.features.BluelockVCloudZone01VAppTemplateClientLiveTest) succeeded: 257307ms
Test suite progress: tests succeeded: 101, failed: 1, skipped: 0.
Starting test testFindVAppTemplate(org.jclouds.bluelock.vcloud.zone01.features.BluelockVCloudZone01VAppTemplateClientLiveTest)
[pool-2-thread-1] Test testAScriptExecutionAfterBootWithBasicTemplate(org.jclouds.bluelock.vcloud.zone01.compute.BluelockVCloudZone01ComputeServiceLiveTest) failed.
Test suite progress: tests succeeded: 101, failed: 2, skipped: 0.
Starting test testCorrectAuthException(org.jclouds.bluelock.vcloud.zone01.compute.BluelockVCloudZone01ComputeServiceLiveTest)
[pool-2-thread-1] Test testCorrectAuthException(org.jclouds.bluelock.vcloud.zone01.compute.BluelockVCloudZone01ComputeServiceLiveTest) succeeded: 1684ms
Test suite progress: tests succeeded: 102, failed: 2, skipped: 0.
Starting test testCreateAndRunAService(org.jclouds.bluelock.vcloud.zone01.compute.BluelockVCloudZone01ComputeServiceLiveTest)
[pool-2-thread-3] Test testFindVAppTemplate(org.jclouds.bluelock.vcloud.zone01.features.BluelockVCloudZone01VAppTemplateClientLiveTest) succeeded: 36225ms
Test suite progress: tests succeeded: 103, failed: 2, skipped: 0.
Starting test testGetOvfEnvelopeForVAppTemplate(org.jclouds.bluelock.vcloud.zone01.features.BluelockVCloudZone01VAppTemplateClientLiveTest)
[pool-2-thread-3] Test testGetOvfEnvelopeForVAppTemplate(org.jclouds.bluelock.vcloud.zone01.features.BluelockVCloudZone01VAppTemplateClientLiveTest) succeeded: 19067ms
Test suite progress: tests succeeded: 104, failed: 2, skipped: 0.
Starting test testGetVAppTemplate(org.jclouds.bluelock.vcloud.zone01.features.BluelockVCloudZone01VAppTemplateClientLiveTest)
[pool-2-thread-3] Test testGetVAppTemplate(org.jclouds.bluelock.vcloud.zone01.features.BluelockVCloudZone01VAppTemplateClientLiveTest) succeeded: 19343ms
Test suite progress: tests succeeded: 105, failed: 2, skipped: 0.
Dec 22, 2011 2:25:17 AM org.jclouds.compute.BaseComputeServiceLiveTest testCreateAndRunAService
INFO: << available node(https://zone01.bluelock.com/api/v1.0/vApp/vapp-6999574) os([osType=UBUNTU_64, arch=null, description=Ubuntu Linux (64-bit), family=ubuntu, is64Bit=true, name=Ubuntu 64-Bit, version=]) in 189s
[pool-2-thread-1] Test testCreateAndRunAService(org.jclouds.bluelock.vcloud.zone01.compute.BluelockVCloudZone01ComputeServiceLiveTest) failed.
Test suite progress: tests succeeded: 105, failed: 3, skipped: 0.
Starting test testCreateTwoNodesWithRunScript(org.jclouds.bluelock.vcloud.zone01.compute.BluelockVCloudZone01ComputeServiceLiveTest)
[pool-2-thread-1] Test testCreateTwoNodesWithRunScript(org.jclouds.bluelock.vcloud.zone01.compute.BluelockVCloudZone01ComputeServiceLiveTest) failed.
Test suite progress: tests succeeded: 105, failed: 4, skipped: 0.
[pool-2-thread-1] Test testCreateAnotherNodeWithANewContextToEnsureSharedMemIsntRequired(org.jclouds.bluelock.vcloud.zone01.compute.BluelockVCloudZone01ComputeServiceLiveTest) skipped.
Test suite progress: tests succeeded: 105, failed: 4, skipped: 1.
[pool-2-thread-1] Test testCredentialsCache(org.jclouds.bluelock.vcloud.zone01.compute.BluelockVCloudZone01ComputeServiceLiveTest) skipped.
Test suite progress: tests succeeded: 105, failed: 4, skipped: 2.
[pool-2-thread-1] Test testGet(org.jclouds.bluelock.vcloud.zone01.compute.BluelockVCloudZone01ComputeServiceLiveTest) skipped.
Test suite progress: tests succeeded: 105, failed: 4, skipped: 3.
Starting test testGetAssignableLocations(org.jclouds.bluelock.vcloud.zone01.compute.BluelockVCloudZone01ComputeServiceLiveTest)
Dec 22, 2011 2:29:18 AM org.jclouds.compute.BaseComputeServiceLiveTest testGetAssignableLocations
WARNING: location [id=https://zone01.bluelock.com/api/v1.0/vdc/480447969, scope=ZONE, description=Cluster01-Jclouds, parent=https://zone01.bluelock.com/api/v1.0/org/1484502809, iso3166Codes=[], metadata={}]
[pool-2-thread-1] Test testGetAssignableLocations(org.jclouds.bluelock.vcloud.zone01.compute.BluelockVCloudZone01ComputeServiceLiveTest) succeeded: 18ms
Test suite progress: tests succeeded: 106, failed: 4, skipped: 3.
Starting test testImagesCache(org.jclouds.bluelock.vcloud.zone01.compute.BluelockVCloudZone01ComputeServiceLiveTest)
[pool-2-thread-1] Test testImagesCache(org.jclouds.bluelock.vcloud.zone01.compute.BluelockVCloudZone01ComputeServiceLiveTest) succeeded: 0ms
Test suite progress: tests succeeded: 107, failed: 4, skipped: 3.
Starting test testListImages(org.jclouds.bluelock.vcloud.zone01.compute.BluelockVCloudZone01ComputeServiceLiveTest)
[pool-2-thread-1] Test testListImages(org.jclouds.bluelock.vcloud.zone01.compute.BluelockVCloudZone01ComputeServiceLiveTest) succeeded: 0ms
Test suite progress: tests succeeded: 108, failed: 4, skipped: 3.
Starting test testListSizes(org.jclouds.bluelock.vcloud.zone01.compute.BluelockVCloudZone01ComputeServiceLiveTest)
[pool-2-thread-1] Test testListSizes(org.jclouds.bluelock.vcloud.zone01.compute.BluelockVCloudZone01ComputeServiceLiveTest) succeeded: 0ms
Test suite progress: tests succeeded: 109, failed: 4, skipped: 3.
Starting test testOptionToNotBlock(org.jclouds.bluelock.vcloud.zone01.compute.BluelockVCloudZone01ComputeServiceLiveTest)
[pool-2-thread-1] Test testOptionToNotBlock(org.jclouds.bluelock.vcloud.zone01.compute.BluelockVCloudZone01ComputeServiceLiveTest) succeeded: 128928ms
Test suite progress: tests succeeded: 110, failed: 4, skipped: 3.
[pool-2-thread-1] Test testReboot(org.jclouds.bluelock.vcloud.zone01.compute.BluelockVCloudZone01ComputeServiceLiveTest) skipped.
Test suite progress: tests succeeded: 110, failed: 4, skipped: 4.
[pool-2-thread-1] Test testSuspendResume(org.jclouds.bluelock.vcloud.zone01.compute.BluelockVCloudZone01ComputeServiceLiveTest) skipped.
Test suite progress: tests succeeded: 110, failed: 4, skipped: 5.
Starting test testTemplateMatch(org.jclouds.bluelock.vcloud.zone01.compute.BluelockVCloudZone01ComputeServiceLiveTest)
[pool-2-thread-1] Test testTemplateMatch(org.jclouds.bluelock.vcloud.zone01.compute.BluelockVCloudZone01ComputeServiceLiveTest) succeeded: 0ms
Test suite progress: tests succeeded: 111, failed: 4, skipped: 5.
[pool-2-thread-1] Test testGetNodesWithDetails(org.jclouds.bluelock.vcloud.zone01.compute.BluelockVCloudZone01ComputeServiceLiveTest) skipped.
Test suite progress: tests succeeded: 111, failed: 4, skipped: 6.
Starting test testListNodes(org.jclouds.bluelock.vcloud.zone01.compute.BluelockVCloudZone01ComputeServiceLiveTest)
[id=https://zone01.bluelock.com/api/v1.0/vApp/vapp-893273705, providerId=https://zone01.bluelock.com/api/v1.0/vApp/vapp-893273705, name=director-99f, processors=[[cores=1.0, speed=1.0]], ram=512, volumes=[[id=0, type=LOCAL, size=30.0, device=null, durable=true, isBootDevice=true]], supportsImage=idEquals(https://zone01.bluelock.com/api/v1.0/vApp/vapp-893273705), tags=[]]
[id=https://zone01.bluelock.com/api/v1.0/vApp/vapp-1084037192, providerId=https://zone01.bluelock.com/api/v1.0/vApp/vapp-1084037192, name=director-119, processors=[[cores=1.0, speed=1.0]], ram=512, volumes=[[id=0, type=LOCAL, size=30.0, device=null, durable=true, isBootDevice=true]], supportsImage=idEquals(https://zone01.bluelock.com/api/v1.0/vApp/vapp-1084037192), tags=[]]
[pool-2-thread-1] Test testListNodes(org.jclouds.bluelock.vcloud.zone01.compute.BluelockVCloudZone01ComputeServiceLiveTest) succeeded: 13137ms
Test suite progress: tests succeeded: 112, failed: 4, skipped: 6.
[pool-2-thread-1] Test testDestroyNodes(org.jclouds.bluelock.vcloud.zone01.compute.BluelockVCloudZone01ComputeServiceLiveTest) skipped.
Test suite progress: tests succeeded: 112, failed: 4, skipped: 7.
Starting test testCorrectExceptionRunningNodesNotFound(org.jclouds.bluelock.vcloud.zone01.compute.BluelockVCloudZone01ComputeServiceLiveTest)
[pool-2-thread-1] Test testCorrectExceptionRunningNodesNotFound(org.jclouds.bluelock.vcloud.zone01.compute.BluelockVCloudZone01ComputeServiceLiveTest) succeeded: 2394ms
Test suite progress: tests succeeded: 113, failed: 4, skipped: 7.
Tests run: 124, Failures: 4, Errors: 0, Skipped: 7, Time elapsed: 905.013 sec <<< FAILURE!

Results :

Failed tests:   testExtendedOptionsWithCustomizationScript(org.jclouds.bluelock.vcloud.zone01.features.BluelockVCloudZone01VmClientLiveTest): (root:pw[44efbc0994df5210cf411ad73e135e8d]@173.240.109.43:22) (root:pw[44efbc0994df5210cf411ad73e135e8d]@173.240.109.43:22) error acquiring SSHClient(timeout=60000) (not retryable): Exhausted available authentication methods
  testAScriptExecutionAfterBootWithBasicTemplate(org.jclouds.bluelock.vcloud.zone01.compute.BluelockVCloudZone01ComputeServiceLiveTest): error runScript on filtered nodes options([loginUser=root, loginPasswordPresent=true, loginPrivateKeyPresent=true, shouldAuthenticateSudo=null, port:seconds=-1:-1, runAsRoot=false, blockOnComplete=true, wrapInInitScript=false])
  testCreateAndRunAService(org.jclouds.bluelock.vcloud.zone01.compute.BluelockVCloudZone01ComputeServiceLiveTest): (root:pw[44efbc0994df5210cf411ad73e135e8d]@173.240.109.28:22) (root:pw[44efbc0994df5210cf411ad73e135e8d]@173.240.109.28:22) error acquiring SSHClient(timeout=60000) (not retryable): Exhausted available authentication methods
  testCreateTwoNodesWithRunScript(org.jclouds.bluelock.vcloud.zone01.compute.BluelockVCloudZone01ComputeServiceLiveTest): error running 2 nodes tag(director) location(https://zone01.bluelock.com/api/v1.0/vdc/480447969) image(https://zone01.bluelock.com/api/v1.0/vAppTemplate/vappTemplate-15202766) size(https://zone01.bluelock.com/api/v1.0/vAppTemplate/vappTemplate-15202766) options([customizationScript=false, description=null, ipAddressAllocationMode=null, inboundPorts=[22], privateKey=false, publicKey=false, runScript=true, port:seconds=-1:-1, userMetadata: {}])

Tests run: 124, Failures: 4, Errors: 0, Skipped: 7

[INFO] ------------------------------------------------------------------------
[INFO] BUILD FAILURE
[INFO] ------------------------------------------------------------------------
[INFO] Total time: 15:17.505s
[INFO] Finished at: Thu Dec 22 02:32:12 PST 2011
[INFO] Final Memory: 20M/265M
[INFO] ------------------------------------------------------------------------
[ERROR] Failed to execute goal org.apache.maven.plugins:maven-surefire-plugin:2.10:test (integration) on project bluelock-vcloud-zone01: There are test failures.
[ERROR] 
[ERROR] Please refer to /Users/adriancole/workspace/git/jclouds/providers/bluelock-vcloud-zone01/target/surefire-reports for the individual test results.
[ERROR] -> [Help 1]
[ERROR] 
[ERROR] To see the full stack trace of the errors, re-run Maven with the -e switch.
[ERROR] Re-run Maven using the -X switch to enable full debug logging.
[ERROR] 
[ERROR] For more information about the errors and possible solutions, please read the following articles:
[ERROR] [Help 1] http://cwiki.apache.org/confluence/display/MAVEN/MojoFailureException
