[INFO] Scanning for projects...
[WARNING] 
[WARNING] Some problems were encountered while building the effective model for org.jclouds.provider:cloudfiles-us:bundle:1.3.0-SNAPSHOT
[WARNING] 'parent.relativePath' of POM org.jclouds:jclouds-project:1.3.0-SNAPSHOT (/Users/adriancole/workspace/git/jclouds/project/pom.xml) points at org.jclouds:jclouds-multi instead of org.sonatype.oss:oss-parent, please verify your project structure @ org.jclouds:jclouds-project:1.3.0-SNAPSHOT, /Users/adriancole/workspace/git/jclouds/project/pom.xml, line 24, column 13
[WARNING] 
[WARNING] It is highly recommended to fix these problems because they threaten the stability of your build.
[WARNING] 
[WARNING] For this reason, future Maven versions might no longer support building such malformed projects.
[WARNING] 
[INFO]                                                                         
[INFO] ------------------------------------------------------------------------
[INFO] Building jclouds CloudFiles US provider 1.3.0-SNAPSHOT
[INFO] ------------------------------------------------------------------------
[INFO] 
[INFO] --- maven-clean-plugin:2.4.1:clean (default-clean) @ cloudfiles-us ---
[INFO] Deleting /Users/adriancole/workspace/git/jclouds/providers/cloudfiles-us/target
[INFO] 
[INFO] --- maven-enforcer-plugin:1.0.1:enforce (enforce-maven) @ cloudfiles-us ---
[INFO] 
[INFO] --- maven-enforcer-plugin:1.0.1:enforce (enforce-banned-dependencies) @ cloudfiles-us ---
[INFO] 
[INFO] --- maven-enforcer-plugin:1.0.1:enforce (enforce-java) @ cloudfiles-us ---
[INFO] 
[INFO] --- maven-remote-resources-plugin:1.2:process (process-remote-resources) @ cloudfiles-us ---
[INFO] Setting property: classpath.resource.loader.class => 'org.codehaus.plexus.velocity.ContextClassLoaderResourceLoader'.
[INFO] Setting property: velocimacro.messages.on => 'false'.
[INFO] Setting property: resource.loader => 'classpath'.
[INFO] Setting property: resource.manager.logwhenfound => 'false'.
[INFO] 
[INFO] --- maven-resources-plugin:2.4.2:resources (default-resources) @ cloudfiles-us ---
[INFO] Using 'UTF-8' encoding to copy filtered resources.
[INFO] skip non existing resourceDirectory /Users/adriancole/workspace/git/jclouds/providers/cloudfiles-us/src/main/clojure
[INFO] Copying 1 resource
[INFO] Copying 2 resources
[INFO] 
[INFO] --- maven-compiler-plugin:2.3:compile (default-compile) @ cloudfiles-us ---
[INFO] Compiling 2 source files to /Users/adriancole/workspace/git/jclouds/providers/cloudfiles-us/target/classes
[INFO] 
[INFO] --- maven-resources-plugin:2.4.2:testResources (default-testResources) @ cloudfiles-us ---
[INFO] Using 'UTF-8' encoding to copy filtered resources.
[INFO] skip non existing resourceDirectory /Users/adriancole/workspace/git/jclouds/providers/cloudfiles-us/src/test/clojure
[INFO] skip non existing resourceDirectory /Users/adriancole/workspace/git/jclouds/providers/cloudfiles-us/src/test/resources
[INFO] Copying 2 resources
[INFO] 
[INFO] --- maven-compiler-plugin:2.3:testCompile (default-testCompile) @ cloudfiles-us ---
[INFO] Compiling 11 source files to /Users/adriancole/workspace/git/jclouds/providers/cloudfiles-us/target/test-classes
[INFO] 
[INFO] --- maven-surefire-plugin:2.10:test (default-test) @ cloudfiles-us ---
[INFO] Surefire report directory: /Users/adriancole/workspace/git/jclouds/providers/cloudfiles-us/target/surefire-reports
[INFO] Using configured provider org.apache.maven.surefire.testng.TestNGProvider

-------------------------------------------------------
 T E S T S
-------------------------------------------------------
Running org.jclouds.rackspace.cloudfiles.CloudFilesUSProviderTest
Starting test testWithId(org.jclouds.rackspace.cloudfiles.CloudFilesUSProviderTest)
Starting test testInRestProperties(org.jclouds.rackspace.cloudfiles.CloudFilesUSProviderTest)
Starting test testAllContains(org.jclouds.rackspace.cloudfiles.CloudFilesUSProviderTest)
[pool-2-thread-3] Test testAllContains(org.jclouds.rackspace.cloudfiles.CloudFilesUSProviderTest) succeeded: 25ms
Test suite progress: tests succeeded: 1, failed: 0, skipped: 0.
Starting test testOfTypeContains(org.jclouds.rackspace.cloudfiles.CloudFilesUSProviderTest)
[pool-2-thread-4] Test testOfTypeContains(org.jclouds.rackspace.cloudfiles.CloudFilesUSProviderTest) succeeded: 6ms
Test suite progress: tests succeeded: 2, failed: 0, skipped: 0.
[pool-2-thread-2] Test testWithId(org.jclouds.rackspace.cloudfiles.CloudFilesUSProviderTest) succeeded: 61ms
Test suite progress: tests succeeded: 3, failed: 0, skipped: 0.
[pool-2-thread-1] Test testInRestProperties(org.jclouds.rackspace.cloudfiles.CloudFilesUSProviderTest) succeeded: 170ms
Test suite progress: tests succeeded: 4, failed: 0, skipped: 0.
Tests run: 4, Failures: 0, Errors: 0, Skipped: 0, Time elapsed: 0.605 sec

Results :

Tests run: 4, Failures: 0, Errors: 0, Skipped: 0

[INFO] 
[INFO] --- clojure-maven-plugin:1.3.3:test (test-clojure) @ cloudfiles-us ---

Testing user

Ran 0 tests containing 0 assertions.
0 failures, 0 errors.
[INFO] 
[INFO] --- maven-bundle-plugin:2.3.4:bundle (default-bundle) @ cloudfiles-us ---
[INFO] 
[INFO] --- maven-source-plugin:2.1.1:jar-no-fork (attach-sources) @ cloudfiles-us ---
[INFO] Building jar: /Users/adriancole/workspace/git/jclouds/providers/cloudfiles-us/target/cloudfiles-us-1.3.0-SNAPSHOT-sources.jar
[INFO] 
[INFO] --- maven-javadoc-plugin:2.8:jar (javadoc) @ cloudfiles-us ---
[INFO] Skipping javadoc generation
[INFO] 
[INFO] --- maven-jar-plugin:2.3.1:test-jar (default) @ cloudfiles-us ---
[INFO] Building jar: /Users/adriancole/workspace/git/jclouds/providers/cloudfiles-us/target/cloudfiles-us-1.3.0-SNAPSHOT-tests.jar
[INFO] 
[INFO] --- maven-surefire-plugin:2.10:test (integration) @ cloudfiles-us ---
[INFO] Surefire report directory: /Users/adriancole/workspace/git/jclouds/providers/cloudfiles-us/target/surefire-reports
[INFO] Using configured provider org.apache.maven.surefire.testng.TestNGProvider

-------------------------------------------------------
 T E S T S
-------------------------------------------------------
Running TestSuite
*** containers to test: [adriancole-blobstore0, adriancole-blobstore1, adriancole-blobstore2, adriancole-blobstore3, adriancole-blobstore4, adriancole-blobstore5, adriancole-blobstore6, adriancole-blobstore7, adriancole-blobstore8, adriancole-blobstore9]
Starting test blobNotFound(org.jclouds.rackspace.cloudfiles.blobstore.integration.CloudFilesUSBlobIntegrationLiveTest)
[pool-4-thread-1] Test blobNotFound(org.jclouds.rackspace.cloudfiles.blobstore.integration.CloudFilesUSBlobIntegrationLiveTest) succeeded: 1724ms
Test suite progress: tests succeeded: 1, failed: 0, skipped: 0.
Starting test deleteObject(org.jclouds.rackspace.cloudfiles.blobstore.integration.CloudFilesUSBlobIntegrationLiveTest)
[pool-4-thread-1] Test deleteObject(org.jclouds.rackspace.cloudfiles.blobstore.integration.CloudFilesUSBlobIntegrationLiveTest) succeeded: 1963ms
Test suite progress: tests succeeded: 2, failed: 0, skipped: 0.
Starting test deleteObject(org.jclouds.rackspace.cloudfiles.blobstore.integration.CloudFilesUSBlobIntegrationLiveTest)
[pool-4-thread-1] Test deleteObject(org.jclouds.rackspace.cloudfiles.blobstore.integration.CloudFilesUSBlobIntegrationLiveTest) succeeded: 2232ms
Test suite progress: tests succeeded: 3, failed: 0, skipped: 0.
Starting test deleteObject(org.jclouds.rackspace.cloudfiles.blobstore.integration.CloudFilesUSBlobIntegrationLiveTest)
[pool-4-thread-1] Test deleteObject(org.jclouds.rackspace.cloudfiles.blobstore.integration.CloudFilesUSBlobIntegrationLiveTest) succeeded: 1977ms
Test suite progress: tests succeeded: 4, failed: 0, skipped: 0.
Starting test deleteObject(org.jclouds.rackspace.cloudfiles.blobstore.integration.CloudFilesUSBlobIntegrationLiveTest)
[pool-4-thread-1] Test deleteObject(org.jclouds.rackspace.cloudfiles.blobstore.integration.CloudFilesUSBlobIntegrationLiveTest) succeeded: 2077ms
Test suite progress: tests succeeded: 5, failed: 0, skipped: 0.
Starting test deleteObject(org.jclouds.rackspace.cloudfiles.blobstore.integration.CloudFilesUSBlobIntegrationLiveTest)
[pool-4-thread-1] Test deleteObject(org.jclouds.rackspace.cloudfiles.blobstore.integration.CloudFilesUSBlobIntegrationLiveTest) succeeded: 3884ms
Test suite progress: tests succeeded: 6, failed: 0, skipped: 0.
Starting test deleteObject(org.jclouds.rackspace.cloudfiles.blobstore.integration.CloudFilesUSBlobIntegrationLiveTest)
[pool-4-thread-1] Test deleteObject(org.jclouds.rackspace.cloudfiles.blobstore.integration.CloudFilesUSBlobIntegrationLiveTest) succeeded: 2039ms
Test suite progress: tests succeeded: 7, failed: 0, skipped: 0.
Starting test deleteObject(org.jclouds.rackspace.cloudfiles.blobstore.integration.CloudFilesUSBlobIntegrationLiveTest)
[pool-4-thread-1] Test deleteObject(org.jclouds.rackspace.cloudfiles.blobstore.integration.CloudFilesUSBlobIntegrationLiveTest) succeeded: 2315ms
Test suite progress: tests succeeded: 8, failed: 0, skipped: 0.
Starting test deleteObject(org.jclouds.rackspace.cloudfiles.blobstore.integration.CloudFilesUSBlobIntegrationLiveTest)
[pool-4-thread-1] Test deleteObject(org.jclouds.rackspace.cloudfiles.blobstore.integration.CloudFilesUSBlobIntegrationLiveTest) succeeded: 2061ms
Test suite progress: tests succeeded: 9, failed: 0, skipped: 0.
Starting test deleteObject(org.jclouds.rackspace.cloudfiles.blobstore.integration.CloudFilesUSBlobIntegrationLiveTest)
[pool-4-thread-1] Test deleteObject(org.jclouds.rackspace.cloudfiles.blobstore.integration.CloudFilesUSBlobIntegrationLiveTest) succeeded: 1814ms
Test suite progress: tests succeeded: 10, failed: 0, skipped: 0.
Starting test deleteObject(org.jclouds.rackspace.cloudfiles.blobstore.integration.CloudFilesUSBlobIntegrationLiveTest)
[pool-4-thread-1] Test deleteObject(org.jclouds.rackspace.cloudfiles.blobstore.integration.CloudFilesUSBlobIntegrationLiveTest) succeeded: 2245ms
Test suite progress: tests succeeded: 11, failed: 0, skipped: 0.
Starting test deleteObject(org.jclouds.rackspace.cloudfiles.blobstore.integration.CloudFilesUSBlobIntegrationLiveTest)
[pool-4-thread-1] Test deleteObject(org.jclouds.rackspace.cloudfiles.blobstore.integration.CloudFilesUSBlobIntegrationLiveTest) succeeded: 2452ms
Test suite progress: tests succeeded: 12, failed: 0, skipped: 0.
Starting test deleteObjectNoContainer(org.jclouds.rackspace.cloudfiles.blobstore.integration.CloudFilesUSBlobIntegrationLiveTest)
[pool-4-thread-1] Test deleteObjectNoContainer(org.jclouds.rackspace.cloudfiles.blobstore.integration.CloudFilesUSBlobIntegrationLiveTest) succeeded: 294ms
Test suite progress: tests succeeded: 13, failed: 0, skipped: 0.
Starting test deleteObjectNotFound(org.jclouds.rackspace.cloudfiles.blobstore.integration.CloudFilesUSBlobIntegrationLiveTest)
[pool-4-thread-1] Test deleteObjectNotFound(org.jclouds.rackspace.cloudfiles.blobstore.integration.CloudFilesUSBlobIntegrationLiveTest) succeeded: 1338ms
Test suite progress: tests succeeded: 14, failed: 0, skipped: 0.
Starting test testBigFileGets(org.jclouds.rackspace.cloudfiles.blobstore.integration.CloudFilesUSBlobIntegrationLiveTest)
[pool-4-thread-1] Test testBigFileGets(org.jclouds.rackspace.cloudfiles.blobstore.integration.CloudFilesUSBlobIntegrationLiveTest) succeeded: 21562ms
Test suite progress: tests succeeded: 15, failed: 0, skipped: 0.
Starting test testGetIfMatch(org.jclouds.rackspace.cloudfiles.blobstore.integration.CloudFilesUSBlobIntegrationLiveTest)
[pool-4-thread-1] Test testGetIfMatch(org.jclouds.rackspace.cloudfiles.blobstore.integration.CloudFilesUSBlobIntegrationLiveTest) succeeded: 3488ms
Test suite progress: tests succeeded: 16, failed: 0, skipped: 0.
Starting test testGetIfModifiedSince(org.jclouds.rackspace.cloudfiles.blobstore.integration.CloudFilesUSBlobIntegrationLiveTest)
[pool-4-thread-1] Test testGetIfModifiedSince(org.jclouds.rackspace.cloudfiles.blobstore.integration.CloudFilesUSBlobIntegrationLiveTest) succeeded: 7066ms
Test suite progress: tests succeeded: 17, failed: 0, skipped: 0.
Starting test testGetIfNoneMatch(org.jclouds.rackspace.cloudfiles.blobstore.integration.CloudFilesUSBlobIntegrationLiveTest)
[pool-4-thread-1] Test testGetIfNoneMatch(org.jclouds.rackspace.cloudfiles.blobstore.integration.CloudFilesUSBlobIntegrationLiveTest) succeeded: 3347ms
Test suite progress: tests succeeded: 18, failed: 0, skipped: 0.
Starting test testGetIfUnmodifiedSince(org.jclouds.rackspace.cloudfiles.blobstore.integration.CloudFilesUSBlobIntegrationLiveTest)
[pool-4-thread-1] Test testGetIfUnmodifiedSince(org.jclouds.rackspace.cloudfiles.blobstore.integration.CloudFilesUSBlobIntegrationLiveTest) succeeded: 3249ms
Test suite progress: tests succeeded: 19, failed: 0, skipped: 0.
Starting test testGetRange(org.jclouds.rackspace.cloudfiles.blobstore.integration.CloudFilesUSBlobIntegrationLiveTest)
[pool-4-thread-1] Test testGetRange(org.jclouds.rackspace.cloudfiles.blobstore.integration.CloudFilesUSBlobIntegrationLiveTest) succeeded: 3378ms
Test suite progress: tests succeeded: 20, failed: 0, skipped: 0.
Starting test testMetadata(org.jclouds.rackspace.cloudfiles.blobstore.integration.CloudFilesUSBlobIntegrationLiveTest)
[pool-4-thread-1] Test testMetadata(org.jclouds.rackspace.cloudfiles.blobstore.integration.CloudFilesUSBlobIntegrationLiveTest) succeeded: 3261ms
Test suite progress: tests succeeded: 21, failed: 0, skipped: 0.
Starting test testPutFileParallel(org.jclouds.rackspace.cloudfiles.blobstore.integration.CloudFilesUSBlobIntegrationLiveTest)
[pool-4-thread-1] Test testPutFileParallel(org.jclouds.rackspace.cloudfiles.blobstore.integration.CloudFilesUSBlobIntegrationLiveTest) succeeded: 30970ms
Test suite progress: tests succeeded: 22, failed: 0, skipped: 0.
Starting test testPutObject(org.jclouds.rackspace.cloudfiles.blobstore.integration.CloudFilesUSBlobIntegrationLiveTest)
[pool-4-thread-1] Test testPutObject(org.jclouds.rackspace.cloudfiles.blobstore.integration.CloudFilesUSBlobIntegrationLiveTest) succeeded: 2237ms
Test suite progress: tests succeeded: 23, failed: 0, skipped: 0.
Starting test testPutObject(org.jclouds.rackspace.cloudfiles.blobstore.integration.CloudFilesUSBlobIntegrationLiveTest)
[pool-4-thread-1] Test testPutObject(org.jclouds.rackspace.cloudfiles.blobstore.integration.CloudFilesUSBlobIntegrationLiveTest) succeeded: 2185ms
Test suite progress: tests succeeded: 24, failed: 0, skipped: 0.
Starting test testPutObject(org.jclouds.rackspace.cloudfiles.blobstore.integration.CloudFilesUSBlobIntegrationLiveTest)
[pool-4-thread-1] Test testPutObject(org.jclouds.rackspace.cloudfiles.blobstore.integration.CloudFilesUSBlobIntegrationLiveTest) succeeded: 2547ms
Test suite progress: tests succeeded: 25, failed: 0, skipped: 0.
Starting test testPutObjectStream(org.jclouds.rackspace.cloudfiles.blobstore.integration.CloudFilesUSBlobIntegrationLiveTest)
[pool-4-thread-1] Test testPutObjectStream(org.jclouds.rackspace.cloudfiles.blobstore.integration.CloudFilesUSBlobIntegrationLiveTest) succeeded: 2657ms
Test suite progress: tests succeeded: 26, failed: 0, skipped: 0.
Dec 14, 2011 10:51:39 PM com.google.common.util.concurrent.ExecutionList$RunnableExecutorPair execute
SEVERE: RuntimeException while executing runnable callGetOnFuture(9,java.util.concurrent.FutureTask@792e4e8c) with executor java.util.concurrent.ThreadPoolExecutor@4f27077b
java.util.concurrent.RejectedExecutionException
	at java.util.concurrent.ThreadPoolExecutor$AbortPolicy.rejectedExecution(ThreadPoolExecutor.java:1768)
	at java.util.concurrent.ThreadPoolExecutor.reject(ThreadPoolExecutor.java:767)
	at java.util.concurrent.ThreadPoolExecutor.execute(ThreadPoolExecutor.java:658)
	at com.google.common.util.concurrent.ExecutionList$RunnableExecutorPair.execute(ExecutionList.java:161)
	at com.google.common.util.concurrent.ExecutionList.execute(ExecutionList.java:146)
	at org.jclouds.concurrent.Futures$CallGetAndRunExecutionList.run(Futures.java:72)
	at java.util.concurrent.ThreadPoolExecutor$Worker.runTask(ThreadPoolExecutor.java:886)
	at java.util.concurrent.ThreadPoolExecutor$Worker.run(ThreadPoolExecutor.java:908)
	at java.lang.Thread.run(Thread.java:680)
Starting test testCopyUrl(org.jclouds.rackspace.cloudfiles.blobstore.integration.CloudFilesUSBlobLiveTest)
[pool-4-thread-1] Test testCopyUrl(org.jclouds.rackspace.cloudfiles.blobstore.integration.CloudFilesUSBlobLiveTest) succeeded: 7468ms
Test suite progress: tests succeeded: 27, failed: 0, skipped: 0.
Starting test testContains(org.jclouds.rackspace.cloudfiles.blobstore.integration.CloudFilesUSBlobMapIntegrationLiveTest)
[pool-4-thread-1] Test testContains(org.jclouds.rackspace.cloudfiles.blobstore.integration.CloudFilesUSBlobMapIntegrationLiveTest) succeeded: 3339ms
Test suite progress: tests succeeded: 28, failed: 0, skipped: 0.
Starting test testEntrySet(org.jclouds.rackspace.cloudfiles.blobstore.integration.CloudFilesUSBlobMapIntegrationLiveTest)
[pool-4-thread-1] Test testEntrySet(org.jclouds.rackspace.cloudfiles.blobstore.integration.CloudFilesUSBlobMapIntegrationLiveTest) succeeded: 9028ms
Test suite progress: tests succeeded: 29, failed: 0, skipped: 0.
Starting test testPut(org.jclouds.rackspace.cloudfiles.blobstore.integration.CloudFilesUSBlobMapIntegrationLiveTest)
[pool-4-thread-1] Test testPut(org.jclouds.rackspace.cloudfiles.blobstore.integration.CloudFilesUSBlobMapIntegrationLiveTest) succeeded: 4326ms
Test suite progress: tests succeeded: 30, failed: 0, skipped: 0.
Starting test testPutAll(org.jclouds.rackspace.cloudfiles.blobstore.integration.CloudFilesUSBlobMapIntegrationLiveTest)
[pool-4-thread-1] Test testPutAll(org.jclouds.rackspace.cloudfiles.blobstore.integration.CloudFilesUSBlobMapIntegrationLiveTest) succeeded: 4077ms
Test suite progress: tests succeeded: 31, failed: 0, skipped: 0.
Starting test testPutMoreThanSingleListing(org.jclouds.rackspace.cloudfiles.blobstore.integration.CloudFilesUSBlobMapIntegrationLiveTest)
[pool-4-thread-1] Test testPutMoreThanSingleListing(org.jclouds.rackspace.cloudfiles.blobstore.integration.CloudFilesUSBlobMapIntegrationLiveTest) succeeded: 11215ms
Test suite progress: tests succeeded: 32, failed: 0, skipped: 0.
Starting test testRemove(org.jclouds.rackspace.cloudfiles.blobstore.integration.CloudFilesUSBlobMapIntegrationLiveTest)
[pool-4-thread-1] Test testRemove(org.jclouds.rackspace.cloudfiles.blobstore.integration.CloudFilesUSBlobMapIntegrationLiveTest) succeeded: 3999ms
Test suite progress: tests succeeded: 33, failed: 0, skipped: 0.
Starting test testValues(org.jclouds.rackspace.cloudfiles.blobstore.integration.CloudFilesUSBlobMapIntegrationLiveTest)
[pool-4-thread-1] Test testValues(org.jclouds.rackspace.cloudfiles.blobstore.integration.CloudFilesUSBlobMapIntegrationLiveTest) succeeded: 6969ms
Test suite progress: tests succeeded: 34, failed: 0, skipped: 0.
Starting test testClear(org.jclouds.rackspace.cloudfiles.blobstore.integration.CloudFilesUSBlobMapIntegrationLiveTest)
[pool-4-thread-1] Test testClear(org.jclouds.rackspace.cloudfiles.blobstore.integration.CloudFilesUSBlobMapIntegrationLiveTest) succeeded: 4287ms
Test suite progress: tests succeeded: 35, failed: 0, skipped: 0.
Starting test testContainsKey(org.jclouds.rackspace.cloudfiles.blobstore.integration.CloudFilesUSBlobMapIntegrationLiveTest)
[pool-4-thread-1] Test testContainsKey(org.jclouds.rackspace.cloudfiles.blobstore.integration.CloudFilesUSBlobMapIntegrationLiveTest) succeeded: 2800ms
Test suite progress: tests succeeded: 36, failed: 0, skipped: 0.
Starting test testDirectory(org.jclouds.rackspace.cloudfiles.blobstore.integration.CloudFilesUSBlobMapIntegrationLiveTest)
[pool-4-thread-1] Test testDirectory(org.jclouds.rackspace.cloudfiles.blobstore.integration.CloudFilesUSBlobMapIntegrationLiveTest) failed.
Test suite progress: tests succeeded: 36, failed: 1, skipped: 0.
Starting test testIsEmpty(org.jclouds.rackspace.cloudfiles.blobstore.integration.CloudFilesUSBlobMapIntegrationLiveTest)
[pool-4-thread-1] Test testIsEmpty(org.jclouds.rackspace.cloudfiles.blobstore.integration.CloudFilesUSBlobMapIntegrationLiveTest) succeeded: 2555ms
Test suite progress: tests succeeded: 37, failed: 1, skipped: 0.
Starting test testKeySet(org.jclouds.rackspace.cloudfiles.blobstore.integration.CloudFilesUSBlobMapIntegrationLiveTest)
[pool-4-thread-1] Test testKeySet(org.jclouds.rackspace.cloudfiles.blobstore.integration.CloudFilesUSBlobMapIntegrationLiveTest) succeeded: 3509ms
Test suite progress: tests succeeded: 38, failed: 1, skipped: 0.
Starting test testListContainer(org.jclouds.rackspace.cloudfiles.blobstore.integration.CloudFilesUSBlobMapIntegrationLiveTest)
[pool-4-thread-1] Test testListContainer(org.jclouds.rackspace.cloudfiles.blobstore.integration.CloudFilesUSBlobMapIntegrationLiveTest) succeeded: 1831ms
Test suite progress: tests succeeded: 39, failed: 1, skipped: 0.
Starting test testSignGetUrl(org.jclouds.rackspace.cloudfiles.blobstore.integration.CloudFilesUSBlobSignerLiveTest)
[pool-4-thread-1] Test testSignGetUrl(org.jclouds.rackspace.cloudfiles.blobstore.integration.CloudFilesUSBlobSignerLiveTest) succeeded: 2939ms
Test suite progress: tests succeeded: 40, failed: 1, skipped: 0.
Starting test testSignGetUrlOptions(org.jclouds.rackspace.cloudfiles.blobstore.integration.CloudFilesUSBlobSignerLiveTest)
[pool-4-thread-1] Test testSignGetUrlOptions(org.jclouds.rackspace.cloudfiles.blobstore.integration.CloudFilesUSBlobSignerLiveTest) succeeded: 2406ms
Test suite progress: tests succeeded: 41, failed: 1, skipped: 0.
Starting test testSignPutUrl(org.jclouds.rackspace.cloudfiles.blobstore.integration.CloudFilesUSBlobSignerLiveTest)
[pool-4-thread-1] Test testSignPutUrl(org.jclouds.rackspace.cloudfiles.blobstore.integration.CloudFilesUSBlobSignerLiveTest) succeeded: 1898ms
Test suite progress: tests succeeded: 42, failed: 1, skipped: 0.
Starting test testSignRemoveUrl(org.jclouds.rackspace.cloudfiles.blobstore.integration.CloudFilesUSBlobSignerLiveTest)
[pool-4-thread-1] Test testSignRemoveUrl(org.jclouds.rackspace.cloudfiles.blobstore.integration.CloudFilesUSBlobSignerLiveTest) succeeded: 5106ms
Test suite progress: tests succeeded: 43, failed: 1, skipped: 0.
Starting test containerDoesntExist(org.jclouds.rackspace.cloudfiles.blobstore.integration.CloudFilesUSContainerIntegrationLiveTest)
[pool-4-thread-1] Test containerDoesntExist(org.jclouds.rackspace.cloudfiles.blobstore.integration.CloudFilesUSContainerIntegrationLiveTest) succeeded: 875ms
Test suite progress: tests succeeded: 44, failed: 1, skipped: 0.
Starting test containerExists(org.jclouds.rackspace.cloudfiles.blobstore.integration.CloudFilesUSContainerIntegrationLiveTest)
[pool-4-thread-1] Test containerExists(org.jclouds.rackspace.cloudfiles.blobstore.integration.CloudFilesUSContainerIntegrationLiveTest) succeeded: 1133ms
Test suite progress: tests succeeded: 45, failed: 1, skipped: 0.
Starting test deleteContainerIfEmpty(org.jclouds.rackspace.cloudfiles.blobstore.integration.CloudFilesUSContainerIntegrationLiveTest)
*** allocated new container adriancole-blobstore4...
[pool-4-thread-1] Test deleteContainerIfEmpty(org.jclouds.rackspace.cloudfiles.blobstore.integration.CloudFilesUSContainerIntegrationLiveTest) succeeded: 3722ms
Test suite progress: tests succeeded: 46, failed: 1, skipped: 0.
Starting test deleteContainerWithContents(org.jclouds.rackspace.cloudfiles.blobstore.integration.CloudFilesUSContainerIntegrationLiveTest)
*** allocated new container adriancole-blobstore5...
[pool-4-thread-1] Test deleteContainerWithContents(org.jclouds.rackspace.cloudfiles.blobstore.integration.CloudFilesUSContainerIntegrationLiveTest) succeeded: 10049ms
Test suite progress: tests succeeded: 47, failed: 1, skipped: 0.
Starting test testClearWhenContentsUnderPath(org.jclouds.rackspace.cloudfiles.blobstore.integration.CloudFilesUSContainerIntegrationLiveTest)
[pool-4-thread-1] Test testClearWhenContentsUnderPath(org.jclouds.rackspace.cloudfiles.blobstore.integration.CloudFilesUSContainerIntegrationLiveTest) succeeded: 14382ms
Test suite progress: tests succeeded: 48, failed: 1, skipped: 0.
Starting test testDirectory(org.jclouds.rackspace.cloudfiles.blobstore.integration.CloudFilesUSContainerIntegrationLiveTest)
[pool-4-thread-1] Test testDirectory(org.jclouds.rackspace.cloudfiles.blobstore.integration.CloudFilesUSContainerIntegrationLiveTest) succeeded: 25394ms
Test suite progress: tests succeeded: 49, failed: 1, skipped: 0.
Starting test testListContainer(org.jclouds.rackspace.cloudfiles.blobstore.integration.CloudFilesUSContainerIntegrationLiveTest)
[pool-4-thread-1] Test testListContainer(org.jclouds.rackspace.cloudfiles.blobstore.integration.CloudFilesUSContainerIntegrationLiveTest) succeeded: 11910ms
Test suite progress: tests succeeded: 50, failed: 1, skipped: 0.
Starting test testListContainerMarker(org.jclouds.rackspace.cloudfiles.blobstore.integration.CloudFilesUSContainerIntegrationLiveTest)
[pool-4-thread-1] Test testListContainerMarker(org.jclouds.rackspace.cloudfiles.blobstore.integration.CloudFilesUSContainerIntegrationLiveTest) succeeded: 19750ms
Test suite progress: tests succeeded: 51, failed: 1, skipped: 0.
Starting test testListContainerMaxResults(org.jclouds.rackspace.cloudfiles.blobstore.integration.CloudFilesUSContainerIntegrationLiveTest)
[pool-4-thread-1] Test testListContainerMaxResults(org.jclouds.rackspace.cloudfiles.blobstore.integration.CloudFilesUSContainerIntegrationLiveTest) succeeded: 19024ms
Test suite progress: tests succeeded: 52, failed: 1, skipped: 0.
Starting test testListContainerPrefix(org.jclouds.rackspace.cloudfiles.blobstore.integration.CloudFilesUSContainerIntegrationLiveTest)
[pool-4-thread-1] Test testListContainerPrefix(org.jclouds.rackspace.cloudfiles.blobstore.integration.CloudFilesUSContainerIntegrationLiveTest) succeeded: 22105ms
Test suite progress: tests succeeded: 53, failed: 1, skipped: 0.
Starting test testListRootUsesDelimiter(org.jclouds.rackspace.cloudfiles.blobstore.integration.CloudFilesUSContainerIntegrationLiveTest)
[pool-4-thread-1] Test testListRootUsesDelimiter(org.jclouds.rackspace.cloudfiles.blobstore.integration.CloudFilesUSContainerIntegrationLiveTest) succeeded: 20540ms
Test suite progress: tests succeeded: 54, failed: 1, skipped: 0.
Starting test testPutTwiceIsOkAndDoesntOverwrite(org.jclouds.rackspace.cloudfiles.blobstore.integration.CloudFilesUSContainerIntegrationLiveTest)
[pool-4-thread-1] Test testPutTwiceIsOkAndDoesntOverwrite(org.jclouds.rackspace.cloudfiles.blobstore.integration.CloudFilesUSContainerIntegrationLiveTest) succeeded: 2494ms
Test suite progress: tests succeeded: 55, failed: 1, skipped: 0.
Starting test testWithDetails(org.jclouds.rackspace.cloudfiles.blobstore.integration.CloudFilesUSContainerIntegrationLiveTest)
[pool-4-thread-1] Test testWithDetails(org.jclouds.rackspace.cloudfiles.blobstore.integration.CloudFilesUSContainerIntegrationLiveTest) succeeded: 2628ms
Test suite progress: tests succeeded: 56, failed: 1, skipped: 0.
Starting test testPublicAccess(org.jclouds.rackspace.cloudfiles.blobstore.integration.CloudFilesUSContainerLiveTest)
*** allocated new container adriancole-blobstore7...
*** allocated new container adriancole-blobstore713...
[pool-4-thread-1] Test testPublicAccess(org.jclouds.rackspace.cloudfiles.blobstore.integration.CloudFilesUSContainerLiveTest) succeeded: 5127ms
Test suite progress: tests succeeded: 57, failed: 1, skipped: 0.
Starting test testContainsBytesValue(org.jclouds.rackspace.cloudfiles.blobstore.integration.CloudFilesUSInputStreamMapIntegrationLiveTest)
[pool-4-thread-1] Test testContainsBytesValue(org.jclouds.rackspace.cloudfiles.blobstore.integration.CloudFilesUSInputStreamMapIntegrationLiveTest) succeeded: 3148ms
Test suite progress: tests succeeded: 58, failed: 1, skipped: 0.
Starting test testContainsFileValue(org.jclouds.rackspace.cloudfiles.blobstore.integration.CloudFilesUSInputStreamMapIntegrationLiveTest)
[pool-4-thread-1] Test testContainsFileValue(org.jclouds.rackspace.cloudfiles.blobstore.integration.CloudFilesUSInputStreamMapIntegrationLiveTest) succeeded: 4241ms
Test suite progress: tests succeeded: 59, failed: 1, skipped: 0.
Starting test testContainsInputStreamValue(org.jclouds.rackspace.cloudfiles.blobstore.integration.CloudFilesUSInputStreamMapIntegrationLiveTest)
[pool-4-thread-1] Test testContainsInputStreamValue(org.jclouds.rackspace.cloudfiles.blobstore.integration.CloudFilesUSInputStreamMapIntegrationLiveTest) succeeded: 3184ms
Test suite progress: tests succeeded: 60, failed: 1, skipped: 0.
Starting test testContainsStringValue(org.jclouds.rackspace.cloudfiles.blobstore.integration.CloudFilesUSInputStreamMapIntegrationLiveTest)
[pool-4-thread-1] Test testContainsStringValue(org.jclouds.rackspace.cloudfiles.blobstore.integration.CloudFilesUSInputStreamMapIntegrationLiveTest) succeeded: 4582ms
Test suite progress: tests succeeded: 61, failed: 1, skipped: 0.
Starting test testEntrySet(org.jclouds.rackspace.cloudfiles.blobstore.integration.CloudFilesUSInputStreamMapIntegrationLiveTest)
[pool-4-thread-1] Test testEntrySet(org.jclouds.rackspace.cloudfiles.blobstore.integration.CloudFilesUSInputStreamMapIntegrationLiveTest) succeeded: 12737ms
Test suite progress: tests succeeded: 62, failed: 1, skipped: 0.
Starting test testPut(org.jclouds.rackspace.cloudfiles.blobstore.integration.CloudFilesUSInputStreamMapIntegrationLiveTest)
[pool-4-thread-1] Test testPut(org.jclouds.rackspace.cloudfiles.blobstore.integration.CloudFilesUSInputStreamMapIntegrationLiveTest) succeeded: 4592ms
Test suite progress: tests succeeded: 63, failed: 1, skipped: 0.
Starting test testPutAll(org.jclouds.rackspace.cloudfiles.blobstore.integration.CloudFilesUSInputStreamMapIntegrationLiveTest)
[pool-4-thread-1] Test testPutAll(org.jclouds.rackspace.cloudfiles.blobstore.integration.CloudFilesUSInputStreamMapIntegrationLiveTest) succeeded: 3885ms
Test suite progress: tests succeeded: 64, failed: 1, skipped: 0.
Starting test testPutAllBytes(org.jclouds.rackspace.cloudfiles.blobstore.integration.CloudFilesUSInputStreamMapIntegrationLiveTest)
[pool-4-thread-1] Test testPutAllBytes(org.jclouds.rackspace.cloudfiles.blobstore.integration.CloudFilesUSInputStreamMapIntegrationLiveTest) succeeded: 3954ms
Test suite progress: tests succeeded: 65, failed: 1, skipped: 0.
Starting test testPutAllFiles(org.jclouds.rackspace.cloudfiles.blobstore.integration.CloudFilesUSInputStreamMapIntegrationLiveTest)
[pool-4-thread-1] Test testPutAllFiles(org.jclouds.rackspace.cloudfiles.blobstore.integration.CloudFilesUSInputStreamMapIntegrationLiveTest) succeeded: 4006ms
Test suite progress: tests succeeded: 66, failed: 1, skipped: 0.
Starting test testPutAllStrings(org.jclouds.rackspace.cloudfiles.blobstore.integration.CloudFilesUSInputStreamMapIntegrationLiveTest)
[pool-4-thread-1] Test testPutAllStrings(org.jclouds.rackspace.cloudfiles.blobstore.integration.CloudFilesUSInputStreamMapIntegrationLiveTest) succeeded: 4491ms
Test suite progress: tests succeeded: 67, failed: 1, skipped: 0.
Starting test testPutBytes(org.jclouds.rackspace.cloudfiles.blobstore.integration.CloudFilesUSInputStreamMapIntegrationLiveTest)
[pool-4-thread-1] Test testPutBytes(org.jclouds.rackspace.cloudfiles.blobstore.integration.CloudFilesUSInputStreamMapIntegrationLiveTest) succeeded: 4241ms
Test suite progress: tests succeeded: 68, failed: 1, skipped: 0.
Starting test testPutFile(org.jclouds.rackspace.cloudfiles.blobstore.integration.CloudFilesUSInputStreamMapIntegrationLiveTest)
[pool-4-thread-1] Test testPutFile(org.jclouds.rackspace.cloudfiles.blobstore.integration.CloudFilesUSInputStreamMapIntegrationLiveTest) succeeded: 4291ms
Test suite progress: tests succeeded: 69, failed: 1, skipped: 0.
Starting test testPutMoreThanSingleListing(org.jclouds.rackspace.cloudfiles.blobstore.integration.CloudFilesUSInputStreamMapIntegrationLiveTest)
[pool-4-thread-1] Test testPutMoreThanSingleListing(org.jclouds.rackspace.cloudfiles.blobstore.integration.CloudFilesUSInputStreamMapIntegrationLiveTest) succeeded: 9999ms
Test suite progress: tests succeeded: 70, failed: 1, skipped: 0.
Starting test testPutString(org.jclouds.rackspace.cloudfiles.blobstore.integration.CloudFilesUSInputStreamMapIntegrationLiveTest)
[pool-4-thread-1] Test testPutString(org.jclouds.rackspace.cloudfiles.blobstore.integration.CloudFilesUSInputStreamMapIntegrationLiveTest) succeeded: 4201ms
Test suite progress: tests succeeded: 71, failed: 1, skipped: 0.
Starting test testRemove(org.jclouds.rackspace.cloudfiles.blobstore.integration.CloudFilesUSInputStreamMapIntegrationLiveTest)
[pool-4-thread-1] Test testRemove(org.jclouds.rackspace.cloudfiles.blobstore.integration.CloudFilesUSInputStreamMapIntegrationLiveTest) succeeded: 4593ms
Test suite progress: tests succeeded: 72, failed: 1, skipped: 0.
Starting test testValues(org.jclouds.rackspace.cloudfiles.blobstore.integration.CloudFilesUSInputStreamMapIntegrationLiveTest)
[pool-4-thread-1] Test testValues(org.jclouds.rackspace.cloudfiles.blobstore.integration.CloudFilesUSInputStreamMapIntegrationLiveTest) succeeded: 3128ms
Test suite progress: tests succeeded: 73, failed: 1, skipped: 0.
Starting test testClear(org.jclouds.rackspace.cloudfiles.blobstore.integration.CloudFilesUSInputStreamMapIntegrationLiveTest)
[pool-4-thread-1] Test testClear(org.jclouds.rackspace.cloudfiles.blobstore.integration.CloudFilesUSInputStreamMapIntegrationLiveTest) succeeded: 4790ms
Test suite progress: tests succeeded: 74, failed: 1, skipped: 0.
Starting test testContainsKey(org.jclouds.rackspace.cloudfiles.blobstore.integration.CloudFilesUSInputStreamMapIntegrationLiveTest)
[pool-4-thread-1] Test testContainsKey(org.jclouds.rackspace.cloudfiles.blobstore.integration.CloudFilesUSInputStreamMapIntegrationLiveTest) succeeded: 2901ms
Test suite progress: tests succeeded: 75, failed: 1, skipped: 0.
Starting test testDirectory(org.jclouds.rackspace.cloudfiles.blobstore.integration.CloudFilesUSInputStreamMapIntegrationLiveTest)
[pool-4-thread-1] Test testDirectory(org.jclouds.rackspace.cloudfiles.blobstore.integration.CloudFilesUSInputStreamMapIntegrationLiveTest) succeeded: 29174ms
Test suite progress: tests succeeded: 76, failed: 1, skipped: 0.
Starting test testIsEmpty(org.jclouds.rackspace.cloudfiles.blobstore.integration.CloudFilesUSInputStreamMapIntegrationLiveTest)
[pool-4-thread-1] Test testIsEmpty(org.jclouds.rackspace.cloudfiles.blobstore.integration.CloudFilesUSInputStreamMapIntegrationLiveTest) succeeded: 2293ms
Test suite progress: tests succeeded: 77, failed: 1, skipped: 0.
Starting test testKeySet(org.jclouds.rackspace.cloudfiles.blobstore.integration.CloudFilesUSInputStreamMapIntegrationLiveTest)
[pool-4-thread-1] Test testKeySet(org.jclouds.rackspace.cloudfiles.blobstore.integration.CloudFilesUSInputStreamMapIntegrationLiveTest) succeeded: 2828ms
Test suite progress: tests succeeded: 78, failed: 1, skipped: 0.
Starting test testListContainer(org.jclouds.rackspace.cloudfiles.blobstore.integration.CloudFilesUSInputStreamMapIntegrationLiveTest)
[pool-4-thread-1] Test testListContainer(org.jclouds.rackspace.cloudfiles.blobstore.integration.CloudFilesUSInputStreamMapIntegrationLiveTest) succeeded: 1154ms
Test suite progress: tests succeeded: 79, failed: 1, skipped: 0.
Starting test containerDoesntExist(org.jclouds.rackspace.cloudfiles.blobstore.integration.CloudFilesUSServiceIntegrationLiveTest)
[pool-4-thread-1] Test containerDoesntExist(org.jclouds.rackspace.cloudfiles.blobstore.integration.CloudFilesUSServiceIntegrationLiveTest) succeeded: 601ms
Test suite progress: tests succeeded: 80, failed: 1, skipped: 0.
Starting test testAllLocations(org.jclouds.rackspace.cloudfiles.blobstore.integration.CloudFilesUSServiceIntegrationLiveTest)
*** allocated new container adriancole-blobstore9...
 >> creating container in location [id=cloudfiles-us, scope=PROVIDER, description=https://auth.api.rackspacecloud.com, parent=null, iso3166Codes=[US-IL, US-TX], metadata={}]
 << call complete.. checking
*** allocated new container adriancole-blobstore915...
[pool-4-thread-1] Test testAllLocations(org.jclouds.rackspace.cloudfiles.blobstore.integration.CloudFilesUSServiceIntegrationLiveTest) succeeded: 3036ms
Test suite progress: tests succeeded: 81, failed: 1, skipped: 0.
Starting test testGetAssignableLocations(org.jclouds.rackspace.cloudfiles.blobstore.integration.CloudFilesUSServiceIntegrationLiveTest)
location [id=cloudfiles-us, scope=PROVIDER, description=https://auth.api.rackspacecloud.com, parent=null, iso3166Codes=[US-IL, US-TX], metadata={}]
[pool-4-thread-1] Test testGetAssignableLocations(org.jclouds.rackspace.cloudfiles.blobstore.integration.CloudFilesUSServiceIntegrationLiveTest) succeeded: 1ms
Test suite progress: tests succeeded: 82, failed: 1, skipped: 0.
Starting test testCDNOperations(org.jclouds.rackspace.cloudfiles.CloudFilesUSClientLiveTest)
*** allocated new container adriancole-blobstore0...
*** allocated new container adriancole-blobstore1...
[pool-4-thread-1] Test testCDNOperations(org.jclouds.rackspace.cloudfiles.CloudFilesUSClientLiveTest) succeeded: 8846ms
Test suite progress: tests succeeded: 83, failed: 1, skipped: 0.
Starting test deleteContainerIfEmptyNotFound(org.jclouds.rackspace.cloudfiles.CloudFilesUSClientLiveTest)
[pool-4-thread-1] Test deleteContainerIfEmptyNotFound(org.jclouds.rackspace.cloudfiles.CloudFilesUSClientLiveTest) succeeded: 281ms
Test suite progress: tests succeeded: 84, failed: 1, skipped: 0.
Starting test testHeadAccountMetadata(org.jclouds.rackspace.cloudfiles.CloudFilesUSClientLiveTest)
[pool-4-thread-1] Test testHeadAccountMetadata(org.jclouds.rackspace.cloudfiles.CloudFilesUSClientLiveTest) succeeded: 6753ms
Test suite progress: tests succeeded: 85, failed: 1, skipped: 0.
Starting test testListContainerPath(org.jclouds.rackspace.cloudfiles.CloudFilesUSClientLiveTest)
[pool-4-thread-1] Test testListContainerPath(org.jclouds.rackspace.cloudfiles.CloudFilesUSClientLiveTest) succeeded: 10594ms
Test suite progress: tests succeeded: 86, failed: 1, skipped: 0.
Starting test testListOwnedContainers(org.jclouds.rackspace.cloudfiles.CloudFilesUSClientLiveTest)
[pool-4-thread-1] Test testListOwnedContainers(org.jclouds.rackspace.cloudfiles.CloudFilesUSClientLiveTest) succeeded: 4449ms
Test suite progress: tests succeeded: 87, failed: 1, skipped: 0.
Starting test testObjectOperations(org.jclouds.rackspace.cloudfiles.CloudFilesUSClientLiveTest)
[pool-4-thread-1] Test testObjectOperations(org.jclouds.rackspace.cloudfiles.CloudFilesUSClientLiveTest) succeeded: 4787ms
Test suite progress: tests succeeded: 88, failed: 1, skipped: 0.
Starting test testPutContainers(org.jclouds.rackspace.cloudfiles.CloudFilesUSClientLiveTest)
[pool-4-thread-1] Test testPutContainers(org.jclouds.rackspace.cloudfiles.CloudFilesUSClientLiveTest) succeeded: 3011ms
Test suite progress: tests succeeded: 89, failed: 1, skipped: 0.
Tests run: 90, Failures: 1, Errors: 0, Skipped: 0, Time elapsed: 604.035 sec <<< FAILURE!

Results :

Failed tests:   testDirectory(org.jclouds.rackspace.cloudfiles.blobstore.integration.CloudFilesUSBlobMapIntegrationLiveTest): expected:<10> but was:<9>

Tests run: 90, Failures: 1, Errors: 0, Skipped: 0

[INFO] ------------------------------------------------------------------------
[INFO] BUILD FAILURE
[INFO] ------------------------------------------------------------------------
[INFO] Total time: 10:20.623s
[INFO] Finished at: Wed Dec 14 22:58:36 PST 2011
[INFO] Final Memory: 20M/265M
[INFO] ------------------------------------------------------------------------
[ERROR] Failed to execute goal org.apache.maven.plugins:maven-surefire-plugin:2.10:test (integration) on project cloudfiles-us: There are test failures.
[ERROR] 
[ERROR] Please refer to /Users/adriancole/workspace/git/jclouds/providers/cloudfiles-us/target/surefire-reports for the individual test results.
[ERROR] -> [Help 1]
[ERROR] 
[ERROR] To see the full stack trace of the errors, re-run Maven with the -e switch.
[ERROR] Re-run Maven using the -X switch to enable full debug logging.
[ERROR] 
[ERROR] For more information about the errors and possible solutions, please read the following articles:
[ERROR] [Help 1] http://cwiki.apache.org/confluence/display/MAVEN/MojoFailureException
