[INFO] Scanning for projects...
[WARNING] 
[WARNING] Some problems were encountered while building the effective model for org.jclouds.provider:cloudonestorage:bundle:1.3.0-SNAPSHOT
[WARNING] 'parent.relativePath' of POM org.jclouds:jclouds-project:1.3.0-SNAPSHOT (/Users/adriancole/workspace/git/jclouds/project/pom.xml) points at org.jclouds:jclouds-multi instead of org.sonatype.oss:oss-parent, please verify your project structure @ org.jclouds:jclouds-project:1.3.0-SNAPSHOT, /Users/adriancole/workspace/git/jclouds/project/pom.xml, line 24, column 13
[WARNING] 
[WARNING] It is highly recommended to fix these problems because they threaten the stability of your build.
[WARNING] 
[WARNING] For this reason, future Maven versions might no longer support building such malformed projects.
[WARNING] 
[INFO]                                                                         
[INFO] ------------------------------------------------------------------------
[INFO] Building jclouds CloudOne Storage as a Service provider 1.3.0-SNAPSHOT
[INFO] ------------------------------------------------------------------------
[INFO] 
[INFO] --- maven-clean-plugin:2.4.1:clean (default-clean) @ cloudonestorage ---
[INFO] Deleting /Users/adriancole/workspace/git/jclouds/providers/cloudonestorage/target
[INFO] 
[INFO] --- maven-enforcer-plugin:1.0.1:enforce (enforce-maven) @ cloudonestorage ---
[INFO] 
[INFO] --- maven-enforcer-plugin:1.0.1:enforce (enforce-banned-dependencies) @ cloudonestorage ---
[INFO] 
[INFO] --- maven-enforcer-plugin:1.0.1:enforce (enforce-java) @ cloudonestorage ---
[INFO] 
[INFO] --- maven-remote-resources-plugin:1.2:process (process-remote-resources) @ cloudonestorage ---
[INFO] Setting property: classpath.resource.loader.class => 'org.codehaus.plexus.velocity.ContextClassLoaderResourceLoader'.
[INFO] Setting property: velocimacro.messages.on => 'false'.
[INFO] Setting property: resource.loader => 'classpath'.
[INFO] Setting property: resource.manager.logwhenfound => 'false'.
[INFO] 
[INFO] --- maven-resources-plugin:2.4.2:resources (default-resources) @ cloudonestorage ---
[INFO] Using 'UTF-8' encoding to copy filtered resources.
[INFO] skip non existing resourceDirectory /Users/adriancole/workspace/git/jclouds/providers/cloudonestorage/src/main/clojure
[INFO] Copying 1 resource
[INFO] Copying 2 resources
[INFO] 
[INFO] --- maven-compiler-plugin:2.3:compile (default-compile) @ cloudonestorage ---
[INFO] Compiling 2 source files to /Users/adriancole/workspace/git/jclouds/providers/cloudonestorage/target/classes
[INFO] 
[INFO] --- maven-resources-plugin:2.4.2:testResources (default-testResources) @ cloudonestorage ---
[INFO] Using 'UTF-8' encoding to copy filtered resources.
[INFO] skip non existing resourceDirectory /Users/adriancole/workspace/git/jclouds/providers/cloudonestorage/src/test/clojure
[INFO] skip non existing resourceDirectory /Users/adriancole/workspace/git/jclouds/providers/cloudonestorage/src/test/resources
[INFO] Copying 2 resources
[INFO] 
[INFO] --- maven-compiler-plugin:2.3:testCompile (default-testCompile) @ cloudonestorage ---
[INFO] Compiling 13 source files to /Users/adriancole/workspace/git/jclouds/providers/cloudonestorage/target/test-classes
[INFO] 
[INFO] --- maven-surefire-plugin:2.10:test (default-test) @ cloudonestorage ---
[INFO] Surefire report directory: /Users/adriancole/workspace/git/jclouds/providers/cloudonestorage/target/surefire-reports
[INFO] Using configured provider org.apache.maven.surefire.testng.TestNGProvider

-------------------------------------------------------
 T E S T S
-------------------------------------------------------
Running TestSuite
Starting test testCreateFile(org.jclouds.cloudonestorage.CloudOneStorageAsyncClientTest)
Starting test testGetSystemMetadata(org.jclouds.cloudonestorage.CloudOneStorageAsyncClientTest)
Starting test testDeletePath(org.jclouds.cloudonestorage.CloudOneStorageAsyncClientTest)
Starting test testListDirectory(org.jclouds.cloudonestorage.CloudOneStorageAsyncClientTest)
Starting test testReadFile(org.jclouds.cloudonestorage.CloudOneStorageAsyncClientTest)
[pool-2-thread-1] Test testListDirectory(org.jclouds.cloudonestorage.CloudOneStorageAsyncClientTest) succeeded: 135ms
Test suite progress: tests succeeded: 1, failed: 0, skipped: 0.
Starting test testListDirectoriesOptions(org.jclouds.cloudonestorage.CloudOneStorageAsyncClientTest)
[pool-2-thread-5] Test testDeletePath(org.jclouds.cloudonestorage.CloudOneStorageAsyncClientTest) succeeded: 146ms
Test suite progress: tests succeeded: 2, failed: 0, skipped: 0.
Starting test testCreateDirectory(org.jclouds.cloudonestorage.CloudOneStorageAsyncClientTest)
[pool-2-thread-3] Test testGetSystemMetadata(org.jclouds.cloudonestorage.CloudOneStorageAsyncClientTest) succeeded: 172ms
Test suite progress: tests succeeded: 3, failed: 0, skipped: 0.
Starting test testCreateFileOptions(org.jclouds.cloudonestorage.CloudOneStorageAsyncClientTest)
[pool-2-thread-1] Test testListDirectoriesOptions(org.jclouds.cloudonestorage.CloudOneStorageAsyncClientTest) succeeded: 39ms
Test suite progress: tests succeeded: 4, failed: 0, skipped: 0.
Starting test testListDirectoryOptions(org.jclouds.cloudonestorage.CloudOneStorageAsyncClientTest)
[pool-2-thread-5] Test testCreateDirectory(org.jclouds.cloudonestorage.CloudOneStorageAsyncClientTest) succeeded: 34ms
Test suite progress: tests succeeded: 5, failed: 0, skipped: 0.
Starting test testIsPublic(org.jclouds.cloudonestorage.CloudOneStorageAsyncClientTest)
[pool-2-thread-5] Test testIsPublic(org.jclouds.cloudonestorage.CloudOneStorageAsyncClientTest) succeeded: 13ms
Test suite progress: tests succeeded: 6, failed: 0, skipped: 0.
Starting test testCreateDirectoryOptions(org.jclouds.cloudonestorage.CloudOneStorageAsyncClientTest)
[pool-2-thread-5] Test testCreateDirectoryOptions(org.jclouds.cloudonestorage.CloudOneStorageAsyncClientTest) succeeded: 3ms
Test suite progress: tests succeeded: 7, failed: 0, skipped: 0.
Starting test testUpdateFileOptions(org.jclouds.cloudonestorage.CloudOneStorageAsyncClientTest)
[pool-2-thread-2] Test testReadFile(org.jclouds.cloudonestorage.CloudOneStorageAsyncClientTest) succeeded: 186ms
Test suite progress: tests succeeded: 8, failed: 0, skipped: 0.
Starting test testNewObject(org.jclouds.cloudonestorage.CloudOneStorageAsyncClientTest)
[pool-2-thread-2] Test testNewObject(org.jclouds.cloudonestorage.CloudOneStorageAsyncClientTest) succeeded: 0ms
Test suite progress: tests succeeded: 9, failed: 0, skipped: 0.
Starting test testListDirectories(org.jclouds.cloudonestorage.CloudOneStorageAsyncClientTest)
[pool-2-thread-1] Test testListDirectoryOptions(org.jclouds.cloudonestorage.CloudOneStorageAsyncClientTest) succeeded: 23ms
Test suite progress: tests succeeded: 10, failed: 0, skipped: 0.
Starting test testUpdateFile(org.jclouds.cloudonestorage.CloudOneStorageAsyncClientTest)
[pool-2-thread-2] Test testListDirectories(org.jclouds.cloudonestorage.CloudOneStorageAsyncClientTest) succeeded: 28ms
Test suite progress: tests succeeded: 11, failed: 0, skipped: 0.
[pool-2-thread-3] Test testCreateFileOptions(org.jclouds.cloudonestorage.CloudOneStorageAsyncClientTest) succeeded: 192ms
Test suite progress: tests succeeded: 12, failed: 0, skipped: 0.
[pool-2-thread-1] Test testUpdateFile(org.jclouds.cloudonestorage.CloudOneStorageAsyncClientTest) succeeded: 167ms
Test suite progress: tests succeeded: 13, failed: 0, skipped: 0.
[pool-2-thread-4] Test testCreateFile(org.jclouds.cloudonestorage.CloudOneStorageAsyncClientTest) succeeded: 374ms
Test suite progress: tests succeeded: 14, failed: 0, skipped: 0.
[pool-2-thread-5] Test testUpdateFileOptions(org.jclouds.cloudonestorage.CloudOneStorageAsyncClientTest) succeeded: 176ms
Test suite progress: tests succeeded: 15, failed: 0, skipped: 0.
Starting test testInRestProperties(org.jclouds.cloudonestorage.CloudOneStorageProviderTest)
Starting test testWithId(org.jclouds.cloudonestorage.CloudOneStorageProviderTest)
[pool-5-thread-1] Test testInRestProperties(org.jclouds.cloudonestorage.CloudOneStorageProviderTest) succeeded: 17ms
Test suite progress: tests succeeded: 16, failed: 0, skipped: 0.
[pool-5-thread-2] Test testWithId(org.jclouds.cloudonestorage.CloudOneStorageProviderTest) succeeded: 2ms
Test suite progress: tests succeeded: 17, failed: 0, skipped: 0.
Starting test testAllContains(org.jclouds.cloudonestorage.CloudOneStorageProviderTest)
Starting test testOfTypeContains(org.jclouds.cloudonestorage.CloudOneStorageProviderTest)
[pool-5-thread-3] Test testAllContains(org.jclouds.cloudonestorage.CloudOneStorageProviderTest) succeeded: 1ms
Test suite progress: tests succeeded: 18, failed: 0, skipped: 0.
[pool-5-thread-4] Test testOfTypeContains(org.jclouds.cloudonestorage.CloudOneStorageProviderTest) succeeded: 1ms
Test suite progress: tests succeeded: 19, failed: 0, skipped: 0.
Starting test testSupportedProviders(org.jclouds.cloudonestorage.ProvidersInPropertiesTest)
[pool-6-thread-1] Test testSupportedProviders(org.jclouds.cloudonestorage.ProvidersInPropertiesTest) succeeded: 13ms
Test suite progress: tests succeeded: 20, failed: 0, skipped: 0.
Tests run: 20, Failures: 0, Errors: 0, Skipped: 0, Time elapsed: 1.678 sec

Results :

Tests run: 20, Failures: 0, Errors: 0, Skipped: 0

[INFO] 
[INFO] --- clojure-maven-plugin:1.3.3:test (test-clojure) @ cloudonestorage ---

Testing user

Ran 0 tests containing 0 assertions.
0 failures, 0 errors.
[INFO] 
[INFO] --- maven-bundle-plugin:2.3.4:bundle (default-bundle) @ cloudonestorage ---
[INFO] 
[INFO] --- maven-source-plugin:2.1.1:jar-no-fork (attach-sources) @ cloudonestorage ---
[INFO] Building jar: /Users/adriancole/workspace/git/jclouds/providers/cloudonestorage/target/cloudonestorage-1.3.0-SNAPSHOT-sources.jar
[INFO] 
[INFO] --- maven-javadoc-plugin:2.8:jar (javadoc) @ cloudonestorage ---
[INFO] Skipping javadoc generation
[INFO] 
[INFO] --- maven-jar-plugin:2.3.1:test-jar (default) @ cloudonestorage ---
[INFO] Building jar: /Users/adriancole/workspace/git/jclouds/providers/cloudonestorage/target/cloudonestorage-1.3.0-SNAPSHOT-tests.jar
[INFO] 
[INFO] --- maven-surefire-plugin:2.10:test (integration) @ cloudonestorage ---
[INFO] Surefire report directory: /Users/adriancole/workspace/git/jclouds/providers/cloudonestorage/target/surefire-reports
[INFO] Using configured provider org.apache.maven.surefire.testng.TestNGProvider

-------------------------------------------------------
 T E S T S
-------------------------------------------------------
Running TestSuite
*** containers to test: [adriancole-blobstore0, adriancole-blobstore1, adriancole-blobstore2, adriancole-blobstore3, adriancole-blobstore4, adriancole-blobstore5, adriancole-blobstore6, adriancole-blobstore7, adriancole-blobstore8, adriancole-blobstore9]
Starting test testPutObjectStream(org.jclouds.cloudonestorage.blobstore.integration.CloudOneStorageBlobIntegrationLiveTest)
[pool-4-thread-1] Test testPutObjectStream(org.jclouds.cloudonestorage.blobstore.integration.CloudOneStorageBlobIntegrationLiveTest) succeeded: 9376ms
Test suite progress: tests succeeded: 1, failed: 0, skipped: 0.
Starting test blobNotFound(org.jclouds.cloudonestorage.blobstore.integration.CloudOneStorageBlobIntegrationLiveTest)
[pool-4-thread-1] Test blobNotFound(org.jclouds.cloudonestorage.blobstore.integration.CloudOneStorageBlobIntegrationLiveTest) succeeded: 6047ms
Test suite progress: tests succeeded: 2, failed: 0, skipped: 0.
Starting test deleteObject(org.jclouds.cloudonestorage.blobstore.integration.CloudOneStorageBlobIntegrationLiveTest)
[pool-4-thread-1] Test deleteObject(org.jclouds.cloudonestorage.blobstore.integration.CloudOneStorageBlobIntegrationLiveTest) succeeded: 10585ms
Test suite progress: tests succeeded: 3, failed: 0, skipped: 0.
Starting test deleteObjectNoContainer(org.jclouds.cloudonestorage.blobstore.integration.CloudOneStorageBlobIntegrationLiveTest)
[pool-4-thread-1] Test deleteObjectNoContainer(org.jclouds.cloudonestorage.blobstore.integration.CloudOneStorageBlobIntegrationLiveTest) succeeded: 2792ms
Test suite progress: tests succeeded: 4, failed: 0, skipped: 0.
Starting test deleteObjectNotFound(org.jclouds.cloudonestorage.blobstore.integration.CloudOneStorageBlobIntegrationLiveTest)
[pool-4-thread-1] Test deleteObjectNotFound(org.jclouds.cloudonestorage.blobstore.integration.CloudOneStorageBlobIntegrationLiveTest) succeeded: 8256ms
Test suite progress: tests succeeded: 5, failed: 0, skipped: 0.
Starting test testBigFileGets(org.jclouds.cloudonestorage.blobstore.integration.CloudOneStorageBlobIntegrationLiveTest)
[pool-4-thread-1] Test testBigFileGets(org.jclouds.cloudonestorage.blobstore.integration.CloudOneStorageBlobIntegrationLiveTest) succeeded: 56507ms
Test suite progress: tests succeeded: 6, failed: 0, skipped: 0.
Starting test testPutFileParallel(org.jclouds.cloudonestorage.blobstore.integration.CloudOneStorageBlobIntegrationLiveTest)
[pool-4-thread-1] Test testPutFileParallel(org.jclouds.cloudonestorage.blobstore.integration.CloudOneStorageBlobIntegrationLiveTest) succeeded: 36568ms
Test suite progress: tests succeeded: 7, failed: 0, skipped: 0.
Starting test testPutObject(org.jclouds.cloudonestorage.blobstore.integration.CloudOneStorageBlobIntegrationLiveTest)
[pool-4-thread-1] Test testPutObject(org.jclouds.cloudonestorage.blobstore.integration.CloudOneStorageBlobIntegrationLiveTest) succeeded: 22482ms
Test suite progress: tests succeeded: 8, failed: 0, skipped: 0.
Starting test testPutObject(org.jclouds.cloudonestorage.blobstore.integration.CloudOneStorageBlobIntegrationLiveTest)
[pool-4-thread-1] Test testPutObject(org.jclouds.cloudonestorage.blobstore.integration.CloudOneStorageBlobIntegrationLiveTest) succeeded: 11112ms
Test suite progress: tests succeeded: 9, failed: 0, skipped: 0.
Starting test testPutObject(org.jclouds.cloudonestorage.blobstore.integration.CloudOneStorageBlobIntegrationLiveTest)
[pool-4-thread-1] Test testPutObject(org.jclouds.cloudonestorage.blobstore.integration.CloudOneStorageBlobIntegrationLiveTest) succeeded: 11168ms
Test suite progress: tests succeeded: 10, failed: 0, skipped: 0.
Starting test testCopyUrl(org.jclouds.cloudonestorage.blobstore.integration.CloudOneStorageBlobLiveTest)
[pool-4-thread-1] Test testCopyUrl(org.jclouds.cloudonestorage.blobstore.integration.CloudOneStorageBlobLiveTest) succeeded: 18486ms
Test suite progress: tests succeeded: 11, failed: 0, skipped: 0.
Starting test testContains(org.jclouds.cloudonestorage.blobstore.integration.CloudOneStorageBlobMapIntegrationLiveTest)
[pool-4-thread-1] Test testContains(org.jclouds.cloudonestorage.blobstore.integration.CloudOneStorageBlobMapIntegrationLiveTest) succeeded: 0ms
Test suite progress: tests succeeded: 12, failed: 0, skipped: 0.
Starting test testEntrySet(org.jclouds.cloudonestorage.blobstore.integration.CloudOneStorageBlobMapIntegrationLiveTest)
[pool-4-thread-1] Test testEntrySet(org.jclouds.cloudonestorage.blobstore.integration.CloudOneStorageBlobMapIntegrationLiveTest) succeeded: 25517ms
Test suite progress: tests succeeded: 13, failed: 0, skipped: 0.
Starting test testPut(org.jclouds.cloudonestorage.blobstore.integration.CloudOneStorageBlobMapIntegrationLiveTest)
[pool-4-thread-1] Test testPut(org.jclouds.cloudonestorage.blobstore.integration.CloudOneStorageBlobMapIntegrationLiveTest) succeeded: 13871ms
Test suite progress: tests succeeded: 14, failed: 0, skipped: 0.
Starting test testPutAll(org.jclouds.cloudonestorage.blobstore.integration.CloudOneStorageBlobMapIntegrationLiveTest)
[pool-4-thread-1] Test testPutAll(org.jclouds.cloudonestorage.blobstore.integration.CloudOneStorageBlobMapIntegrationLiveTest) succeeded: 12055ms
Test suite progress: tests succeeded: 15, failed: 0, skipped: 0.
Starting test testPutMoreThanSingleListing(org.jclouds.cloudonestorage.blobstore.integration.CloudOneStorageBlobMapIntegrationLiveTest)
[pool-4-thread-1] Test testPutMoreThanSingleListing(org.jclouds.cloudonestorage.blobstore.integration.CloudOneStorageBlobMapIntegrationLiveTest) succeeded: 33024ms
Test suite progress: tests succeeded: 16, failed: 0, skipped: 0.
Starting test testRemove(org.jclouds.cloudonestorage.blobstore.integration.CloudOneStorageBlobMapIntegrationLiveTest)
[pool-4-thread-1] Test testRemove(org.jclouds.cloudonestorage.blobstore.integration.CloudOneStorageBlobMapIntegrationLiveTest) succeeded: 16106ms
Test suite progress: tests succeeded: 17, failed: 0, skipped: 0.
Starting test testValues(org.jclouds.cloudonestorage.blobstore.integration.CloudOneStorageBlobMapIntegrationLiveTest)
[pool-4-thread-1] Test testValues(org.jclouds.cloudonestorage.blobstore.integration.CloudOneStorageBlobMapIntegrationLiveTest) succeeded: 16404ms
Test suite progress: tests succeeded: 18, failed: 0, skipped: 0.
Starting test testClear(org.jclouds.cloudonestorage.blobstore.integration.CloudOneStorageBlobMapIntegrationLiveTest)
[pool-4-thread-1] Test testClear(org.jclouds.cloudonestorage.blobstore.integration.CloudOneStorageBlobMapIntegrationLiveTest) succeeded: 14009ms
Test suite progress: tests succeeded: 19, failed: 0, skipped: 0.
Starting test testContainsKey(org.jclouds.cloudonestorage.blobstore.integration.CloudOneStorageBlobMapIntegrationLiveTest)
[pool-4-thread-1] Test testContainsKey(org.jclouds.cloudonestorage.blobstore.integration.CloudOneStorageBlobMapIntegrationLiveTest) succeeded: 11539ms
Test suite progress: tests succeeded: 20, failed: 0, skipped: 0.
Starting test testDirectory(org.jclouds.cloudonestorage.blobstore.integration.CloudOneStorageBlobMapIntegrationLiveTest)
[pool-4-thread-1] Test testDirectory(org.jclouds.cloudonestorage.blobstore.integration.CloudOneStorageBlobMapIntegrationLiveTest) failed.
Test suite progress: tests succeeded: 20, failed: 1, skipped: 0.
Starting test testIsEmpty(org.jclouds.cloudonestorage.blobstore.integration.CloudOneStorageBlobMapIntegrationLiveTest)
[pool-4-thread-1] Test testIsEmpty(org.jclouds.cloudonestorage.blobstore.integration.CloudOneStorageBlobMapIntegrationLiveTest) succeeded: 11994ms
Test suite progress: tests succeeded: 21, failed: 1, skipped: 0.
Starting test testKeySet(org.jclouds.cloudonestorage.blobstore.integration.CloudOneStorageBlobMapIntegrationLiveTest)
[pool-4-thread-1] Test testKeySet(org.jclouds.cloudonestorage.blobstore.integration.CloudOneStorageBlobMapIntegrationLiveTest) succeeded: 12077ms
Test suite progress: tests succeeded: 22, failed: 1, skipped: 0.
Starting test testListContainer(org.jclouds.cloudonestorage.blobstore.integration.CloudOneStorageBlobMapIntegrationLiveTest)
[pool-4-thread-1] Test testListContainer(org.jclouds.cloudonestorage.blobstore.integration.CloudOneStorageBlobMapIntegrationLiveTest) succeeded: 6863ms
Test suite progress: tests succeeded: 23, failed: 1, skipped: 0.
Starting test testSignGetUrl(org.jclouds.cloudonestorage.blobstore.integration.CloudOneStorageBlobSignerLiveTest)
[pool-4-thread-1] Test testSignGetUrl(org.jclouds.cloudonestorage.blobstore.integration.CloudOneStorageBlobSignerLiveTest) succeeded: 11707ms
Test suite progress: tests succeeded: 24, failed: 1, skipped: 0.
Starting test testSignGetUrlOptions(org.jclouds.cloudonestorage.blobstore.integration.CloudOneStorageBlobSignerLiveTest)
[pool-4-thread-1] Test testSignGetUrlOptions(org.jclouds.cloudonestorage.blobstore.integration.CloudOneStorageBlobSignerLiveTest) succeeded: 10598ms
Test suite progress: tests succeeded: 25, failed: 1, skipped: 0.
Starting test testSignPutUrl(org.jclouds.cloudonestorage.blobstore.integration.CloudOneStorageBlobSignerLiveTest)
[pool-4-thread-1] Test testSignPutUrl(org.jclouds.cloudonestorage.blobstore.integration.CloudOneStorageBlobSignerLiveTest) succeeded: 6603ms
Test suite progress: tests succeeded: 26, failed: 1, skipped: 0.
Starting test testSignRemoveUrl(org.jclouds.cloudonestorage.blobstore.integration.CloudOneStorageBlobSignerLiveTest)
[pool-4-thread-1] Test testSignRemoveUrl(org.jclouds.cloudonestorage.blobstore.integration.CloudOneStorageBlobSignerLiveTest) succeeded: 13679ms
Test suite progress: tests succeeded: 27, failed: 1, skipped: 0.
Starting test testListContainerMarker(org.jclouds.cloudonestorage.blobstore.integration.CloudOneStorageContainerIntegrationLiveTest)
[pool-4-thread-1] Test testListContainerMarker(org.jclouds.cloudonestorage.blobstore.integration.CloudOneStorageContainerIntegrationLiveTest) succeeded: 0ms
Test suite progress: tests succeeded: 28, failed: 1, skipped: 0.
Starting test testListContainerMaxResults(org.jclouds.cloudonestorage.blobstore.integration.CloudOneStorageContainerIntegrationLiveTest)
[pool-4-thread-1] Test testListContainerMaxResults(org.jclouds.cloudonestorage.blobstore.integration.CloudOneStorageContainerIntegrationLiveTest) succeeded: 1ms
Test suite progress: tests succeeded: 29, failed: 1, skipped: 0.
Starting test containerDoesntExist(org.jclouds.cloudonestorage.blobstore.integration.CloudOneStorageContainerIntegrationLiveTest)
[pool-4-thread-1] Test containerDoesntExist(org.jclouds.cloudonestorage.blobstore.integration.CloudOneStorageContainerIntegrationLiveTest) succeeded: 970ms
Test suite progress: tests succeeded: 30, failed: 1, skipped: 0.
Starting test containerExists(org.jclouds.cloudonestorage.blobstore.integration.CloudOneStorageContainerIntegrationLiveTest)
[pool-4-thread-1] Test containerExists(org.jclouds.cloudonestorage.blobstore.integration.CloudOneStorageContainerIntegrationLiveTest) succeeded: 6074ms
Test suite progress: tests succeeded: 31, failed: 1, skipped: 0.
Starting test deleteContainerIfEmpty(org.jclouds.cloudonestorage.blobstore.integration.CloudOneStorageContainerIntegrationLiveTest)
*** allocated new container adriancole-blobstore7...
[pool-4-thread-1] Test deleteContainerIfEmpty(org.jclouds.cloudonestorage.blobstore.integration.CloudOneStorageContainerIntegrationLiveTest) succeeded: 10791ms
Test suite progress: tests succeeded: 32, failed: 1, skipped: 0.
Starting test deleteContainerWithContents(org.jclouds.cloudonestorage.blobstore.integration.CloudOneStorageContainerIntegrationLiveTest)
*** allocated new container adriancole-blobstore8...
[pool-4-thread-1] Test deleteContainerWithContents(org.jclouds.cloudonestorage.blobstore.integration.CloudOneStorageContainerIntegrationLiveTest) succeeded: 17749ms
Test suite progress: tests succeeded: 33, failed: 1, skipped: 0.
Starting test testClearWhenContentsUnderPath(org.jclouds.cloudonestorage.blobstore.integration.CloudOneStorageContainerIntegrationLiveTest)
[pool-4-thread-1] Test testClearWhenContentsUnderPath(org.jclouds.cloudonestorage.blobstore.integration.CloudOneStorageContainerIntegrationLiveTest) succeeded: 47000ms
Test suite progress: tests succeeded: 34, failed: 1, skipped: 0.
Starting test testDirectory(org.jclouds.cloudonestorage.blobstore.integration.CloudOneStorageContainerIntegrationLiveTest)
[pool-4-thread-1] Test testDirectory(org.jclouds.cloudonestorage.blobstore.integration.CloudOneStorageContainerIntegrationLiveTest) succeeded: 58315ms
Test suite progress: tests succeeded: 35, failed: 1, skipped: 0.
Starting test testListContainer(org.jclouds.cloudonestorage.blobstore.integration.CloudOneStorageContainerIntegrationLiveTest)
[pool-4-thread-1] Test testListContainer(org.jclouds.cloudonestorage.blobstore.integration.CloudOneStorageContainerIntegrationLiveTest) succeeded: 59558ms
Test suite progress: tests succeeded: 36, failed: 1, skipped: 0.
Starting test testListContainerPrefix(org.jclouds.cloudonestorage.blobstore.integration.CloudOneStorageContainerIntegrationLiveTest)
[pool-4-thread-1] Test testListContainerPrefix(org.jclouds.cloudonestorage.blobstore.integration.CloudOneStorageContainerIntegrationLiveTest) succeeded: 95408ms
Test suite progress: tests succeeded: 37, failed: 1, skipped: 0.
Starting test testListRootUsesDelimiter(org.jclouds.cloudonestorage.blobstore.integration.CloudOneStorageContainerIntegrationLiveTest)
[pool-4-thread-1] Test testListRootUsesDelimiter(org.jclouds.cloudonestorage.blobstore.integration.CloudOneStorageContainerIntegrationLiveTest) succeeded: 96711ms
Test suite progress: tests succeeded: 38, failed: 1, skipped: 0.
Starting test testPutTwiceIsOkAndDoesntOverwrite(org.jclouds.cloudonestorage.blobstore.integration.CloudOneStorageContainerIntegrationLiveTest)
[pool-4-thread-1] Test testPutTwiceIsOkAndDoesntOverwrite(org.jclouds.cloudonestorage.blobstore.integration.CloudOneStorageContainerIntegrationLiveTest) succeeded: 18524ms
Test suite progress: tests succeeded: 39, failed: 1, skipped: 0.
Starting test testWithDetails(org.jclouds.cloudonestorage.blobstore.integration.CloudOneStorageContainerIntegrationLiveTest)
[pool-4-thread-1] Test testWithDetails(org.jclouds.cloudonestorage.blobstore.integration.CloudOneStorageContainerIntegrationLiveTest) succeeded: 11847ms
Test suite progress: tests succeeded: 40, failed: 1, skipped: 0.
Starting test testPublicAccess(org.jclouds.cloudonestorage.blobstore.integration.CloudOneStorageContainerLiveTest)
*** allocated new container adriancole-blobstore6...
*** allocated new container adriancole-blobstore613...
[pool-4-thread-1] Test testPublicAccess(org.jclouds.cloudonestorage.blobstore.integration.CloudOneStorageContainerLiveTest) succeeded: 13982ms
Test suite progress: tests succeeded: 41, failed: 1, skipped: 0.
Starting test testEntrySet(org.jclouds.cloudonestorage.blobstore.integration.CloudOneStorageInputStreamMapIntegrationLiveTest)
[pool-4-thread-1] Test testEntrySet(org.jclouds.cloudonestorage.blobstore.integration.CloudOneStorageInputStreamMapIntegrationLiveTest) succeeded: 24828ms
Test suite progress: tests succeeded: 42, failed: 1, skipped: 0.
Starting test testPutAll(org.jclouds.cloudonestorage.blobstore.integration.CloudOneStorageInputStreamMapIntegrationLiveTest)
[pool-4-thread-1] Test testPutAll(org.jclouds.cloudonestorage.blobstore.integration.CloudOneStorageInputStreamMapIntegrationLiveTest) succeeded: 11910ms
Test suite progress: tests succeeded: 43, failed: 1, skipped: 0.
Starting test testPutAllBytes(org.jclouds.cloudonestorage.blobstore.integration.CloudOneStorageInputStreamMapIntegrationLiveTest)
[pool-4-thread-1] Test testPutAllBytes(org.jclouds.cloudonestorage.blobstore.integration.CloudOneStorageInputStreamMapIntegrationLiveTest) succeeded: 13719ms
Test suite progress: tests succeeded: 44, failed: 1, skipped: 0.
Starting test testPutAllFiles(org.jclouds.cloudonestorage.blobstore.integration.CloudOneStorageInputStreamMapIntegrationLiveTest)
[pool-4-thread-1] Test testPutAllFiles(org.jclouds.cloudonestorage.blobstore.integration.CloudOneStorageInputStreamMapIntegrationLiveTest) succeeded: 14551ms
Test suite progress: tests succeeded: 45, failed: 1, skipped: 0.
Starting test testPutAllStrings(org.jclouds.cloudonestorage.blobstore.integration.CloudOneStorageInputStreamMapIntegrationLiveTest)
[pool-4-thread-1] Test testPutAllStrings(org.jclouds.cloudonestorage.blobstore.integration.CloudOneStorageInputStreamMapIntegrationLiveTest) succeeded: 14699ms
Test suite progress: tests succeeded: 46, failed: 1, skipped: 0.
Starting test testPutMoreThanSingleListing(org.jclouds.cloudonestorage.blobstore.integration.CloudOneStorageInputStreamMapIntegrationLiveTest)
[pool-4-thread-1] Test testPutMoreThanSingleListing(org.jclouds.cloudonestorage.blobstore.integration.CloudOneStorageInputStreamMapIntegrationLiveTest) succeeded: 33367ms
Test suite progress: tests succeeded: 47, failed: 1, skipped: 0.
Starting test testRemove(org.jclouds.cloudonestorage.blobstore.integration.CloudOneStorageInputStreamMapIntegrationLiveTest)
[pool-4-thread-1] Test testRemove(org.jclouds.cloudonestorage.blobstore.integration.CloudOneStorageInputStreamMapIntegrationLiveTest) succeeded: 15666ms
Test suite progress: tests succeeded: 48, failed: 1, skipped: 0.
Starting test testValues(org.jclouds.cloudonestorage.blobstore.integration.CloudOneStorageInputStreamMapIntegrationLiveTest)
[pool-4-thread-1] Test testValues(org.jclouds.cloudonestorage.blobstore.integration.CloudOneStorageInputStreamMapIntegrationLiveTest) succeeded: 11875ms
Test suite progress: tests succeeded: 49, failed: 1, skipped: 0.
Starting test testClear(org.jclouds.cloudonestorage.blobstore.integration.CloudOneStorageInputStreamMapIntegrationLiveTest)
[pool-4-thread-1] Test testClear(org.jclouds.cloudonestorage.blobstore.integration.CloudOneStorageInputStreamMapIntegrationLiveTest) succeeded: 13523ms
Test suite progress: tests succeeded: 50, failed: 1, skipped: 0.
Starting test testContainsKey(org.jclouds.cloudonestorage.blobstore.integration.CloudOneStorageInputStreamMapIntegrationLiveTest)
[pool-4-thread-1] Test testContainsKey(org.jclouds.cloudonestorage.blobstore.integration.CloudOneStorageInputStreamMapIntegrationLiveTest) succeeded: 11427ms
Test suite progress: tests succeeded: 51, failed: 1, skipped: 0.
Starting test testDirectory(org.jclouds.cloudonestorage.blobstore.integration.CloudOneStorageInputStreamMapIntegrationLiveTest)
[pool-4-thread-1] Test testDirectory(org.jclouds.cloudonestorage.blobstore.integration.CloudOneStorageInputStreamMapIntegrationLiveTest) failed.
Test suite progress: tests succeeded: 51, failed: 2, skipped: 0.
Starting test testIsEmpty(org.jclouds.cloudonestorage.blobstore.integration.CloudOneStorageInputStreamMapIntegrationLiveTest)
[pool-4-thread-1] Test testIsEmpty(org.jclouds.cloudonestorage.blobstore.integration.CloudOneStorageInputStreamMapIntegrationLiveTest) succeeded: 11769ms
Test suite progress: tests succeeded: 52, failed: 2, skipped: 0.
Starting test testKeySet(org.jclouds.cloudonestorage.blobstore.integration.CloudOneStorageInputStreamMapIntegrationLiveTest)
[pool-4-thread-1] Test testKeySet(org.jclouds.cloudonestorage.blobstore.integration.CloudOneStorageInputStreamMapIntegrationLiveTest) succeeded: 11129ms
Test suite progress: tests succeeded: 53, failed: 2, skipped: 0.
Starting test testListContainer(org.jclouds.cloudonestorage.blobstore.integration.CloudOneStorageInputStreamMapIntegrationLiveTest)
[pool-4-thread-1] Test testListContainer(org.jclouds.cloudonestorage.blobstore.integration.CloudOneStorageInputStreamMapIntegrationLiveTest) succeeded: 6013ms
Test suite progress: tests succeeded: 54, failed: 2, skipped: 0.
Starting test containerDoesntExist(org.jclouds.cloudonestorage.blobstore.integration.CloudOneStorageServiceIntegrationLiveTest)
[pool-4-thread-1] Test containerDoesntExist(org.jclouds.cloudonestorage.blobstore.integration.CloudOneStorageServiceIntegrationLiveTest) succeeded: 366ms
Test suite progress: tests succeeded: 55, failed: 2, skipped: 0.
Starting test testAllLocations(org.jclouds.cloudonestorage.blobstore.integration.CloudOneStorageServiceIntegrationLiveTest)
*** allocated new container adriancole-blobstore9...
 >> creating container in location [id=cloudonestorage, scope=PROVIDER, description=https://cloudonestorage.peer1.com, parent=null, iso3166Codes=[US-GA, US-TX], metadata={}]
 << call complete.. checking
*** allocated new container adriancole-blobstore915...
[pool-4-thread-1] Test testAllLocations(org.jclouds.cloudonestorage.blobstore.integration.CloudOneStorageServiceIntegrationLiveTest) succeeded: 9644ms
Test suite progress: tests succeeded: 56, failed: 2, skipped: 0.
Starting test testGetAssignableLocations(org.jclouds.cloudonestorage.blobstore.integration.CloudOneStorageServiceIntegrationLiveTest)
location [id=cloudonestorage, scope=PROVIDER, description=https://cloudonestorage.peer1.com, parent=null, iso3166Codes=[US-GA, US-TX], metadata={}]
[pool-4-thread-1] Test testGetAssignableLocations(org.jclouds.cloudonestorage.blobstore.integration.CloudOneStorageServiceIntegrationLiveTest) succeeded: 1ms
Test suite progress: tests succeeded: 57, failed: 2, skipped: 0.
Starting test testCreateDirectory(org.jclouds.cloudonestorage.CloudOneStorageClientLiveTest)
[pool-4-thread-1] Test testCreateDirectory(org.jclouds.cloudonestorage.CloudOneStorageClientLiveTest) succeeded: 9395ms
Test suite progress: tests succeeded: 58, failed: 2, skipped: 0.
Starting test testListDirectorys(org.jclouds.cloudonestorage.CloudOneStorageClientLiveTest)
[pool-4-thread-1] Test testListDirectorys(org.jclouds.cloudonestorage.CloudOneStorageClientLiveTest) succeeded: 365ms
Test suite progress: tests succeeded: 59, failed: 2, skipped: 0.
Starting test testListOptions(org.jclouds.cloudonestorage.CloudOneStorageClientLiveTest)
confirmed deletion after 3049ms
created string; 1106ms
confirmed deletion after 2951ms
created string; 569ms
confirmed deletion after 2929ms
created string; 615ms
[pool-4-thread-1] Test testListOptions(org.jclouds.cloudonestorage.CloudOneStorageClientLiveTest) succeeded: 11983ms
Test suite progress: tests succeeded: 60, failed: 2, skipped: 0.
Starting test testFileOperations(org.jclouds.cloudonestorage.CloudOneStorageClientLiveTest)
creating
confirmed deletion after 3078ms
created string; 665ms
overwriting
confirmed deletion after 770ms
created string; 564ms
upload/delete/create attempt 1 type stream
confirmed deletion after 751ms
created string; 479ms
confirmed deletion after 771ms
confirmed deletion after 3317ms
created string; 748ms
upload/delete/create attempt 2 type stream
confirmed deletion after 786ms
created string; 512ms
2 attempts and 1577ms asserting ObjectMatches
confirmed deletion after 753ms
confirmed deletion after 2933ms
created string; 456ms
upload/delete/create attempt 3 type stream
confirmed deletion after 758ms
created string; 508ms
confirmed deletion after 768ms
confirmed deletion after 2975ms
created string; 434ms
upload/delete/create attempt 4 type stream
confirmed deletion after 757ms
created string; 427ms
4 attempts and 2654ms asserting ObjectMatches
confirmed deletion after 761ms
confirmed deletion after 2964ms
created string; 601ms
upload/delete/create attempt 5 type stream
confirmed deletion after 1105ms
created string; 451ms
confirmed deletion after 742ms
confirmed deletion after 2960ms
created string; 428ms
upload/delete/create attempt 6 type stream
confirmed deletion after 763ms
created string; 431ms
confirmed deletion after 747ms
confirmed deletion after 2936ms
created string; 656ms
upload/delete/create attempt 7 type stream
confirmed deletion after 755ms
created string; 436ms
2 attempts and 1573ms asserting ObjectMatches
confirmed deletion after 771ms
confirmed deletion after 2937ms
created string; 456ms
upload/delete/create attempt 8 type stream
confirmed deletion after 757ms
created string; 430ms
confirmed deletion after 744ms
confirmed deletion after 3032ms
created string; 438ms
upload/delete/create attempt 9 type stream
confirmed deletion after 1140ms
created string; 447ms
confirmed deletion after 751ms
confirmed deletion after 2966ms
created string; 430ms
upload/delete/create attempt 10 type stream
confirmed deletion after 737ms
created string; 436ms
confirmed deletion after 769ms
confirmed deletion after 2991ms
created string; 473ms
upload/delete/create attempt 1 type string
confirmed deletion after 747ms
created string; 446ms
confirmed deletion after 750ms
confirmed deletion after 2973ms
created string; 443ms
upload/delete/create attempt 2 type string
confirmed deletion after 780ms
created string; 453ms
confirmed deletion after 762ms
confirmed deletion after 2957ms
created string; 457ms
upload/delete/create attempt 3 type string
confirmed deletion after 1121ms
created string; 451ms
confirmed deletion after 748ms
confirmed deletion after 2985ms
created string; 448ms
upload/delete/create attempt 4 type string
confirmed deletion after 740ms
created string; 441ms
confirmed deletion after 762ms
confirmed deletion after 2968ms
created string; 777ms
upload/delete/create attempt 5 type string
confirmed deletion after 794ms
created string; 486ms
confirmed deletion after 757ms
confirmed deletion after 3004ms
created string; 543ms
upload/delete/create attempt 6 type string
confirmed deletion after 764ms
created string; 430ms
confirmed deletion after 739ms
confirmed deletion after 2983ms
created string; 491ms
upload/delete/create attempt 7 type string
confirmed deletion after 1114ms
created string; 431ms
confirmed deletion after 747ms
confirmed deletion after 2940ms
created string; 451ms
upload/delete/create attempt 8 type string
confirmed deletion after 743ms
created string; 467ms
confirmed deletion after 747ms
confirmed deletion after 2966ms
created string; 453ms
upload/delete/create attempt 9 type string
confirmed deletion after 736ms
created string; 431ms
confirmed deletion after 774ms
confirmed deletion after 3008ms
created string; 551ms
upload/delete/create attempt 10 type string
confirmed deletion after 747ms
created string; 447ms
confirmed deletion after 763ms
confirmed deletion after 2962ms
created string; 426ms
[pool-4-thread-1] Test testFileOperations(org.jclouds.cloudonestorage.CloudOneStorageClientLiveTest) succeeded: 163805ms
Test suite progress: tests succeeded: 61, failed: 2, skipped: 0.
Tests run: 63, Failures: 2, Errors: 0, Skipped: 0, Time elapsed: 1,469.962 sec <<< FAILURE!

Results :

Failed tests:   testDirectory(org.jclouds.cloudonestorage.blobstore.integration.CloudOneStorageBlobMapIntegrationLiveTest): Sets differ: expected [0, 1, 2, 3, 4, 5, 6, 7, 8, 9, apps/0, apps/1, apps/2, apps/3, apps/4, apps/5, apps/6, apps/7, apps/8, apps/9] but got [0, 1, 2, 3, 4, 5, 6, 7, 8, 9]
  testDirectory(org.jclouds.cloudonestorage.blobstore.integration.CloudOneStorageInputStreamMapIntegrationLiveTest): Sets differ: expected [0, 1, 2, 3, 4, 5, 6, 7, 8, 9, apps/0, apps/1, apps/2, apps/3, apps/4, apps/5, apps/6, apps/7, apps/8, apps/9] but got [0, 1, 2, 3, 4, 5, 6, 7, 8, 9]

Tests run: 63, Failures: 2, Errors: 0, Skipped: 0

[INFO] ------------------------------------------------------------------------
[INFO] BUILD FAILURE
[INFO] ------------------------------------------------------------------------
[INFO] Total time: 24:40.930s
[INFO] Finished at: Thu Dec 15 02:20:05 PST 2011
[INFO] Final Memory: 19M/265M
[INFO] ------------------------------------------------------------------------
[ERROR] Failed to execute goal org.apache.maven.plugins:maven-surefire-plugin:2.10:test (integration) on project cloudonestorage: There are test failures.
[ERROR] 
[ERROR] Please refer to /Users/adriancole/workspace/git/jclouds/providers/cloudonestorage/target/surefire-reports for the individual test results.
[ERROR] -> [Help 1]
[ERROR] 
[ERROR] To see the full stack trace of the errors, re-run Maven with the -e switch.
[ERROR] Re-run Maven using the -X switch to enable full debug logging.
[ERROR] 
[ERROR] For more information about the errors and possible solutions, please read the following articles:
[ERROR] [Help 1] http://cwiki.apache.org/confluence/display/MAVEN/MojoFailureException
