-------------------------------------------------------------------------------
Test set: TestSuite
-------------------------------------------------------------------------------
Tests run: 99, Failures: 19, Errors: 0, Skipped: 10, Time elapsed: 818.846 sec <<< FAILURE!
testCompareSizes(org.jclouds.cloudstack.compute.CloudStackComputeServiceLiveTest)  Time elapsed: 2.834 sec  <<< FAILURE!
java.lang.NullPointerException
	at com.google.common.collect.ComparisonChain$1.compare(ComparisonChain.java:68)
	at org.jclouds.compute.domain.internal.TemplateBuilderImpl$17.compare(TemplateBuilderImpl.java:407)
	at org.jclouds.compute.domain.internal.TemplateBuilderImpl$17.compare(TemplateBuilderImpl.java:405)
	at org.jclouds.util.Lists2.multiMax(Lists2.java:44)
	at org.jclouds.compute.domain.internal.TemplateBuilderImpl.resolveImage(TemplateBuilderImpl.java:656)
	at org.jclouds.compute.domain.internal.TemplateBuilderImpl.build(TemplateBuilderImpl.java:574)
	at org.jclouds.compute.BaseComputeServiceLiveTest.testCompareSizes(BaseComputeServiceLiveTest.java:848)
	at sun.reflect.NativeMethodAccessorImpl.invoke0(Native Method)
	at sun.reflect.NativeMethodAccessorImpl.invoke(NativeMethodAccessorImpl.java:39)
	at sun.reflect.DelegatingMethodAccessorImpl.invoke(DelegatingMethodAccessorImpl.java:25)
	at java.lang.reflect.Method.invoke(Method.java:597)
	at org.testng.internal.MethodInvocationHelper.invokeMethod(MethodInvocationHelper.java:76)
	at org.testng.internal.Invoker.invokeMethod(Invoker.java:673)
	at org.testng.internal.Invoker.invokeTestMethod(Invoker.java:846)
	at org.testng.internal.Invoker.invokeTestMethods(Invoker.java:1170)
	at org.testng.internal.TestMethodWorker.invokeTestMethods(TestMethodWorker.java:125)
	at org.testng.internal.TestMethodWorker.run(TestMethodWorker.java:109)
	at org.testng.TestRunner.runWorkers(TestRunner.java:1147)
	at org.testng.TestRunner.privateRun(TestRunner.java:749)
	at org.testng.TestRunner.run(TestRunner.java:600)
	at org.testng.SuiteRunner.runTest(SuiteRunner.java:317)
	at org.testng.SuiteRunner.access$000(SuiteRunner.java:34)
	at org.testng.SuiteRunner$SuiteWorker.run(SuiteRunner.java:351)
	at org.testng.internal.thread.ThreadUtil$CountDownLatchedRunnable.run(ThreadUtil.java:147)
	at java.util.concurrent.ThreadPoolExecutor$Worker.runTask(ThreadPoolExecutor.java:886)
	at java.util.concurrent.ThreadPoolExecutor$Worker.run(ThreadPoolExecutor.java:908)
	at java.lang.Thread.run(Thread.java:680)
testListAsyncJobs(org.jclouds.cloudstack.features.AsyncJobClientLiveTest)  Time elapsed: 53 sec  <<< FAILURE!
java.lang.AssertionError: expected:<package org.jclouds.cloudstack.domain> but was:<package java.lang, Java Platform API Specification, version 1.6>
	at org.testng.Assert.fail(Assert.java:89)
	at org.testng.Assert.failNotEquals(Assert.java:480)
	at org.testng.Assert.assertEquals(Assert.java:118)
	at org.testng.Assert.assertEquals(Assert.java:160)
	at org.jclouds.cloudstack.features.AsyncJobClientLiveTest.checkJob(AsyncJobClientLiveTest.java:65)
	at org.jclouds.cloudstack.features.AsyncJobClientLiveTest.testListAsyncJobs(AsyncJobClientLiveTest.java:49)
testEnableDisableAccount(org.jclouds.cloudstack.features.DomainAccountClientLiveTest)  Time elapsed: 0 sec  <<< FAILURE!
java.lang.AssertionError
	at org.jclouds.cloudstack.features.DomainAccountClientLiveTest.testEnableDisableAccount(DomainAccountClientLiveTest.java:41)
testEnableDisableUser(org.jclouds.cloudstack.features.DomainUserClientLiveTest)  Time elapsed: 0 sec  <<< FAILURE!
java.lang.AssertionError
	at org.jclouds.cloudstack.features.DomainUserClientLiveTest.testEnableDisableUser(DomainUserClientLiveTest.java:63)
testCreateAndRemoveAccount(org.jclouds.cloudstack.features.GlobalAccountClientLiveTest)  Time elapsed: 0 sec  <<< FAILURE!
java.lang.AssertionError
	at org.jclouds.cloudstack.features.GlobalAccountClientLiveTest.testCreateAndRemoveAccount(GlobalAccountClientLiveTest.java:44)
testListAlerts(org.jclouds.cloudstack.features.GlobalAlertClientLiveTest)  Time elapsed: 0.001 sec  <<< FAILURE!
java.lang.AssertionError: Test cannot run without global admin identity and credentials expected:<true> but was:<false>
	at org.testng.Assert.fail(Assert.java:89)
	at org.testng.Assert.failNotEquals(Assert.java:480)
	at org.testng.Assert.assertTrue(Assert.java:37)
	at org.jclouds.cloudstack.features.GlobalAlertClientLiveTest.testListAlerts(GlobalAlertClientLiveTest.java:39)
testListCapacity(org.jclouds.cloudstack.features.GlobalCapacityClientLiveTest)  Time elapsed: 0 sec  <<< FAILURE!
java.lang.AssertionError: Test cannot run without global admin identity and credentials expected:<true> but was:<false>
	at org.testng.Assert.fail(Assert.java:89)
	at org.testng.Assert.failNotEquals(Assert.java:480)
	at org.testng.Assert.assertTrue(Assert.java:37)
	at org.jclouds.cloudstack.features.GlobalCapacityClientLiveTest.testListCapacity(GlobalCapacityClientLiveTest.java:39)
testListHosts(org.jclouds.cloudstack.features.GlobalHostClientLiveTest)  Time elapsed: 0 sec  <<< FAILURE!
java.lang.AssertionError: Test cannot run without global admin identity and credentials expected:<true> but was:<false>
	at org.testng.Assert.fail(Assert.java:89)
	at org.testng.Assert.failNotEquals(Assert.java:480)
	at org.testng.Assert.assertTrue(Assert.java:37)
	at org.jclouds.cloudstack.features.GlobalHostClientLiveTest.testListHosts(GlobalHostClientLiveTest.java:38)
testCreateDiskOffering(org.jclouds.cloudstack.features.GlobalOfferingClientLiveTest)  Time elapsed: 0 sec  <<< FAILURE!
java.lang.AssertionError: Test cannot run without global admin identity and credentials expected:<true> but was:<false>
	at org.testng.Assert.fail(Assert.java:89)
	at org.testng.Assert.failNotEquals(Assert.java:480)
	at org.testng.Assert.assertTrue(Assert.java:37)
	at org.jclouds.cloudstack.features.GlobalOfferingClientLiveTest.testCreateDiskOffering(GlobalOfferingClientLiveTest.java:92)
testCreateServiceOffering(org.jclouds.cloudstack.features.GlobalOfferingClientLiveTest)  Time elapsed: 0.001 sec  <<< FAILURE!
java.lang.AssertionError: Test cannot run without global admin identity and credentials expected:<true> but was:<false>
	at org.testng.Assert.fail(Assert.java:89)
	at org.testng.Assert.failNotEquals(Assert.java:480)
	at org.testng.Assert.assertTrue(Assert.java:37)
	at org.jclouds.cloudstack.features.GlobalOfferingClientLiveTest.testCreateServiceOffering(GlobalOfferingClientLiveTest.java:52)
testUpdateNetworkOffering(org.jclouds.cloudstack.features.GlobalOfferingClientLiveTest)  Time elapsed: 0 sec  <<< FAILURE!
java.lang.AssertionError: Test cannot run without global admin identity and credentials expected:<true> but was:<false>
	at org.testng.Assert.fail(Assert.java:89)
	at org.testng.Assert.failNotEquals(Assert.java:480)
	at org.testng.Assert.assertTrue(Assert.java:37)
	at org.jclouds.cloudstack.features.GlobalOfferingClientLiveTest.testUpdateNetworkOffering(GlobalOfferingClientLiveTest.java:129)
testListStoragePools(org.jclouds.cloudstack.features.GlobalStoragePoolClientLiveTest)  Time elapsed: 0 sec  <<< FAILURE!
java.lang.AssertionError: Test cannot run without global admin identity and credentials expected:<true> but was:<false>
	at org.testng.Assert.fail(Assert.java:89)
	at org.testng.Assert.failNotEquals(Assert.java:480)
	at org.testng.Assert.assertTrue(Assert.java:37)
	at org.jclouds.cloudstack.features.GlobalStoragePoolClientLiveTest.testListStoragePools(GlobalStoragePoolClientLiveTest.java:39)
testListUsage(org.jclouds.cloudstack.features.GlobalUsageClientLiveTest)  Time elapsed: 0 sec  <<< FAILURE!
java.lang.NullPointerException
	at org.jclouds.cloudstack.features.GlobalUsageClientLiveTest.testListUsage(GlobalUsageClientLiveTest.java:50)
testCreateUser(org.jclouds.cloudstack.features.GlobalUserClientLiveTest)  Time elapsed: 0 sec  <<< FAILURE!
java.lang.AssertionError
	at org.jclouds.cloudstack.features.GlobalUserClientLiveTest.testCreateUser(GlobalUserClientLiveTest.java:56)
testListNetworks(org.jclouds.cloudstack.features.NetworkClientLiveTest)  Time elapsed: 1.523 sec  <<< FAILURE!
java.lang.AssertionError: Network{id=229, account='null', broadcastDomainType='Vlan', broadcastURI=vlan://67, displayText='Direct-67', DNS1='72.52.126.11', DNS2='null', domain='null', domainId=0, endIP='72.52.67.31', gateway='72.52.67.1', isDefault=true, isShared=true, isSystem=false, netmask='255.255.255.224', networkDomain='cs1cloud.internal', networkOfferingAvailability='Optional', networkOfferingDisplayText='Direct', networkOfferingId=7, networkOfferingName='DefaultDirectNetworkOffering', related=229, startIP='72.52.67.2', name='Direct-67', state='Setup', guestIPType=Direct, VLAN='67', trafficType=Guest, zoneId=1, tags='null', securityGroupEnabled=false, services=[NetworkService{name='Dhcp', capabilities=[]}, NetworkService{name='Dns', capabilities=[[name=AllowDnsSuffixModification, value=true]]}, NetworkService{name='Lb', capabilities=[[name=SupportedLbAlgorithms, value=roundrobin,leastconn,source], [name=SupportedProtocols, value=tcp, udp]]}, NetworkService{name='UserData', capabilities=[]}]}
	at org.jclouds.cloudstack.features.NetworkClientLiveTest.checkNetwork(NetworkClientLiveTest.java:165)
	at org.jclouds.cloudstack.features.NetworkClientLiveTest.testListNetworks(NetworkClientLiveTest.java:143)
testCreateDeleteSSHKeyPair(org.jclouds.cloudstack.features.SSHKeyPairClientLiveTest)  Time elapsed: 1.356 sec  <<< FAILURE!
java.lang.AssertionError: expected:<SshKeyPair{fingerprint='75:95:cc:82:f3:cb:33:4b:91:48:27:7c:1f:f8:91:72', name='adriancole-jclouds-keypair', privateKey='null'}> but was:<SshKeyPair{fingerprint='75:95:cc:82:f3:cb:33:4b:91:48:27:7c:1f:f8:91:72', name='adriancole-jclouds-keypair', privateKey='-----BEGIN RSA PRIVATE KEY-----
MIICXAIBAAKBgQCaGkT7rNH7j2MMmdDqkn4IVEUGMKOW77zmpy5pJmBbwlIvyx6d
GV5Lef4eWgQ+F5HRX8lup19E5ttfB9Ht3/2Hi4BHM/M85ztvras1J0CrzjoKowq+
TtKW1YDOsOMq5Y3NV78UyNZx5O0QXE5psr3hCegfCz3RQjFQzozeKNpfCQIDAQAB
AoGBAI16YKrO11mlIsKG1Q8Gvz7WXyh3rzj7kOoRwsI2wXB8zweh69E/YRraPTuQ
WSTIbs9SqZQ1hXm0mOJ+Q3WolxFKV+BmsWmNJhpNFpm53JNyX/u6Ntl94u7s5KgW
USemdgWwREQEjaaDWdyxMWsMY72Fcild0c4cYUyn+yUQwxABAkEA/kLfPhNTMI3G
VTUnH8H53zYDDMBg210DBvjy57Zrd4mt+V94T32UmFmm9WLR6SxC1Zynp0VyF7uB
xmAFxoRqyQJBAJsoDXWcla4Iv+YxEJSFjFN7PSdQyE9toEPyV6M3lJyOVVOBzRxh
1mKYyiAG8QKn3ufQDK5uka+elPUmFZFgMkECQEfrzo4WlU+EqvdrQ5feHLog4xf2
Su+CDdspDDyzAw8bKNUDRlrl4OR/Z5S90TatyHH4EAxmvnEsHvdoLfoLdtECQADD
J53GUS3zuQ2mfBBev5vBZUGGMhXB0iHDVQ7mPQKv6FdqsdlL2cPOQF/76L88l+nH
qehJfsnAG7dAoqZ+NIECQFjYM5nnKaFPIRkH/QSKg4rS7+iWS3AYUZ4JQ2ND2X7N
ewPD9kx/BtoYRMXR8BVKzjTlwXcgUjpFirTO5PZ6Wp8=
-----END RSA PRIVATE KEY-----
'}>
	at org.testng.Assert.fail(Assert.java:89)
	at org.testng.Assert.failNotEquals(Assert.java:480)
	at org.testng.Assert.assertEquals(Assert.java:118)
	at org.testng.Assert.assertEquals(Assert.java:171)
	at org.testng.Assert.assertEquals(Assert.java:181)
	at org.jclouds.cloudstack.features.SSHKeyPairClientLiveTest.checkSSHKeyPair(SSHKeyPairClientLiveTest.java:86)
	at org.jclouds.cloudstack.features.SSHKeyPairClientLiveTest.testCreateDeleteSSHKeyPair(SSHKeyPairClientLiveTest.java:59)
testListVirtualMachines(org.jclouds.cloudstack.features.VirtualMachineClientLiveTest)  Time elapsed: 4.319 sec  <<< FAILURE!
java.lang.AssertionError: VirtualMachine{id=854, account='jcloud2', cpuCount=1, cpuSpeed=500, cpuUsed='null', displayName='i-19-854-Demo5', created=Wed Dec 21 15:10:50 PST 2011, domain='jCloud', domainId=11, usesVirtualNetwork=false, group='null', groupId=0, guestOSId=12, HAEnabled=false, hostId=0, hostname='null', IPAddress='null', ISODisplayText='null', ISOId=0, ISOName='null', jobId=6152, jobStatus=0, memory=256, name='i-19-854-Demo5', networkKbsRead=null, networkKbsWrite=null, password='null', passwordEnabled=true, rootDeviceId=0, rootDeviceType='Not created', serviceOfferingId=10, serviceOfferingName='Micro Instance', state=Starting, templateDisplayText='New Default Template', templateId=202, templateName='New Default Template', zoneId=1, zoneName='Demo5', nics=[NIC{id=825, broadcastURI=null, gateway='10.1.1.1', IPAddress='10.1.1.54', isDefault=true, isolationURI=null, netmask='255.255.255.0', macAddress='02:00:46:77:01:5c', networkId=225, trafficType=Guest, guestIPType=Virtual}], hypervisor='XenServer', securityGroups=[]}
	at org.jclouds.cloudstack.features.VirtualMachineClientLiveTest.checkVm(VirtualMachineClientLiveTest.java:380)
	at org.jclouds.cloudstack.features.VirtualMachineClientLiveTest.testListVirtualMachines(VirtualMachineClientLiveTest.java:339)
testCreateVirtualMachineWithSpecificIp(org.jclouds.cloudstack.features.VirtualMachineClientLiveTest)  Time elapsed: 15.992 sec  <<< FAILURE!
java.util.NoSuchElementException
	at com.google.common.collect.AbstractIterator.next(AbstractIterator.java:154)
	at com.google.common.collect.Iterators.getOnlyElement(Iterators.java:297)
	at com.google.common.collect.Iterables.getOnlyElement(Iterables.java:268)
	at org.jclouds.cloudstack.features.VirtualMachineClientLiveTest.testCreateVirtualMachineWithSpecificIp(VirtualMachineClientLiveTest.java:229)
testCreateTemplate(org.jclouds.cloudstack.features.TemplateClientLiveTest)  Time elapsed: 0.629 sec  <<< FAILURE!
java.lang.IllegalStateException: { "createtemplateresponse" : {"errorcode" : 431, "errortext" : "Failed to create private template adriancole-createTemplate, a template with that name already exists."}  }
	at org.jclouds.cloudstack.handlers.CloudStackErrorHandler.handleError(CloudStackErrorHandler.java:77)
	at org.jclouds.http.handlers.DelegatingErrorHandler.handleError(DelegatingErrorHandler.java:69)
	at org.jclouds.http.internal.BaseHttpCommandExecutorService$HttpResponseCallable.shouldContinue(BaseHttpCommandExecutorService.java:200)
	at org.jclouds.http.internal.BaseHttpCommandExecutorService$HttpResponseCallable.call(BaseHttpCommandExecutorService.java:165)
	at org.jclouds.http.internal.BaseHttpCommandExecutorService$HttpResponseCallable.call(BaseHttpCommandExecutorService.java:134)
	at java.util.concurrent.FutureTask$Sync.innerRun(FutureTask.java:303)
	at java.util.concurrent.FutureTask.run(FutureTask.java:138)
	at java.util.concurrent.ThreadPoolExecutor$Worker.runTask(ThreadPoolExecutor.java:886)
	at java.util.concurrent.ThreadPoolExecutor$Worker.run(ThreadPoolExecutor.java:908)
	at java.lang.Thread.run(Thread.java:680)
	at org.jclouds.concurrent.config.ExecutorServiceModule$DescribingExecutorService.submit(ExecutorServiceModule.java:182)
	at org.jclouds.http.internal.BaseHttpCommandExecutorService.submit(BaseHttpCommandExecutorService.java:131)
	at org.jclouds.http.TransformingHttpCommandExecutorServiceImpl.submit(TransformingHttpCommandExecutorServiceImpl.java:54)
	at org.jclouds.http.TransformingHttpCommandImpl.execute(TransformingHttpCommandImpl.java:72)
	at org.jclouds.rest.internal.AsyncRestClientProxy.createListenableFuture(AsyncRestClientProxy.java:156)
	at org.jclouds.rest.internal.AsyncRestClientProxy.invoke(AsyncRestClientProxy.java:126)
	at $Proxy91.createTemplate(Unknown Source)
	at sun.reflect.NativeMethodAccessorImpl.invoke0(Native Method)
	at sun.reflect.NativeMethodAccessorImpl.invoke(NativeMethodAccessorImpl.java:39)
	at sun.reflect.DelegatingMethodAccessorImpl.invoke(DelegatingMethodAccessorImpl.java:25)
	at java.lang.reflect.Method.invoke(Method.java:597)
	at org.jclouds.concurrent.internal.SyncProxy.invoke(SyncProxy.java:137)
	at $Proxy92.createTemplate(Unknown Source)
	at org.jclouds.cloudstack.features.TemplateClientLiveTest.testCreateTemplate(TemplateClientLiveTest.java:111)
	at sun.reflect.NativeMethodAccessorImpl.invoke0(Native Method)
	at sun.reflect.NativeMethodAccessorImpl.invoke(NativeMethodAccessorImpl.java:39)
	at sun.reflect.DelegatingMethodAccessorImpl.invoke(DelegatingMethodAccessorImpl.java:25)
	at java.lang.reflect.Method.invoke(Method.java:597)
	at org.testng.internal.MethodInvocationHelper.invokeMethod(MethodInvocationHelper.java:76)
	at org.testng.internal.Invoker.invokeMethod(Invoker.java:673)
	at org.testng.internal.Invoker.invokeTestMethod(Invoker.java:846)
	at org.testng.internal.Invoker.invokeTestMethods(Invoker.java:1170)
	at org.testng.internal.TestMethodWorker.invokeTestMethods(TestMethodWorker.java:125)
	at org.testng.internal.TestMethodWorker.run(TestMethodWorker.java:109)
	at org.testng.TestRunner.runWorkers(TestRunner.java:1147)
	at org.testng.TestRunner.privateRun(TestRunner.java:749)
	at org.testng.TestRunner.run(TestRunner.java:600)
	at org.testng.SuiteRunner.runTest(SuiteRunner.java:317)
	at org.testng.SuiteRunner.access$000(SuiteRunner.java:34)
	at org.testng.SuiteRunner$SuiteWorker.run(SuiteRunner.java:351)
	at org.testng.internal.thread.ThreadUtil$CountDownLatchedRunnable.run(ThreadUtil.java:147)
	at java.util.concurrent.ThreadPoolExecutor$Worker.runTask(ThreadPoolExecutor.java:886)
	at java.util.concurrent.ThreadPoolExecutor$Worker.run(ThreadPoolExecutor.java:908)
	at java.lang.Thread.run(Thread.java:680)
	at org.jclouds.concurrent.config.ExecutorServiceModule$DescribingExecutorService.submit(ExecutorServiceModule.java:182)
	at org.jclouds.http.internal.BaseHttpCommandExecutorService.submit(BaseHttpCommandExecutorService.java:131)
	at org.jclouds.http.TransformingHttpCommandExecutorServiceImpl.submit(TransformingHttpCommandExecutorServiceImpl.java:54)
	at org.jclouds.http.TransformingHttpCommandImpl.execute(TransformingHttpCommandImpl.java:72)
	at org.jclouds.rest.internal.AsyncRestClientProxy.createListenableFuture(AsyncRestClientProxy.java:156)
	at org.jclouds.rest.internal.AsyncRestClientProxy.invoke(AsyncRestClientProxy.java:126)
	at $Proxy91.createTemplate(Unknown Source)
	at sun.reflect.NativeMethodAccessorImpl.invoke0(Native Method)
	at sun.reflect.NativeMethodAccessorImpl.invoke(NativeMethodAccessorImpl.java:39)
	at sun.reflect.DelegatingMethodAccessorImpl.invoke(DelegatingMethodAccessorImpl.java:25)
	at java.lang.reflect.Method.invoke(Method.java:597)
	at org.jclouds.concurrent.internal.SyncProxy.invoke(SyncProxy.java:137)
	at $Proxy92.createTemplate(Unknown Source)
	at org.jclouds.cloudstack.features.TemplateClientLiveTest.testCreateTemplate(TemplateClientLiveTest.java:111)
Caused by: org.jclouds.http.HttpResponseException: command: GET http://72.52.126.25/client/api?response=json&command=createTemplate&volumeid=936&name=adriancole-createTemplate&ostypeid=12&displaytext=jclouds%20live%20testCreateTemplate HTTP/1.1 failed with response: HTTP/1.1 431 null; content: [{ "createtemplateresponse" : {"errorcode" : 431, "errortext" : "Failed to create private template adriancole-createTemplate, a template with that name already exists."}  }]
	at org.jclouds.cloudstack.handlers.CloudStackErrorHandler.handleError(CloudStackErrorHandler.java:51)
	at org.jclouds.http.handlers.DelegatingErrorHandler.handleError(DelegatingErrorHandler.java:69)
	at org.jclouds.http.internal.BaseHttpCommandExecutorService$HttpResponseCallable.shouldContinue(BaseHttpCommandExecutorService.java:200)
	at org.jclouds.http.internal.BaseHttpCommandExecutorService$HttpResponseCallable.call(BaseHttpCommandExecutorService.java:165)
	at org.jclouds.http.internal.BaseHttpCommandExecutorService$HttpResponseCallable.call(BaseHttpCommandExecutorService.java:134)
	at java.util.concurrent.FutureTask$Sync.innerRun(FutureTask.java:303)
	at java.util.concurrent.FutureTask.run(FutureTask.java:138)
	... 3 more
