[INFO] Scanning for projects...
[WARNING] 
[WARNING] Some problems were encountered while building the effective model for org.jclouds.provider:cloudservers-uk:bundle:1.3.0-SNAPSHOT
[WARNING] 'parent.relativePath' of POM org.jclouds:jclouds-project:1.3.0-SNAPSHOT (/Users/adriancole/workspace/git/jclouds/project/pom.xml) points at org.jclouds:jclouds-multi instead of org.sonatype.oss:oss-parent, please verify your project structure @ org.jclouds:jclouds-project:1.3.0-SNAPSHOT, /Users/adriancole/workspace/git/jclouds/project/pom.xml, line 24, column 13
[WARNING] 
[WARNING] It is highly recommended to fix these problems because they threaten the stability of your build.
[WARNING] 
[WARNING] For this reason, future Maven versions might no longer support building such malformed projects.
[WARNING] 
[INFO]                                                                         
[INFO] ------------------------------------------------------------------------
[INFO] Building jclouds CloudServers UK provider 1.3.0-SNAPSHOT
[INFO] ------------------------------------------------------------------------
[INFO] 
[INFO] --- maven-clean-plugin:2.4.1:clean (default-clean) @ cloudservers-uk ---
[INFO] Deleting /Users/adriancole/workspace/git/jclouds/providers/cloudservers-uk/target
[INFO] 
[INFO] --- maven-enforcer-plugin:1.0.1:enforce (enforce-maven) @ cloudservers-uk ---
[INFO] 
[INFO] --- maven-enforcer-plugin:1.0.1:enforce (enforce-banned-dependencies) @ cloudservers-uk ---
[INFO] 
[INFO] --- maven-enforcer-plugin:1.0.1:enforce (enforce-java) @ cloudservers-uk ---
[INFO] 
[INFO] --- maven-remote-resources-plugin:1.2:process (process-remote-resources) @ cloudservers-uk ---
[INFO] Setting property: classpath.resource.loader.class => 'org.codehaus.plexus.velocity.ContextClassLoaderResourceLoader'.
[INFO] Setting property: velocimacro.messages.on => 'false'.
[INFO] Setting property: resource.loader => 'classpath'.
[INFO] Setting property: resource.manager.logwhenfound => 'false'.
[INFO] 
[INFO] --- maven-resources-plugin:2.4.2:resources (default-resources) @ cloudservers-uk ---
[INFO] Using 'UTF-8' encoding to copy filtered resources.
[INFO] skip non existing resourceDirectory /Users/adriancole/workspace/git/jclouds/providers/cloudservers-uk/src/main/clojure
[INFO] Copying 1 resource
[INFO] Copying 2 resources
[INFO] 
[INFO] --- maven-compiler-plugin:2.3:compile (default-compile) @ cloudservers-uk ---
[INFO] Compiling 2 source files to /Users/adriancole/workspace/git/jclouds/providers/cloudservers-uk/target/classes
[INFO] 
[INFO] --- maven-resources-plugin:2.4.2:testResources (default-testResources) @ cloudservers-uk ---
[INFO] Using 'UTF-8' encoding to copy filtered resources.
[INFO] skip non existing resourceDirectory /Users/adriancole/workspace/git/jclouds/providers/cloudservers-uk/src/test/clojure
[INFO] skip non existing resourceDirectory /Users/adriancole/workspace/git/jclouds/providers/cloudservers-uk/src/test/resources
[INFO] Copying 2 resources
[INFO] 
[INFO] --- maven-compiler-plugin:2.3:testCompile (default-testCompile) @ cloudservers-uk ---
[INFO] Compiling 4 source files to /Users/adriancole/workspace/git/jclouds/providers/cloudservers-uk/target/test-classes
[INFO] 
[INFO] --- maven-surefire-plugin:2.10:test (default-test) @ cloudservers-uk ---
[INFO] Surefire report directory: /Users/adriancole/workspace/git/jclouds/providers/cloudservers-uk/target/surefire-reports
[INFO] Using configured provider org.apache.maven.surefire.testng.TestNGProvider

-------------------------------------------------------
 T E S T S
-------------------------------------------------------
Running org.jclouds.rackspace.cloudservers.CloudServersUKProviderTest
Starting test testInRestProperties(org.jclouds.rackspace.cloudservers.CloudServersUKProviderTest)
Starting test testAllContains(org.jclouds.rackspace.cloudservers.CloudServersUKProviderTest)
Starting test testWithId(org.jclouds.rackspace.cloudservers.CloudServersUKProviderTest)
Starting test testOfTypeContains(org.jclouds.rackspace.cloudservers.CloudServersUKProviderTest)
[pool-2-thread-2] Test testWithId(org.jclouds.rackspace.cloudservers.CloudServersUKProviderTest) succeeded: 43ms
Test suite progress: tests succeeded: 1, failed: 0, skipped: 0.
[pool-2-thread-3] Test testAllContains(org.jclouds.rackspace.cloudservers.CloudServersUKProviderTest) succeeded: 45ms
Test suite progress: tests succeeded: 2, failed: 0, skipped: 0.
[pool-2-thread-4] Test testOfTypeContains(org.jclouds.rackspace.cloudservers.CloudServersUKProviderTest) succeeded: 45ms
Test suite progress: tests succeeded: 3, failed: 0, skipped: 0.
[pool-2-thread-1] Test testInRestProperties(org.jclouds.rackspace.cloudservers.CloudServersUKProviderTest) succeeded: 101ms
Test suite progress: tests succeeded: 4, failed: 0, skipped: 0.
Tests run: 4, Failures: 0, Errors: 0, Skipped: 0, Time elapsed: 0.387 sec

Results :

Tests run: 4, Failures: 0, Errors: 0, Skipped: 0

[INFO] 
[INFO] --- clojure-maven-plugin:1.3.3:test (test-clojure) @ cloudservers-uk ---

Testing user

Ran 0 tests containing 0 assertions.
0 failures, 0 errors.
[INFO] 
[INFO] --- maven-bundle-plugin:2.3.4:bundle (default-bundle) @ cloudservers-uk ---
[INFO] 
[INFO] --- maven-source-plugin:2.1.1:jar-no-fork (attach-sources) @ cloudservers-uk ---
[INFO] Building jar: /Users/adriancole/workspace/git/jclouds/providers/cloudservers-uk/target/cloudservers-uk-1.3.0-SNAPSHOT-sources.jar
[INFO] 
[INFO] --- maven-javadoc-plugin:2.8:jar (javadoc) @ cloudservers-uk ---
[INFO] Skipping javadoc generation
[INFO] 
[INFO] --- maven-jar-plugin:2.3.1:test-jar (default) @ cloudservers-uk ---
[INFO] Building jar: /Users/adriancole/workspace/git/jclouds/providers/cloudservers-uk/target/cloudservers-uk-1.3.0-SNAPSHOT-tests.jar
[INFO] 
[INFO] --- maven-surefire-plugin:2.10:test (integration) @ cloudservers-uk ---
[INFO] Surefire report directory: /Users/adriancole/workspace/git/jclouds/providers/cloudservers-uk/target/surefire-reports
[INFO] Using configured provider org.apache.maven.surefire.testng.TestNGProvider

-------------------------------------------------------
 T E S T S
-------------------------------------------------------
Running TestSuite
Starting test testGetFlavorDetailsNotFound(org.jclouds.rackspace.cloudservers.CloudServersUKClientLiveTest)
Starting test setServiceDefaults(org.jclouds.rackspace.cloudservers.compute.CloudServersUKComputeServiceLiveTest)
[pool-2-thread-2] Test setServiceDefaults(org.jclouds.rackspace.cloudservers.compute.CloudServersUKComputeServiceLiveTest) succeeded: 1ms
Test suite progress: tests succeeded: 1, failed: 0, skipped: 0.
Starting test testCompareSizes(org.jclouds.rackspace.cloudservers.compute.CloudServersUKComputeServiceLiveTest)
[pool-2-thread-1] Test testGetFlavorDetailsNotFound(org.jclouds.rackspace.cloudservers.CloudServersUKClientLiveTest) succeeded: 3193ms
Test suite progress: tests succeeded: 2, failed: 0, skipped: 0.
Starting test testGetFlavorsDetail(org.jclouds.rackspace.cloudservers.CloudServersUKClientLiveTest)
Dec 15, 2011 2:20:26 AM org.jclouds.compute.BaseComputeServiceLiveTest testCompareSizes
INFO: smallest [id=1, providerId=1, name=256 server, processors=[[cores=1.0, speed=1.0]], ram=256, volumes=[[id=null, type=LOCAL, size=10.0, device=null, durable=true, isBootDevice=true]], supportsImage=ALWAYS_TRUE, tags=[]]
Dec 15, 2011 2:20:26 AM org.jclouds.compute.BaseComputeServiceLiveTest testCompareSizes
INFO: fastest [id=8, providerId=8, name=30GB server, processors=[[cores=120.0, speed=1.0]], ram=30720, volumes=[[id=null, type=LOCAL, size=1200.0, device=null, durable=true, isBootDevice=true]], supportsImage=ALWAYS_TRUE, tags=[]]
Dec 15, 2011 2:20:26 AM org.jclouds.compute.BaseComputeServiceLiveTest testCompareSizes
INFO: biggest [id=8, providerId=8, name=30GB server, processors=[[cores=120.0, speed=1.0]], ram=30720, volumes=[[id=null, type=LOCAL, size=1200.0, device=null, durable=true, isBootDevice=true]], supportsImage=ALWAYS_TRUE, tags=[]]
[pool-2-thread-2] Test testCompareSizes(org.jclouds.rackspace.cloudservers.compute.CloudServersUKComputeServiceLiveTest) succeeded: 3328ms
Test suite progress: tests succeeded: 3, failed: 0, skipped: 0.
Starting test testAScriptExecutionAfterBootWithBasicTemplate(org.jclouds.rackspace.cloudservers.compute.CloudServersUKComputeServiceLiveTest)
[pool-2-thread-1] Test testGetFlavorsDetail(org.jclouds.rackspace.cloudservers.CloudServersUKClientLiveTest) succeeded: 9955ms
Test suite progress: tests succeeded: 4, failed: 0, skipped: 0.
Starting test testGetImageDetailsNotFound(org.jclouds.rackspace.cloudservers.CloudServersUKClientLiveTest)
[pool-2-thread-1] Test testGetImageDetailsNotFound(org.jclouds.rackspace.cloudservers.CloudServersUKClientLiveTest) succeeded: 972ms
Test suite progress: tests succeeded: 5, failed: 0, skipped: 0.
Starting test testGetImagesDetail(org.jclouds.rackspace.cloudservers.CloudServersUKClientLiveTest)
[pool-2-thread-1] Test testGetImagesDetail(org.jclouds.rackspace.cloudservers.CloudServersUKClientLiveTest) succeeded: 23620ms
Test suite progress: tests succeeded: 6, failed: 0, skipped: 0.
Starting test testGetServerDetailsNotFound(org.jclouds.rackspace.cloudservers.CloudServersUKClientLiveTest)
[pool-2-thread-1] Test testGetServerDetailsNotFound(org.jclouds.rackspace.cloudservers.CloudServersUKClientLiveTest) succeeded: 993ms
Test suite progress: tests succeeded: 7, failed: 0, skipped: 0.
Starting test testGetServersDetail(org.jclouds.rackspace.cloudservers.CloudServersUKClientLiveTest)
[pool-2-thread-1] Test testGetServersDetail(org.jclouds.rackspace.cloudservers.CloudServersUKClientLiveTest) succeeded: 2423ms
Test suite progress: tests succeeded: 8, failed: 0, skipped: 0.
Starting test testGetSharedIpGroupDetailsNotFound(org.jclouds.rackspace.cloudservers.CloudServersUKClientLiveTest)
[pool-2-thread-1] Test testGetSharedIpGroupDetailsNotFound(org.jclouds.rackspace.cloudservers.CloudServersUKClientLiveTest) succeeded: 983ms
Test suite progress: tests succeeded: 9, failed: 0, skipped: 0.
Starting test testGetSharedIpGroupsDetail(org.jclouds.rackspace.cloudservers.CloudServersUKClientLiveTest)
[pool-2-thread-1] Test testGetSharedIpGroupsDetail(org.jclouds.rackspace.cloudservers.CloudServersUKClientLiveTest) succeeded: 1145ms
Test suite progress: tests succeeded: 10, failed: 0, skipped: 0.
Starting test testLimits(org.jclouds.rackspace.cloudservers.CloudServersUKClientLiveTest)
[pool-2-thread-1] Test testLimits(org.jclouds.rackspace.cloudservers.CloudServersUKClientLiveTest) succeeded: 1013ms
Test suite progress: tests succeeded: 11, failed: 0, skipped: 0.
Starting test testListFlavors(org.jclouds.rackspace.cloudservers.CloudServersUKClientLiveTest)
[pool-2-thread-1] Test testListFlavors(org.jclouds.rackspace.cloudservers.CloudServersUKClientLiveTest) succeeded: 1035ms
Test suite progress: tests succeeded: 12, failed: 0, skipped: 0.
Starting test testListFlavorsDetail(org.jclouds.rackspace.cloudservers.CloudServersUKClientLiveTest)
[pool-2-thread-1] Test testListFlavorsDetail(org.jclouds.rackspace.cloudservers.CloudServersUKClientLiveTest) succeeded: 1000ms
Test suite progress: tests succeeded: 13, failed: 0, skipped: 0.
Starting test testListImages(org.jclouds.rackspace.cloudservers.CloudServersUKClientLiveTest)
[pool-2-thread-1] Test testListImages(org.jclouds.rackspace.cloudservers.CloudServersUKClientLiveTest) succeeded: 1300ms
Test suite progress: tests succeeded: 14, failed: 0, skipped: 0.
Starting test testListImagesDetail(org.jclouds.rackspace.cloudservers.CloudServersUKClientLiveTest)
[pool-2-thread-1] Test testListImagesDetail(org.jclouds.rackspace.cloudservers.CloudServersUKClientLiveTest) succeeded: 1292ms
Test suite progress: tests succeeded: 15, failed: 0, skipped: 0.
Starting test testListServers(org.jclouds.rackspace.cloudservers.CloudServersUKClientLiveTest)
[pool-2-thread-1] Test testListServers(org.jclouds.rackspace.cloudservers.CloudServersUKClientLiveTest) succeeded: 1177ms
Test suite progress: tests succeeded: 16, failed: 0, skipped: 0.
Starting test testListServersDetail(org.jclouds.rackspace.cloudservers.CloudServersUKClientLiveTest)
[pool-2-thread-1] Test testListServersDetail(org.jclouds.rackspace.cloudservers.CloudServersUKClientLiveTest) succeeded: 1619ms
Test suite progress: tests succeeded: 17, failed: 0, skipped: 0.
Starting test testListSharedIpGroups(org.jclouds.rackspace.cloudservers.CloudServersUKClientLiveTest)
[pool-2-thread-1] Test testListSharedIpGroups(org.jclouds.rackspace.cloudservers.CloudServersUKClientLiveTest) succeeded: 1069ms
Test suite progress: tests succeeded: 18, failed: 0, skipped: 0.
Starting test testListSharedIpGroupsDetail(org.jclouds.rackspace.cloudservers.CloudServersUKClientLiveTest)
[pool-2-thread-1] Test testListSharedIpGroupsDetail(org.jclouds.rackspace.cloudservers.CloudServersUKClientLiveTest) succeeded: 1030ms
Test suite progress: tests succeeded: 19, failed: 0, skipped: 0.
Starting test testCompareSizes(org.jclouds.rackspace.cloudservers.compute.CloudServersUKTemplateBuilderLiveTest)
smallest [id=1, providerId=1, name=256 server, processors=[[cores=1.0, speed=1.0]], ram=256, volumes=[[id=null, type=LOCAL, size=10.0, device=null, durable=true, isBootDevice=true]], supportsImage=ALWAYS_TRUE, tags=[]]
fastest [id=8, providerId=8, name=30GB server, processors=[[cores=120.0, speed=1.0]], ram=30720, volumes=[[id=null, type=LOCAL, size=1200.0, device=null, durable=true, isBootDevice=true]], supportsImage=ALWAYS_TRUE, tags=[]]
biggest [id=8, providerId=8, name=30GB server, processors=[[cores=120.0, speed=1.0]], ram=30720, volumes=[[id=null, type=LOCAL, size=1200.0, device=null, durable=true, isBootDevice=true]], supportsImage=ALWAYS_TRUE, tags=[]]
[pool-2-thread-1] Test testCompareSizes(org.jclouds.rackspace.cloudservers.compute.CloudServersUKTemplateBuilderLiveTest) succeeded: 3221ms
Test suite progress: tests succeeded: 20, failed: 0, skipped: 0.
Starting test testDefaultTemplateBuilder(org.jclouds.rackspace.cloudservers.compute.CloudServersUKTemplateBuilderLiveTest)
[pool-2-thread-1] Test testDefaultTemplateBuilder(org.jclouds.rackspace.cloudservers.compute.CloudServersUKTemplateBuilderLiveTest) succeeded: 2ms
Test suite progress: tests succeeded: 21, failed: 0, skipped: 0.
Starting test testFromTemplate(org.jclouds.rackspace.cloudservers.compute.CloudServersUKTemplateBuilderLiveTest)
[pool-2-thread-1] Test testFromTemplate(org.jclouds.rackspace.cloudservers.compute.CloudServersUKTemplateBuilderLiveTest) succeeded: 2ms
Test suite progress: tests succeeded: 22, failed: 0, skipped: 0.
Starting test testGetAssignableLocations(org.jclouds.rackspace.cloudservers.compute.CloudServersUKTemplateBuilderLiveTest)
location [id=cloudservers-uk, scope=PROVIDER, description=https://lon.auth.api.rackspacecloud.com, parent=null, iso3166Codes=[GB-SLG], metadata={}]
[pool-2-thread-1] Test testGetAssignableLocations(org.jclouds.rackspace.cloudservers.compute.CloudServersUKTemplateBuilderLiveTest) succeeded: 1ms
Test suite progress: tests succeeded: 23, failed: 0, skipped: 0.
Starting test testTemplateBuilderCanFind(org.jclouds.rackspace.cloudservers.compute.CloudServersUKTemplateBuilderLiveTest)
[pool-2-thread-1] Test testTemplateBuilderCanFind(org.jclouds.rackspace.cloudservers.compute.CloudServersUKTemplateBuilderLiveTest) succeeded: 1ms
Test suite progress: tests succeeded: 24, failed: 0, skipped: 0.
Starting test testTemplateBuilderCanFind(org.jclouds.rackspace.cloudservers.compute.CloudServersUKTemplateBuilderLiveTest)
[pool-2-thread-1] Test testTemplateBuilderCanFind(org.jclouds.rackspace.cloudservers.compute.CloudServersUKTemplateBuilderLiveTest) failed.
Test suite progress: tests succeeded: 24, failed: 1, skipped: 0.
Starting test testTemplateBuilderCanFind(org.jclouds.rackspace.cloudservers.compute.CloudServersUKTemplateBuilderLiveTest)
[pool-2-thread-1] Test testTemplateBuilderCanFind(org.jclouds.rackspace.cloudservers.compute.CloudServersUKTemplateBuilderLiveTest) succeeded: 1ms
Test suite progress: tests succeeded: 25, failed: 1, skipped: 0.
Starting test testTemplateBuilderCanFind(org.jclouds.rackspace.cloudservers.compute.CloudServersUKTemplateBuilderLiveTest)
[pool-2-thread-1] Test testTemplateBuilderCanFind(org.jclouds.rackspace.cloudservers.compute.CloudServersUKTemplateBuilderLiveTest) succeeded: 1ms
Test suite progress: tests succeeded: 26, failed: 1, skipped: 0.
Starting test testTemplateBuilderCanFind(org.jclouds.rackspace.cloudservers.compute.CloudServersUKTemplateBuilderLiveTest)
[pool-2-thread-1] Test testTemplateBuilderCanFind(org.jclouds.rackspace.cloudservers.compute.CloudServersUKTemplateBuilderLiveTest) succeeded: 1ms
Test suite progress: tests succeeded: 27, failed: 1, skipped: 0.
Starting test testTemplateBuilderCanFind(org.jclouds.rackspace.cloudservers.compute.CloudServersUKTemplateBuilderLiveTest)
[pool-2-thread-1] Test testTemplateBuilderCanFind(org.jclouds.rackspace.cloudservers.compute.CloudServersUKTemplateBuilderLiveTest) failed.
Test suite progress: tests succeeded: 27, failed: 2, skipped: 0.
Starting test testTemplateBuilderCanFind(org.jclouds.rackspace.cloudservers.compute.CloudServersUKTemplateBuilderLiveTest)
[pool-2-thread-1] Test testTemplateBuilderCanFind(org.jclouds.rackspace.cloudservers.compute.CloudServersUKTemplateBuilderLiveTest) succeeded: 1ms
Test suite progress: tests succeeded: 28, failed: 2, skipped: 0.
Starting test testTemplateBuilderCanFind(org.jclouds.rackspace.cloudservers.compute.CloudServersUKTemplateBuilderLiveTest)
[pool-2-thread-1] Test testTemplateBuilderCanFind(org.jclouds.rackspace.cloudservers.compute.CloudServersUKTemplateBuilderLiveTest) succeeded: 1ms
Test suite progress: tests succeeded: 29, failed: 2, skipped: 0.
Starting test testTemplateBuilderCanFind(org.jclouds.rackspace.cloudservers.compute.CloudServersUKTemplateBuilderLiveTest)
[pool-2-thread-1] Test testTemplateBuilderCanFind(org.jclouds.rackspace.cloudservers.compute.CloudServersUKTemplateBuilderLiveTest) succeeded: 1ms
Test suite progress: tests succeeded: 30, failed: 2, skipped: 0.
Starting test testTemplateBuilderCanFind(org.jclouds.rackspace.cloudservers.compute.CloudServersUKTemplateBuilderLiveTest)
[pool-2-thread-1] Test testTemplateBuilderCanFind(org.jclouds.rackspace.cloudservers.compute.CloudServersUKTemplateBuilderLiveTest) failed.
Test suite progress: tests succeeded: 30, failed: 3, skipped: 0.
Starting test testTemplateBuilderCanFind(org.jclouds.rackspace.cloudservers.compute.CloudServersUKTemplateBuilderLiveTest)
[pool-2-thread-1] Test testTemplateBuilderCanFind(org.jclouds.rackspace.cloudservers.compute.CloudServersUKTemplateBuilderLiveTest) failed.
Test suite progress: tests succeeded: 30, failed: 4, skipped: 0.
Starting test testTemplateBuilderCanFind(org.jclouds.rackspace.cloudservers.compute.CloudServersUKTemplateBuilderLiveTest)
[pool-2-thread-1] Test testTemplateBuilderCanFind(org.jclouds.rackspace.cloudservers.compute.CloudServersUKTemplateBuilderLiveTest) failed.
Test suite progress: tests succeeded: 30, failed: 5, skipped: 0.
Starting test testTemplateBuilderCanFind(org.jclouds.rackspace.cloudservers.compute.CloudServersUKTemplateBuilderLiveTest)
[pool-2-thread-1] Test testTemplateBuilderCanFind(org.jclouds.rackspace.cloudservers.compute.CloudServersUKTemplateBuilderLiveTest) succeeded: 1ms
Test suite progress: tests succeeded: 31, failed: 5, skipped: 0.
Starting test testTemplateBuilderCanFind(org.jclouds.rackspace.cloudservers.compute.CloudServersUKTemplateBuilderLiveTest)
[pool-2-thread-1] Test testTemplateBuilderCanFind(org.jclouds.rackspace.cloudservers.compute.CloudServersUKTemplateBuilderLiveTest) succeeded: 18ms
Test suite progress: tests succeeded: 32, failed: 5, skipped: 0.
Starting test testTemplateBuilderCanFind(org.jclouds.rackspace.cloudservers.compute.CloudServersUKTemplateBuilderLiveTest)
[pool-2-thread-1] Test testTemplateBuilderCanFind(org.jclouds.rackspace.cloudservers.compute.CloudServersUKTemplateBuilderLiveTest) succeeded: 1ms
Test suite progress: tests succeeded: 33, failed: 5, skipped: 0.
Starting test testTemplateBuilderCanFind(org.jclouds.rackspace.cloudservers.compute.CloudServersUKTemplateBuilderLiveTest)
[pool-2-thread-1] Test testTemplateBuilderCanFind(org.jclouds.rackspace.cloudservers.compute.CloudServersUKTemplateBuilderLiveTest) succeeded: 1ms
Test suite progress: tests succeeded: 34, failed: 5, skipped: 0.
Starting test testTemplateBuilderCanUseImageId(org.jclouds.rackspace.cloudservers.compute.CloudServersUKTemplateBuilderLiveTest)
[pool-2-thread-1] Test testTemplateBuilderCanUseImageId(org.jclouds.rackspace.cloudservers.compute.CloudServersUKTemplateBuilderLiveTest) succeeded: 3425ms
Test suite progress: tests succeeded: 35, failed: 5, skipped: 0.
Starting test testTemplateBuilderCannotFind(org.jclouds.rackspace.cloudservers.compute.CloudServersUKTemplateBuilderLiveTest)
[pool-2-thread-1] Test testTemplateBuilderCannotFind(org.jclouds.rackspace.cloudservers.compute.CloudServersUKTemplateBuilderLiveTest) succeeded: 1ms
Test suite progress: tests succeeded: 36, failed: 5, skipped: 0.
Starting test testTemplateBuilderCannotFind(org.jclouds.rackspace.cloudservers.compute.CloudServersUKTemplateBuilderLiveTest)
[pool-2-thread-1] Test testTemplateBuilderCannotFind(org.jclouds.rackspace.cloudservers.compute.CloudServersUKTemplateBuilderLiveTest) succeeded: 1ms
Test suite progress: tests succeeded: 37, failed: 5, skipped: 0.
Starting test testTemplateBuilderCannotFind(org.jclouds.rackspace.cloudservers.compute.CloudServersUKTemplateBuilderLiveTest)
[pool-2-thread-1] Test testTemplateBuilderCannotFind(org.jclouds.rackspace.cloudservers.compute.CloudServersUKTemplateBuilderLiveTest) succeeded: 1ms
Test suite progress: tests succeeded: 38, failed: 5, skipped: 0.
Starting test testTemplateBuilderCannotFind(org.jclouds.rackspace.cloudservers.compute.CloudServersUKTemplateBuilderLiveTest)
[pool-2-thread-1] Test testTemplateBuilderCannotFind(org.jclouds.rackspace.cloudservers.compute.CloudServersUKTemplateBuilderLiveTest) succeeded: 1ms
Test suite progress: tests succeeded: 39, failed: 5, skipped: 0.
Starting test testTemplateBuilderCannotFind(org.jclouds.rackspace.cloudservers.compute.CloudServersUKTemplateBuilderLiveTest)
[pool-2-thread-1] Test testTemplateBuilderCannotFind(org.jclouds.rackspace.cloudservers.compute.CloudServersUKTemplateBuilderLiveTest) succeeded: 1ms
Test suite progress: tests succeeded: 40, failed: 5, skipped: 0.
Starting test testTemplateBuilderCannotFind(org.jclouds.rackspace.cloudservers.compute.CloudServersUKTemplateBuilderLiveTest)
[pool-2-thread-1] Test testTemplateBuilderCannotFind(org.jclouds.rackspace.cloudservers.compute.CloudServersUKTemplateBuilderLiveTest) succeeded: 3ms
Test suite progress: tests succeeded: 41, failed: 5, skipped: 0.
Starting test testTemplateBuilderCannotFind(org.jclouds.rackspace.cloudservers.compute.CloudServersUKTemplateBuilderLiveTest)
[pool-2-thread-1] Test testTemplateBuilderCannotFind(org.jclouds.rackspace.cloudservers.compute.CloudServersUKTemplateBuilderLiveTest) succeeded: 1ms
Test suite progress: tests succeeded: 42, failed: 5, skipped: 0.
Starting test testTemplateBuilderCannotFind(org.jclouds.rackspace.cloudservers.compute.CloudServersUKTemplateBuilderLiveTest)
[pool-2-thread-1] Test testTemplateBuilderCannotFind(org.jclouds.rackspace.cloudservers.compute.CloudServersUKTemplateBuilderLiveTest) succeeded: 2ms
Test suite progress: tests succeeded: 43, failed: 5, skipped: 0.
Starting test testTemplateBuilderCannotFind(org.jclouds.rackspace.cloudservers.compute.CloudServersUKTemplateBuilderLiveTest)
[pool-2-thread-1] Test testTemplateBuilderCannotFind(org.jclouds.rackspace.cloudservers.compute.CloudServersUKTemplateBuilderLiveTest) succeeded: 0ms
Test suite progress: tests succeeded: 44, failed: 5, skipped: 0.
Starting test testTemplateBuilderCannotFind(org.jclouds.rackspace.cloudservers.compute.CloudServersUKTemplateBuilderLiveTest)
[pool-2-thread-1] Test testTemplateBuilderCannotFind(org.jclouds.rackspace.cloudservers.compute.CloudServersUKTemplateBuilderLiveTest) succeeded: 2ms
Test suite progress: tests succeeded: 45, failed: 5, skipped: 0.
Starting test testTemplateBuilderCannotFind(org.jclouds.rackspace.cloudservers.compute.CloudServersUKTemplateBuilderLiveTest)
[pool-2-thread-1] Test testTemplateBuilderCannotFind(org.jclouds.rackspace.cloudservers.compute.CloudServersUKTemplateBuilderLiveTest) succeeded: 1ms
Test suite progress: tests succeeded: 46, failed: 5, skipped: 0.
Starting test testTemplateBuilderCannotFind(org.jclouds.rackspace.cloudservers.compute.CloudServersUKTemplateBuilderLiveTest)
[pool-2-thread-1] Test testTemplateBuilderCannotFind(org.jclouds.rackspace.cloudservers.compute.CloudServersUKTemplateBuilderLiveTest) succeeded: 2ms
Test suite progress: tests succeeded: 47, failed: 5, skipped: 0.
Starting test testTemplateBuilderCannotFind(org.jclouds.rackspace.cloudservers.compute.CloudServersUKTemplateBuilderLiveTest)
[pool-2-thread-1] Test testTemplateBuilderCannotFind(org.jclouds.rackspace.cloudservers.compute.CloudServersUKTemplateBuilderLiveTest) succeeded: 1ms
Test suite progress: tests succeeded: 48, failed: 5, skipped: 0.
Starting test testTemplateBuilderCannotFind(org.jclouds.rackspace.cloudservers.compute.CloudServersUKTemplateBuilderLiveTest)
[pool-2-thread-1] Test testTemplateBuilderCannotFind(org.jclouds.rackspace.cloudservers.compute.CloudServersUKTemplateBuilderLiveTest) succeeded: 0ms
Test suite progress: tests succeeded: 49, failed: 5, skipped: 0.
Starting test testTemplateBuilderCannotFind(org.jclouds.rackspace.cloudservers.compute.CloudServersUKTemplateBuilderLiveTest)
[pool-2-thread-1] Test testTemplateBuilderCannotFind(org.jclouds.rackspace.cloudservers.compute.CloudServersUKTemplateBuilderLiveTest) succeeded: 0ms
Test suite progress: tests succeeded: 50, failed: 5, skipped: 0.
Starting test testTemplateBuilderCannotFind(org.jclouds.rackspace.cloudservers.compute.CloudServersUKTemplateBuilderLiveTest)
[pool-2-thread-1] Test testTemplateBuilderCannotFind(org.jclouds.rackspace.cloudservers.compute.CloudServersUKTemplateBuilderLiveTest) succeeded: 1ms
Test suite progress: tests succeeded: 51, failed: 5, skipped: 0.
Starting test testTemplateBuilderCannotFind(org.jclouds.rackspace.cloudservers.compute.CloudServersUKTemplateBuilderLiveTest)
[pool-2-thread-1] Test testTemplateBuilderCannotFind(org.jclouds.rackspace.cloudservers.compute.CloudServersUKTemplateBuilderLiveTest) succeeded: 3ms
Test suite progress: tests succeeded: 52, failed: 5, skipped: 0.
Starting test testTemplateBuilderCannotFind(org.jclouds.rackspace.cloudservers.compute.CloudServersUKTemplateBuilderLiveTest)
[pool-2-thread-1] Test testTemplateBuilderCannotFind(org.jclouds.rackspace.cloudservers.compute.CloudServersUKTemplateBuilderLiveTest) succeeded: 2ms
Test suite progress: tests succeeded: 53, failed: 5, skipped: 0.
Starting test testTemplateBuilderCannotFind(org.jclouds.rackspace.cloudservers.compute.CloudServersUKTemplateBuilderLiveTest)
[pool-2-thread-1] Test testTemplateBuilderCannotFind(org.jclouds.rackspace.cloudservers.compute.CloudServersUKTemplateBuilderLiveTest) succeeded: 2ms
Test suite progress: tests succeeded: 54, failed: 5, skipped: 0.
Starting test testTemplateBuilderCannotFind(org.jclouds.rackspace.cloudservers.compute.CloudServersUKTemplateBuilderLiveTest)
[pool-2-thread-1] Test testTemplateBuilderCannotFind(org.jclouds.rackspace.cloudservers.compute.CloudServersUKTemplateBuilderLiveTest) succeeded: 2ms
Test suite progress: tests succeeded: 55, failed: 5, skipped: 0.
Starting test testTemplateBuilderCannotFind(org.jclouds.rackspace.cloudservers.compute.CloudServersUKTemplateBuilderLiveTest)
[pool-2-thread-1] Test testTemplateBuilderCannotFind(org.jclouds.rackspace.cloudservers.compute.CloudServersUKTemplateBuilderLiveTest) succeeded: 2ms
Test suite progress: tests succeeded: 56, failed: 5, skipped: 0.
Starting test testTemplateBuilderCannotFind(org.jclouds.rackspace.cloudservers.compute.CloudServersUKTemplateBuilderLiveTest)
[pool-2-thread-1] Test testTemplateBuilderCannotFind(org.jclouds.rackspace.cloudservers.compute.CloudServersUKTemplateBuilderLiveTest) failed.
Test suite progress: tests succeeded: 56, failed: 6, skipped: 0.
Starting test testTemplateBuilderCannotFind(org.jclouds.rackspace.cloudservers.compute.CloudServersUKTemplateBuilderLiveTest)
[pool-2-thread-1] Test testTemplateBuilderCannotFind(org.jclouds.rackspace.cloudservers.compute.CloudServersUKTemplateBuilderLiveTest) succeeded: 1ms
Test suite progress: tests succeeded: 57, failed: 6, skipped: 0.
Starting test testTemplateBuilderCannotFind(org.jclouds.rackspace.cloudservers.compute.CloudServersUKTemplateBuilderLiveTest)
[pool-2-thread-1] Test testTemplateBuilderCannotFind(org.jclouds.rackspace.cloudservers.compute.CloudServersUKTemplateBuilderLiveTest) succeeded: 1ms
Test suite progress: tests succeeded: 58, failed: 6, skipped: 0.
Starting test testTemplateBuilderCannotFind(org.jclouds.rackspace.cloudservers.compute.CloudServersUKTemplateBuilderLiveTest)
[pool-2-thread-1] Test testTemplateBuilderCannotFind(org.jclouds.rackspace.cloudservers.compute.CloudServersUKTemplateBuilderLiveTest) succeeded: 0ms
Test suite progress: tests succeeded: 59, failed: 6, skipped: 0.
Starting test testTemplateBuilderCannotFind(org.jclouds.rackspace.cloudservers.compute.CloudServersUKTemplateBuilderLiveTest)
[pool-2-thread-1] Test testTemplateBuilderCannotFind(org.jclouds.rackspace.cloudservers.compute.CloudServersUKTemplateBuilderLiveTest) succeeded: 1ms
Test suite progress: tests succeeded: 60, failed: 6, skipped: 0.
Starting test testTemplateBuilderCannotFind(org.jclouds.rackspace.cloudservers.compute.CloudServersUKTemplateBuilderLiveTest)
[pool-2-thread-1] Test testTemplateBuilderCannotFind(org.jclouds.rackspace.cloudservers.compute.CloudServersUKTemplateBuilderLiveTest) succeeded: 0ms
Test suite progress: tests succeeded: 61, failed: 6, skipped: 0.
Starting test testTemplateBuilderCannotFind(org.jclouds.rackspace.cloudservers.compute.CloudServersUKTemplateBuilderLiveTest)
[pool-2-thread-1] Test testTemplateBuilderCannotFind(org.jclouds.rackspace.cloudservers.compute.CloudServersUKTemplateBuilderLiveTest) succeeded: 3ms
Test suite progress: tests succeeded: 62, failed: 6, skipped: 0.
Starting test testTemplateBuilderCannotFind(org.jclouds.rackspace.cloudservers.compute.CloudServersUKTemplateBuilderLiveTest)
[pool-2-thread-1] Test testTemplateBuilderCannotFind(org.jclouds.rackspace.cloudservers.compute.CloudServersUKTemplateBuilderLiveTest) succeeded: 2ms
Test suite progress: tests succeeded: 63, failed: 6, skipped: 0.
Starting test testTemplateBuilderCannotFind(org.jclouds.rackspace.cloudservers.compute.CloudServersUKTemplateBuilderLiveTest)
[pool-2-thread-1] Test testTemplateBuilderCannotFind(org.jclouds.rackspace.cloudservers.compute.CloudServersUKTemplateBuilderLiveTest) succeeded: 1ms
Test suite progress: tests succeeded: 64, failed: 6, skipped: 0.
Starting test testTemplateBuilderCannotFind(org.jclouds.rackspace.cloudservers.compute.CloudServersUKTemplateBuilderLiveTest)
[pool-2-thread-1] Test testTemplateBuilderCannotFind(org.jclouds.rackspace.cloudservers.compute.CloudServersUKTemplateBuilderLiveTest) succeeded: 2ms
Test suite progress: tests succeeded: 65, failed: 6, skipped: 0.
Starting test testTemplateBuilderCannotFind(org.jclouds.rackspace.cloudservers.compute.CloudServersUKTemplateBuilderLiveTest)
[pool-2-thread-1] Test testTemplateBuilderCannotFind(org.jclouds.rackspace.cloudservers.compute.CloudServersUKTemplateBuilderLiveTest) succeeded: 2ms
Test suite progress: tests succeeded: 66, failed: 6, skipped: 0.
Starting test testTemplateBuilderCannotFind(org.jclouds.rackspace.cloudservers.compute.CloudServersUKTemplateBuilderLiveTest)
[pool-2-thread-1] Test testTemplateBuilderCannotFind(org.jclouds.rackspace.cloudservers.compute.CloudServersUKTemplateBuilderLiveTest) succeeded: 0ms
Test suite progress: tests succeeded: 67, failed: 6, skipped: 0.
Starting test testTemplateBuilderCannotFind(org.jclouds.rackspace.cloudservers.compute.CloudServersUKTemplateBuilderLiveTest)
[pool-2-thread-1] Test testTemplateBuilderCannotFind(org.jclouds.rackspace.cloudservers.compute.CloudServersUKTemplateBuilderLiveTest) succeeded: 1ms
Test suite progress: tests succeeded: 68, failed: 6, skipped: 0.
Starting test testTemplateBuilderCannotFind(org.jclouds.rackspace.cloudservers.compute.CloudServersUKTemplateBuilderLiveTest)
[pool-2-thread-1] Test testTemplateBuilderCannotFind(org.jclouds.rackspace.cloudservers.compute.CloudServersUKTemplateBuilderLiveTest) succeeded: 1ms
Test suite progress: tests succeeded: 69, failed: 6, skipped: 0.
Starting test testTemplateBuilderCannotFind(org.jclouds.rackspace.cloudservers.compute.CloudServersUKTemplateBuilderLiveTest)
[pool-2-thread-1] Test testTemplateBuilderCannotFind(org.jclouds.rackspace.cloudservers.compute.CloudServersUKTemplateBuilderLiveTest) succeeded: 2ms
Test suite progress: tests succeeded: 70, failed: 6, skipped: 0.
Starting test testTemplateBuilderCannotFind(org.jclouds.rackspace.cloudservers.compute.CloudServersUKTemplateBuilderLiveTest)
[pool-2-thread-1] Test testTemplateBuilderCannotFind(org.jclouds.rackspace.cloudservers.compute.CloudServersUKTemplateBuilderLiveTest) succeeded: 3ms
Test suite progress: tests succeeded: 71, failed: 6, skipped: 0.
Starting test testTemplateBuilderCannotFind(org.jclouds.rackspace.cloudservers.compute.CloudServersUKTemplateBuilderLiveTest)
[pool-2-thread-1] Test testTemplateBuilderCannotFind(org.jclouds.rackspace.cloudservers.compute.CloudServersUKTemplateBuilderLiveTest) succeeded: 0ms
Test suite progress: tests succeeded: 72, failed: 6, skipped: 0.
Starting test testTemplateBuilderCannotFind(org.jclouds.rackspace.cloudservers.compute.CloudServersUKTemplateBuilderLiveTest)
[pool-2-thread-1] Test testTemplateBuilderCannotFind(org.jclouds.rackspace.cloudservers.compute.CloudServersUKTemplateBuilderLiveTest) succeeded: 1ms
Test suite progress: tests succeeded: 73, failed: 6, skipped: 0.
Starting test testTemplateBuilderCannotFind(org.jclouds.rackspace.cloudservers.compute.CloudServersUKTemplateBuilderLiveTest)
[pool-2-thread-1] Test testTemplateBuilderCannotFind(org.jclouds.rackspace.cloudservers.compute.CloudServersUKTemplateBuilderLiveTest) succeeded: 1ms
Test suite progress: tests succeeded: 74, failed: 6, skipped: 0.
Starting test testTemplateBuilderCannotFind(org.jclouds.rackspace.cloudservers.compute.CloudServersUKTemplateBuilderLiveTest)
[pool-2-thread-1] Test testTemplateBuilderCannotFind(org.jclouds.rackspace.cloudservers.compute.CloudServersUKTemplateBuilderLiveTest) succeeded: 0ms
Test suite progress: tests succeeded: 75, failed: 6, skipped: 0.
Starting test testTemplateBuilderCannotFind(org.jclouds.rackspace.cloudservers.compute.CloudServersUKTemplateBuilderLiveTest)
[pool-2-thread-1] Test testTemplateBuilderCannotFind(org.jclouds.rackspace.cloudservers.compute.CloudServersUKTemplateBuilderLiveTest) succeeded: 1ms
Test suite progress: tests succeeded: 76, failed: 6, skipped: 0.
Starting test testTemplateBuilderCannotFind(org.jclouds.rackspace.cloudservers.compute.CloudServersUKTemplateBuilderLiveTest)
[pool-2-thread-1] Test testTemplateBuilderCannotFind(org.jclouds.rackspace.cloudservers.compute.CloudServersUKTemplateBuilderLiveTest) succeeded: 0ms
Test suite progress: tests succeeded: 77, failed: 6, skipped: 0.
Starting test testTemplateBuilderCannotFind(org.jclouds.rackspace.cloudservers.compute.CloudServersUKTemplateBuilderLiveTest)
[pool-2-thread-1] Test testTemplateBuilderCannotFind(org.jclouds.rackspace.cloudservers.compute.CloudServersUKTemplateBuilderLiveTest) succeeded: 0ms
Test suite progress: tests succeeded: 78, failed: 6, skipped: 0.
Starting test testTemplateBuilderCannotFind(org.jclouds.rackspace.cloudservers.compute.CloudServersUKTemplateBuilderLiveTest)
[pool-2-thread-1] Test testTemplateBuilderCannotFind(org.jclouds.rackspace.cloudservers.compute.CloudServersUKTemplateBuilderLiveTest) succeeded: 0ms
Test suite progress: tests succeeded: 79, failed: 6, skipped: 0.
Starting test testTemplateBuilderCannotFind(org.jclouds.rackspace.cloudservers.compute.CloudServersUKTemplateBuilderLiveTest)
[pool-2-thread-1] Test testTemplateBuilderCannotFind(org.jclouds.rackspace.cloudservers.compute.CloudServersUKTemplateBuilderLiveTest) succeeded: 0ms
Test suite progress: tests succeeded: 80, failed: 6, skipped: 0.
Starting test testTemplateBuilderCannotFind(org.jclouds.rackspace.cloudservers.compute.CloudServersUKTemplateBuilderLiveTest)
[pool-2-thread-1] Test testTemplateBuilderCannotFind(org.jclouds.rackspace.cloudservers.compute.CloudServersUKTemplateBuilderLiveTest) succeeded: 1ms
Test suite progress: tests succeeded: 81, failed: 6, skipped: 0.
Starting test testTemplateBuilderCannotFind(org.jclouds.rackspace.cloudservers.compute.CloudServersUKTemplateBuilderLiveTest)
[pool-2-thread-1] Test testTemplateBuilderCannotFind(org.jclouds.rackspace.cloudservers.compute.CloudServersUKTemplateBuilderLiveTest) succeeded: 0ms
Test suite progress: tests succeeded: 82, failed: 6, skipped: 0.
Starting test testTemplateBuilderCannotFind(org.jclouds.rackspace.cloudservers.compute.CloudServersUKTemplateBuilderLiveTest)
[pool-2-thread-1] Test testTemplateBuilderCannotFind(org.jclouds.rackspace.cloudservers.compute.CloudServersUKTemplateBuilderLiveTest) succeeded: 1ms
Test suite progress: tests succeeded: 83, failed: 6, skipped: 0.
Starting test testTemplateBuilderCannotFind(org.jclouds.rackspace.cloudservers.compute.CloudServersUKTemplateBuilderLiveTest)
[pool-2-thread-1] Test testTemplateBuilderCannotFind(org.jclouds.rackspace.cloudservers.compute.CloudServersUKTemplateBuilderLiveTest) succeeded: 0ms
Test suite progress: tests succeeded: 84, failed: 6, skipped: 0.
Starting test testTemplateBuilderCannotFind(org.jclouds.rackspace.cloudservers.compute.CloudServersUKTemplateBuilderLiveTest)
[pool-2-thread-1] Test testTemplateBuilderCannotFind(org.jclouds.rackspace.cloudservers.compute.CloudServersUKTemplateBuilderLiveTest) succeeded: 1ms
Test suite progress: tests succeeded: 85, failed: 6, skipped: 0.
Starting test testTemplateBuilderCannotFind(org.jclouds.rackspace.cloudservers.compute.CloudServersUKTemplateBuilderLiveTest)
[pool-2-thread-1] Test testTemplateBuilderCannotFind(org.jclouds.rackspace.cloudservers.compute.CloudServersUKTemplateBuilderLiveTest) succeeded: 0ms
Test suite progress: tests succeeded: 86, failed: 6, skipped: 0.
Starting test testTemplateBuilderCannotFind(org.jclouds.rackspace.cloudservers.compute.CloudServersUKTemplateBuilderLiveTest)
[pool-2-thread-1] Test testTemplateBuilderCannotFind(org.jclouds.rackspace.cloudservers.compute.CloudServersUKTemplateBuilderLiveTest) succeeded: 1ms
Test suite progress: tests succeeded: 87, failed: 6, skipped: 0.
Starting test testTemplateBuilderCannotFind(org.jclouds.rackspace.cloudservers.compute.CloudServersUKTemplateBuilderLiveTest)
[pool-2-thread-1] Test testTemplateBuilderCannotFind(org.jclouds.rackspace.cloudservers.compute.CloudServersUKTemplateBuilderLiveTest) succeeded: 0ms
Test suite progress: tests succeeded: 88, failed: 6, skipped: 0.
Starting test testTemplateBuilderCannotFind(org.jclouds.rackspace.cloudservers.compute.CloudServersUKTemplateBuilderLiveTest)
[pool-2-thread-1] Test testTemplateBuilderCannotFind(org.jclouds.rackspace.cloudservers.compute.CloudServersUKTemplateBuilderLiveTest) succeeded: 1ms
Test suite progress: tests succeeded: 89, failed: 6, skipped: 0.
Starting test testTemplateBuilderCannotFind(org.jclouds.rackspace.cloudservers.compute.CloudServersUKTemplateBuilderLiveTest)
[pool-2-thread-1] Test testTemplateBuilderCannotFind(org.jclouds.rackspace.cloudservers.compute.CloudServersUKTemplateBuilderLiveTest) failed.
Test suite progress: tests succeeded: 89, failed: 7, skipped: 0.
Starting test testTemplateBuilderCannotFind(org.jclouds.rackspace.cloudservers.compute.CloudServersUKTemplateBuilderLiveTest)
[pool-2-thread-1] Test testTemplateBuilderCannotFind(org.jclouds.rackspace.cloudservers.compute.CloudServersUKTemplateBuilderLiveTest) succeeded: 1ms
Test suite progress: tests succeeded: 90, failed: 7, skipped: 0.
Starting test testTemplateBuilderCannotFind(org.jclouds.rackspace.cloudservers.compute.CloudServersUKTemplateBuilderLiveTest)
[pool-2-thread-1] Test testTemplateBuilderCannotFind(org.jclouds.rackspace.cloudservers.compute.CloudServersUKTemplateBuilderLiveTest) succeeded: 0ms
Test suite progress: tests succeeded: 91, failed: 7, skipped: 0.
Starting test testTemplateBuilderCannotFind(org.jclouds.rackspace.cloudservers.compute.CloudServersUKTemplateBuilderLiveTest)
[pool-2-thread-1] Test testTemplateBuilderCannotFind(org.jclouds.rackspace.cloudservers.compute.CloudServersUKTemplateBuilderLiveTest) succeeded: 1ms
Test suite progress: tests succeeded: 92, failed: 7, skipped: 0.
Starting test testTemplateBuilderCannotFind(org.jclouds.rackspace.cloudservers.compute.CloudServersUKTemplateBuilderLiveTest)
[pool-2-thread-1] Test testTemplateBuilderCannotFind(org.jclouds.rackspace.cloudservers.compute.CloudServersUKTemplateBuilderLiveTest) succeeded: 1ms
Test suite progress: tests succeeded: 93, failed: 7, skipped: 0.
Starting test testTemplateBuilderCannotFind(org.jclouds.rackspace.cloudservers.compute.CloudServersUKTemplateBuilderLiveTest)
[pool-2-thread-1] Test testTemplateBuilderCannotFind(org.jclouds.rackspace.cloudservers.compute.CloudServersUKTemplateBuilderLiveTest) succeeded: 0ms
Test suite progress: tests succeeded: 94, failed: 7, skipped: 0.
Starting test testTemplateBuilderCannotFind(org.jclouds.rackspace.cloudservers.compute.CloudServersUKTemplateBuilderLiveTest)
[pool-2-thread-1] Test testTemplateBuilderCannotFind(org.jclouds.rackspace.cloudservers.compute.CloudServersUKTemplateBuilderLiveTest) succeeded: 1ms
Test suite progress: tests succeeded: 95, failed: 7, skipped: 0.
Starting test testTemplateBuilderCannotFind(org.jclouds.rackspace.cloudservers.compute.CloudServersUKTemplateBuilderLiveTest)
[pool-2-thread-1] Test testTemplateBuilderCannotFind(org.jclouds.rackspace.cloudservers.compute.CloudServersUKTemplateBuilderLiveTest) succeeded: 1ms
Test suite progress: tests succeeded: 96, failed: 7, skipped: 0.
Starting test testTemplateBuilderCannotFind(org.jclouds.rackspace.cloudservers.compute.CloudServersUKTemplateBuilderLiveTest)
[pool-2-thread-1] Test testTemplateBuilderCannotFind(org.jclouds.rackspace.cloudservers.compute.CloudServersUKTemplateBuilderLiveTest) succeeded: 0ms
Test suite progress: tests succeeded: 97, failed: 7, skipped: 0.
Starting test testTemplateBuilderCannotFind(org.jclouds.rackspace.cloudservers.compute.CloudServersUKTemplateBuilderLiveTest)
[pool-2-thread-1] Test testTemplateBuilderCannotFind(org.jclouds.rackspace.cloudservers.compute.CloudServersUKTemplateBuilderLiveTest) succeeded: 0ms
Test suite progress: tests succeeded: 98, failed: 7, skipped: 0.
Starting test testTemplateBuilderCannotFind(org.jclouds.rackspace.cloudservers.compute.CloudServersUKTemplateBuilderLiveTest)
[pool-2-thread-1] Test testTemplateBuilderCannotFind(org.jclouds.rackspace.cloudservers.compute.CloudServersUKTemplateBuilderLiveTest) succeeded: 1ms
Test suite progress: tests succeeded: 99, failed: 7, skipped: 0.
Starting test testTemplateBuilderCannotFind(org.jclouds.rackspace.cloudservers.compute.CloudServersUKTemplateBuilderLiveTest)
[pool-2-thread-1] Test testTemplateBuilderCannotFind(org.jclouds.rackspace.cloudservers.compute.CloudServersUKTemplateBuilderLiveTest) succeeded: 0ms
Test suite progress: tests succeeded: 100, failed: 7, skipped: 0.
Starting test testTemplateBuilderCannotFind(org.jclouds.rackspace.cloudservers.compute.CloudServersUKTemplateBuilderLiveTest)
[pool-2-thread-1] Test testTemplateBuilderCannotFind(org.jclouds.rackspace.cloudservers.compute.CloudServersUKTemplateBuilderLiveTest) succeeded: 1ms
Test suite progress: tests succeeded: 101, failed: 7, skipped: 0.
Starting test testTemplateBuilderWithImageIdSpecified(org.jclouds.rackspace.cloudservers.compute.CloudServersUKTemplateBuilderLiveTest)
[pool-2-thread-1] Test testTemplateBuilderWithImageIdSpecified(org.jclouds.rackspace.cloudservers.compute.CloudServersUKTemplateBuilderLiveTest) succeeded: 6940ms
Test suite progress: tests succeeded: 102, failed: 7, skipped: 0.
Starting test testTemplateBuilderWithLoginUserSpecified(org.jclouds.rackspace.cloudservers.compute.CloudServersUKTemplateBuilderLiveTest)
[pool-2-thread-1] Test testTemplateBuilderWithLoginUserSpecified(org.jclouds.rackspace.cloudservers.compute.CloudServersUKTemplateBuilderLiveTest) failed.
Test suite progress: tests succeeded: 102, failed: 8, skipped: 0.
Starting test testTemplateBuilder(org.jclouds.rackspace.cloudservers.compute.CloudServersUKTemplateBuilderLiveTest)
[pool-2-thread-1] Test testTemplateBuilder(org.jclouds.rackspace.cloudservers.compute.CloudServersUKTemplateBuilderLiveTest) failed.
Test suite progress: tests succeeded: 102, failed: 9, skipped: 0.
[pool-2-thread-2] Test testAScriptExecutionAfterBootWithBasicTemplate(org.jclouds.rackspace.cloudservers.compute.CloudServersUKComputeServiceLiveTest) failed.
Test suite progress: tests succeeded: 102, failed: 10, skipped: 0.
Starting test testCorrectAuthException(org.jclouds.rackspace.cloudservers.compute.CloudServersUKComputeServiceLiveTest)
[pool-2-thread-2] Test testCorrectAuthException(org.jclouds.rackspace.cloudservers.compute.CloudServersUKComputeServiceLiveTest) succeeded: 975ms
Test suite progress: tests succeeded: 103, failed: 10, skipped: 0.
Starting test testCreateAndRunAService(org.jclouds.rackspace.cloudservers.compute.CloudServersUKComputeServiceLiveTest)
Dec 15, 2011 2:26:09 AM org.jclouds.compute.BaseComputeServiceLiveTest testCreateAndRunAService
INFO: << available node(10084607) os([name=null, family=ubuntu, version=11.10, arch=null, is64Bit=true, description=Ubuntu 11.10]) in 167s
SLF4J: Failed to load class "org.slf4j.impl.StaticLoggerBinder".
SLF4J: Defaulting to no-operation (NOP) logger implementation
SLF4J: See http://www.slf4j.org/codes.html#StaticLoggerBinder for further details.
Dec 15, 2011 2:26:27 AM org.jclouds.compute.BaseComputeServiceLiveTest testCreateAndRunAService
INFO: << configured node(10084607) with bash: java: command not found and JBoss ls: cannot access /usr/local/jboss/bundles/org/jboss/as/osgi/configadmin/main: No such file or directory in 11s
Dec 15, 2011 2:26:35 AM org.jclouds.compute.BaseComputeServiceLiveTest getLocationForIp
WARNING: could not get info on ip 209.132.182.31; check freegeoip
Dec 15, 2011 2:26:35 AM org.jclouds.compute.BaseComputeServiceLiveTest testCreateAndRunAService
INFO: << location of jboss7(download.jboss.org) from perpective of node(10084607): 209.132.182.31
Dec 15, 2011 2:26:39 AM org.jclouds.compute.BaseComputeServiceLiveTest getLocationForIp
WARNING: could not get info on ip 92.122.126.226; check freegeoip
Dec 15, 2011 2:26:39 AM org.jclouds.compute.BaseComputeServiceLiveTest testCreateAndRunAService
INFO: << location of jdk7(download.oracle.com) from perpective of node(10084607): 92.122.126.226
[pool-2-thread-2] Test testCreateAndRunAService(org.jclouds.rackspace.cloudservers.compute.CloudServersUKComputeServiceLiveTest) failed.
Test suite progress: tests succeeded: 103, failed: 11, skipped: 0.
Starting test testCreateTwoNodesWithRunScript(org.jclouds.rackspace.cloudservers.compute.CloudServersUKComputeServiceLiveTest)
[pool-2-thread-2] Test testCreateTwoNodesWithRunScript(org.jclouds.rackspace.cloudservers.compute.CloudServersUKComputeServiceLiveTest) failed.
Test suite progress: tests succeeded: 103, failed: 12, skipped: 0.
[pool-2-thread-2] Test testCreateAnotherNodeWithANewContextToEnsureSharedMemIsntRequired(org.jclouds.rackspace.cloudservers.compute.CloudServersUKComputeServiceLiveTest) skipped.
Test suite progress: tests succeeded: 103, failed: 12, skipped: 1.
[pool-2-thread-2] Test testCredentialsCache(org.jclouds.rackspace.cloudservers.compute.CloudServersUKComputeServiceLiveTest) skipped.
Test suite progress: tests succeeded: 103, failed: 12, skipped: 2.
[pool-2-thread-2] Test testGet(org.jclouds.rackspace.cloudservers.compute.CloudServersUKComputeServiceLiveTest) skipped.
Test suite progress: tests succeeded: 103, failed: 12, skipped: 3.
Starting test testGetAssignableLocations(org.jclouds.rackspace.cloudservers.compute.CloudServersUKComputeServiceLiveTest)
Dec 15, 2011 2:31:14 AM org.jclouds.compute.BaseComputeServiceLiveTest testGetAssignableLocations
WARNING: location [id=cloudservers-uk, scope=PROVIDER, description=https://lon.auth.api.rackspacecloud.com, parent=null, iso3166Codes=[GB-SLG], metadata={}]
[pool-2-thread-2] Test testGetAssignableLocations(org.jclouds.rackspace.cloudservers.compute.CloudServersUKComputeServiceLiveTest) succeeded: 1ms
Test suite progress: tests succeeded: 104, failed: 12, skipped: 3.
Starting test testImagesCache(org.jclouds.rackspace.cloudservers.compute.CloudServersUKComputeServiceLiveTest)
[pool-2-thread-2] Test testImagesCache(org.jclouds.rackspace.cloudservers.compute.CloudServersUKComputeServiceLiveTest) succeeded: 0ms
Test suite progress: tests succeeded: 105, failed: 12, skipped: 3.
Starting test testListImages(org.jclouds.rackspace.cloudservers.compute.CloudServersUKComputeServiceLiveTest)
[pool-2-thread-2] Test testListImages(org.jclouds.rackspace.cloudservers.compute.CloudServersUKComputeServiceLiveTest) succeeded: 0ms
Test suite progress: tests succeeded: 106, failed: 12, skipped: 3.
Starting test testListSizes(org.jclouds.rackspace.cloudservers.compute.CloudServersUKComputeServiceLiveTest)
[pool-2-thread-2] Test testListSizes(org.jclouds.rackspace.cloudservers.compute.CloudServersUKComputeServiceLiveTest) succeeded: 1ms
Test suite progress: tests succeeded: 107, failed: 12, skipped: 3.
Starting test testOptionToNotBlock(org.jclouds.rackspace.cloudservers.compute.CloudServersUKComputeServiceLiveTest)
[pool-2-thread-2] Test testOptionToNotBlock(org.jclouds.rackspace.cloudservers.compute.CloudServersUKComputeServiceLiveTest) succeeded: 174243ms
Test suite progress: tests succeeded: 108, failed: 12, skipped: 3.
[pool-2-thread-2] Test testReboot(org.jclouds.rackspace.cloudservers.compute.CloudServersUKComputeServiceLiveTest) skipped.
Test suite progress: tests succeeded: 108, failed: 12, skipped: 4.
[pool-2-thread-2] Test testSuspendResume(org.jclouds.rackspace.cloudservers.compute.CloudServersUKComputeServiceLiveTest) skipped.
Test suite progress: tests succeeded: 108, failed: 12, skipped: 5.
[pool-2-thread-2] Test testGetNodesWithDetails(org.jclouds.rackspace.cloudservers.compute.CloudServersUKComputeServiceLiveTest) skipped.
Test suite progress: tests succeeded: 108, failed: 12, skipped: 6.
[pool-2-thread-2] Test testListNodes(org.jclouds.rackspace.cloudservers.compute.CloudServersUKComputeServiceLiveTest) skipped.
Test suite progress: tests succeeded: 108, failed: 12, skipped: 7.
[pool-2-thread-2] Test testDestroyNodes(org.jclouds.rackspace.cloudservers.compute.CloudServersUKComputeServiceLiveTest) skipped.
Test suite progress: tests succeeded: 108, failed: 12, skipped: 8.
Starting test testTemplateMatch(org.jclouds.rackspace.cloudservers.compute.CloudServersUKComputeServiceLiveTest)
[pool-2-thread-2] Test testTemplateMatch(org.jclouds.rackspace.cloudservers.compute.CloudServersUKComputeServiceLiveTest) succeeded: 2029ms
Test suite progress: tests succeeded: 109, failed: 12, skipped: 8.
Starting test testAssignability(org.jclouds.rackspace.cloudservers.compute.CloudServersUKComputeServiceLiveTest)
[pool-2-thread-2] Test testAssignability(org.jclouds.rackspace.cloudservers.compute.CloudServersUKComputeServiceLiveTest) succeeded: 71ms
Test suite progress: tests succeeded: 110, failed: 12, skipped: 8.
Starting test testCorrectExceptionRunningNodesNotFound(org.jclouds.rackspace.cloudservers.compute.CloudServersUKComputeServiceLiveTest)
[pool-2-thread-2] Test testCorrectExceptionRunningNodesNotFound(org.jclouds.rackspace.cloudservers.compute.CloudServersUKComputeServiceLiveTest) succeeded: 1201ms
Test suite progress: tests succeeded: 111, failed: 12, skipped: 8.
Tests run: 131, Failures: 12, Errors: 0, Skipped: 8, Time elapsed: 840.924 sec <<< FAILURE!

Results :

Failed tests:   testTemplateBuilderCanFind(org.jclouds.rackspace.cloudservers.compute.CloudServersUKTemplateBuilderLiveTest): no image matched predicate: And(locationEqualsOrChildOf(cloudservers-uk),And(osFamily(ubuntu),osVersion(^9.10$),os64Bit(true)))
  testTemplateBuilderCanFind(org.jclouds.rackspace.cloudservers.compute.CloudServersUKTemplateBuilderLiveTest): no image matched predicate: And(locationEqualsOrChildOf(cloudservers-uk),And(osFamily(ubuntu),osVersion(^8.04$),os64Bit(true)))
  testTemplateBuilderCanFind(org.jclouds.rackspace.cloudservers.compute.CloudServersUKTemplateBuilderLiveTest): no image matched predicate: And(locationEqualsOrChildOf(cloudservers-uk),And(osFamily(centos),osVersion(^5.4$),os64Bit(true)))
  testTemplateBuilderCanFind(org.jclouds.rackspace.cloudservers.compute.CloudServersUKTemplateBuilderLiveTest): no image matched predicate: And(locationEqualsOrChildOf(cloudservers-uk),And(osFamily(centos),osVersion(^5.5$),os64Bit(true)))
  testTemplateBuilderCanFind(org.jclouds.rackspace.cloudservers.compute.CloudServersUKTemplateBuilderLiveTest): no image matched predicate: And(locationEqualsOrChildOf(cloudservers-uk),And(osFamily(ubuntu),osVersion(^10.10$),os64Bit(true)))
  testTemplateBuilderCannotFind(org.jclouds.rackspace.cloudservers.compute.CloudServersUKTemplateBuilderLiveTest): 
  testTemplateBuilderCannotFind(org.jclouds.rackspace.cloudservers.compute.CloudServersUKTemplateBuilderLiveTest): 
  testTemplateBuilderWithLoginUserSpecified(org.jclouds.rackspace.cloudservers.compute.CloudServersUKTemplateBuilderLiveTest): expected:<[user=foo, passwordPresent=true, privateKeyPresent=false, shouldAuthenticateSudo=true]> but was:<[user=root, passwordPresent=false, privateKeyPresent=false, shouldAuthenticateSudo=false]>
  testTemplateBuilder(org.jclouds.rackspace.cloudservers.compute.CloudServersUKTemplateBuilderLiveTest): expected:<11.04> but was:<11.10>
  testAScriptExecutionAfterBootWithBasicTemplate(org.jclouds.rackspace.cloudservers.compute.CloudServersUKComputeServiceLiveTest)
  testCreateAndRunAService(org.jclouds.rackspace.cloudservers.compute.CloudServersUKComputeServiceLiveTest): failed to open socket [address=31.222.167.60, port=8080] on node [id=10084607, providerId=10084607, group=cs-s, name=cs-s-d6, location=[id=fd72491cd70cf0ee329f27b5f2c82064, scope=HOST, description=fd72491cd70cf0ee329f27b5f2c82064, parent=cloudservers-uk, iso3166Codes=[], metadata={}], uri=null, imageId=119, os=[name=null, family=ubuntu, version=11.10, arch=null, is64Bit=true, description=Ubuntu 11.10], state=RUNNING, loginPort=22, hostname=cs-s-d6, privateAddresses=[10.177.128.60], publicAddresses=[31.222.167.60], hardware=[id=1, providerId=1, name=256 server, processors=[[cores=1.0, speed=1.0]], ram=256, volumes=[[id=null, type=LOCAL, size=10.0, device=null, durable=true, isBootDevice=true]], supportsImage=ALWAYS_TRUE, tags=[]], loginUser=root, userMetadata={Name=cs-s}, tags=[]]:
  testCreateTwoNodesWithRunScript(org.jclouds.rackspace.cloudservers.compute.CloudServersUKComputeServiceLiveTest): [output=bash: java: command not found

Tests run: 131, Failures: 12, Errors: 0, Skipped: 8

[INFO] ------------------------------------------------------------------------
[INFO] BUILD FAILURE
[INFO] ------------------------------------------------------------------------
[INFO] Total time: 14:12.332s
[INFO] Finished at: Thu Dec 15 02:34:20 PST 2011
[INFO] Final Memory: 21M/265M
[INFO] ------------------------------------------------------------------------
[ERROR] Failed to execute goal org.apache.maven.plugins:maven-surefire-plugin:2.10:test (integration) on project cloudservers-uk: There are test failures.
[ERROR] 
[ERROR] Please refer to /Users/adriancole/workspace/git/jclouds/providers/cloudservers-uk/target/surefire-reports for the individual test results.
[ERROR] -> [Help 1]
[ERROR] 
[ERROR] To see the full stack trace of the errors, re-run Maven with the -e switch.
[ERROR] Re-run Maven using the -X switch to enable full debug logging.
[ERROR] 
[ERROR] For more information about the errors and possible solutions, please read the following articles:
[ERROR] [Help 1] http://cwiki.apache.org/confluence/display/MAVEN/MojoFailureException
