-------------------------------------------------------------------------------
Test set: TestSuite
-------------------------------------------------------------------------------
Tests run: 131, Failures: 12, Errors: 0, Skipped: 8, Time elapsed: 840.924 sec <<< FAILURE!
testTemplateBuilderCanFind(org.jclouds.rackspace.cloudservers.compute.CloudServersUKTemplateBuilderLiveTest)  Time elapsed: 0.003 sec  <<< FAILURE!
java.util.NoSuchElementException: no image matched predicate: And(locationEqualsOrChildOf(cloudservers-uk),And(osFamily(ubuntu),osVersion(^9.10$),os64Bit(true)))
	at org.jclouds.compute.domain.internal.TemplateBuilderImpl.throwNoSuchElementExceptionAfterLoggingImageIds(TemplateBuilderImpl.java:581)
	at org.jclouds.compute.domain.internal.TemplateBuilderImpl.build(TemplateBuilderImpl.java:569)
	at org.jclouds.compute.BaseTemplateBuilderLiveTest.testTemplateBuilderCanFind(BaseTemplateBuilderLiveTest.java:149)
	at sun.reflect.NativeMethodAccessorImpl.invoke0(Native Method)
	at sun.reflect.NativeMethodAccessorImpl.invoke(NativeMethodAccessorImpl.java:39)
	at sun.reflect.DelegatingMethodAccessorImpl.invoke(DelegatingMethodAccessorImpl.java:25)
	at java.lang.reflect.Method.invoke(Method.java:597)
	at org.testng.internal.MethodInvocationHelper.invokeMethod(MethodInvocationHelper.java:76)
	at org.testng.internal.Invoker.invokeMethod(Invoker.java:673)
	at org.testng.internal.Invoker.invokeTestMethod(Invoker.java:846)
	at org.testng.internal.Invoker.invokeTestMethods(Invoker.java:1170)
	at org.testng.internal.TestMethodWorker.invokeTestMethods(TestMethodWorker.java:125)
	at org.testng.internal.TestMethodWorker.run(TestMethodWorker.java:109)
	at org.testng.TestRunner.runWorkers(TestRunner.java:1147)
	at org.testng.TestRunner.privateRun(TestRunner.java:749)
	at org.testng.TestRunner.run(TestRunner.java:600)
	at org.testng.SuiteRunner.runTest(SuiteRunner.java:317)
	at org.testng.SuiteRunner.access$000(SuiteRunner.java:34)
	at org.testng.SuiteRunner$SuiteWorker.run(SuiteRunner.java:351)
	at org.testng.internal.thread.ThreadUtil$CountDownLatchedRunnable.run(ThreadUtil.java:147)
	at java.util.concurrent.ThreadPoolExecutor$Worker.runTask(ThreadPoolExecutor.java:886)
	at java.util.concurrent.ThreadPoolExecutor$Worker.run(ThreadPoolExecutor.java:908)
	at java.lang.Thread.run(Thread.java:680)
testTemplateBuilderCanFind(org.jclouds.rackspace.cloudservers.compute.CloudServersUKTemplateBuilderLiveTest)  Time elapsed: 0.01 sec  <<< FAILURE!
java.util.NoSuchElementException: no image matched predicate: And(locationEqualsOrChildOf(cloudservers-uk),And(osFamily(ubuntu),osVersion(^8.04$),os64Bit(true)))
	at org.jclouds.compute.domain.internal.TemplateBuilderImpl.throwNoSuchElementExceptionAfterLoggingImageIds(TemplateBuilderImpl.java:581)
	at org.jclouds.compute.domain.internal.TemplateBuilderImpl.build(TemplateBuilderImpl.java:569)
	at org.jclouds.compute.BaseTemplateBuilderLiveTest.testTemplateBuilderCanFind(BaseTemplateBuilderLiveTest.java:149)
	at sun.reflect.NativeMethodAccessorImpl.invoke0(Native Method)
	at sun.reflect.NativeMethodAccessorImpl.invoke(NativeMethodAccessorImpl.java:39)
	at sun.reflect.DelegatingMethodAccessorImpl.invoke(DelegatingMethodAccessorImpl.java:25)
	at java.lang.reflect.Method.invoke(Method.java:597)
	at org.testng.internal.MethodInvocationHelper.invokeMethod(MethodInvocationHelper.java:76)
	at org.testng.internal.Invoker.invokeMethod(Invoker.java:673)
	at org.testng.internal.Invoker.invokeTestMethod(Invoker.java:846)
	at org.testng.internal.Invoker.invokeTestMethods(Invoker.java:1170)
	at org.testng.internal.TestMethodWorker.invokeTestMethods(TestMethodWorker.java:125)
	at org.testng.internal.TestMethodWorker.run(TestMethodWorker.java:109)
	at org.testng.TestRunner.runWorkers(TestRunner.java:1147)
	at org.testng.TestRunner.privateRun(TestRunner.java:749)
	at org.testng.TestRunner.run(TestRunner.java:600)
	at org.testng.SuiteRunner.runTest(SuiteRunner.java:317)
	at org.testng.SuiteRunner.access$000(SuiteRunner.java:34)
	at org.testng.SuiteRunner$SuiteWorker.run(SuiteRunner.java:351)
	at org.testng.internal.thread.ThreadUtil$CountDownLatchedRunnable.run(ThreadUtil.java:147)
	at java.util.concurrent.ThreadPoolExecutor$Worker.runTask(ThreadPoolExecutor.java:886)
	at java.util.concurrent.ThreadPoolExecutor$Worker.run(ThreadPoolExecutor.java:908)
	at java.lang.Thread.run(Thread.java:680)
testTemplateBuilderCanFind(org.jclouds.rackspace.cloudservers.compute.CloudServersUKTemplateBuilderLiveTest)  Time elapsed: 0 sec  <<< FAILURE!
java.util.NoSuchElementException: no image matched predicate: And(locationEqualsOrChildOf(cloudservers-uk),And(osFamily(centos),osVersion(^5.4$),os64Bit(true)))
	at org.jclouds.compute.domain.internal.TemplateBuilderImpl.throwNoSuchElementExceptionAfterLoggingImageIds(TemplateBuilderImpl.java:581)
	at org.jclouds.compute.domain.internal.TemplateBuilderImpl.build(TemplateBuilderImpl.java:569)
	at org.jclouds.compute.BaseTemplateBuilderLiveTest.testTemplateBuilderCanFind(BaseTemplateBuilderLiveTest.java:149)
	at sun.reflect.NativeMethodAccessorImpl.invoke0(Native Method)
	at sun.reflect.NativeMethodAccessorImpl.invoke(NativeMethodAccessorImpl.java:39)
	at sun.reflect.DelegatingMethodAccessorImpl.invoke(DelegatingMethodAccessorImpl.java:25)
	at java.lang.reflect.Method.invoke(Method.java:597)
	at org.testng.internal.MethodInvocationHelper.invokeMethod(MethodInvocationHelper.java:76)
	at org.testng.internal.Invoker.invokeMethod(Invoker.java:673)
	at org.testng.internal.Invoker.invokeTestMethod(Invoker.java:846)
	at org.testng.internal.Invoker.invokeTestMethods(Invoker.java:1170)
	at org.testng.internal.TestMethodWorker.invokeTestMethods(TestMethodWorker.java:125)
	at org.testng.internal.TestMethodWorker.run(TestMethodWorker.java:109)
	at org.testng.TestRunner.runWorkers(TestRunner.java:1147)
	at org.testng.TestRunner.privateRun(TestRunner.java:749)
	at org.testng.TestRunner.run(TestRunner.java:600)
	at org.testng.SuiteRunner.runTest(SuiteRunner.java:317)
	at org.testng.SuiteRunner.access$000(SuiteRunner.java:34)
	at org.testng.SuiteRunner$SuiteWorker.run(SuiteRunner.java:351)
	at org.testng.internal.thread.ThreadUtil$CountDownLatchedRunnable.run(ThreadUtil.java:147)
	at java.util.concurrent.ThreadPoolExecutor$Worker.runTask(ThreadPoolExecutor.java:886)
	at java.util.concurrent.ThreadPoolExecutor$Worker.run(ThreadPoolExecutor.java:908)
	at java.lang.Thread.run(Thread.java:680)
testTemplateBuilderCanFind(org.jclouds.rackspace.cloudservers.compute.CloudServersUKTemplateBuilderLiveTest)  Time elapsed: 0 sec  <<< FAILURE!
java.util.NoSuchElementException: no image matched predicate: And(locationEqualsOrChildOf(cloudservers-uk),And(osFamily(centos),osVersion(^5.5$),os64Bit(true)))
	at org.jclouds.compute.domain.internal.TemplateBuilderImpl.throwNoSuchElementExceptionAfterLoggingImageIds(TemplateBuilderImpl.java:581)
	at org.jclouds.compute.domain.internal.TemplateBuilderImpl.build(TemplateBuilderImpl.java:569)
	at org.jclouds.compute.BaseTemplateBuilderLiveTest.testTemplateBuilderCanFind(BaseTemplateBuilderLiveTest.java:149)
	at sun.reflect.NativeMethodAccessorImpl.invoke0(Native Method)
	at sun.reflect.NativeMethodAccessorImpl.invoke(NativeMethodAccessorImpl.java:39)
	at sun.reflect.DelegatingMethodAccessorImpl.invoke(DelegatingMethodAccessorImpl.java:25)
	at java.lang.reflect.Method.invoke(Method.java:597)
	at org.testng.internal.MethodInvocationHelper.invokeMethod(MethodInvocationHelper.java:76)
	at org.testng.internal.Invoker.invokeMethod(Invoker.java:673)
	at org.testng.internal.Invoker.invokeTestMethod(Invoker.java:846)
	at org.testng.internal.Invoker.invokeTestMethods(Invoker.java:1170)
	at org.testng.internal.TestMethodWorker.invokeTestMethods(TestMethodWorker.java:125)
	at org.testng.internal.TestMethodWorker.run(TestMethodWorker.java:109)
	at org.testng.TestRunner.runWorkers(TestRunner.java:1147)
	at org.testng.TestRunner.privateRun(TestRunner.java:749)
	at org.testng.TestRunner.run(TestRunner.java:600)
	at org.testng.SuiteRunner.runTest(SuiteRunner.java:317)
	at org.testng.SuiteRunner.access$000(SuiteRunner.java:34)
	at org.testng.SuiteRunner$SuiteWorker.run(SuiteRunner.java:351)
	at org.testng.internal.thread.ThreadUtil$CountDownLatchedRunnable.run(ThreadUtil.java:147)
	at java.util.concurrent.ThreadPoolExecutor$Worker.runTask(ThreadPoolExecutor.java:886)
	at java.util.concurrent.ThreadPoolExecutor$Worker.run(ThreadPoolExecutor.java:908)
	at java.lang.Thread.run(Thread.java:680)
testTemplateBuilderCanFind(org.jclouds.rackspace.cloudservers.compute.CloudServersUKTemplateBuilderLiveTest)  Time elapsed: 0.001 sec  <<< FAILURE!
java.util.NoSuchElementException: no image matched predicate: And(locationEqualsOrChildOf(cloudservers-uk),And(osFamily(ubuntu),osVersion(^10.10$),os64Bit(true)))
	at org.jclouds.compute.domain.internal.TemplateBuilderImpl.throwNoSuchElementExceptionAfterLoggingImageIds(TemplateBuilderImpl.java:581)
	at org.jclouds.compute.domain.internal.TemplateBuilderImpl.build(TemplateBuilderImpl.java:569)
	at org.jclouds.compute.BaseTemplateBuilderLiveTest.testTemplateBuilderCanFind(BaseTemplateBuilderLiveTest.java:149)
	at sun.reflect.NativeMethodAccessorImpl.invoke0(Native Method)
	at sun.reflect.NativeMethodAccessorImpl.invoke(NativeMethodAccessorImpl.java:39)
	at sun.reflect.DelegatingMethodAccessorImpl.invoke(DelegatingMethodAccessorImpl.java:25)
	at java.lang.reflect.Method.invoke(Method.java:597)
	at org.testng.internal.MethodInvocationHelper.invokeMethod(MethodInvocationHelper.java:76)
	at org.testng.internal.Invoker.invokeMethod(Invoker.java:673)
	at org.testng.internal.Invoker.invokeTestMethod(Invoker.java:846)
	at org.testng.internal.Invoker.invokeTestMethods(Invoker.java:1170)
	at org.testng.internal.TestMethodWorker.invokeTestMethods(TestMethodWorker.java:125)
	at org.testng.internal.TestMethodWorker.run(TestMethodWorker.java:109)
	at org.testng.TestRunner.runWorkers(TestRunner.java:1147)
	at org.testng.TestRunner.privateRun(TestRunner.java:749)
	at org.testng.TestRunner.run(TestRunner.java:600)
	at org.testng.SuiteRunner.runTest(SuiteRunner.java:317)
	at org.testng.SuiteRunner.access$000(SuiteRunner.java:34)
	at org.testng.SuiteRunner$SuiteWorker.run(SuiteRunner.java:351)
	at org.testng.internal.thread.ThreadUtil$CountDownLatchedRunnable.run(ThreadUtil.java:147)
	at java.util.concurrent.ThreadPoolExecutor$Worker.runTask(ThreadPoolExecutor.java:886)
	at java.util.concurrent.ThreadPoolExecutor$Worker.run(ThreadPoolExecutor.java:908)
	at java.lang.Thread.run(Thread.java:680)
testTemplateBuilderCannotFind(org.jclouds.rackspace.cloudservers.compute.CloudServersUKTemplateBuilderLiveTest)  Time elapsed: 0.001 sec  <<< FAILURE!
org.testng.TestException: 
Method org.jclouds.compute.BaseTemplateBuilderLiveTest.testTemplateBuilderCannotFind(org.jclouds.compute.domain.OsFamilyVersion64Bit) should have thrown an exception of class java.util.NoSuchElementException
	at org.testng.internal.Invoker.handleInvocationResults(Invoker.java:1442)
	at org.testng.internal.Invoker.invokeMethod(Invoker.java:722)
	at org.testng.internal.Invoker.invokeTestMethod(Invoker.java:846)
	at org.testng.internal.Invoker.invokeTestMethods(Invoker.java:1170)
	at org.testng.internal.TestMethodWorker.invokeTestMethods(TestMethodWorker.java:125)
	at org.testng.internal.TestMethodWorker.run(TestMethodWorker.java:109)
	at org.testng.TestRunner.runWorkers(TestRunner.java:1147)
	at org.testng.TestRunner.privateRun(TestRunner.java:749)
	at org.testng.TestRunner.run(TestRunner.java:600)
	at org.testng.SuiteRunner.runTest(SuiteRunner.java:317)
	at org.testng.SuiteRunner.access$000(SuiteRunner.java:34)
	at org.testng.SuiteRunner$SuiteWorker.run(SuiteRunner.java:351)
	at org.testng.internal.thread.ThreadUtil$CountDownLatchedRunnable.run(ThreadUtil.java:147)
	at java.util.concurrent.ThreadPoolExecutor$Worker.runTask(ThreadPoolExecutor.java:886)
	at java.util.concurrent.ThreadPoolExecutor$Worker.run(ThreadPoolExecutor.java:908)
	at java.lang.Thread.run(Thread.java:680)
testTemplateBuilderCannotFind(org.jclouds.rackspace.cloudservers.compute.CloudServersUKTemplateBuilderLiveTest)  Time elapsed: 0.001 sec  <<< FAILURE!
org.testng.TestException: 
Method org.jclouds.compute.BaseTemplateBuilderLiveTest.testTemplateBuilderCannotFind(org.jclouds.compute.domain.OsFamilyVersion64Bit) should have thrown an exception of class java.util.NoSuchElementException
	at org.testng.internal.Invoker.handleInvocationResults(Invoker.java:1442)
	at org.testng.internal.Invoker.invokeMethod(Invoker.java:722)
	at org.testng.internal.Invoker.invokeTestMethod(Invoker.java:846)
	at org.testng.internal.Invoker.invokeTestMethods(Invoker.java:1170)
	at org.testng.internal.TestMethodWorker.invokeTestMethods(TestMethodWorker.java:125)
	at org.testng.internal.TestMethodWorker.run(TestMethodWorker.java:109)
	at org.testng.TestRunner.runWorkers(TestRunner.java:1147)
	at org.testng.TestRunner.privateRun(TestRunner.java:749)
	at org.testng.TestRunner.run(TestRunner.java:600)
	at org.testng.SuiteRunner.runTest(SuiteRunner.java:317)
	at org.testng.SuiteRunner.access$000(SuiteRunner.java:34)
	at org.testng.SuiteRunner$SuiteWorker.run(SuiteRunner.java:351)
	at org.testng.internal.thread.ThreadUtil$CountDownLatchedRunnable.run(ThreadUtil.java:147)
	at java.util.concurrent.ThreadPoolExecutor$Worker.runTask(ThreadPoolExecutor.java:886)
	at java.util.concurrent.ThreadPoolExecutor$Worker.run(ThreadPoolExecutor.java:908)
	at java.lang.Thread.run(Thread.java:680)
testTemplateBuilderWithLoginUserSpecified(org.jclouds.rackspace.cloudservers.compute.CloudServersUKTemplateBuilderLiveTest)  Time elapsed: 3.277 sec  <<< FAILURE!
java.lang.AssertionError: expected:<[user=foo, passwordPresent=true, privateKeyPresent=false, shouldAuthenticateSudo=true]> but was:<[user=root, passwordPresent=false, privateKeyPresent=false, shouldAuthenticateSudo=false]>
	at org.testng.Assert.fail(Assert.java:89)
	at org.testng.Assert.failNotEquals(Assert.java:480)
	at org.testng.Assert.assertEquals(Assert.java:118)
	at org.testng.Assert.assertEquals(Assert.java:160)
	at org.jclouds.compute.BaseTemplateBuilderLiveTest.tryOverrideUsingPropertyKey(BaseTemplateBuilderLiveTest.java:281)
	at org.jclouds.compute.BaseTemplateBuilderLiveTest.testTemplateBuilderWithLoginUserSpecified(BaseTemplateBuilderLiveTest.java:262)
	at sun.reflect.NativeMethodAccessorImpl.invoke0(Native Method)
	at sun.reflect.NativeMethodAccessorImpl.invoke(NativeMethodAccessorImpl.java:39)
	at sun.reflect.DelegatingMethodAccessorImpl.invoke(DelegatingMethodAccessorImpl.java:25)
	at java.lang.reflect.Method.invoke(Method.java:597)
	at org.testng.internal.MethodInvocationHelper.invokeMethod(MethodInvocationHelper.java:76)
	at org.testng.internal.Invoker.invokeMethod(Invoker.java:673)
	at org.testng.internal.Invoker.invokeTestMethod(Invoker.java:846)
	at org.testng.internal.Invoker.invokeTestMethods(Invoker.java:1170)
	at org.testng.internal.TestMethodWorker.invokeTestMethods(TestMethodWorker.java:125)
	at org.testng.internal.TestMethodWorker.run(TestMethodWorker.java:109)
	at org.testng.TestRunner.runWorkers(TestRunner.java:1147)
	at org.testng.TestRunner.privateRun(TestRunner.java:749)
	at org.testng.TestRunner.run(TestRunner.java:600)
	at org.testng.SuiteRunner.runTest(SuiteRunner.java:317)
	at org.testng.SuiteRunner.access$000(SuiteRunner.java:34)
	at org.testng.SuiteRunner$SuiteWorker.run(SuiteRunner.java:351)
	at org.testng.internal.thread.ThreadUtil$CountDownLatchedRunnable.run(ThreadUtil.java:147)
	at java.util.concurrent.ThreadPoolExecutor$Worker.runTask(ThreadPoolExecutor.java:886)
	at java.util.concurrent.ThreadPoolExecutor$Worker.run(ThreadPoolExecutor.java:908)
	at java.lang.Thread.run(Thread.java:680)
testTemplateBuilder(org.jclouds.rackspace.cloudservers.compute.CloudServersUKTemplateBuilderLiveTest)  Time elapsed: 0.001 sec  <<< FAILURE!
java.lang.AssertionError: expected:<11.04> but was:<11.10>
	at org.testng.Assert.fail(Assert.java:89)
	at org.testng.Assert.failNotEquals(Assert.java:480)
	at org.testng.Assert.assertEquals(Assert.java:118)
	at org.testng.Assert.assertEquals(Assert.java:171)
	at org.testng.Assert.assertEquals(Assert.java:181)
	at org.jclouds.rackspace.cloudservers.compute.CloudServersUKTemplateBuilderLiveTest.testTemplateBuilder(CloudServersUKTemplateBuilderLiveTest.java:75)
testAScriptExecutionAfterBootWithBasicTemplate(org.jclouds.rackspace.cloudservers.compute.CloudServersUKComputeServiceLiveTest)  Time elapsed: 106.881 sec  <<< FAILURE!
java.lang.NullPointerException
	at org.jclouds.compute.BaseComputeServiceLiveTest.testAScriptExecutionAfterBootWithBasicTemplate(BaseComputeServiceLiveTest.java:233)
	at sun.reflect.NativeMethodAccessorImpl.invoke0(Native Method)
	at sun.reflect.NativeMethodAccessorImpl.invoke(NativeMethodAccessorImpl.java:39)
	at sun.reflect.DelegatingMethodAccessorImpl.invoke(DelegatingMethodAccessorImpl.java:25)
	at java.lang.reflect.Method.invoke(Method.java:597)
	at org.testng.internal.MethodInvocationHelper.invokeMethod(MethodInvocationHelper.java:76)
	at org.testng.internal.Invoker.invokeMethod(Invoker.java:673)
	at org.testng.internal.Invoker.invokeTestMethod(Invoker.java:846)
	at org.testng.internal.Invoker.invokeTestMethods(Invoker.java:1170)
	at org.testng.internal.TestMethodWorker.invokeTestMethods(TestMethodWorker.java:125)
	at org.testng.internal.TestMethodWorker.run(TestMethodWorker.java:109)
	at org.testng.TestRunner.runWorkers(TestRunner.java:1147)
	at org.testng.TestRunner.privateRun(TestRunner.java:749)
	at org.testng.TestRunner.run(TestRunner.java:600)
	at org.testng.SuiteRunner.runTest(SuiteRunner.java:317)
	at org.testng.SuiteRunner.access$000(SuiteRunner.java:34)
	at org.testng.SuiteRunner$SuiteWorker.run(SuiteRunner.java:351)
	at org.testng.internal.thread.ThreadUtil$CountDownLatchedRunnable.run(ThreadUtil.java:147)
	at java.util.concurrent.ThreadPoolExecutor$Worker.runTask(ThreadPoolExecutor.java:886)
	at java.util.concurrent.ThreadPoolExecutor$Worker.run(ThreadPoolExecutor.java:908)
	at java.lang.Thread.run(Thread.java:680)
testCreateAndRunAService(org.jclouds.rackspace.cloudservers.compute.CloudServersUKComputeServiceLiveTest)  Time elapsed: 283.804 sec  <<< FAILURE!
java.lang.AssertionError: failed to open socket [address=31.222.167.60, port=8080] on node [id=10084607, providerId=10084607, group=cs-s, name=cs-s-d6, location=[id=fd72491cd70cf0ee329f27b5f2c82064, scope=HOST, description=fd72491cd70cf0ee329f27b5f2c82064, parent=cloudservers-uk, iso3166Codes=[], metadata={}], uri=null, imageId=119, os=[name=null, family=ubuntu, version=11.10, arch=null, is64Bit=true, description=Ubuntu 11.10], state=RUNNING, loginPort=22, hostname=cs-s-d6, privateAddresses=[10.177.128.60], publicAddresses=[31.222.167.60], hardware=[id=1, providerId=1, name=256 server, processors=[[cores=1.0, speed=1.0]], ram=256, volumes=[[id=null, type=LOCAL, size=10.0, device=null, durable=true, isBootDevice=true]], supportsImage=ALWAYS_TRUE, tags=[]], loginUser=root, userMetadata={Name=cs-s}, tags=[]]:
[output=, error=, exitCode=0][output=/usr/local/jboss/jboss.sh: line 13: java: command not found
, error=, exitCode=0]
	at org.jclouds.compute.BaseComputeServiceLiveTest.trackAvailabilityOfProcessOnNode(BaseComputeServiceLiveTest.java:597)
	at org.jclouds.compute.BaseComputeServiceLiveTest.testCreateAndRunAService(BaseComputeServiceLiveTest.java:708)
	at sun.reflect.NativeMethodAccessorImpl.invoke0(Native Method)
	at sun.reflect.NativeMethodAccessorImpl.invoke(NativeMethodAccessorImpl.java:39)
	at sun.reflect.DelegatingMethodAccessorImpl.invoke(DelegatingMethodAccessorImpl.java:25)
	at java.lang.reflect.Method.invoke(Method.java:597)
	at org.testng.internal.MethodInvocationHelper.invokeMethod(MethodInvocationHelper.java:76)
	at org.testng.internal.Invoker.invokeMethod(Invoker.java:673)
	at org.testng.internal.Invoker.invokeTestMethod(Invoker.java:846)
	at org.testng.internal.Invoker.invokeTestMethods(Invoker.java:1170)
	at org.testng.internal.TestMethodWorker.invokeTestMethods(TestMethodWorker.java:125)
	at org.testng.internal.TestMethodWorker.run(TestMethodWorker.java:109)
	at org.testng.TestRunner.runWorkers(TestRunner.java:1147)
	at org.testng.TestRunner.privateRun(TestRunner.java:749)
	at org.testng.TestRunner.run(TestRunner.java:600)
	at org.testng.SuiteRunner.runTest(SuiteRunner.java:317)
	at org.testng.SuiteRunner.access$000(SuiteRunner.java:34)
	at org.testng.SuiteRunner$SuiteWorker.run(SuiteRunner.java:351)
	at org.testng.internal.thread.ThreadUtil$CountDownLatchedRunnable.run(ThreadUtil.java:147)
	at java.util.concurrent.ThreadPoolExecutor$Worker.runTask(ThreadPoolExecutor.java:886)
	at java.util.concurrent.ThreadPoolExecutor$Worker.run(ThreadPoolExecutor.java:908)
	at java.lang.Thread.run(Thread.java:680)
testCreateTwoNodesWithRunScript(org.jclouds.rackspace.cloudservers.compute.CloudServersUKComputeServiceLiveTest)  Time elapsed: 190.775 sec  <<< FAILURE!
java.lang.AssertionError: [output=bash: java: command not found
, error=, exitCode=127]
[output=#!/bin/bash
set +u
shopt -s xpg_echo
shopt -s expand_aliases
PROMPT_COMMAND='echo -ne "\033]0;bootstrap\007"'
export PATH=/usr/ucb/bin:/bin:/sbin:/usr/bin:/usr/sbin
export INSTANCE_NAME='bootstrap'
export INSTANCE_NAME='bootstrap'
export INSTANCE_HOME='/tmp/bootstrap'
export LOG_DIR='/tmp/bootstrap'
cd $INSTANCE_HOME
rm /etc/sudoers
cat >> /etc/sudoers <<'END_OF_FILE'
root ALL = (ALL) ALL
%wheel ALL = (ALL) NOPASSWD:ALL
END_OF_FILE
chmod 0440 /etc/sudoers
mkdir -p /home/users
groupadd -f wheel
useradd -s /bin/bash -g wheel -m  -d /home/users/adriancole -p '$6$3Xhgy4tlTdk1muNu$7oxgfp2ndIFEiKK.1Z6/EpHFb34ppbgfBCBWpVt3Hu5f1AO7HDlBRlGd8NDRQeeVDhoBnY/Yzqz01orTlO4zG0' adriancole
mkdir -p /home/users/adriancole/.ssh
cat >> /home/users/adriancole/.ssh/authorized_keys <<'END_OF_FILE'
ssh-rsa AAAAB3NzaC1yc2EAAAABIwAAAQEA3oKzzot7fqISh01hu3+iZe0dxKBi43edm2xxb//0KW8NfnrYdagMmX1nQFtdF/6EkKSoTHLMCxZEBHYozW8cRDHlwvz5rh9fb7ApuM8zUO19IUFroC/gsuQgvWcHmlRNA257VEUPLzeRaWbCyvLeRcc2y25Z1rvgGQin0MccWuApE/iBdxGXUfcW8rOy9WNxpYjwbV9t5vOabPD8PMd2U+uRPcbRbAdv/pu2kVDN11KvXWP0XX56xT4sqSeBX0FSvZxVyx+SAixlr6hGkavC7ZIoC+hoHjEl0Fecx9gKYLp4KdyxyqPs5hRMc9x3vJ5/lrIZHhVB172tR3IOY/ossw== adriancole@Adrian-Coles-iMac.local

END_OF_FILE
chmod 600 /home/users/adriancole/.ssh/authorized_keys
chown -R adriancole /home/users/adriancole
exec 3<> /etc/ssh/sshd_config && awk -v TEXT="PasswordAuthentication no
PermitRootLogin no
" 'BEGIN {print TEXT}{print}' /etc/ssh/sshd_config >&3
/etc/init.d/sshd reload||/etc/init.d/ssh reload
awk -v user=^${SUDO_USER:=${USER}}: -v password='$6$kuSLZfzDmv0FU921$DOnzEDA72TDuYFDk7se53E7BHq3T8m5htmFHEQgpsK.X5Vma0CIFkDjZBOMe.PO/fRqGzeCcS0uF8bbdC13i7/' 'BEGIN { FS=OFS=":" } $0 ~ user { $2 = password } 1' /etc/shadow >/etc/shadow.${SUDO_USER:=${USER}}
test -f /etc/shadow.${SUDO_USER:=${USER}} && mv /etc/shadow.${SUDO_USER:=${USER}} /etc/shadow
grep `hostname` /etc/hosts >/dev/null || awk -v hostname=`hostname` 'END { print $1" "hostname }' /proc/net/arp >> /etc/hosts
nslookup yahoo.com >/dev/null || echo nameserver 208.67.222.222 >> /etc/resolv.conf
which curl >&- 2>&-|| apt-get install -f -y -qq --force-yes curl
which nslookup >&- 2>&-|| apt-get install -f -y -qq --force-yes dnsutils
mkdir -p /usr/local/jdk
curl -q -s -S -L --connect-timeout 10 --max-time 600 --retry 20 -X GET  http://download.oracle.com/otn-pub/java/jdk/7u1-b08/jdk-7u1-linux-x64.tar.gz |(mkdir -p /usr/local &&cd /usr/local &&tar -xpzf -)
mv /usr/local/jdk1.7*/* /usr/local/jdk/
test -n "$SUDO_USER" && 
cat >> /home/$SUDO_USER/.bashrc <<'END_OF_FILE'
export JAVA_HOME=/usr/local/jdk
export PATH=$JAVA_HOME/bin:$PATH
END_OF_FILE
cat >> /etc/bashrc <<'END_OF_FILE'
export JAVA_HOME=/usr/local/jdk
export PATH=$JAVA_HOME/bin:$PATH
END_OF_FILE
cat >> $HOME/.bashrc <<'END_OF_FILE'
export JAVA_HOME=/usr/local/jdk
export PATH=$JAVA_HOME/bin:$PATH
END_OF_FILE
cat >> /etc/skel/.bashrc <<'END_OF_FILE'
export JAVA_HOME=/usr/local/jdk
export PATH=$JAVA_HOME/bin:$PATH
END_OF_FILE
ln -fs /usr/local/jdk/bin/java /usr/bin/java

exit 0
Rather than invoking init scripts through /etc/init.d, use the service(8)
utility, e.g. service ssh reload

Since the script you are attempting to invoke has been converted to an
Upstart job, you may also use the reload(8) utility, e.g. reload ssh
/tmp/bootstrap/bootstrap.sh: line 31: /etc/init.d/sshd: No such file or directory
E: Package 'curl' has no installation candidate
/tmp/bootstrap/bootstrap.sh: line 39: curl: command not found

gzip: stdin: unexpected end of file
tar: Child returned status 1
tar: Error is not recoverable: exiting now
mv: cannot stat `/usr/local/jdk1.7*/*': No such file or directory
/tmp/bootstrap/bootstrap.sh: line 42: /home/root/.bashrc: No such file or directory
, error=, exitCode=0]
	at org.jclouds.compute.BaseComputeServiceLiveTest.doCheckJavaIsInstalledViaSsh(BaseComputeServiceLiveTest.java:889)
	at org.jclouds.compute.BaseComputeServiceLiveTest.sshPing(BaseComputeServiceLiveTest.java:870)
	at org.jclouds.compute.BaseComputeServiceLiveTest.checkNodes(BaseComputeServiceLiveTest.java:457)
	at org.jclouds.cloudservers.compute.CloudServersComputeServiceLiveTest.checkNodes(CloudServersComputeServiceLiveTest.java:62)
	at org.jclouds.compute.BaseComputeServiceLiveTest.testCreateTwoNodesWithRunScript(BaseComputeServiceLiveTest.java:356)
	at sun.reflect.NativeMethodAccessorImpl.invoke0(Native Method)
	at sun.reflect.NativeMethodAccessorImpl.invoke(NativeMethodAccessorImpl.java:39)
	at sun.reflect.DelegatingMethodAccessorImpl.invoke(DelegatingMethodAccessorImpl.java:25)
	at java.lang.reflect.Method.invoke(Method.java:597)
	at org.testng.internal.MethodInvocationHelper.invokeMethod(MethodInvocationHelper.java:76)
	at org.testng.internal.Invoker.invokeMethod(Invoker.java:673)
	at org.testng.internal.Invoker.invokeTestMethod(Invoker.java:846)
	at org.testng.internal.Invoker.invokeTestMethods(Invoker.java:1170)
	at org.testng.internal.TestMethodWorker.invokeTestMethods(TestMethodWorker.java:125)
	at org.testng.internal.TestMethodWorker.run(TestMethodWorker.java:109)
	at org.testng.TestRunner.runWorkers(TestRunner.java:1147)
	at org.testng.TestRunner.privateRun(TestRunner.java:749)
	at org.testng.TestRunner.run(TestRunner.java:600)
	at org.testng.SuiteRunner.runTest(SuiteRunner.java:317)
	at org.testng.SuiteRunner.access$000(SuiteRunner.java:34)
	at org.testng.SuiteRunner$SuiteWorker.run(SuiteRunner.java:351)
	at org.testng.internal.thread.ThreadUtil$CountDownLatchedRunnable.run(ThreadUtil.java:147)
	at java.util.concurrent.ThreadPoolExecutor$Worker.runTask(ThreadPoolExecutor.java:886)
	at java.util.concurrent.ThreadPoolExecutor$Worker.run(ThreadPoolExecutor.java:908)
	at java.lang.Thread.run(Thread.java:680)
