[INFO] Scanning for projects...
[WARNING] 
[WARNING] Some problems were encountered while building the effective model for org.jclouds.provider:cloudservers-us:bundle:1.3.0-SNAPSHOT
[WARNING] 'parent.relativePath' of POM org.jclouds:jclouds-project:1.3.0-SNAPSHOT (/Users/adriancole/workspace/git/jclouds/project/pom.xml) points at org.jclouds:jclouds-multi instead of org.sonatype.oss:oss-parent, please verify your project structure @ org.jclouds:jclouds-project:1.3.0-SNAPSHOT, /Users/adriancole/workspace/git/jclouds/project/pom.xml, line 24, column 13
[WARNING] 
[WARNING] It is highly recommended to fix these problems because they threaten the stability of your build.
[WARNING] 
[WARNING] For this reason, future Maven versions might no longer support building such malformed projects.
[WARNING] 
[INFO]                                                                         
[INFO] ------------------------------------------------------------------------
[INFO] Building jclouds CloudServers US provider 1.3.0-SNAPSHOT
[INFO] ------------------------------------------------------------------------
[INFO] 
[INFO] --- maven-clean-plugin:2.4.1:clean (default-clean) @ cloudservers-us ---
[INFO] Deleting /Users/adriancole/workspace/git/jclouds/providers/cloudservers-us/target
[INFO] 
[INFO] --- maven-enforcer-plugin:1.0.1:enforce (enforce-maven) @ cloudservers-us ---
[INFO] 
[INFO] --- maven-enforcer-plugin:1.0.1:enforce (enforce-banned-dependencies) @ cloudservers-us ---
[INFO] 
[INFO] --- maven-enforcer-plugin:1.0.1:enforce (enforce-java) @ cloudservers-us ---
[INFO] 
[INFO] --- maven-remote-resources-plugin:1.2:process (process-remote-resources) @ cloudservers-us ---
[INFO] Setting property: classpath.resource.loader.class => 'org.codehaus.plexus.velocity.ContextClassLoaderResourceLoader'.
[INFO] Setting property: velocimacro.messages.on => 'false'.
[INFO] Setting property: resource.loader => 'classpath'.
[INFO] Setting property: resource.manager.logwhenfound => 'false'.
[INFO] 
[INFO] --- maven-resources-plugin:2.4.2:resources (default-resources) @ cloudservers-us ---
[INFO] Using 'UTF-8' encoding to copy filtered resources.
[INFO] skip non existing resourceDirectory /Users/adriancole/workspace/git/jclouds/providers/cloudservers-us/src/main/clojure
[INFO] Copying 1 resource
[INFO] Copying 2 resources
[INFO] 
[INFO] --- maven-compiler-plugin:2.3:compile (default-compile) @ cloudservers-us ---
[INFO] Compiling 2 source files to /Users/adriancole/workspace/git/jclouds/providers/cloudservers-us/target/classes
[INFO] 
[INFO] --- maven-resources-plugin:2.4.2:testResources (default-testResources) @ cloudservers-us ---
[INFO] Using 'UTF-8' encoding to copy filtered resources.
[INFO] skip non existing resourceDirectory /Users/adriancole/workspace/git/jclouds/providers/cloudservers-us/src/test/clojure
[INFO] skip non existing resourceDirectory /Users/adriancole/workspace/git/jclouds/providers/cloudservers-us/src/test/resources
[INFO] Copying 2 resources
[INFO] 
[INFO] --- maven-compiler-plugin:2.3:testCompile (default-testCompile) @ cloudservers-us ---
[INFO] Compiling 4 source files to /Users/adriancole/workspace/git/jclouds/providers/cloudservers-us/target/test-classes
[INFO] 
[INFO] --- maven-surefire-plugin:2.10:test (default-test) @ cloudservers-us ---
[INFO] Surefire report directory: /Users/adriancole/workspace/git/jclouds/providers/cloudservers-us/target/surefire-reports
[INFO] Using configured provider org.apache.maven.surefire.testng.TestNGProvider

-------------------------------------------------------
 T E S T S
-------------------------------------------------------
Running org.jclouds.rackspace.cloudservers.CloudServersUSProviderTest
Starting test testInRestProperties(org.jclouds.rackspace.cloudservers.CloudServersUSProviderTest)
Starting test testAllContains(org.jclouds.rackspace.cloudservers.CloudServersUSProviderTest)
Starting test testWithId(org.jclouds.rackspace.cloudservers.CloudServersUSProviderTest)
Starting test testOfTypeContains(org.jclouds.rackspace.cloudservers.CloudServersUSProviderTest)
[pool-2-thread-3] Test testAllContains(org.jclouds.rackspace.cloudservers.CloudServersUSProviderTest) succeeded: 42ms
Test suite progress: tests succeeded: 1, failed: 0, skipped: 0.
[pool-2-thread-2] Test testWithId(org.jclouds.rackspace.cloudservers.CloudServersUSProviderTest) succeeded: 42ms
Test suite progress: tests succeeded: 2, failed: 0, skipped: 0.
[pool-2-thread-4] Test testOfTypeContains(org.jclouds.rackspace.cloudservers.CloudServersUSProviderTest) succeeded: 43ms
Test suite progress: tests succeeded: 3, failed: 0, skipped: 0.
[pool-2-thread-1] Test testInRestProperties(org.jclouds.rackspace.cloudservers.CloudServersUSProviderTest) succeeded: 82ms
Test suite progress: tests succeeded: 4, failed: 0, skipped: 0.
Tests run: 4, Failures: 0, Errors: 0, Skipped: 0, Time elapsed: 0.394 sec

Results :

Tests run: 4, Failures: 0, Errors: 0, Skipped: 0

[INFO] 
[INFO] --- clojure-maven-plugin:1.3.3:test (test-clojure) @ cloudservers-us ---

Testing user

Ran 0 tests containing 0 assertions.
0 failures, 0 errors.
[INFO] 
[INFO] --- maven-bundle-plugin:2.3.4:bundle (default-bundle) @ cloudservers-us ---
[INFO] 
[INFO] --- maven-source-plugin:2.1.1:jar-no-fork (attach-sources) @ cloudservers-us ---
[INFO] Building jar: /Users/adriancole/workspace/git/jclouds/providers/cloudservers-us/target/cloudservers-us-1.3.0-SNAPSHOT-sources.jar
[INFO] 
[INFO] --- maven-javadoc-plugin:2.8:jar (javadoc) @ cloudservers-us ---
[INFO] Skipping javadoc generation
[INFO] 
[INFO] --- maven-jar-plugin:2.3.1:test-jar (default) @ cloudservers-us ---
[INFO] Building jar: /Users/adriancole/workspace/git/jclouds/providers/cloudservers-us/target/cloudservers-us-1.3.0-SNAPSHOT-tests.jar
[INFO] 
[INFO] --- maven-surefire-plugin:2.10:test (integration) @ cloudservers-us ---
[INFO] Surefire report directory: /Users/adriancole/workspace/git/jclouds/providers/cloudservers-us/target/surefire-reports
[INFO] Using configured provider org.apache.maven.surefire.testng.TestNGProvider

-------------------------------------------------------
 T E S T S
-------------------------------------------------------
Running TestSuite
Starting test testGetFlavorDetailsNotFound(org.jclouds.rackspace.cloudservers.CloudServersUSClientLiveTest)
[pool-2-thread-1] Test testGetFlavorDetailsNotFound(org.jclouds.rackspace.cloudservers.CloudServersUSClientLiveTest) succeeded: 1813ms
Test suite progress: tests succeeded: 1, failed: 0, skipped: 0.
Starting test testGetFlavorsDetail(org.jclouds.rackspace.cloudservers.CloudServersUSClientLiveTest)
[pool-2-thread-1] Test testGetFlavorsDetail(org.jclouds.rackspace.cloudservers.CloudServersUSClientLiveTest) succeeded: 4828ms
Test suite progress: tests succeeded: 2, failed: 0, skipped: 0.
Starting test testGetImageDetailsNotFound(org.jclouds.rackspace.cloudservers.CloudServersUSClientLiveTest)
[pool-2-thread-1] Test testGetImageDetailsNotFound(org.jclouds.rackspace.cloudservers.CloudServersUSClientLiveTest) succeeded: 525ms
Test suite progress: tests succeeded: 3, failed: 0, skipped: 0.
Starting test testGetImagesDetail(org.jclouds.rackspace.cloudservers.CloudServersUSClientLiveTest)
[pool-2-thread-1] Test testGetImagesDetail(org.jclouds.rackspace.cloudservers.CloudServersUSClientLiveTest) succeeded: 11805ms
Test suite progress: tests succeeded: 4, failed: 0, skipped: 0.
Starting test testGetServerDetailsNotFound(org.jclouds.rackspace.cloudservers.CloudServersUSClientLiveTest)
[pool-2-thread-1] Test testGetServerDetailsNotFound(org.jclouds.rackspace.cloudservers.CloudServersUSClientLiveTest) succeeded: 532ms
Test suite progress: tests succeeded: 5, failed: 0, skipped: 0.
Starting test testGetServersDetail(org.jclouds.rackspace.cloudservers.CloudServersUSClientLiveTest)
[pool-2-thread-1] Test testGetServersDetail(org.jclouds.rackspace.cloudservers.CloudServersUSClientLiveTest) succeeded: 574ms
Test suite progress: tests succeeded: 6, failed: 0, skipped: 0.
Starting test testGetSharedIpGroupDetailsNotFound(org.jclouds.rackspace.cloudservers.CloudServersUSClientLiveTest)
[pool-2-thread-1] Test testGetSharedIpGroupDetailsNotFound(org.jclouds.rackspace.cloudservers.CloudServersUSClientLiveTest) succeeded: 495ms
Test suite progress: tests succeeded: 7, failed: 0, skipped: 0.
Starting test testGetSharedIpGroupsDetail(org.jclouds.rackspace.cloudservers.CloudServersUSClientLiveTest)
[pool-2-thread-1] Test testGetSharedIpGroupsDetail(org.jclouds.rackspace.cloudservers.CloudServersUSClientLiveTest) succeeded: 9843ms
Test suite progress: tests succeeded: 8, failed: 0, skipped: 0.
Starting test testLimits(org.jclouds.rackspace.cloudservers.CloudServersUSClientLiveTest)
[pool-2-thread-1] Test testLimits(org.jclouds.rackspace.cloudservers.CloudServersUSClientLiveTest) succeeded: 483ms
Test suite progress: tests succeeded: 9, failed: 0, skipped: 0.
Starting test testListFlavors(org.jclouds.rackspace.cloudservers.CloudServersUSClientLiveTest)
[pool-2-thread-1] Test testListFlavors(org.jclouds.rackspace.cloudservers.CloudServersUSClientLiveTest) succeeded: 645ms
Test suite progress: tests succeeded: 10, failed: 0, skipped: 0.
Starting test testListFlavorsDetail(org.jclouds.rackspace.cloudservers.CloudServersUSClientLiveTest)
[pool-2-thread-1] Test testListFlavorsDetail(org.jclouds.rackspace.cloudservers.CloudServersUSClientLiveTest) succeeded: 526ms
Test suite progress: tests succeeded: 11, failed: 0, skipped: 0.
Starting test testListImages(org.jclouds.rackspace.cloudservers.CloudServersUSClientLiveTest)
[pool-2-thread-1] Test testListImages(org.jclouds.rackspace.cloudservers.CloudServersUSClientLiveTest) succeeded: 854ms
Test suite progress: tests succeeded: 12, failed: 0, skipped: 0.
Starting test testListImagesDetail(org.jclouds.rackspace.cloudservers.CloudServersUSClientLiveTest)
[pool-2-thread-1] Test testListImagesDetail(org.jclouds.rackspace.cloudservers.CloudServersUSClientLiveTest) succeeded: 827ms
Test suite progress: tests succeeded: 13, failed: 0, skipped: 0.
Starting test testListServers(org.jclouds.rackspace.cloudservers.CloudServersUSClientLiveTest)
[pool-2-thread-1] Test testListServers(org.jclouds.rackspace.cloudservers.CloudServersUSClientLiveTest) succeeded: 528ms
Test suite progress: tests succeeded: 14, failed: 0, skipped: 0.
Starting test testListServersDetail(org.jclouds.rackspace.cloudservers.CloudServersUSClientLiveTest)
[pool-2-thread-1] Test testListServersDetail(org.jclouds.rackspace.cloudservers.CloudServersUSClientLiveTest) succeeded: 522ms
Test suite progress: tests succeeded: 15, failed: 0, skipped: 0.
Starting test testListSharedIpGroups(org.jclouds.rackspace.cloudservers.CloudServersUSClientLiveTest)
[pool-2-thread-1] Test testListSharedIpGroups(org.jclouds.rackspace.cloudservers.CloudServersUSClientLiveTest) succeeded: 2062ms
Test suite progress: tests succeeded: 16, failed: 0, skipped: 0.
Starting test testListSharedIpGroupsDetail(org.jclouds.rackspace.cloudservers.CloudServersUSClientLiveTest)
[pool-2-thread-1] Test testListSharedIpGroupsDetail(org.jclouds.rackspace.cloudservers.CloudServersUSClientLiveTest) succeeded: 2050ms
Test suite progress: tests succeeded: 17, failed: 0, skipped: 0.
Starting test testCompareSizes(org.jclouds.rackspace.cloudservers.compute.CloudServersUSTemplateBuilderLiveTest)
smallest [id=1, providerId=1, name=256 server, processors=[[cores=1.0, speed=1.0]], ram=256, volumes=[[id=null, type=LOCAL, size=10.0, device=null, durable=true, isBootDevice=true]], supportsImage=ALWAYS_TRUE, tags=[]]
fastest [id=8, providerId=8, name=30GB server, processors=[[cores=120.0, speed=1.0]], ram=30720, volumes=[[id=null, type=LOCAL, size=1200.0, device=null, durable=true, isBootDevice=true]], supportsImage=ALWAYS_TRUE, tags=[]]
biggest [id=8, providerId=8, name=30GB server, processors=[[cores=120.0, speed=1.0]], ram=30720, volumes=[[id=null, type=LOCAL, size=1200.0, device=null, durable=true, isBootDevice=true]], supportsImage=ALWAYS_TRUE, tags=[]]
[pool-2-thread-1] Test testCompareSizes(org.jclouds.rackspace.cloudservers.compute.CloudServersUSTemplateBuilderLiveTest) succeeded: 1960ms
Test suite progress: tests succeeded: 18, failed: 0, skipped: 0.
Starting test testDefaultTemplateBuilder(org.jclouds.rackspace.cloudservers.compute.CloudServersUSTemplateBuilderLiveTest)
[pool-2-thread-1] Test testDefaultTemplateBuilder(org.jclouds.rackspace.cloudservers.compute.CloudServersUSTemplateBuilderLiveTest) succeeded: 2ms
Test suite progress: tests succeeded: 19, failed: 0, skipped: 0.
Starting test testFromTemplate(org.jclouds.rackspace.cloudservers.compute.CloudServersUSTemplateBuilderLiveTest)
[pool-2-thread-1] Test testFromTemplate(org.jclouds.rackspace.cloudservers.compute.CloudServersUSTemplateBuilderLiveTest) succeeded: 4ms
Test suite progress: tests succeeded: 20, failed: 0, skipped: 0.
Starting test testGetAssignableLocations(org.jclouds.rackspace.cloudservers.compute.CloudServersUSTemplateBuilderLiveTest)
location [id=cloudservers-us, scope=PROVIDER, description=https://auth.api.rackspacecloud.com, parent=null, iso3166Codes=[US-IL, US-TX], metadata={}]
[pool-2-thread-1] Test testGetAssignableLocations(org.jclouds.rackspace.cloudservers.compute.CloudServersUSTemplateBuilderLiveTest) succeeded: 1ms
Test suite progress: tests succeeded: 21, failed: 0, skipped: 0.
Starting test testTemplateBuilderCanFind(org.jclouds.rackspace.cloudservers.compute.CloudServersUSTemplateBuilderLiveTest)
[pool-2-thread-1] Test testTemplateBuilderCanFind(org.jclouds.rackspace.cloudservers.compute.CloudServersUSTemplateBuilderLiveTest) failed.
Test suite progress: tests succeeded: 21, failed: 1, skipped: 0.
Starting test testTemplateBuilderCanFind(org.jclouds.rackspace.cloudservers.compute.CloudServersUSTemplateBuilderLiveTest)
[pool-2-thread-1] Test testTemplateBuilderCanFind(org.jclouds.rackspace.cloudservers.compute.CloudServersUSTemplateBuilderLiveTest) succeeded: 1ms
Test suite progress: tests succeeded: 22, failed: 1, skipped: 0.
Starting test testTemplateBuilderCanFind(org.jclouds.rackspace.cloudservers.compute.CloudServersUSTemplateBuilderLiveTest)
[pool-2-thread-1] Test testTemplateBuilderCanFind(org.jclouds.rackspace.cloudservers.compute.CloudServersUSTemplateBuilderLiveTest) succeeded: 2ms
Test suite progress: tests succeeded: 23, failed: 1, skipped: 0.
Starting test testTemplateBuilderCanFind(org.jclouds.rackspace.cloudservers.compute.CloudServersUSTemplateBuilderLiveTest)
[pool-2-thread-1] Test testTemplateBuilderCanFind(org.jclouds.rackspace.cloudservers.compute.CloudServersUSTemplateBuilderLiveTest) succeeded: 1ms
Test suite progress: tests succeeded: 24, failed: 1, skipped: 0.
Starting test testTemplateBuilderCanFind(org.jclouds.rackspace.cloudservers.compute.CloudServersUSTemplateBuilderLiveTest)
[pool-2-thread-1] Test testTemplateBuilderCanFind(org.jclouds.rackspace.cloudservers.compute.CloudServersUSTemplateBuilderLiveTest) succeeded: 1ms
Test suite progress: tests succeeded: 25, failed: 1, skipped: 0.
Starting test testTemplateBuilderCanFind(org.jclouds.rackspace.cloudservers.compute.CloudServersUSTemplateBuilderLiveTest)
[pool-2-thread-1] Test testTemplateBuilderCanFind(org.jclouds.rackspace.cloudservers.compute.CloudServersUSTemplateBuilderLiveTest) succeeded: 2ms
Test suite progress: tests succeeded: 26, failed: 1, skipped: 0.
Starting test testTemplateBuilderCanFind(org.jclouds.rackspace.cloudservers.compute.CloudServersUSTemplateBuilderLiveTest)
[pool-2-thread-1] Test testTemplateBuilderCanFind(org.jclouds.rackspace.cloudservers.compute.CloudServersUSTemplateBuilderLiveTest) succeeded: 2ms
Test suite progress: tests succeeded: 27, failed: 1, skipped: 0.
Starting test testTemplateBuilderCanFind(org.jclouds.rackspace.cloudservers.compute.CloudServersUSTemplateBuilderLiveTest)
[pool-2-thread-1] Test testTemplateBuilderCanFind(org.jclouds.rackspace.cloudservers.compute.CloudServersUSTemplateBuilderLiveTest) failed.
Test suite progress: tests succeeded: 27, failed: 2, skipped: 0.
Starting test testTemplateBuilderCanFind(org.jclouds.rackspace.cloudservers.compute.CloudServersUSTemplateBuilderLiveTest)
[pool-2-thread-1] Test testTemplateBuilderCanFind(org.jclouds.rackspace.cloudservers.compute.CloudServersUSTemplateBuilderLiveTest) succeeded: 1ms
Test suite progress: tests succeeded: 28, failed: 2, skipped: 0.
Starting test testTemplateBuilderCanFind(org.jclouds.rackspace.cloudservers.compute.CloudServersUSTemplateBuilderLiveTest)
[pool-2-thread-1] Test testTemplateBuilderCanFind(org.jclouds.rackspace.cloudservers.compute.CloudServersUSTemplateBuilderLiveTest) failed.
Test suite progress: tests succeeded: 28, failed: 3, skipped: 0.
Starting test testTemplateBuilderCanFind(org.jclouds.rackspace.cloudservers.compute.CloudServersUSTemplateBuilderLiveTest)
[pool-2-thread-1] Test testTemplateBuilderCanFind(org.jclouds.rackspace.cloudservers.compute.CloudServersUSTemplateBuilderLiveTest) succeeded: 1ms
Test suite progress: tests succeeded: 29, failed: 3, skipped: 0.
Starting test testTemplateBuilderCanFind(org.jclouds.rackspace.cloudservers.compute.CloudServersUSTemplateBuilderLiveTest)
[pool-2-thread-1] Test testTemplateBuilderCanFind(org.jclouds.rackspace.cloudservers.compute.CloudServersUSTemplateBuilderLiveTest) succeeded: 1ms
Test suite progress: tests succeeded: 30, failed: 3, skipped: 0.
Starting test testTemplateBuilderCanFind(org.jclouds.rackspace.cloudservers.compute.CloudServersUSTemplateBuilderLiveTest)
[pool-2-thread-1] Test testTemplateBuilderCanFind(org.jclouds.rackspace.cloudservers.compute.CloudServersUSTemplateBuilderLiveTest) failed.
Test suite progress: tests succeeded: 30, failed: 4, skipped: 0.
Starting test testTemplateBuilderCanFind(org.jclouds.rackspace.cloudservers.compute.CloudServersUSTemplateBuilderLiveTest)
[pool-2-thread-1] Test testTemplateBuilderCanFind(org.jclouds.rackspace.cloudservers.compute.CloudServersUSTemplateBuilderLiveTest) failed.
Test suite progress: tests succeeded: 30, failed: 5, skipped: 0.
Starting test testTemplateBuilderCanFind(org.jclouds.rackspace.cloudservers.compute.CloudServersUSTemplateBuilderLiveTest)
[pool-2-thread-1] Test testTemplateBuilderCanFind(org.jclouds.rackspace.cloudservers.compute.CloudServersUSTemplateBuilderLiveTest) succeeded: 12ms
Test suite progress: tests succeeded: 31, failed: 5, skipped: 0.
Starting test testTemplateBuilderCanFind(org.jclouds.rackspace.cloudservers.compute.CloudServersUSTemplateBuilderLiveTest)
[pool-2-thread-1] Test testTemplateBuilderCanFind(org.jclouds.rackspace.cloudservers.compute.CloudServersUSTemplateBuilderLiveTest) succeeded: 2ms
Test suite progress: tests succeeded: 32, failed: 5, skipped: 0.
Starting test testTemplateBuilderCanUseImageId(org.jclouds.rackspace.cloudservers.compute.CloudServersUSTemplateBuilderLiveTest)
[pool-2-thread-1] Test testTemplateBuilderCanUseImageId(org.jclouds.rackspace.cloudservers.compute.CloudServersUSTemplateBuilderLiveTest) succeeded: 1876ms
Test suite progress: tests succeeded: 33, failed: 5, skipped: 0.
Starting test testTemplateBuilderCannotFind(org.jclouds.rackspace.cloudservers.compute.CloudServersUSTemplateBuilderLiveTest)
[pool-2-thread-1] Test testTemplateBuilderCannotFind(org.jclouds.rackspace.cloudservers.compute.CloudServersUSTemplateBuilderLiveTest) succeeded: 1ms
Test suite progress: tests succeeded: 34, failed: 5, skipped: 0.
Starting test testTemplateBuilderCannotFind(org.jclouds.rackspace.cloudservers.compute.CloudServersUSTemplateBuilderLiveTest)
[pool-2-thread-1] Test testTemplateBuilderCannotFind(org.jclouds.rackspace.cloudservers.compute.CloudServersUSTemplateBuilderLiveTest) failed.
Test suite progress: tests succeeded: 34, failed: 6, skipped: 0.
Starting test testTemplateBuilderCannotFind(org.jclouds.rackspace.cloudservers.compute.CloudServersUSTemplateBuilderLiveTest)
[pool-2-thread-1] Test testTemplateBuilderCannotFind(org.jclouds.rackspace.cloudservers.compute.CloudServersUSTemplateBuilderLiveTest) succeeded: 0ms
Test suite progress: tests succeeded: 35, failed: 6, skipped: 0.
Starting test testTemplateBuilderCannotFind(org.jclouds.rackspace.cloudservers.compute.CloudServersUSTemplateBuilderLiveTest)
[pool-2-thread-1] Test testTemplateBuilderCannotFind(org.jclouds.rackspace.cloudservers.compute.CloudServersUSTemplateBuilderLiveTest) succeeded: 2ms
Test suite progress: tests succeeded: 36, failed: 6, skipped: 0.
Starting test testTemplateBuilderCannotFind(org.jclouds.rackspace.cloudservers.compute.CloudServersUSTemplateBuilderLiveTest)
[pool-2-thread-1] Test testTemplateBuilderCannotFind(org.jclouds.rackspace.cloudservers.compute.CloudServersUSTemplateBuilderLiveTest) succeeded: 1ms
Test suite progress: tests succeeded: 37, failed: 6, skipped: 0.
Starting test testTemplateBuilderCannotFind(org.jclouds.rackspace.cloudservers.compute.CloudServersUSTemplateBuilderLiveTest)
[pool-2-thread-1] Test testTemplateBuilderCannotFind(org.jclouds.rackspace.cloudservers.compute.CloudServersUSTemplateBuilderLiveTest) succeeded: 0ms
Test suite progress: tests succeeded: 38, failed: 6, skipped: 0.
Starting test testTemplateBuilderCannotFind(org.jclouds.rackspace.cloudservers.compute.CloudServersUSTemplateBuilderLiveTest)
[pool-2-thread-1] Test testTemplateBuilderCannotFind(org.jclouds.rackspace.cloudservers.compute.CloudServersUSTemplateBuilderLiveTest) succeeded: 1ms
Test suite progress: tests succeeded: 39, failed: 6, skipped: 0.
Starting test testTemplateBuilderCannotFind(org.jclouds.rackspace.cloudservers.compute.CloudServersUSTemplateBuilderLiveTest)
[pool-2-thread-1] Test testTemplateBuilderCannotFind(org.jclouds.rackspace.cloudservers.compute.CloudServersUSTemplateBuilderLiveTest) succeeded: 1ms
Test suite progress: tests succeeded: 40, failed: 6, skipped: 0.
Starting test testTemplateBuilderCannotFind(org.jclouds.rackspace.cloudservers.compute.CloudServersUSTemplateBuilderLiveTest)
[pool-2-thread-1] Test testTemplateBuilderCannotFind(org.jclouds.rackspace.cloudservers.compute.CloudServersUSTemplateBuilderLiveTest) succeeded: 2ms
Test suite progress: tests succeeded: 41, failed: 6, skipped: 0.
Starting test testTemplateBuilderCannotFind(org.jclouds.rackspace.cloudservers.compute.CloudServersUSTemplateBuilderLiveTest)
[pool-2-thread-1] Test testTemplateBuilderCannotFind(org.jclouds.rackspace.cloudservers.compute.CloudServersUSTemplateBuilderLiveTest) succeeded: 2ms
Test suite progress: tests succeeded: 42, failed: 6, skipped: 0.
Starting test testTemplateBuilderCannotFind(org.jclouds.rackspace.cloudservers.compute.CloudServersUSTemplateBuilderLiveTest)
[pool-2-thread-1] Test testTemplateBuilderCannotFind(org.jclouds.rackspace.cloudservers.compute.CloudServersUSTemplateBuilderLiveTest) succeeded: 0ms
Test suite progress: tests succeeded: 43, failed: 6, skipped: 0.
Starting test testTemplateBuilderCannotFind(org.jclouds.rackspace.cloudservers.compute.CloudServersUSTemplateBuilderLiveTest)
[pool-2-thread-1] Test testTemplateBuilderCannotFind(org.jclouds.rackspace.cloudservers.compute.CloudServersUSTemplateBuilderLiveTest) succeeded: 0ms
Test suite progress: tests succeeded: 44, failed: 6, skipped: 0.
Starting test testTemplateBuilderCannotFind(org.jclouds.rackspace.cloudservers.compute.CloudServersUSTemplateBuilderLiveTest)
[pool-2-thread-1] Test testTemplateBuilderCannotFind(org.jclouds.rackspace.cloudservers.compute.CloudServersUSTemplateBuilderLiveTest) succeeded: 2ms
Test suite progress: tests succeeded: 45, failed: 6, skipped: 0.
Starting test testTemplateBuilderCannotFind(org.jclouds.rackspace.cloudservers.compute.CloudServersUSTemplateBuilderLiveTest)
[pool-2-thread-1] Test testTemplateBuilderCannotFind(org.jclouds.rackspace.cloudservers.compute.CloudServersUSTemplateBuilderLiveTest) succeeded: 2ms
Test suite progress: tests succeeded: 46, failed: 6, skipped: 0.
Starting test testTemplateBuilderCannotFind(org.jclouds.rackspace.cloudservers.compute.CloudServersUSTemplateBuilderLiveTest)
[pool-2-thread-1] Test testTemplateBuilderCannotFind(org.jclouds.rackspace.cloudservers.compute.CloudServersUSTemplateBuilderLiveTest) succeeded: 1ms
Test suite progress: tests succeeded: 47, failed: 6, skipped: 0.
Starting test testTemplateBuilderCannotFind(org.jclouds.rackspace.cloudservers.compute.CloudServersUSTemplateBuilderLiveTest)
[pool-2-thread-1] Test testTemplateBuilderCannotFind(org.jclouds.rackspace.cloudservers.compute.CloudServersUSTemplateBuilderLiveTest) succeeded: 3ms
Test suite progress: tests succeeded: 48, failed: 6, skipped: 0.
Starting test testTemplateBuilderCannotFind(org.jclouds.rackspace.cloudservers.compute.CloudServersUSTemplateBuilderLiveTest)
[pool-2-thread-1] Test testTemplateBuilderCannotFind(org.jclouds.rackspace.cloudservers.compute.CloudServersUSTemplateBuilderLiveTest) succeeded: 0ms
Test suite progress: tests succeeded: 49, failed: 6, skipped: 0.
Starting test testTemplateBuilderCannotFind(org.jclouds.rackspace.cloudservers.compute.CloudServersUSTemplateBuilderLiveTest)
[pool-2-thread-1] Test testTemplateBuilderCannotFind(org.jclouds.rackspace.cloudservers.compute.CloudServersUSTemplateBuilderLiveTest) succeeded: 1ms
Test suite progress: tests succeeded: 50, failed: 6, skipped: 0.
Starting test testTemplateBuilderCannotFind(org.jclouds.rackspace.cloudservers.compute.CloudServersUSTemplateBuilderLiveTest)
[pool-2-thread-1] Test testTemplateBuilderCannotFind(org.jclouds.rackspace.cloudservers.compute.CloudServersUSTemplateBuilderLiveTest) succeeded: 1ms
Test suite progress: tests succeeded: 51, failed: 6, skipped: 0.
Starting test testTemplateBuilderCannotFind(org.jclouds.rackspace.cloudservers.compute.CloudServersUSTemplateBuilderLiveTest)
[pool-2-thread-1] Test testTemplateBuilderCannotFind(org.jclouds.rackspace.cloudservers.compute.CloudServersUSTemplateBuilderLiveTest) succeeded: 1ms
Test suite progress: tests succeeded: 52, failed: 6, skipped: 0.
Starting test testTemplateBuilderCannotFind(org.jclouds.rackspace.cloudservers.compute.CloudServersUSTemplateBuilderLiveTest)
[pool-2-thread-1] Test testTemplateBuilderCannotFind(org.jclouds.rackspace.cloudservers.compute.CloudServersUSTemplateBuilderLiveTest) succeeded: 0ms
Test suite progress: tests succeeded: 53, failed: 6, skipped: 0.
Starting test testTemplateBuilderCannotFind(org.jclouds.rackspace.cloudservers.compute.CloudServersUSTemplateBuilderLiveTest)
[pool-2-thread-1] Test testTemplateBuilderCannotFind(org.jclouds.rackspace.cloudservers.compute.CloudServersUSTemplateBuilderLiveTest) succeeded: 0ms
Test suite progress: tests succeeded: 54, failed: 6, skipped: 0.
Starting test testTemplateBuilderCannotFind(org.jclouds.rackspace.cloudservers.compute.CloudServersUSTemplateBuilderLiveTest)
[pool-2-thread-1] Test testTemplateBuilderCannotFind(org.jclouds.rackspace.cloudservers.compute.CloudServersUSTemplateBuilderLiveTest) succeeded: 1ms
Test suite progress: tests succeeded: 55, failed: 6, skipped: 0.
Starting test testTemplateBuilderCannotFind(org.jclouds.rackspace.cloudservers.compute.CloudServersUSTemplateBuilderLiveTest)
[pool-2-thread-1] Test testTemplateBuilderCannotFind(org.jclouds.rackspace.cloudservers.compute.CloudServersUSTemplateBuilderLiveTest) succeeded: 0ms
Test suite progress: tests succeeded: 56, failed: 6, skipped: 0.
Starting test testTemplateBuilderCannotFind(org.jclouds.rackspace.cloudservers.compute.CloudServersUSTemplateBuilderLiveTest)
[pool-2-thread-1] Test testTemplateBuilderCannotFind(org.jclouds.rackspace.cloudservers.compute.CloudServersUSTemplateBuilderLiveTest) succeeded: 1ms
Test suite progress: tests succeeded: 57, failed: 6, skipped: 0.
Starting test testTemplateBuilderCannotFind(org.jclouds.rackspace.cloudservers.compute.CloudServersUSTemplateBuilderLiveTest)
[pool-2-thread-1] Test testTemplateBuilderCannotFind(org.jclouds.rackspace.cloudservers.compute.CloudServersUSTemplateBuilderLiveTest) succeeded: 0ms
Test suite progress: tests succeeded: 58, failed: 6, skipped: 0.
Starting test testTemplateBuilderCannotFind(org.jclouds.rackspace.cloudservers.compute.CloudServersUSTemplateBuilderLiveTest)
[pool-2-thread-1] Test testTemplateBuilderCannotFind(org.jclouds.rackspace.cloudservers.compute.CloudServersUSTemplateBuilderLiveTest) succeeded: 5ms
Test suite progress: tests succeeded: 59, failed: 6, skipped: 0.
Starting test testTemplateBuilderCannotFind(org.jclouds.rackspace.cloudservers.compute.CloudServersUSTemplateBuilderLiveTest)
[pool-2-thread-1] Test testTemplateBuilderCannotFind(org.jclouds.rackspace.cloudservers.compute.CloudServersUSTemplateBuilderLiveTest) succeeded: 1ms
Test suite progress: tests succeeded: 60, failed: 6, skipped: 0.
Starting test testTemplateBuilderCannotFind(org.jclouds.rackspace.cloudservers.compute.CloudServersUSTemplateBuilderLiveTest)
[pool-2-thread-1] Test testTemplateBuilderCannotFind(org.jclouds.rackspace.cloudservers.compute.CloudServersUSTemplateBuilderLiveTest) succeeded: 0ms
Test suite progress: tests succeeded: 61, failed: 6, skipped: 0.
Starting test testTemplateBuilderCannotFind(org.jclouds.rackspace.cloudservers.compute.CloudServersUSTemplateBuilderLiveTest)
[pool-2-thread-1] Test testTemplateBuilderCannotFind(org.jclouds.rackspace.cloudservers.compute.CloudServersUSTemplateBuilderLiveTest) succeeded: 1ms
Test suite progress: tests succeeded: 62, failed: 6, skipped: 0.
Starting test testTemplateBuilderCannotFind(org.jclouds.rackspace.cloudservers.compute.CloudServersUSTemplateBuilderLiveTest)
[pool-2-thread-1] Test testTemplateBuilderCannotFind(org.jclouds.rackspace.cloudservers.compute.CloudServersUSTemplateBuilderLiveTest) succeeded: 0ms
Test suite progress: tests succeeded: 63, failed: 6, skipped: 0.
Starting test testTemplateBuilderCannotFind(org.jclouds.rackspace.cloudservers.compute.CloudServersUSTemplateBuilderLiveTest)
[pool-2-thread-1] Test testTemplateBuilderCannotFind(org.jclouds.rackspace.cloudservers.compute.CloudServersUSTemplateBuilderLiveTest) succeeded: 3ms
Test suite progress: tests succeeded: 64, failed: 6, skipped: 0.
Starting test testTemplateBuilderCannotFind(org.jclouds.rackspace.cloudservers.compute.CloudServersUSTemplateBuilderLiveTest)
[pool-2-thread-1] Test testTemplateBuilderCannotFind(org.jclouds.rackspace.cloudservers.compute.CloudServersUSTemplateBuilderLiveTest) succeeded: 2ms
Test suite progress: tests succeeded: 65, failed: 6, skipped: 0.
Starting test testTemplateBuilderCannotFind(org.jclouds.rackspace.cloudservers.compute.CloudServersUSTemplateBuilderLiveTest)
[pool-2-thread-1] Test testTemplateBuilderCannotFind(org.jclouds.rackspace.cloudservers.compute.CloudServersUSTemplateBuilderLiveTest) succeeded: 1ms
Test suite progress: tests succeeded: 66, failed: 6, skipped: 0.
Starting test testTemplateBuilderCannotFind(org.jclouds.rackspace.cloudservers.compute.CloudServersUSTemplateBuilderLiveTest)
[pool-2-thread-1] Test testTemplateBuilderCannotFind(org.jclouds.rackspace.cloudservers.compute.CloudServersUSTemplateBuilderLiveTest) succeeded: 2ms
Test suite progress: tests succeeded: 67, failed: 6, skipped: 0.
Starting test testTemplateBuilderCannotFind(org.jclouds.rackspace.cloudservers.compute.CloudServersUSTemplateBuilderLiveTest)
[pool-2-thread-1] Test testTemplateBuilderCannotFind(org.jclouds.rackspace.cloudservers.compute.CloudServersUSTemplateBuilderLiveTest) succeeded: 2ms
Test suite progress: tests succeeded: 68, failed: 6, skipped: 0.
Starting test testTemplateBuilderCannotFind(org.jclouds.rackspace.cloudservers.compute.CloudServersUSTemplateBuilderLiveTest)
[pool-2-thread-1] Test testTemplateBuilderCannotFind(org.jclouds.rackspace.cloudservers.compute.CloudServersUSTemplateBuilderLiveTest) succeeded: 1ms
Test suite progress: tests succeeded: 69, failed: 6, skipped: 0.
Starting test testTemplateBuilderCannotFind(org.jclouds.rackspace.cloudservers.compute.CloudServersUSTemplateBuilderLiveTest)
[pool-2-thread-1] Test testTemplateBuilderCannotFind(org.jclouds.rackspace.cloudservers.compute.CloudServersUSTemplateBuilderLiveTest) succeeded: 1ms
Test suite progress: tests succeeded: 70, failed: 6, skipped: 0.
Starting test testTemplateBuilderCannotFind(org.jclouds.rackspace.cloudservers.compute.CloudServersUSTemplateBuilderLiveTest)
[pool-2-thread-1] Test testTemplateBuilderCannotFind(org.jclouds.rackspace.cloudservers.compute.CloudServersUSTemplateBuilderLiveTest) succeeded: 1ms
Test suite progress: tests succeeded: 71, failed: 6, skipped: 0.
Starting test testTemplateBuilderCannotFind(org.jclouds.rackspace.cloudservers.compute.CloudServersUSTemplateBuilderLiveTest)
[pool-2-thread-1] Test testTemplateBuilderCannotFind(org.jclouds.rackspace.cloudservers.compute.CloudServersUSTemplateBuilderLiveTest) succeeded: 1ms
Test suite progress: tests succeeded: 72, failed: 6, skipped: 0.
Starting test testTemplateBuilderCannotFind(org.jclouds.rackspace.cloudservers.compute.CloudServersUSTemplateBuilderLiveTest)
[pool-2-thread-1] Test testTemplateBuilderCannotFind(org.jclouds.rackspace.cloudservers.compute.CloudServersUSTemplateBuilderLiveTest) succeeded: 0ms
Test suite progress: tests succeeded: 73, failed: 6, skipped: 0.
Starting test testTemplateBuilderCannotFind(org.jclouds.rackspace.cloudservers.compute.CloudServersUSTemplateBuilderLiveTest)
[pool-2-thread-1] Test testTemplateBuilderCannotFind(org.jclouds.rackspace.cloudservers.compute.CloudServersUSTemplateBuilderLiveTest) succeeded: 0ms
Test suite progress: tests succeeded: 74, failed: 6, skipped: 0.
Starting test testTemplateBuilderCannotFind(org.jclouds.rackspace.cloudservers.compute.CloudServersUSTemplateBuilderLiveTest)
[pool-2-thread-1] Test testTemplateBuilderCannotFind(org.jclouds.rackspace.cloudservers.compute.CloudServersUSTemplateBuilderLiveTest) succeeded: 1ms
Test suite progress: tests succeeded: 75, failed: 6, skipped: 0.
Starting test testTemplateBuilderCannotFind(org.jclouds.rackspace.cloudservers.compute.CloudServersUSTemplateBuilderLiveTest)
[pool-2-thread-1] Test testTemplateBuilderCannotFind(org.jclouds.rackspace.cloudservers.compute.CloudServersUSTemplateBuilderLiveTest) succeeded: 0ms
Test suite progress: tests succeeded: 76, failed: 6, skipped: 0.
Starting test testTemplateBuilderCannotFind(org.jclouds.rackspace.cloudservers.compute.CloudServersUSTemplateBuilderLiveTest)
[pool-2-thread-1] Test testTemplateBuilderCannotFind(org.jclouds.rackspace.cloudservers.compute.CloudServersUSTemplateBuilderLiveTest) succeeded: 1ms
Test suite progress: tests succeeded: 77, failed: 6, skipped: 0.
Starting test testTemplateBuilderCannotFind(org.jclouds.rackspace.cloudservers.compute.CloudServersUSTemplateBuilderLiveTest)
[pool-2-thread-1] Test testTemplateBuilderCannotFind(org.jclouds.rackspace.cloudservers.compute.CloudServersUSTemplateBuilderLiveTest) succeeded: 0ms
Test suite progress: tests succeeded: 78, failed: 6, skipped: 0.
Starting test testTemplateBuilderCannotFind(org.jclouds.rackspace.cloudservers.compute.CloudServersUSTemplateBuilderLiveTest)
[pool-2-thread-1] Test testTemplateBuilderCannotFind(org.jclouds.rackspace.cloudservers.compute.CloudServersUSTemplateBuilderLiveTest) succeeded: 1ms
Test suite progress: tests succeeded: 79, failed: 6, skipped: 0.
Starting test testTemplateBuilderCannotFind(org.jclouds.rackspace.cloudservers.compute.CloudServersUSTemplateBuilderLiveTest)
[pool-2-thread-1] Test testTemplateBuilderCannotFind(org.jclouds.rackspace.cloudservers.compute.CloudServersUSTemplateBuilderLiveTest) succeeded: 0ms
Test suite progress: tests succeeded: 80, failed: 6, skipped: 0.
Starting test testTemplateBuilderCannotFind(org.jclouds.rackspace.cloudservers.compute.CloudServersUSTemplateBuilderLiveTest)
[pool-2-thread-1] Test testTemplateBuilderCannotFind(org.jclouds.rackspace.cloudservers.compute.CloudServersUSTemplateBuilderLiveTest) succeeded: 0ms
Test suite progress: tests succeeded: 81, failed: 6, skipped: 0.
Starting test testTemplateBuilderCannotFind(org.jclouds.rackspace.cloudservers.compute.CloudServersUSTemplateBuilderLiveTest)
[pool-2-thread-1] Test testTemplateBuilderCannotFind(org.jclouds.rackspace.cloudservers.compute.CloudServersUSTemplateBuilderLiveTest) succeeded: 1ms
Test suite progress: tests succeeded: 82, failed: 6, skipped: 0.
Starting test testTemplateBuilderCannotFind(org.jclouds.rackspace.cloudservers.compute.CloudServersUSTemplateBuilderLiveTest)
[pool-2-thread-1] Test testTemplateBuilderCannotFind(org.jclouds.rackspace.cloudservers.compute.CloudServersUSTemplateBuilderLiveTest) succeeded: 1ms
Test suite progress: tests succeeded: 83, failed: 6, skipped: 0.
Starting test testTemplateBuilderCannotFind(org.jclouds.rackspace.cloudservers.compute.CloudServersUSTemplateBuilderLiveTest)
[pool-2-thread-1] Test testTemplateBuilderCannotFind(org.jclouds.rackspace.cloudservers.compute.CloudServersUSTemplateBuilderLiveTest) succeeded: 0ms
Test suite progress: tests succeeded: 84, failed: 6, skipped: 0.
Starting test testTemplateBuilderCannotFind(org.jclouds.rackspace.cloudservers.compute.CloudServersUSTemplateBuilderLiveTest)
[pool-2-thread-1] Test testTemplateBuilderCannotFind(org.jclouds.rackspace.cloudservers.compute.CloudServersUSTemplateBuilderLiveTest) succeeded: 0ms
Test suite progress: tests succeeded: 85, failed: 6, skipped: 0.
Starting test testTemplateBuilderCannotFind(org.jclouds.rackspace.cloudservers.compute.CloudServersUSTemplateBuilderLiveTest)
[pool-2-thread-1] Test testTemplateBuilderCannotFind(org.jclouds.rackspace.cloudservers.compute.CloudServersUSTemplateBuilderLiveTest) succeeded: 1ms
Test suite progress: tests succeeded: 86, failed: 6, skipped: 0.
Starting test testTemplateBuilderCannotFind(org.jclouds.rackspace.cloudservers.compute.CloudServersUSTemplateBuilderLiveTest)
[pool-2-thread-1] Test testTemplateBuilderCannotFind(org.jclouds.rackspace.cloudservers.compute.CloudServersUSTemplateBuilderLiveTest) succeeded: 0ms
Test suite progress: tests succeeded: 87, failed: 6, skipped: 0.
Starting test testTemplateBuilderCannotFind(org.jclouds.rackspace.cloudservers.compute.CloudServersUSTemplateBuilderLiveTest)
[pool-2-thread-1] Test testTemplateBuilderCannotFind(org.jclouds.rackspace.cloudservers.compute.CloudServersUSTemplateBuilderLiveTest) succeeded: 1ms
Test suite progress: tests succeeded: 88, failed: 6, skipped: 0.
Starting test testTemplateBuilderCannotFind(org.jclouds.rackspace.cloudservers.compute.CloudServersUSTemplateBuilderLiveTest)
[pool-2-thread-1] Test testTemplateBuilderCannotFind(org.jclouds.rackspace.cloudservers.compute.CloudServersUSTemplateBuilderLiveTest) succeeded: 0ms
Test suite progress: tests succeeded: 89, failed: 6, skipped: 0.
Starting test testTemplateBuilderCannotFind(org.jclouds.rackspace.cloudservers.compute.CloudServersUSTemplateBuilderLiveTest)
[pool-2-thread-1] Test testTemplateBuilderCannotFind(org.jclouds.rackspace.cloudservers.compute.CloudServersUSTemplateBuilderLiveTest) succeeded: 1ms
Test suite progress: tests succeeded: 90, failed: 6, skipped: 0.
Starting test testTemplateBuilderCannotFind(org.jclouds.rackspace.cloudservers.compute.CloudServersUSTemplateBuilderLiveTest)
[pool-2-thread-1] Test testTemplateBuilderCannotFind(org.jclouds.rackspace.cloudservers.compute.CloudServersUSTemplateBuilderLiveTest) succeeded: 0ms
Test suite progress: tests succeeded: 91, failed: 6, skipped: 0.
Starting test testTemplateBuilderCannotFind(org.jclouds.rackspace.cloudservers.compute.CloudServersUSTemplateBuilderLiveTest)
[pool-2-thread-1] Test testTemplateBuilderCannotFind(org.jclouds.rackspace.cloudservers.compute.CloudServersUSTemplateBuilderLiveTest) succeeded: 1ms
Test suite progress: tests succeeded: 92, failed: 6, skipped: 0.
Starting test testTemplateBuilderCannotFind(org.jclouds.rackspace.cloudservers.compute.CloudServersUSTemplateBuilderLiveTest)
[pool-2-thread-1] Test testTemplateBuilderCannotFind(org.jclouds.rackspace.cloudservers.compute.CloudServersUSTemplateBuilderLiveTest) succeeded: 0ms
Test suite progress: tests succeeded: 93, failed: 6, skipped: 0.
Starting test testTemplateBuilderCannotFind(org.jclouds.rackspace.cloudservers.compute.CloudServersUSTemplateBuilderLiveTest)
[pool-2-thread-1] Test testTemplateBuilderCannotFind(org.jclouds.rackspace.cloudservers.compute.CloudServersUSTemplateBuilderLiveTest) succeeded: 0ms
Test suite progress: tests succeeded: 94, failed: 6, skipped: 0.
Starting test testTemplateBuilderCannotFind(org.jclouds.rackspace.cloudservers.compute.CloudServersUSTemplateBuilderLiveTest)
[pool-2-thread-1] Test testTemplateBuilderCannotFind(org.jclouds.rackspace.cloudservers.compute.CloudServersUSTemplateBuilderLiveTest) succeeded: 0ms
Test suite progress: tests succeeded: 95, failed: 6, skipped: 0.
Starting test testTemplateBuilderCannotFind(org.jclouds.rackspace.cloudservers.compute.CloudServersUSTemplateBuilderLiveTest)
[pool-2-thread-1] Test testTemplateBuilderCannotFind(org.jclouds.rackspace.cloudservers.compute.CloudServersUSTemplateBuilderLiveTest) succeeded: 0ms
Test suite progress: tests succeeded: 96, failed: 6, skipped: 0.
Starting test testTemplateBuilderCannotFind(org.jclouds.rackspace.cloudservers.compute.CloudServersUSTemplateBuilderLiveTest)
[pool-2-thread-1] Test testTemplateBuilderCannotFind(org.jclouds.rackspace.cloudservers.compute.CloudServersUSTemplateBuilderLiveTest) failed.
Test suite progress: tests succeeded: 96, failed: 7, skipped: 0.
Starting test testTemplateBuilderCannotFind(org.jclouds.rackspace.cloudservers.compute.CloudServersUSTemplateBuilderLiveTest)
[pool-2-thread-1] Test testTemplateBuilderCannotFind(org.jclouds.rackspace.cloudservers.compute.CloudServersUSTemplateBuilderLiveTest) succeeded: 1ms
Test suite progress: tests succeeded: 97, failed: 7, skipped: 0.
Starting test testTemplateBuilderCannotFind(org.jclouds.rackspace.cloudservers.compute.CloudServersUSTemplateBuilderLiveTest)
[pool-2-thread-1] Test testTemplateBuilderCannotFind(org.jclouds.rackspace.cloudservers.compute.CloudServersUSTemplateBuilderLiveTest) succeeded: 0ms
Test suite progress: tests succeeded: 98, failed: 7, skipped: 0.
Starting test testTemplateBuilderCannotFind(org.jclouds.rackspace.cloudservers.compute.CloudServersUSTemplateBuilderLiveTest)
[pool-2-thread-1] Test testTemplateBuilderCannotFind(org.jclouds.rackspace.cloudservers.compute.CloudServersUSTemplateBuilderLiveTest) succeeded: 0ms
Test suite progress: tests succeeded: 99, failed: 7, skipped: 0.
Starting test testTemplateBuilderWithImageIdSpecified(org.jclouds.rackspace.cloudservers.compute.CloudServersUSTemplateBuilderLiveTest)
[pool-2-thread-1] Test testTemplateBuilderWithImageIdSpecified(org.jclouds.rackspace.cloudservers.compute.CloudServersUSTemplateBuilderLiveTest) succeeded: 3815ms
Test suite progress: tests succeeded: 100, failed: 7, skipped: 0.
Starting test testTemplateBuilderWithLoginUserSpecified(org.jclouds.rackspace.cloudservers.compute.CloudServersUSTemplateBuilderLiveTest)
[pool-2-thread-1] Test testTemplateBuilderWithLoginUserSpecified(org.jclouds.rackspace.cloudservers.compute.CloudServersUSTemplateBuilderLiveTest) failed.
Test suite progress: tests succeeded: 100, failed: 8, skipped: 0.
Starting test testTemplateBuilder(org.jclouds.rackspace.cloudservers.compute.CloudServersUSTemplateBuilderLiveTest)
[pool-2-thread-1] Test testTemplateBuilder(org.jclouds.rackspace.cloudservers.compute.CloudServersUSTemplateBuilderLiveTest) failed.
Test suite progress: tests succeeded: 100, failed: 9, skipped: 0.
Starting test setServiceDefaults(org.jclouds.rackspace.cloudservers.compute.CloudServersUSComputeServiceLiveTest)
[pool-2-thread-1] Test setServiceDefaults(org.jclouds.rackspace.cloudservers.compute.CloudServersUSComputeServiceLiveTest) succeeded: 0ms
Test suite progress: tests succeeded: 101, failed: 9, skipped: 0.
Starting test testCompareSizes(org.jclouds.rackspace.cloudservers.compute.CloudServersUSComputeServiceLiveTest)
Dec 15, 2011 2:35:25 AM org.jclouds.compute.BaseComputeServiceLiveTest testCompareSizes
INFO: smallest [id=1, providerId=1, name=256 server, processors=[[cores=1.0, speed=1.0]], ram=256, volumes=[[id=null, type=LOCAL, size=10.0, device=null, durable=true, isBootDevice=true]], supportsImage=ALWAYS_TRUE, tags=[]]
Dec 15, 2011 2:35:25 AM org.jclouds.compute.BaseComputeServiceLiveTest testCompareSizes
INFO: fastest [id=8, providerId=8, name=30GB server, processors=[[cores=120.0, speed=1.0]], ram=30720, volumes=[[id=null, type=LOCAL, size=1200.0, device=null, durable=true, isBootDevice=true]], supportsImage=ALWAYS_TRUE, tags=[]]
Dec 15, 2011 2:35:25 AM org.jclouds.compute.BaseComputeServiceLiveTest testCompareSizes
INFO: biggest [id=8, providerId=8, name=30GB server, processors=[[cores=120.0, speed=1.0]], ram=30720, volumes=[[id=null, type=LOCAL, size=1200.0, device=null, durable=true, isBootDevice=true]], supportsImage=ALWAYS_TRUE, tags=[]]
[pool-2-thread-1] Test testCompareSizes(org.jclouds.rackspace.cloudservers.compute.CloudServersUSComputeServiceLiveTest) succeeded: 1747ms
Test suite progress: tests succeeded: 102, failed: 9, skipped: 0.
Starting test testAScriptExecutionAfterBootWithBasicTemplate(org.jclouds.rackspace.cloudservers.compute.CloudServersUSComputeServiceLiveTest)
SLF4J: Failed to load class "org.slf4j.impl.StaticLoggerBinder".
SLF4J: Defaulting to no-operation (NOP) logger implementation
SLF4J: See http://www.slf4j.org/codes.html#StaticLoggerBinder for further details.
<< problem applying options to node(20436730): 
org.jclouds.rest.AuthorizationException: (root:password@50.57.228.69:22) (root:password@50.57.228.69:22) error acquiring SSHClient(timeout=60000) (not retryable): Exhausted available authentication methods
	at org.jclouds.sshj.SshjSshClient.propagate(SshjSshClient.java:411)
	at org.jclouds.sshj.SshjSshClient.acquire(SshjSshClient.java:241)
	at org.jclouds.sshj.SshjSshClient.connect(SshjSshClient.java:252)
	at org.jclouds.compute.callables.RunScriptOnNodeUsingSsh.call(RunScriptOnNodeUsingSsh.java:73)
	at org.jclouds.compute.strategy.RunScriptOnNodeAndAddToGoodMapOrPutExceptionIntoBadMap.call(RunScriptOnNodeAndAddToGoodMapOrPutExceptionIntoBadMap.java:69)
	at org.jclouds.compute.strategy.RunScriptOnNodeAndAddToGoodMapOrPutExceptionIntoBadMap.call(RunScriptOnNodeAndAddToGoodMapOrPutExceptionIntoBadMap.java:44)
	at java.util.concurrent.FutureTask$Sync.innerRun(FutureTask.java:303)
	at java.util.concurrent.FutureTask.run(FutureTask.java:138)
	at java.util.concurrent.ThreadPoolExecutor$Worker.runTask(ThreadPoolExecutor.java:886)
	at java.util.concurrent.ThreadPoolExecutor$Worker.run(ThreadPoolExecutor.java:908)
	at java.lang.Thread.run(Thread.java:680)
Caused by: net.schmizz.sshj.userauth.UserAuthException: Exhausted available authentication methods
	at net.schmizz.sshj.userauth.UserAuthImpl.authenticate(UserAuthImpl.java:114)
	at net.schmizz.sshj.SSHClient.auth(SSHClient.java:204)
	at net.schmizz.sshj.SSHClient.auth(SSHClient.java:189)
	at net.schmizz.sshj.SSHClient.authPassword(SSHClient.java:265)
	at net.schmizz.sshj.SSHClient.authPassword(SSHClient.java:235)
	at net.schmizz.sshj.SSHClient.authPassword(SSHClient.java:219)
	at org.jclouds.sshj.SshjSshClient$1.create(SshjSshClient.java:197)
	at org.jclouds.sshj.SshjSshClient$1.create(SshjSshClient.java:173)
	at org.jclouds.sshj.SshjSshClient.acquire(SshjSshClient.java:222)
	... 9 more
Caused by: net.schmizz.sshj.userauth.UserAuthException: keyboard-interactive auth not allowed by server
	at net.schmizz.sshj.userauth.UserAuthImpl.authenticate(UserAuthImpl.java:81)
	... 17 more
[pool-2-thread-1] Test testAScriptExecutionAfterBootWithBasicTemplate(org.jclouds.rackspace.cloudservers.compute.CloudServersUSComputeServiceLiveTest) failed.
Test suite progress: tests succeeded: 102, failed: 10, skipped: 0.
Starting test testCorrectAuthException(org.jclouds.rackspace.cloudservers.compute.CloudServersUSComputeServiceLiveTest)
[pool-2-thread-1] Test testCorrectAuthException(org.jclouds.rackspace.cloudservers.compute.CloudServersUSComputeServiceLiveTest) succeeded: 771ms
Test suite progress: tests succeeded: 103, failed: 10, skipped: 0.
Starting test testCreateAndRunAService(org.jclouds.rackspace.cloudservers.compute.CloudServersUSComputeServiceLiveTest)
[pool-2-thread-1] Test testCreateAndRunAService(org.jclouds.rackspace.cloudservers.compute.CloudServersUSComputeServiceLiveTest) failed.
Test suite progress: tests succeeded: 103, failed: 11, skipped: 0.
Starting test testCreateTwoNodesWithRunScript(org.jclouds.rackspace.cloudservers.compute.CloudServersUSComputeServiceLiveTest)
[pool-2-thread-1] Test testCreateTwoNodesWithRunScript(org.jclouds.rackspace.cloudservers.compute.CloudServersUSComputeServiceLiveTest) failed.
Test suite progress: tests succeeded: 103, failed: 12, skipped: 0.
[pool-2-thread-1] Test testCreateAnotherNodeWithANewContextToEnsureSharedMemIsntRequired(org.jclouds.rackspace.cloudservers.compute.CloudServersUSComputeServiceLiveTest) skipped.
Test suite progress: tests succeeded: 103, failed: 12, skipped: 1.
[pool-2-thread-1] Test testCredentialsCache(org.jclouds.rackspace.cloudservers.compute.CloudServersUSComputeServiceLiveTest) skipped.
Test suite progress: tests succeeded: 103, failed: 12, skipped: 2.
[pool-2-thread-1] Test testGet(org.jclouds.rackspace.cloudservers.compute.CloudServersUSComputeServiceLiveTest) skipped.
Test suite progress: tests succeeded: 103, failed: 12, skipped: 3.
Starting test testGetAssignableLocations(org.jclouds.rackspace.cloudservers.compute.CloudServersUSComputeServiceLiveTest)
Dec 15, 2011 2:45:41 AM org.jclouds.compute.BaseComputeServiceLiveTest testGetAssignableLocations
WARNING: location [id=cloudservers-us, scope=PROVIDER, description=https://auth.api.rackspacecloud.com, parent=null, iso3166Codes=[US-IL, US-TX], metadata={}]
[pool-2-thread-1] Test testGetAssignableLocations(org.jclouds.rackspace.cloudservers.compute.CloudServersUSComputeServiceLiveTest) succeeded: 1ms
Test suite progress: tests succeeded: 104, failed: 12, skipped: 3.
Starting test testImagesCache(org.jclouds.rackspace.cloudservers.compute.CloudServersUSComputeServiceLiveTest)
[pool-2-thread-1] Test testImagesCache(org.jclouds.rackspace.cloudservers.compute.CloudServersUSComputeServiceLiveTest) succeeded: 1ms
Test suite progress: tests succeeded: 105, failed: 12, skipped: 3.
Starting test testListImages(org.jclouds.rackspace.cloudservers.compute.CloudServersUSComputeServiceLiveTest)
[pool-2-thread-1] Test testListImages(org.jclouds.rackspace.cloudservers.compute.CloudServersUSComputeServiceLiveTest) succeeded: 0ms
Test suite progress: tests succeeded: 106, failed: 12, skipped: 3.
Starting test testListSizes(org.jclouds.rackspace.cloudservers.compute.CloudServersUSComputeServiceLiveTest)
[pool-2-thread-1] Test testListSizes(org.jclouds.rackspace.cloudservers.compute.CloudServersUSComputeServiceLiveTest) succeeded: 0ms
Test suite progress: tests succeeded: 107, failed: 12, skipped: 3.
Starting test testOptionToNotBlock(org.jclouds.rackspace.cloudservers.compute.CloudServersUSComputeServiceLiveTest)
[pool-2-thread-1] Test testOptionToNotBlock(org.jclouds.rackspace.cloudservers.compute.CloudServersUSComputeServiceLiveTest) succeeded: 177213ms
Test suite progress: tests succeeded: 108, failed: 12, skipped: 3.
[pool-2-thread-1] Test testReboot(org.jclouds.rackspace.cloudservers.compute.CloudServersUSComputeServiceLiveTest) skipped.
Test suite progress: tests succeeded: 108, failed: 12, skipped: 4.
[pool-2-thread-1] Test testSuspendResume(org.jclouds.rackspace.cloudservers.compute.CloudServersUSComputeServiceLiveTest) skipped.
Test suite progress: tests succeeded: 108, failed: 12, skipped: 5.
[pool-2-thread-1] Test testGetNodesWithDetails(org.jclouds.rackspace.cloudservers.compute.CloudServersUSComputeServiceLiveTest) skipped.
Test suite progress: tests succeeded: 108, failed: 12, skipped: 6.
[pool-2-thread-1] Test testListNodes(org.jclouds.rackspace.cloudservers.compute.CloudServersUSComputeServiceLiveTest) skipped.
Test suite progress: tests succeeded: 108, failed: 12, skipped: 7.
[pool-2-thread-1] Test testDestroyNodes(org.jclouds.rackspace.cloudservers.compute.CloudServersUSComputeServiceLiveTest) skipped.
Test suite progress: tests succeeded: 108, failed: 12, skipped: 8.
Starting test testTemplateMatch(org.jclouds.rackspace.cloudservers.compute.CloudServersUSComputeServiceLiveTest)
[pool-2-thread-1] Test testTemplateMatch(org.jclouds.rackspace.cloudservers.compute.CloudServersUSComputeServiceLiveTest) succeeded: 1444ms
Test suite progress: tests succeeded: 109, failed: 12, skipped: 8.
Starting test testAssignability(org.jclouds.rackspace.cloudservers.compute.CloudServersUSComputeServiceLiveTest)
[pool-2-thread-1] Test testAssignability(org.jclouds.rackspace.cloudservers.compute.CloudServersUSComputeServiceLiveTest) succeeded: 80ms
Test suite progress: tests succeeded: 110, failed: 12, skipped: 8.
Starting test testCorrectExceptionRunningNodesNotFound(org.jclouds.rackspace.cloudservers.compute.CloudServersUSComputeServiceLiveTest)
[pool-2-thread-1] Test testCorrectExceptionRunningNodesNotFound(org.jclouds.rackspace.cloudservers.compute.CloudServersUSComputeServiceLiveTest) succeeded: 1340ms
Test suite progress: tests succeeded: 111, failed: 12, skipped: 8.
Tests run: 131, Failures: 12, Errors: 0, Skipped: 8, Time elapsed: 855.396 sec <<< FAILURE!

Results :

Failed tests:   testTemplateBuilderCanFind(org.jclouds.rackspace.cloudservers.compute.CloudServersUSTemplateBuilderLiveTest): no image matched predicate: And(locationEqualsOrChildOf(cloudservers-us),And(osFamily(ubuntu),osVersion(^8.04$),os64Bit(true)))
  testTemplateBuilderCanFind(org.jclouds.rackspace.cloudservers.compute.CloudServersUSTemplateBuilderLiveTest): no image matched predicate: And(locationEqualsOrChildOf(cloudservers-us),And(osFamily(ubuntu),osVersion(^10.10$),os64Bit(true)))
  testTemplateBuilderCanFind(org.jclouds.rackspace.cloudservers.compute.CloudServersUSTemplateBuilderLiveTest): no image matched predicate: And(locationEqualsOrChildOf(cloudservers-us),And(osFamily(ubuntu),osVersion(^9.10$),os64Bit(true)))
  testTemplateBuilderCanFind(org.jclouds.rackspace.cloudservers.compute.CloudServersUSTemplateBuilderLiveTest): no image matched predicate: And(locationEqualsOrChildOf(cloudservers-us),And(osFamily(centos),osVersion(^5.4$),os64Bit(true)))
  testTemplateBuilderCanFind(org.jclouds.rackspace.cloudservers.compute.CloudServersUSTemplateBuilderLiveTest): no image matched predicate: And(locationEqualsOrChildOf(cloudservers-us),And(osFamily(centos),osVersion(^5.5$),os64Bit(true)))
  testTemplateBuilderCannotFind(org.jclouds.rackspace.cloudservers.compute.CloudServersUSTemplateBuilderLiveTest): 
  testTemplateBuilderCannotFind(org.jclouds.rackspace.cloudservers.compute.CloudServersUSTemplateBuilderLiveTest): 
  testTemplateBuilderWithLoginUserSpecified(org.jclouds.rackspace.cloudservers.compute.CloudServersUSTemplateBuilderLiveTest): expected:<[user=foo, passwordPresent=true, privateKeyPresent=false, shouldAuthenticateSudo=true]> but was:<[user=root, passwordPresent=false, privateKeyPresent=false, shouldAuthenticateSudo=false]>
  testTemplateBuilder(org.jclouds.rackspace.cloudservers.compute.CloudServersUSTemplateBuilderLiveTest): expected:<11.04> but was:<11.10>
  testAScriptExecutionAfterBootWithBasicTemplate(org.jclouds.rackspace.cloudservers.compute.CloudServersUSComputeServiceLiveTest): [output=bash: java: command not found
  testCreateAndRunAService(org.jclouds.rackspace.cloudservers.compute.CloudServersUSComputeServiceLiveTest): error running 1 node tag(cs-s) location(cloudservers-us) image(119) size(1) options([inboundPorts=[22, 8080], privateKey=false, publicKey=false, runScript=false, blockUntilRunning=true, blockOnComplete=true, port:seconds=22:300, userMetadata: {Name=cs-s}])
  testCreateTwoNodesWithRunScript(org.jclouds.rackspace.cloudservers.compute.CloudServersUSComputeServiceLiveTest): [output=bash: java: command not found

Tests run: 131, Failures: 12, Errors: 0, Skipped: 8

[INFO] ------------------------------------------------------------------------
[INFO] BUILD FAILURE
[INFO] ------------------------------------------------------------------------
[INFO] Total time: 14:25.522s
[INFO] Finished at: Thu Dec 15 02:48:48 PST 2011
[INFO] Final Memory: 21M/265M
[INFO] ------------------------------------------------------------------------
[ERROR] Failed to execute goal org.apache.maven.plugins:maven-surefire-plugin:2.10:test (integration) on project cloudservers-us: There are test failures.
[ERROR] 
[ERROR] Please refer to /Users/adriancole/workspace/git/jclouds/providers/cloudservers-us/target/surefire-reports for the individual test results.
[ERROR] -> [Help 1]
[ERROR] 
[ERROR] To see the full stack trace of the errors, re-run Maven with the -e switch.
[ERROR] Re-run Maven using the -X switch to enable full debug logging.
[ERROR] 
[ERROR] For more information about the errors and possible solutions, please read the following articles:
[ERROR] [Help 1] http://cwiki.apache.org/confluence/display/MAVEN/MojoFailureException
