[INFO] Scanning for projects...
[WARNING] 
[WARNING] Some problems were encountered while building the effective model for org.jclouds.provider:go2cloud-jhb1:bundle:1.3.0-SNAPSHOT
[WARNING] 'parent.relativePath' of POM org.jclouds:jclouds-project:1.3.0-SNAPSHOT (/Users/adriancole/workspace/git/jclouds/project/pom.xml) points at org.jclouds:jclouds-multi instead of org.sonatype.oss:oss-parent, please verify your project structure @ org.jclouds:jclouds-project:1.3.0-SNAPSHOT, /Users/adriancole/workspace/git/jclouds/project/pom.xml, line 24, column 13
[WARNING] 
[WARNING] It is highly recommended to fix these problems because they threaten the stability of your build.
[WARNING] 
[WARNING] For this reason, future Maven versions might no longer support building such malformed projects.
[WARNING] 
[INFO]                                                                         
[INFO] ------------------------------------------------------------------------
[INFO] Building jclouds Go2Cloud Johannesburg1 provider 1.3.0-SNAPSHOT
[INFO] ------------------------------------------------------------------------
[INFO] 
[INFO] --- maven-clean-plugin:2.4.1:clean (default-clean) @ go2cloud-jhb1 ---
[INFO] Deleting /Users/adriancole/workspace/git/jclouds/providers/go2cloud-jhb1/target
[INFO] 
[INFO] --- maven-enforcer-plugin:1.0.1:enforce (enforce-maven) @ go2cloud-jhb1 ---
[INFO] 
[INFO] --- maven-enforcer-plugin:1.0.1:enforce (enforce-banned-dependencies) @ go2cloud-jhb1 ---
[INFO] 
[INFO] --- maven-enforcer-plugin:1.0.1:enforce (enforce-java) @ go2cloud-jhb1 ---
[INFO] 
[INFO] --- maven-remote-resources-plugin:1.2:process (process-remote-resources) @ go2cloud-jhb1 ---
[INFO] Setting property: classpath.resource.loader.class => 'org.codehaus.plexus.velocity.ContextClassLoaderResourceLoader'.
[INFO] Setting property: velocimacro.messages.on => 'false'.
[INFO] Setting property: resource.loader => 'classpath'.
[INFO] Setting property: resource.manager.logwhenfound => 'false'.
[INFO] 
[INFO] --- maven-resources-plugin:2.4.2:resources (default-resources) @ go2cloud-jhb1 ---
[INFO] Using 'UTF-8' encoding to copy filtered resources.
[INFO] skip non existing resourceDirectory /Users/adriancole/workspace/git/jclouds/providers/go2cloud-jhb1/src/main/clojure
[INFO] Copying 2 resources
[INFO] Copying 2 resources
[INFO] 
[INFO] --- maven-compiler-plugin:2.3:compile (default-compile) @ go2cloud-jhb1 ---
[INFO] Compiling 4 source files to /Users/adriancole/workspace/git/jclouds/providers/go2cloud-jhb1/target/classes
[INFO] 
[INFO] --- maven-resources-plugin:2.4.2:testResources (default-testResources) @ go2cloud-jhb1 ---
[INFO] Using 'UTF-8' encoding to copy filtered resources.
[INFO] skip non existing resourceDirectory /Users/adriancole/workspace/git/jclouds/providers/go2cloud-jhb1/src/test/clojure
[INFO] skip non existing resourceDirectory /Users/adriancole/workspace/git/jclouds/providers/go2cloud-jhb1/src/test/resources
[INFO] Copying 2 resources
[INFO] 
[INFO] --- maven-compiler-plugin:2.3:testCompile (default-testCompile) @ go2cloud-jhb1 ---
[INFO] Compiling 4 source files to /Users/adriancole/workspace/git/jclouds/providers/go2cloud-jhb1/target/test-classes
[INFO] 
[INFO] --- maven-surefire-plugin:2.10:test (default-test) @ go2cloud-jhb1 ---
[INFO] Surefire report directory: /Users/adriancole/workspace/git/jclouds/providers/go2cloud-jhb1/target/surefire-reports
[INFO] Using configured provider org.apache.maven.surefire.testng.TestNGProvider

-------------------------------------------------------
 T E S T S
-------------------------------------------------------
Running org.jclouds.go2cloud.Go2CloudJohannesburg1ProviderTest
Starting test testInRestProperties(org.jclouds.go2cloud.Go2CloudJohannesburg1ProviderTest)
Starting test testWithId(org.jclouds.go2cloud.Go2CloudJohannesburg1ProviderTest)
Starting test testAllContains(org.jclouds.go2cloud.Go2CloudJohannesburg1ProviderTest)
Starting test testOfTypeContains(org.jclouds.go2cloud.Go2CloudJohannesburg1ProviderTest)
[pool-2-thread-4] Test testOfTypeContains(org.jclouds.go2cloud.Go2CloudJohannesburg1ProviderTest) succeeded: 33ms
Test suite progress: tests succeeded: 1, failed: 0, skipped: 0.
[pool-2-thread-3] Test testAllContains(org.jclouds.go2cloud.Go2CloudJohannesburg1ProviderTest) succeeded: 39ms
Test suite progress: tests succeeded: 2, failed: 0, skipped: 0.
[pool-2-thread-2] Test testWithId(org.jclouds.go2cloud.Go2CloudJohannesburg1ProviderTest) succeeded: 42ms
Test suite progress: tests succeeded: 3, failed: 0, skipped: 0.
[pool-2-thread-1] Test testInRestProperties(org.jclouds.go2cloud.Go2CloudJohannesburg1ProviderTest) succeeded: 107ms
Test suite progress: tests succeeded: 4, failed: 0, skipped: 0.
Tests run: 4, Failures: 0, Errors: 0, Skipped: 0, Time elapsed: 0.461 sec

Results :

Tests run: 4, Failures: 0, Errors: 0, Skipped: 0

[INFO] 
[INFO] --- clojure-maven-plugin:1.3.3:test (test-clojure) @ go2cloud-jhb1 ---

Testing user

Ran 0 tests containing 0 assertions.
0 failures, 0 errors.
[INFO] 
[INFO] --- maven-bundle-plugin:2.3.4:bundle (default-bundle) @ go2cloud-jhb1 ---
[INFO] 
[INFO] --- maven-source-plugin:2.1.1:jar-no-fork (attach-sources) @ go2cloud-jhb1 ---
[INFO] Building jar: /Users/adriancole/workspace/git/jclouds/providers/go2cloud-jhb1/target/go2cloud-jhb1-1.3.0-SNAPSHOT-sources.jar
[INFO] 
[INFO] --- maven-javadoc-plugin:2.8:jar (javadoc) @ go2cloud-jhb1 ---
[INFO] Skipping javadoc generation
[INFO] 
[INFO] --- maven-jar-plugin:2.3.1:test-jar (default) @ go2cloud-jhb1 ---
[INFO] Building jar: /Users/adriancole/workspace/git/jclouds/providers/go2cloud-jhb1/target/go2cloud-jhb1-1.3.0-SNAPSHOT-tests.jar
[INFO] 
[INFO] --- maven-surefire-plugin:2.10:test (integration) @ go2cloud-jhb1 ---
[INFO] Surefire report directory: /Users/adriancole/workspace/git/jclouds/providers/go2cloud-jhb1/target/surefire-reports
[INFO] Using configured provider org.apache.maven.surefire.testng.TestNGProvider

-------------------------------------------------------
 T E S T S
-------------------------------------------------------
Running TestSuite
Starting test testCreateDrive(org.jclouds.go2cloud.Go2CloudJohannesburg1ClientLiveTest)
Starting test setServiceDefaults(org.jclouds.go2cloud.compute.Go2CloudJohannesburg1ComputeServiceLiveTest)
[pool-2-thread-1] Test setServiceDefaults(org.jclouds.go2cloud.compute.Go2CloudJohannesburg1ComputeServiceLiveTest) succeeded: 0ms
Test suite progress: tests succeeded: 1, failed: 0, skipped: 0.
Starting test testCompareSizes(org.jclouds.go2cloud.compute.Go2CloudJohannesburg1ComputeServiceLiveTest)
[pool-2-thread-1] Test testCompareSizes(org.jclouds.go2cloud.compute.Go2CloudJohannesburg1ComputeServiceLiveTest) failed.
Test suite progress: tests succeeded: 1, failed: 1, skipped: 0.
[pool-2-thread-1] Test testAScriptExecutionAfterBootWithBasicTemplate(org.jclouds.go2cloud.compute.Go2CloudJohannesburg1ComputeServiceLiveTest) skipped.
Test suite progress: tests succeeded: 1, failed: 1, skipped: 1.
Starting test testCorrectAuthException(org.jclouds.go2cloud.compute.Go2CloudJohannesburg1ComputeServiceLiveTest)
[pool-2-thread-2] Test testCreateDrive(org.jclouds.go2cloud.Go2CloudJohannesburg1ClientLiveTest) succeeded: 3949ms
Test suite progress: tests succeeded: 2, failed: 1, skipped: 1.
Starting test testSetDriveData(org.jclouds.go2cloud.Go2CloudJohannesburg1ClientLiveTest)
[pool-2-thread-1] Test testCorrectAuthException(org.jclouds.go2cloud.compute.Go2CloudJohannesburg1ComputeServiceLiveTest) succeeded: 965ms
Test suite progress: tests succeeded: 3, failed: 1, skipped: 1.
Starting test testCreateAndRunAService(org.jclouds.go2cloud.compute.Go2CloudJohannesburg1ComputeServiceLiveTest)
[pool-2-thread-1] Test testCreateAndRunAService(org.jclouds.go2cloud.compute.Go2CloudJohannesburg1ComputeServiceLiveTest) failed.
Test suite progress: tests succeeded: 3, failed: 2, skipped: 1.
[pool-2-thread-1] Test testCreateTwoNodesWithRunScript(org.jclouds.go2cloud.compute.Go2CloudJohannesburg1ComputeServiceLiveTest) skipped.
Test suite progress: tests succeeded: 3, failed: 2, skipped: 2.
[pool-2-thread-1] Test testCreateAnotherNodeWithANewContextToEnsureSharedMemIsntRequired(org.jclouds.go2cloud.compute.Go2CloudJohannesburg1ComputeServiceLiveTest) skipped.
Test suite progress: tests succeeded: 3, failed: 2, skipped: 3.
[pool-2-thread-1] Test testCredentialsCache(org.jclouds.go2cloud.compute.Go2CloudJohannesburg1ComputeServiceLiveTest) skipped.
Test suite progress: tests succeeded: 3, failed: 2, skipped: 4.
[pool-2-thread-1] Test testGet(org.jclouds.go2cloud.compute.Go2CloudJohannesburg1ComputeServiceLiveTest) skipped.
Test suite progress: tests succeeded: 3, failed: 2, skipped: 5.
Starting test testGetAssignableLocations(org.jclouds.go2cloud.compute.Go2CloudJohannesburg1ComputeServiceLiveTest)
Dec 15, 2011 4:51:47 AM org.jclouds.compute.BaseComputeServiceLiveTest testGetAssignableLocations
WARNING: location [id=go2cloud-jhb1, scope=PROVIDER, description=http://api.jhb1.go2cloud.co.za, parent=null, iso3166Codes=[ZA-GP], metadata={}]
[pool-2-thread-1] Test testGetAssignableLocations(org.jclouds.go2cloud.compute.Go2CloudJohannesburg1ComputeServiceLiveTest) succeeded: 5ms
Test suite progress: tests succeeded: 4, failed: 2, skipped: 5.
Starting test testImagesCache(org.jclouds.go2cloud.compute.Go2CloudJohannesburg1ComputeServiceLiveTest)
[pool-2-thread-1] Test testImagesCache(org.jclouds.go2cloud.compute.Go2CloudJohannesburg1ComputeServiceLiveTest) failed.
Test suite progress: tests succeeded: 4, failed: 3, skipped: 5.
Starting test testListImages(org.jclouds.go2cloud.compute.Go2CloudJohannesburg1ComputeServiceLiveTest)
[pool-2-thread-2] Test testSetDriveData(org.jclouds.go2cloud.Go2CloudJohannesburg1ClientLiveTest) succeeded: 7271ms
Test suite progress: tests succeeded: 5, failed: 3, skipped: 5.
[pool-2-thread-1] Test testListImages(org.jclouds.go2cloud.compute.Go2CloudJohannesburg1ComputeServiceLiveTest) failed.
Test suite progress: tests succeeded: 5, failed: 4, skipped: 5.
Starting test testCreateAndStartServer(org.jclouds.go2cloud.Go2CloudJohannesburg1ClientLiveTest)
Starting test testListSizes(org.jclouds.go2cloud.compute.Go2CloudJohannesburg1ComputeServiceLiveTest)
Dec 15, 2011 4:51:49 AM org.jclouds.elasticstack.ElasticStackClientLiveTest testCreateAndStartServer
INFO: preparing drive
[pool-2-thread-1] Test testListSizes(org.jclouds.go2cloud.compute.Go2CloudJohannesburg1ComputeServiceLiveTest) succeeded: 9ms
Test suite progress: tests succeeded: 6, failed: 4, skipped: 5.
[pool-2-thread-1] Test testReboot(org.jclouds.go2cloud.compute.Go2CloudJohannesburg1ComputeServiceLiveTest) skipped.
Test suite progress: tests succeeded: 6, failed: 4, skipped: 6.
[pool-2-thread-1] Test testSuspendResume(org.jclouds.go2cloud.compute.Go2CloudJohannesburg1ComputeServiceLiveTest) skipped.
Test suite progress: tests succeeded: 6, failed: 4, skipped: 7.
[pool-2-thread-1] Test testGetNodesWithDetails(org.jclouds.go2cloud.compute.Go2CloudJohannesburg1ComputeServiceLiveTest) skipped.
Test suite progress: tests succeeded: 6, failed: 4, skipped: 8.
[pool-2-thread-1] Test testListNodes(org.jclouds.go2cloud.compute.Go2CloudJohannesburg1ComputeServiceLiveTest) skipped.
Test suite progress: tests succeeded: 6, failed: 4, skipped: 9.
[pool-2-thread-1] Test testDestroyNodes(org.jclouds.go2cloud.compute.Go2CloudJohannesburg1ComputeServiceLiveTest) skipped.
Test suite progress: tests succeeded: 6, failed: 4, skipped: 10.
[pool-2-thread-1] Test testTemplateMatch(org.jclouds.go2cloud.compute.Go2CloudJohannesburg1ComputeServiceLiveTest) skipped.
Test suite progress: tests succeeded: 6, failed: 4, skipped: 11.
Starting test testCorrectExceptionRunningNodesNotFound(org.jclouds.go2cloud.compute.Go2CloudJohannesburg1ComputeServiceLiveTest)
before prepare[size=1073741824, claimType=shared, readers=[ffffffff-ffff-ffff-ffff-ffffffffffff], uuid=d3695b15-4bda-411c-8e61-7721d7dd3665, name=rediculous, tags=[networking, security, gateway], userMetadata={foo=bar}, status=active, user=69a8caa2-02d2-4aec-81d3-90969b1add57, claimed=[], encryptionCipher=aes-xts-plain, imaging=null, metrics=[readBytes=0, readRequests=0, writeBytes=0, writeRequests=0]]
[pool-2-thread-1] Test testCorrectExceptionRunningNodesNotFound(org.jclouds.go2cloud.compute.Go2CloudJohannesburg1ComputeServiceLiveTest) failed.
Test suite progress: tests succeeded: 6, failed: 5, skipped: 11.
Starting test testOptionToNotBlock(org.jclouds.go2cloud.compute.Go2CloudJohannesburg1ComputeServiceLiveTest)
[pool-2-thread-1] Test testOptionToNotBlock(org.jclouds.go2cloud.compute.Go2CloudJohannesburg1ComputeServiceLiveTest) succeeded: 0ms
Test suite progress: tests succeeded: 7, failed: 5, skipped: 11.
after prepare[size=1073741824, claimType=shared, readers=[ffffffff-ffff-ffff-ffff-ffffffffffff], uuid=d3695b15-4bda-411c-8e61-7721d7dd3665, name=rediculous, tags=[networking, security, gateway], userMetadata={foo=bar}, status=active, user=69a8caa2-02d2-4aec-81d3-90969b1add57, claimed=[], encryptionCipher=aes-xts-plain, imaging=null, metrics=[readBytes=0, readRequests=0, writeBytes=0, writeRequests=0]]
Dec 15, 2011 4:52:26 AM org.jclouds.elasticstack.ElasticStackClientLiveTest testCreateAndStartServer
INFO: starting server
{"status":"ACTIVE","started":"Jan 15, 1970 11:45:53 PM","user":"69a8caa2-02d2-4aec-81d3-90969b1add57","metrics":{"txPackets":0,"tx":0,"rxPackets":0,"rx":0,"driveMetrics":{"ide:0:0":{"readBytes":0,"readRequests":0,"writeBytes":0,"writeRequests":0}}},"cpu":1000,"smp":1,"mem":512,"persistent":true,"devices":{"ide:0:0":{"bus":0,"unit":0,"driveUuid":"d3695b15-4bda-411c-8e61-7721d7dd3665","mediaType":"DISK"}},"bootDeviceIds":["ide:0:0"],"nics":[{"dhcp":"41.73.54.76","model":"E1000","mac":"02:00:29:49:36:4c","block":[]}],"vnc":{"ip":"41.73.54.76","password":"Il0veVNC","tls":false},"uuid":"876bc2f2-244d-4a1c-bb42-e71727260012","name":"adriancole.test","tags":[],"userMetadata":{}}
[pool-2-thread-2] Test testCreateAndStartServer(org.jclouds.go2cloud.Go2CloudJohannesburg1ClientLiveTest) succeeded: 52989ms
Test suite progress: tests succeeded: 8, failed: 5, skipped: 11.
Starting test testConnectivity(org.jclouds.go2cloud.Go2CloudJohannesburg1ClientLiveTest)
Dec 15, 2011 4:52:42 AM org.jclouds.elasticstack.ElasticStackClientLiveTest testConnectivity
INFO: awaiting vnc: [address=41.73.54.76, port=5900]
Dec 15, 2011 4:52:42 AM org.jclouds.elasticstack.ElasticStackClientLiveTest testConnectivity
INFO: awaiting ssh: [address=41.73.54.76, port=22]
SLF4J: Failed to load class "org.slf4j.impl.StaticLoggerBinder".
SLF4J: Defaulting to no-operation (NOP) logger implementation
SLF4J: See http://www.slf4j.org/codes.html#StaticLoggerBinder for further details.
Filesystem           1K-blocks      Used Available Use% Mounted on
/dev/sda               1032472    502792    478080  52% /
none                    245636       152    245484   1% /dev
none                    252496         0    252496   0% /dev/shm
none                    252496        40    252456   1% /var/run
none                    252496         0    252496   0% /var/lock

/dev/sda on / type ext3 (rw,noatime)
proc on /proc type proc (rw)
none on /sys type sysfs (rw,noexec,nosuid,nodev)
fusectl on /sys/fs/fuse/connections type fusectl (rw)
none on /sys/kernel/debug type debugfs (rw)
none on /sys/kernel/security type securityfs (rw)
none on /dev type devtmpfs (rw,mode=0755)
none on /dev/pts type devpts (rw,noexec,nosuid,gid=5,mode=0620)
none on /dev/shm type tmpfs (rw,nosuid,nodev)
none on /var/run type tmpfs (rw,nosuid,mode=0755)
none on /var/lock type tmpfs (rw,noexec,nosuid,nodev)
none on /var/lib/ureadahead/debugfs type debugfs (rw,relatime)

Linux ubuntu 2.6.35-27-generic #48-Ubuntu SMP Tue Feb 22 20:25:46 UTC 2011 x86_64 GNU/Linux

[pool-2-thread-2] Test testConnectivity(org.jclouds.go2cloud.Go2CloudJohannesburg1ClientLiveTest) succeeded: 12340ms
Test suite progress: tests succeeded: 9, failed: 5, skipped: 11.
Starting test testLifeCycle(org.jclouds.go2cloud.Go2CloudJohannesburg1ClientLiveTest)
[pool-2-thread-2] Test testLifeCycle(org.jclouds.go2cloud.Go2CloudJohannesburg1ClientLiveTest) succeeded: 16076ms
Test suite progress: tests succeeded: 10, failed: 5, skipped: 11.
Starting test testSetServerConfiguration(org.jclouds.go2cloud.Go2CloudJohannesburg1ClientLiveTest)
[pool-2-thread-2] Test testSetServerConfiguration(org.jclouds.go2cloud.Go2CloudJohannesburg1ClientLiveTest) succeeded: 15548ms
Test suite progress: tests succeeded: 11, failed: 5, skipped: 11.
Starting test testDestroyServer(org.jclouds.go2cloud.Go2CloudJohannesburg1ClientLiveTest)
[pool-2-thread-2] Test testDestroyServer(org.jclouds.go2cloud.Go2CloudJohannesburg1ClientLiveTest) succeeded: 2045ms
Test suite progress: tests succeeded: 12, failed: 5, skipped: 11.
Starting test testDestroyDrive(org.jclouds.go2cloud.Go2CloudJohannesburg1ClientLiveTest)
[pool-2-thread-2] Test testDestroyDrive(org.jclouds.go2cloud.Go2CloudJohannesburg1ClientLiveTest) succeeded: 8396ms
Test suite progress: tests succeeded: 13, failed: 5, skipped: 11.
Starting test testWeCanReadAndWriteToDrive(org.jclouds.go2cloud.Go2CloudJohannesburg1ClientLiveTest)
[pool-2-thread-2] Test testWeCanReadAndWriteToDrive(org.jclouds.go2cloud.Go2CloudJohannesburg1ClientLiveTest) succeeded: 11570ms
Test suite progress: tests succeeded: 14, failed: 5, skipped: 11.
Starting test testWeCopyADriveContentsViaGzip(org.jclouds.go2cloud.Go2CloudJohannesburg1ClientLiveTest)
before image; drive 2[size=4194304, claimType=exclusive, readers=[], uuid=a0629943-cff3-4bcd-8474-5a60dcad82c9, name=adriancole.test2, tags=[], userMetadata={}, status=active, user=69a8caa2-02d2-4aec-81d3-90969b1add57, claimed=[], encryptionCipher=aes-xts-plain, imaging=null, metrics=[readBytes=0, readRequests=0, writeBytes=0, writeRequests=0]]
before image; drive 3[size=4194304, claimType=exclusive, readers=[], uuid=1d0dd85f-f636-49d4-93cb-1cace108fec5, name=adriancole.test3, tags=[], userMetadata={}, status=active, user=69a8caa2-02d2-4aec-81d3-90969b1add57, claimed=[], encryptionCipher=aes-xts-plain, imaging=null, metrics=[readBytes=0, readRequests=0, writeBytes=0, writeRequests=0]]
after image; drive 2[size=4194304, claimType=exclusive, readers=[], uuid=a0629943-cff3-4bcd-8474-5a60dcad82c9, name=adriancole.test2, tags=[], userMetadata={}, status=active, user=69a8caa2-02d2-4aec-81d3-90969b1add57, claimed=[], encryptionCipher=aes-xts-plain, imaging=null, metrics=[readBytes=0, readRequests=0, writeBytes=0, writeRequests=0]]
after image; drive 3[size=4194304, claimType=exclusive, readers=[], uuid=1d0dd85f-f636-49d4-93cb-1cace108fec5, name=adriancole.test3, tags=[], userMetadata={}, status=active, user=69a8caa2-02d2-4aec-81d3-90969b1add57, claimed=[], encryptionCipher=aes-xts-plain, imaging=null, metrics=[readBytes=0, readRequests=0, writeBytes=0, writeRequests=0]]
[pool-2-thread-2] Test testWeCopyADriveContentsViaGzip(org.jclouds.go2cloud.Go2CloudJohannesburg1ClientLiveTest) succeeded: 25085ms
Test suite progress: tests succeeded: 15, failed: 5, skipped: 11.
Starting test testGetDrive(org.jclouds.go2cloud.Go2CloudJohannesburg1ClientLiveTest)
[pool-2-thread-2] Test testGetDrive(org.jclouds.go2cloud.Go2CloudJohannesburg1ClientLiveTest) succeeded: 3277ms
Test suite progress: tests succeeded: 16, failed: 5, skipped: 11.
Starting test testGetServer(org.jclouds.go2cloud.Go2CloudJohannesburg1ClientLiveTest)
[pool-2-thread-2] Test testGetServer(org.jclouds.go2cloud.Go2CloudJohannesburg1ClientLiveTest) succeeded: 2430ms
Test suite progress: tests succeeded: 17, failed: 5, skipped: 11.
Starting test testListDriveInfo(org.jclouds.go2cloud.Go2CloudJohannesburg1ClientLiveTest)
[pool-2-thread-2] Test testListDriveInfo(org.jclouds.go2cloud.Go2CloudJohannesburg1ClientLiveTest) succeeded: 846ms
Test suite progress: tests succeeded: 18, failed: 5, skipped: 11.
Starting test testListDrives(org.jclouds.go2cloud.Go2CloudJohannesburg1ClientLiveTest)
[pool-2-thread-2] Test testListDrives(org.jclouds.go2cloud.Go2CloudJohannesburg1ClientLiveTest) succeeded: 792ms
Test suite progress: tests succeeded: 19, failed: 5, skipped: 11.
Starting test testListServers(org.jclouds.go2cloud.Go2CloudJohannesburg1ClientLiveTest)
[pool-2-thread-2] Test testListServers(org.jclouds.go2cloud.Go2CloudJohannesburg1ClientLiveTest) succeeded: 842ms
Test suite progress: tests succeeded: 20, failed: 5, skipped: 11.
Starting test testListServerInfo(org.jclouds.go2cloud.Go2CloudJohannesburg1ClientLiveTest)
[pool-2-thread-2] Test testListServerInfo(org.jclouds.go2cloud.Go2CloudJohannesburg1ClientLiveTest) succeeded: 821ms
Test suite progress: tests succeeded: 21, failed: 5, skipped: 11.
Starting test testDefaultTemplateBuilder(org.jclouds.go2cloud.compute.Go2CloudJohannesburg1TemplateBuilderLiveTest)
[pool-2-thread-2] Test testDefaultTemplateBuilder(org.jclouds.go2cloud.compute.Go2CloudJohannesburg1TemplateBuilderLiveTest) failed.
Test suite progress: tests succeeded: 21, failed: 6, skipped: 11.
Starting test testTemplateBuilderWithImageIdSpecified(org.jclouds.go2cloud.compute.Go2CloudJohannesburg1TemplateBuilderLiveTest)
[pool-2-thread-2] Test testTemplateBuilderWithImageIdSpecified(org.jclouds.go2cloud.compute.Go2CloudJohannesburg1TemplateBuilderLiveTest) failed.
Test suite progress: tests succeeded: 21, failed: 7, skipped: 11.
Starting test testTemplateBuilderWithLoginUserSpecified(org.jclouds.go2cloud.compute.Go2CloudJohannesburg1TemplateBuilderLiveTest)
[pool-2-thread-2] Test testTemplateBuilderWithLoginUserSpecified(org.jclouds.go2cloud.compute.Go2CloudJohannesburg1TemplateBuilderLiveTest) failed.
Test suite progress: tests succeeded: 21, failed: 8, skipped: 11.
Starting test testTemplateBuilderCannotFind(org.jclouds.go2cloud.compute.Go2CloudJohannesburg1TemplateBuilderLiveTest)
[pool-2-thread-2] Test testTemplateBuilderCannotFind(org.jclouds.go2cloud.compute.Go2CloudJohannesburg1TemplateBuilderLiveTest) failed.
Test suite progress: tests succeeded: 21, failed: 9, skipped: 11.
Starting test testTemplateBuilderCannotFind(org.jclouds.go2cloud.compute.Go2CloudJohannesburg1TemplateBuilderLiveTest)
[pool-2-thread-2] Test testTemplateBuilderCannotFind(org.jclouds.go2cloud.compute.Go2CloudJohannesburg1TemplateBuilderLiveTest) failed.
Test suite progress: tests succeeded: 21, failed: 10, skipped: 11.
Starting test testTemplateBuilderCannotFind(org.jclouds.go2cloud.compute.Go2CloudJohannesburg1TemplateBuilderLiveTest)
[pool-2-thread-2] Test testTemplateBuilderCannotFind(org.jclouds.go2cloud.compute.Go2CloudJohannesburg1TemplateBuilderLiveTest) failed.
Test suite progress: tests succeeded: 21, failed: 11, skipped: 11.
Starting test testTemplateBuilderCannotFind(org.jclouds.go2cloud.compute.Go2CloudJohannesburg1TemplateBuilderLiveTest)
[pool-2-thread-2] Test testTemplateBuilderCannotFind(org.jclouds.go2cloud.compute.Go2CloudJohannesburg1TemplateBuilderLiveTest) failed.
Test suite progress: tests succeeded: 21, failed: 12, skipped: 11.
Starting test testTemplateBuilderCannotFind(org.jclouds.go2cloud.compute.Go2CloudJohannesburg1TemplateBuilderLiveTest)
[pool-2-thread-2] Test testTemplateBuilderCannotFind(org.jclouds.go2cloud.compute.Go2CloudJohannesburg1TemplateBuilderLiveTest) failed.
Test suite progress: tests succeeded: 21, failed: 13, skipped: 11.
Starting test testTemplateBuilderCannotFind(org.jclouds.go2cloud.compute.Go2CloudJohannesburg1TemplateBuilderLiveTest)
[pool-2-thread-2] Test testTemplateBuilderCannotFind(org.jclouds.go2cloud.compute.Go2CloudJohannesburg1TemplateBuilderLiveTest) failed.
Test suite progress: tests succeeded: 21, failed: 14, skipped: 11.
Starting test testTemplateBuilderCannotFind(org.jclouds.go2cloud.compute.Go2CloudJohannesburg1TemplateBuilderLiveTest)
[pool-2-thread-2] Test testTemplateBuilderCannotFind(org.jclouds.go2cloud.compute.Go2CloudJohannesburg1TemplateBuilderLiveTest) failed.
Test suite progress: tests succeeded: 21, failed: 15, skipped: 11.
Starting test testTemplateBuilderCannotFind(org.jclouds.go2cloud.compute.Go2CloudJohannesburg1TemplateBuilderLiveTest)
[pool-2-thread-2] Test testTemplateBuilderCannotFind(org.jclouds.go2cloud.compute.Go2CloudJohannesburg1TemplateBuilderLiveTest) failed.
Test suite progress: tests succeeded: 21, failed: 16, skipped: 11.
Starting test testTemplateBuilderCannotFind(org.jclouds.go2cloud.compute.Go2CloudJohannesburg1TemplateBuilderLiveTest)
[pool-2-thread-2] Test testTemplateBuilderCannotFind(org.jclouds.go2cloud.compute.Go2CloudJohannesburg1TemplateBuilderLiveTest) failed.
Test suite progress: tests succeeded: 21, failed: 17, skipped: 11.
Starting test testTemplateBuilderCannotFind(org.jclouds.go2cloud.compute.Go2CloudJohannesburg1TemplateBuilderLiveTest)
[pool-2-thread-2] Test testTemplateBuilderCannotFind(org.jclouds.go2cloud.compute.Go2CloudJohannesburg1TemplateBuilderLiveTest) failed.
Test suite progress: tests succeeded: 21, failed: 18, skipped: 11.
Starting test testTemplateBuilderCannotFind(org.jclouds.go2cloud.compute.Go2CloudJohannesburg1TemplateBuilderLiveTest)
[pool-2-thread-2] Test testTemplateBuilderCannotFind(org.jclouds.go2cloud.compute.Go2CloudJohannesburg1TemplateBuilderLiveTest) failed.
Test suite progress: tests succeeded: 21, failed: 19, skipped: 11.
Starting test testTemplateBuilderCannotFind(org.jclouds.go2cloud.compute.Go2CloudJohannesburg1TemplateBuilderLiveTest)
[pool-2-thread-2] Test testTemplateBuilderCannotFind(org.jclouds.go2cloud.compute.Go2CloudJohannesburg1TemplateBuilderLiveTest) failed.
Test suite progress: tests succeeded: 21, failed: 20, skipped: 11.
Starting test testTemplateBuilderCannotFind(org.jclouds.go2cloud.compute.Go2CloudJohannesburg1TemplateBuilderLiveTest)
[pool-2-thread-2] Test testTemplateBuilderCannotFind(org.jclouds.go2cloud.compute.Go2CloudJohannesburg1TemplateBuilderLiveTest) failed.
Test suite progress: tests succeeded: 21, failed: 21, skipped: 11.
Starting test testTemplateBuilderCannotFind(org.jclouds.go2cloud.compute.Go2CloudJohannesburg1TemplateBuilderLiveTest)
[pool-2-thread-2] Test testTemplateBuilderCannotFind(org.jclouds.go2cloud.compute.Go2CloudJohannesburg1TemplateBuilderLiveTest) failed.
Test suite progress: tests succeeded: 21, failed: 22, skipped: 11.
Starting test testTemplateBuilderCannotFind(org.jclouds.go2cloud.compute.Go2CloudJohannesburg1TemplateBuilderLiveTest)
[pool-2-thread-2] Test testTemplateBuilderCannotFind(org.jclouds.go2cloud.compute.Go2CloudJohannesburg1TemplateBuilderLiveTest) failed.
Test suite progress: tests succeeded: 21, failed: 23, skipped: 11.
Starting test testTemplateBuilderCannotFind(org.jclouds.go2cloud.compute.Go2CloudJohannesburg1TemplateBuilderLiveTest)
[pool-2-thread-2] Test testTemplateBuilderCannotFind(org.jclouds.go2cloud.compute.Go2CloudJohannesburg1TemplateBuilderLiveTest) failed.
Test suite progress: tests succeeded: 21, failed: 24, skipped: 11.
Starting test testTemplateBuilderCannotFind(org.jclouds.go2cloud.compute.Go2CloudJohannesburg1TemplateBuilderLiveTest)
[pool-2-thread-2] Test testTemplateBuilderCannotFind(org.jclouds.go2cloud.compute.Go2CloudJohannesburg1TemplateBuilderLiveTest) failed.
Test suite progress: tests succeeded: 21, failed: 25, skipped: 11.
Starting test testTemplateBuilderCannotFind(org.jclouds.go2cloud.compute.Go2CloudJohannesburg1TemplateBuilderLiveTest)
[pool-2-thread-2] Test testTemplateBuilderCannotFind(org.jclouds.go2cloud.compute.Go2CloudJohannesburg1TemplateBuilderLiveTest) failed.
Test suite progress: tests succeeded: 21, failed: 26, skipped: 11.
Starting test testTemplateBuilderCannotFind(org.jclouds.go2cloud.compute.Go2CloudJohannesburg1TemplateBuilderLiveTest)
[pool-2-thread-2] Test testTemplateBuilderCannotFind(org.jclouds.go2cloud.compute.Go2CloudJohannesburg1TemplateBuilderLiveTest) failed.
Test suite progress: tests succeeded: 21, failed: 27, skipped: 11.
Starting test testTemplateBuilderCannotFind(org.jclouds.go2cloud.compute.Go2CloudJohannesburg1TemplateBuilderLiveTest)
[pool-2-thread-2] Test testTemplateBuilderCannotFind(org.jclouds.go2cloud.compute.Go2CloudJohannesburg1TemplateBuilderLiveTest) failed.
Test suite progress: tests succeeded: 21, failed: 28, skipped: 11.
Starting test testTemplateBuilderCannotFind(org.jclouds.go2cloud.compute.Go2CloudJohannesburg1TemplateBuilderLiveTest)
[pool-2-thread-2] Test testTemplateBuilderCannotFind(org.jclouds.go2cloud.compute.Go2CloudJohannesburg1TemplateBuilderLiveTest) failed.
Test suite progress: tests succeeded: 21, failed: 29, skipped: 11.
Starting test testTemplateBuilderCannotFind(org.jclouds.go2cloud.compute.Go2CloudJohannesburg1TemplateBuilderLiveTest)
[pool-2-thread-2] Test testTemplateBuilderCannotFind(org.jclouds.go2cloud.compute.Go2CloudJohannesburg1TemplateBuilderLiveTest) failed.
Test suite progress: tests succeeded: 21, failed: 30, skipped: 11.
Starting test testTemplateBuilderCannotFind(org.jclouds.go2cloud.compute.Go2CloudJohannesburg1TemplateBuilderLiveTest)
[pool-2-thread-2] Test testTemplateBuilderCannotFind(org.jclouds.go2cloud.compute.Go2CloudJohannesburg1TemplateBuilderLiveTest) failed.
Test suite progress: tests succeeded: 21, failed: 31, skipped: 11.
Starting test testTemplateBuilderCannotFind(org.jclouds.go2cloud.compute.Go2CloudJohannesburg1TemplateBuilderLiveTest)
[pool-2-thread-2] Test testTemplateBuilderCannotFind(org.jclouds.go2cloud.compute.Go2CloudJohannesburg1TemplateBuilderLiveTest) failed.
Test suite progress: tests succeeded: 21, failed: 32, skipped: 11.
Starting test testTemplateBuilderCannotFind(org.jclouds.go2cloud.compute.Go2CloudJohannesburg1TemplateBuilderLiveTest)
[pool-2-thread-2] Test testTemplateBuilderCannotFind(org.jclouds.go2cloud.compute.Go2CloudJohannesburg1TemplateBuilderLiveTest) failed.
Test suite progress: tests succeeded: 21, failed: 33, skipped: 11.
Starting test testTemplateBuilderCannotFind(org.jclouds.go2cloud.compute.Go2CloudJohannesburg1TemplateBuilderLiveTest)
[pool-2-thread-2] Test testTemplateBuilderCannotFind(org.jclouds.go2cloud.compute.Go2CloudJohannesburg1TemplateBuilderLiveTest) failed.
Test suite progress: tests succeeded: 21, failed: 34, skipped: 11.
Starting test testTemplateBuilderCannotFind(org.jclouds.go2cloud.compute.Go2CloudJohannesburg1TemplateBuilderLiveTest)
[pool-2-thread-2] Test testTemplateBuilderCannotFind(org.jclouds.go2cloud.compute.Go2CloudJohannesburg1TemplateBuilderLiveTest) failed.
Test suite progress: tests succeeded: 21, failed: 35, skipped: 11.
Starting test testTemplateBuilderCannotFind(org.jclouds.go2cloud.compute.Go2CloudJohannesburg1TemplateBuilderLiveTest)
[pool-2-thread-2] Test testTemplateBuilderCannotFind(org.jclouds.go2cloud.compute.Go2CloudJohannesburg1TemplateBuilderLiveTest) failed.
Test suite progress: tests succeeded: 21, failed: 36, skipped: 11.
Starting test testTemplateBuilderCannotFind(org.jclouds.go2cloud.compute.Go2CloudJohannesburg1TemplateBuilderLiveTest)
[pool-2-thread-2] Test testTemplateBuilderCannotFind(org.jclouds.go2cloud.compute.Go2CloudJohannesburg1TemplateBuilderLiveTest) failed.
Test suite progress: tests succeeded: 21, failed: 37, skipped: 11.
Starting test testTemplateBuilderCannotFind(org.jclouds.go2cloud.compute.Go2CloudJohannesburg1TemplateBuilderLiveTest)
[pool-2-thread-2] Test testTemplateBuilderCannotFind(org.jclouds.go2cloud.compute.Go2CloudJohannesburg1TemplateBuilderLiveTest) failed.
Test suite progress: tests succeeded: 21, failed: 38, skipped: 11.
Starting test testTemplateBuilderCannotFind(org.jclouds.go2cloud.compute.Go2CloudJohannesburg1TemplateBuilderLiveTest)
[pool-2-thread-2] Test testTemplateBuilderCannotFind(org.jclouds.go2cloud.compute.Go2CloudJohannesburg1TemplateBuilderLiveTest) failed.
Test suite progress: tests succeeded: 21, failed: 39, skipped: 11.
Starting test testTemplateBuilderCannotFind(org.jclouds.go2cloud.compute.Go2CloudJohannesburg1TemplateBuilderLiveTest)
[pool-2-thread-2] Test testTemplateBuilderCannotFind(org.jclouds.go2cloud.compute.Go2CloudJohannesburg1TemplateBuilderLiveTest) failed.
Test suite progress: tests succeeded: 21, failed: 40, skipped: 11.
Starting test testTemplateBuilderCannotFind(org.jclouds.go2cloud.compute.Go2CloudJohannesburg1TemplateBuilderLiveTest)
[pool-2-thread-2] Test testTemplateBuilderCannotFind(org.jclouds.go2cloud.compute.Go2CloudJohannesburg1TemplateBuilderLiveTest) failed.
Test suite progress: tests succeeded: 21, failed: 41, skipped: 11.
Starting test testTemplateBuilderCannotFind(org.jclouds.go2cloud.compute.Go2CloudJohannesburg1TemplateBuilderLiveTest)
[pool-2-thread-2] Test testTemplateBuilderCannotFind(org.jclouds.go2cloud.compute.Go2CloudJohannesburg1TemplateBuilderLiveTest) failed.
Test suite progress: tests succeeded: 21, failed: 42, skipped: 11.
Starting test testTemplateBuilderCannotFind(org.jclouds.go2cloud.compute.Go2CloudJohannesburg1TemplateBuilderLiveTest)
[pool-2-thread-2] Test testTemplateBuilderCannotFind(org.jclouds.go2cloud.compute.Go2CloudJohannesburg1TemplateBuilderLiveTest) failed.
Test suite progress: tests succeeded: 21, failed: 43, skipped: 11.
Starting test testTemplateBuilderCannotFind(org.jclouds.go2cloud.compute.Go2CloudJohannesburg1TemplateBuilderLiveTest)
[pool-2-thread-2] Test testTemplateBuilderCannotFind(org.jclouds.go2cloud.compute.Go2CloudJohannesburg1TemplateBuilderLiveTest) failed.
Test suite progress: tests succeeded: 21, failed: 44, skipped: 11.
Starting test testTemplateBuilderCannotFind(org.jclouds.go2cloud.compute.Go2CloudJohannesburg1TemplateBuilderLiveTest)
[pool-2-thread-2] Test testTemplateBuilderCannotFind(org.jclouds.go2cloud.compute.Go2CloudJohannesburg1TemplateBuilderLiveTest) failed.
Test suite progress: tests succeeded: 21, failed: 45, skipped: 11.
Starting test testTemplateBuilderCannotFind(org.jclouds.go2cloud.compute.Go2CloudJohannesburg1TemplateBuilderLiveTest)
[pool-2-thread-2] Test testTemplateBuilderCannotFind(org.jclouds.go2cloud.compute.Go2CloudJohannesburg1TemplateBuilderLiveTest) failed.
Test suite progress: tests succeeded: 21, failed: 46, skipped: 11.
Starting test testTemplateBuilderCannotFind(org.jclouds.go2cloud.compute.Go2CloudJohannesburg1TemplateBuilderLiveTest)
[pool-2-thread-2] Test testTemplateBuilderCannotFind(org.jclouds.go2cloud.compute.Go2CloudJohannesburg1TemplateBuilderLiveTest) failed.
Test suite progress: tests succeeded: 21, failed: 47, skipped: 11.
Starting test testTemplateBuilderCannotFind(org.jclouds.go2cloud.compute.Go2CloudJohannesburg1TemplateBuilderLiveTest)
[pool-2-thread-2] Test testTemplateBuilderCannotFind(org.jclouds.go2cloud.compute.Go2CloudJohannesburg1TemplateBuilderLiveTest) failed.
Test suite progress: tests succeeded: 21, failed: 48, skipped: 11.
Starting test testTemplateBuilderCannotFind(org.jclouds.go2cloud.compute.Go2CloudJohannesburg1TemplateBuilderLiveTest)
[pool-2-thread-2] Test testTemplateBuilderCannotFind(org.jclouds.go2cloud.compute.Go2CloudJohannesburg1TemplateBuilderLiveTest) failed.
Test suite progress: tests succeeded: 21, failed: 49, skipped: 11.
Starting test testTemplateBuilderCannotFind(org.jclouds.go2cloud.compute.Go2CloudJohannesburg1TemplateBuilderLiveTest)
[pool-2-thread-2] Test testTemplateBuilderCannotFind(org.jclouds.go2cloud.compute.Go2CloudJohannesburg1TemplateBuilderLiveTest) failed.
Test suite progress: tests succeeded: 21, failed: 50, skipped: 11.
Starting test testTemplateBuilderCannotFind(org.jclouds.go2cloud.compute.Go2CloudJohannesburg1TemplateBuilderLiveTest)
[pool-2-thread-2] Test testTemplateBuilderCannotFind(org.jclouds.go2cloud.compute.Go2CloudJohannesburg1TemplateBuilderLiveTest) failed.
Test suite progress: tests succeeded: 21, failed: 51, skipped: 11.
Starting test testTemplateBuilderCannotFind(org.jclouds.go2cloud.compute.Go2CloudJohannesburg1TemplateBuilderLiveTest)
[pool-2-thread-2] Test testTemplateBuilderCannotFind(org.jclouds.go2cloud.compute.Go2CloudJohannesburg1TemplateBuilderLiveTest) failed.
Test suite progress: tests succeeded: 21, failed: 52, skipped: 11.
Starting test testTemplateBuilderCannotFind(org.jclouds.go2cloud.compute.Go2CloudJohannesburg1TemplateBuilderLiveTest)
[pool-2-thread-2] Test testTemplateBuilderCannotFind(org.jclouds.go2cloud.compute.Go2CloudJohannesburg1TemplateBuilderLiveTest) failed.
Test suite progress: tests succeeded: 21, failed: 53, skipped: 11.
Starting test testTemplateBuilderCannotFind(org.jclouds.go2cloud.compute.Go2CloudJohannesburg1TemplateBuilderLiveTest)
[pool-2-thread-2] Test testTemplateBuilderCannotFind(org.jclouds.go2cloud.compute.Go2CloudJohannesburg1TemplateBuilderLiveTest) failed.
Test suite progress: tests succeeded: 21, failed: 54, skipped: 11.
Starting test testTemplateBuilderCannotFind(org.jclouds.go2cloud.compute.Go2CloudJohannesburg1TemplateBuilderLiveTest)
[pool-2-thread-2] Test testTemplateBuilderCannotFind(org.jclouds.go2cloud.compute.Go2CloudJohannesburg1TemplateBuilderLiveTest) failed.
Test suite progress: tests succeeded: 21, failed: 55, skipped: 11.
Starting test testTemplateBuilderCannotFind(org.jclouds.go2cloud.compute.Go2CloudJohannesburg1TemplateBuilderLiveTest)
[pool-2-thread-2] Test testTemplateBuilderCannotFind(org.jclouds.go2cloud.compute.Go2CloudJohannesburg1TemplateBuilderLiveTest) failed.
Test suite progress: tests succeeded: 21, failed: 56, skipped: 11.
Starting test testTemplateBuilderCannotFind(org.jclouds.go2cloud.compute.Go2CloudJohannesburg1TemplateBuilderLiveTest)
[pool-2-thread-2] Test testTemplateBuilderCannotFind(org.jclouds.go2cloud.compute.Go2CloudJohannesburg1TemplateBuilderLiveTest) failed.
Test suite progress: tests succeeded: 21, failed: 57, skipped: 11.
Starting test testTemplateBuilderCannotFind(org.jclouds.go2cloud.compute.Go2CloudJohannesburg1TemplateBuilderLiveTest)
[pool-2-thread-2] Test testTemplateBuilderCannotFind(org.jclouds.go2cloud.compute.Go2CloudJohannesburg1TemplateBuilderLiveTest) failed.
Test suite progress: tests succeeded: 21, failed: 58, skipped: 11.
Starting test testTemplateBuilderCannotFind(org.jclouds.go2cloud.compute.Go2CloudJohannesburg1TemplateBuilderLiveTest)
[pool-2-thread-2] Test testTemplateBuilderCannotFind(org.jclouds.go2cloud.compute.Go2CloudJohannesburg1TemplateBuilderLiveTest) failed.
Test suite progress: tests succeeded: 21, failed: 59, skipped: 11.
Starting test testTemplateBuilderCannotFind(org.jclouds.go2cloud.compute.Go2CloudJohannesburg1TemplateBuilderLiveTest)
[pool-2-thread-2] Test testTemplateBuilderCannotFind(org.jclouds.go2cloud.compute.Go2CloudJohannesburg1TemplateBuilderLiveTest) failed.
Test suite progress: tests succeeded: 21, failed: 60, skipped: 11.
Starting test testTemplateBuilderCannotFind(org.jclouds.go2cloud.compute.Go2CloudJohannesburg1TemplateBuilderLiveTest)
[pool-2-thread-2] Test testTemplateBuilderCannotFind(org.jclouds.go2cloud.compute.Go2CloudJohannesburg1TemplateBuilderLiveTest) failed.
Test suite progress: tests succeeded: 21, failed: 61, skipped: 11.
Starting test testTemplateBuilderCannotFind(org.jclouds.go2cloud.compute.Go2CloudJohannesburg1TemplateBuilderLiveTest)
[pool-2-thread-2] Test testTemplateBuilderCannotFind(org.jclouds.go2cloud.compute.Go2CloudJohannesburg1TemplateBuilderLiveTest) failed.
Test suite progress: tests succeeded: 21, failed: 62, skipped: 11.
Starting test testTemplateBuilderCannotFind(org.jclouds.go2cloud.compute.Go2CloudJohannesburg1TemplateBuilderLiveTest)
[pool-2-thread-2] Test testTemplateBuilderCannotFind(org.jclouds.go2cloud.compute.Go2CloudJohannesburg1TemplateBuilderLiveTest) failed.
Test suite progress: tests succeeded: 21, failed: 63, skipped: 11.
Starting test testTemplateBuilderCannotFind(org.jclouds.go2cloud.compute.Go2CloudJohannesburg1TemplateBuilderLiveTest)
[pool-2-thread-2] Test testTemplateBuilderCannotFind(org.jclouds.go2cloud.compute.Go2CloudJohannesburg1TemplateBuilderLiveTest) failed.
Test suite progress: tests succeeded: 21, failed: 64, skipped: 11.
Starting test testTemplateBuilderCannotFind(org.jclouds.go2cloud.compute.Go2CloudJohannesburg1TemplateBuilderLiveTest)
[pool-2-thread-2] Test testTemplateBuilderCannotFind(org.jclouds.go2cloud.compute.Go2CloudJohannesburg1TemplateBuilderLiveTest) failed.
Test suite progress: tests succeeded: 21, failed: 65, skipped: 11.
Starting test testTemplateBuilderCannotFind(org.jclouds.go2cloud.compute.Go2CloudJohannesburg1TemplateBuilderLiveTest)
[pool-2-thread-2] Test testTemplateBuilderCannotFind(org.jclouds.go2cloud.compute.Go2CloudJohannesburg1TemplateBuilderLiveTest) failed.
Test suite progress: tests succeeded: 21, failed: 66, skipped: 11.
Starting test testTemplateBuilderCannotFind(org.jclouds.go2cloud.compute.Go2CloudJohannesburg1TemplateBuilderLiveTest)
[pool-2-thread-2] Test testTemplateBuilderCannotFind(org.jclouds.go2cloud.compute.Go2CloudJohannesburg1TemplateBuilderLiveTest) failed.
Test suite progress: tests succeeded: 21, failed: 67, skipped: 11.
Starting test testTemplateBuilderCannotFind(org.jclouds.go2cloud.compute.Go2CloudJohannesburg1TemplateBuilderLiveTest)
[pool-2-thread-2] Test testTemplateBuilderCannotFind(org.jclouds.go2cloud.compute.Go2CloudJohannesburg1TemplateBuilderLiveTest) failed.
Test suite progress: tests succeeded: 21, failed: 68, skipped: 11.
Starting test testTemplateBuilderCannotFind(org.jclouds.go2cloud.compute.Go2CloudJohannesburg1TemplateBuilderLiveTest)
[pool-2-thread-2] Test testTemplateBuilderCannotFind(org.jclouds.go2cloud.compute.Go2CloudJohannesburg1TemplateBuilderLiveTest) failed.
Test suite progress: tests succeeded: 21, failed: 69, skipped: 11.
Starting test testTemplateBuilderCannotFind(org.jclouds.go2cloud.compute.Go2CloudJohannesburg1TemplateBuilderLiveTest)
[pool-2-thread-2] Test testTemplateBuilderCannotFind(org.jclouds.go2cloud.compute.Go2CloudJohannesburg1TemplateBuilderLiveTest) failed.
Test suite progress: tests succeeded: 21, failed: 70, skipped: 11.
Starting test testTemplateBuilderCannotFind(org.jclouds.go2cloud.compute.Go2CloudJohannesburg1TemplateBuilderLiveTest)
[pool-2-thread-2] Test testTemplateBuilderCannotFind(org.jclouds.go2cloud.compute.Go2CloudJohannesburg1TemplateBuilderLiveTest) failed.
Test suite progress: tests succeeded: 21, failed: 71, skipped: 11.
Starting test testTemplateBuilderCannotFind(org.jclouds.go2cloud.compute.Go2CloudJohannesburg1TemplateBuilderLiveTest)
[pool-2-thread-2] Test testTemplateBuilderCannotFind(org.jclouds.go2cloud.compute.Go2CloudJohannesburg1TemplateBuilderLiveTest) failed.
Test suite progress: tests succeeded: 21, failed: 72, skipped: 11.
Starting test testTemplateBuilderCannotFind(org.jclouds.go2cloud.compute.Go2CloudJohannesburg1TemplateBuilderLiveTest)
[pool-2-thread-2] Test testTemplateBuilderCannotFind(org.jclouds.go2cloud.compute.Go2CloudJohannesburg1TemplateBuilderLiveTest) failed.
Test suite progress: tests succeeded: 21, failed: 73, skipped: 11.
Starting test testTemplateBuilderCannotFind(org.jclouds.go2cloud.compute.Go2CloudJohannesburg1TemplateBuilderLiveTest)
[pool-2-thread-2] Test testTemplateBuilderCannotFind(org.jclouds.go2cloud.compute.Go2CloudJohannesburg1TemplateBuilderLiveTest) failed.
Test suite progress: tests succeeded: 21, failed: 74, skipped: 11.
Starting test testTemplateBuilderCannotFind(org.jclouds.go2cloud.compute.Go2CloudJohannesburg1TemplateBuilderLiveTest)
[pool-2-thread-2] Test testTemplateBuilderCannotFind(org.jclouds.go2cloud.compute.Go2CloudJohannesburg1TemplateBuilderLiveTest) failed.
Test suite progress: tests succeeded: 21, failed: 75, skipped: 11.
Starting test testTemplateBuilderCannotFind(org.jclouds.go2cloud.compute.Go2CloudJohannesburg1TemplateBuilderLiveTest)
[pool-2-thread-2] Test testTemplateBuilderCannotFind(org.jclouds.go2cloud.compute.Go2CloudJohannesburg1TemplateBuilderLiveTest) failed.
Test suite progress: tests succeeded: 21, failed: 76, skipped: 11.
Starting test testTemplateBuilderCannotFind(org.jclouds.go2cloud.compute.Go2CloudJohannesburg1TemplateBuilderLiveTest)
[pool-2-thread-2] Test testTemplateBuilderCannotFind(org.jclouds.go2cloud.compute.Go2CloudJohannesburg1TemplateBuilderLiveTest) failed.
Test suite progress: tests succeeded: 21, failed: 77, skipped: 11.
Starting test testTemplateBuilderCannotFind(org.jclouds.go2cloud.compute.Go2CloudJohannesburg1TemplateBuilderLiveTest)
[pool-2-thread-2] Test testTemplateBuilderCannotFind(org.jclouds.go2cloud.compute.Go2CloudJohannesburg1TemplateBuilderLiveTest) failed.
Test suite progress: tests succeeded: 21, failed: 78, skipped: 11.
Starting test testTemplateBuilderCannotFind(org.jclouds.go2cloud.compute.Go2CloudJohannesburg1TemplateBuilderLiveTest)
[pool-2-thread-2] Test testTemplateBuilderCannotFind(org.jclouds.go2cloud.compute.Go2CloudJohannesburg1TemplateBuilderLiveTest) failed.
Test suite progress: tests succeeded: 21, failed: 79, skipped: 11.
Starting test testTemplateBuilderCannotFind(org.jclouds.go2cloud.compute.Go2CloudJohannesburg1TemplateBuilderLiveTest)
[pool-2-thread-2] Test testTemplateBuilderCannotFind(org.jclouds.go2cloud.compute.Go2CloudJohannesburg1TemplateBuilderLiveTest) failed.
Test suite progress: tests succeeded: 21, failed: 80, skipped: 11.
Starting test testTemplateBuilderCannotFind(org.jclouds.go2cloud.compute.Go2CloudJohannesburg1TemplateBuilderLiveTest)
[pool-2-thread-2] Test testTemplateBuilderCannotFind(org.jclouds.go2cloud.compute.Go2CloudJohannesburg1TemplateBuilderLiveTest) failed.
Test suite progress: tests succeeded: 21, failed: 81, skipped: 11.
Starting test testTemplateBuilderCannotFind(org.jclouds.go2cloud.compute.Go2CloudJohannesburg1TemplateBuilderLiveTest)
[pool-2-thread-2] Test testTemplateBuilderCannotFind(org.jclouds.go2cloud.compute.Go2CloudJohannesburg1TemplateBuilderLiveTest) failed.
Test suite progress: tests succeeded: 21, failed: 82, skipped: 11.
Starting test testTemplateBuilderCannotFind(org.jclouds.go2cloud.compute.Go2CloudJohannesburg1TemplateBuilderLiveTest)
[pool-2-thread-2] Test testTemplateBuilderCannotFind(org.jclouds.go2cloud.compute.Go2CloudJohannesburg1TemplateBuilderLiveTest) failed.
Test suite progress: tests succeeded: 21, failed: 83, skipped: 11.
Starting test testTemplateBuilderCannotFind(org.jclouds.go2cloud.compute.Go2CloudJohannesburg1TemplateBuilderLiveTest)
[pool-2-thread-2] Test testTemplateBuilderCannotFind(org.jclouds.go2cloud.compute.Go2CloudJohannesburg1TemplateBuilderLiveTest) failed.
Test suite progress: tests succeeded: 21, failed: 84, skipped: 11.
Starting test testTemplateBuilderCannotFind(org.jclouds.go2cloud.compute.Go2CloudJohannesburg1TemplateBuilderLiveTest)
[pool-2-thread-2] Test testTemplateBuilderCannotFind(org.jclouds.go2cloud.compute.Go2CloudJohannesburg1TemplateBuilderLiveTest) failed.
Test suite progress: tests succeeded: 21, failed: 85, skipped: 11.
Starting test testTemplateBuilderCannotFind(org.jclouds.go2cloud.compute.Go2CloudJohannesburg1TemplateBuilderLiveTest)
[pool-2-thread-2] Test testTemplateBuilderCannotFind(org.jclouds.go2cloud.compute.Go2CloudJohannesburg1TemplateBuilderLiveTest) failed.
Test suite progress: tests succeeded: 21, failed: 86, skipped: 11.
Starting test testCompareSizes(org.jclouds.go2cloud.compute.Go2CloudJohannesburg1TemplateBuilderLiveTest)
[pool-2-thread-2] Test testCompareSizes(org.jclouds.go2cloud.compute.Go2CloudJohannesburg1TemplateBuilderLiveTest) failed.
Test suite progress: tests succeeded: 21, failed: 87, skipped: 11.
Starting test testGetAssignableLocations(org.jclouds.go2cloud.compute.Go2CloudJohannesburg1TemplateBuilderLiveTest)
location [id=go2cloud-jhb1, scope=PROVIDER, description=http://api.jhb1.go2cloud.co.za, parent=null, iso3166Codes=[ZA-GP], metadata={}]
[pool-2-thread-2] Test testGetAssignableLocations(org.jclouds.go2cloud.compute.Go2CloudJohannesburg1TemplateBuilderLiveTest) succeeded: 1ms
Test suite progress: tests succeeded: 22, failed: 87, skipped: 11.
Starting test testTemplateBuilderCanUseImageId(org.jclouds.go2cloud.compute.Go2CloudJohannesburg1TemplateBuilderLiveTest)
[pool-2-thread-2] Test testTemplateBuilderCanUseImageId(org.jclouds.go2cloud.compute.Go2CloudJohannesburg1TemplateBuilderLiveTest) failed.
Test suite progress: tests succeeded: 22, failed: 88, skipped: 11.
Starting test testFromTemplate(org.jclouds.go2cloud.compute.Go2CloudJohannesburg1TemplateBuilderLiveTest)
[pool-2-thread-2] Test testFromTemplate(org.jclouds.go2cloud.compute.Go2CloudJohannesburg1TemplateBuilderLiveTest) failed.
Test suite progress: tests succeeded: 22, failed: 89, skipped: 11.
Starting test testTemplateBuilderCanFind(org.jclouds.go2cloud.compute.Go2CloudJohannesburg1TemplateBuilderLiveTest)
[pool-2-thread-2] Test testTemplateBuilderCanFind(org.jclouds.go2cloud.compute.Go2CloudJohannesburg1TemplateBuilderLiveTest) failed.
Test suite progress: tests succeeded: 22, failed: 90, skipped: 11.
Starting test testTemplateBuilderCanFind(org.jclouds.go2cloud.compute.Go2CloudJohannesburg1TemplateBuilderLiveTest)
[pool-2-thread-2] Test testTemplateBuilderCanFind(org.jclouds.go2cloud.compute.Go2CloudJohannesburg1TemplateBuilderLiveTest) failed.
Test suite progress: tests succeeded: 22, failed: 91, skipped: 11.
Starting test testTemplateBuilderCanFind(org.jclouds.go2cloud.compute.Go2CloudJohannesburg1TemplateBuilderLiveTest)
[pool-2-thread-2] Test testTemplateBuilderCanFind(org.jclouds.go2cloud.compute.Go2CloudJohannesburg1TemplateBuilderLiveTest) failed.
Test suite progress: tests succeeded: 22, failed: 92, skipped: 11.
Starting test testTemplateBuilderCanFind(org.jclouds.go2cloud.compute.Go2CloudJohannesburg1TemplateBuilderLiveTest)
[pool-2-thread-2] Test testTemplateBuilderCanFind(org.jclouds.go2cloud.compute.Go2CloudJohannesburg1TemplateBuilderLiveTest) failed.
Test suite progress: tests succeeded: 22, failed: 93, skipped: 11.
Starting test testTemplateBuilderCanFind(org.jclouds.go2cloud.compute.Go2CloudJohannesburg1TemplateBuilderLiveTest)
[pool-2-thread-2] Test testTemplateBuilderCanFind(org.jclouds.go2cloud.compute.Go2CloudJohannesburg1TemplateBuilderLiveTest) failed.
Test suite progress: tests succeeded: 22, failed: 94, skipped: 11.
Starting test testTemplateBuilderCanFind(org.jclouds.go2cloud.compute.Go2CloudJohannesburg1TemplateBuilderLiveTest)
[pool-2-thread-2] Test testTemplateBuilderCanFind(org.jclouds.go2cloud.compute.Go2CloudJohannesburg1TemplateBuilderLiveTest) failed.
Test suite progress: tests succeeded: 22, failed: 95, skipped: 11.
Tests run: 128, Failures: 95, Errors: 0, Skipped: 11, Time elapsed: 261.594 sec <<< FAILURE!

Results :

Failed tests:   testCompareSizes(org.jclouds.go2cloud.compute.Go2CloudJohannesburg1ComputeServiceLiveTest): CacheLoader returned null for key 77ad0ffe-9537-4c64-a8e3-10db185261c0.
  testCreateAndRunAService(org.jclouds.go2cloud.compute.Go2CloudJohannesburg1ComputeServiceLiveTest): CacheLoader returned null for key 77ad0ffe-9537-4c64-a8e3-10db185261c0.
  testImagesCache(org.jclouds.go2cloud.compute.Go2CloudJohannesburg1ComputeServiceLiveTest): CacheLoader returned null for key 77ad0ffe-9537-4c64-a8e3-10db185261c0.
  testListImages(org.jclouds.go2cloud.compute.Go2CloudJohannesburg1ComputeServiceLiveTest): CacheLoader returned null for key 77ad0ffe-9537-4c64-a8e3-10db185261c0.
  testCorrectExceptionRunningNodesNotFound(org.jclouds.go2cloud.compute.Go2CloudJohannesburg1ComputeServiceLiveTest): 
  testDefaultTemplateBuilder(org.jclouds.go2cloud.compute.Go2CloudJohannesburg1TemplateBuilderLiveTest): CacheLoader returned null for key 77ad0ffe-9537-4c64-a8e3-10db185261c0.
  testTemplateBuilderWithImageIdSpecified(org.jclouds.go2cloud.compute.Go2CloudJohannesburg1TemplateBuilderLiveTest): CacheLoader returned null for key 77ad0ffe-9537-4c64-a8e3-10db185261c0.
  testTemplateBuilderWithLoginUserSpecified(org.jclouds.go2cloud.compute.Go2CloudJohannesburg1TemplateBuilderLiveTest): CacheLoader returned null for key 77ad0ffe-9537-4c64-a8e3-10db185261c0.
  testTemplateBuilderCannotFind(org.jclouds.go2cloud.compute.Go2CloudJohannesburg1TemplateBuilderLiveTest): 
  testTemplateBuilderCannotFind(org.jclouds.go2cloud.compute.Go2CloudJohannesburg1TemplateBuilderLiveTest): 
  testTemplateBuilderCannotFind(org.jclouds.go2cloud.compute.Go2CloudJohannesburg1TemplateBuilderLiveTest): 
  testTemplateBuilderCannotFind(org.jclouds.go2cloud.compute.Go2CloudJohannesburg1TemplateBuilderLiveTest): 
  testTemplateBuilderCannotFind(org.jclouds.go2cloud.compute.Go2CloudJohannesburg1TemplateBuilderLiveTest): 
  testTemplateBuilderCannotFind(org.jclouds.go2cloud.compute.Go2CloudJohannesburg1TemplateBuilderLiveTest): 
  testTemplateBuilderCannotFind(org.jclouds.go2cloud.compute.Go2CloudJohannesburg1TemplateBuilderLiveTest): 
  testTemplateBuilderCannotFind(org.jclouds.go2cloud.compute.Go2CloudJohannesburg1TemplateBuilderLiveTest): 
  testTemplateBuilderCannotFind(org.jclouds.go2cloud.compute.Go2CloudJohannesburg1TemplateBuilderLiveTest): 
  testTemplateBuilderCannotFind(org.jclouds.go2cloud.compute.Go2CloudJohannesburg1TemplateBuilderLiveTest): 
  testTemplateBuilderCannotFind(org.jclouds.go2cloud.compute.Go2CloudJohannesburg1TemplateBuilderLiveTest): 
  testTemplateBuilderCannotFind(org.jclouds.go2cloud.compute.Go2CloudJohannesburg1TemplateBuilderLiveTest): 
  testTemplateBuilderCannotFind(org.jclouds.go2cloud.compute.Go2CloudJohannesburg1TemplateBuilderLiveTest): 
  testTemplateBuilderCannotFind(org.jclouds.go2cloud.compute.Go2CloudJohannesburg1TemplateBuilderLiveTest): 
  testTemplateBuilderCannotFind(org.jclouds.go2cloud.compute.Go2CloudJohannesburg1TemplateBuilderLiveTest): 
  testTemplateBuilderCannotFind(org.jclouds.go2cloud.compute.Go2CloudJohannesburg1TemplateBuilderLiveTest): 
  testTemplateBuilderCannotFind(org.jclouds.go2cloud.compute.Go2CloudJohannesburg1TemplateBuilderLiveTest): 
  testTemplateBuilderCannotFind(org.jclouds.go2cloud.compute.Go2CloudJohannesburg1TemplateBuilderLiveTest): 
  testTemplateBuilderCannotFind(org.jclouds.go2cloud.compute.Go2CloudJohannesburg1TemplateBuilderLiveTest): 
  testTemplateBuilderCannotFind(org.jclouds.go2cloud.compute.Go2CloudJohannesburg1TemplateBuilderLiveTest): 
  testTemplateBuilderCannotFind(org.jclouds.go2cloud.compute.Go2CloudJohannesburg1TemplateBuilderLiveTest): 
  testTemplateBuilderCannotFind(org.jclouds.go2cloud.compute.Go2CloudJohannesburg1TemplateBuilderLiveTest): 
  testTemplateBuilderCannotFind(org.jclouds.go2cloud.compute.Go2CloudJohannesburg1TemplateBuilderLiveTest): 
  testTemplateBuilderCannotFind(org.jclouds.go2cloud.compute.Go2CloudJohannesburg1TemplateBuilderLiveTest): 
  testTemplateBuilderCannotFind(org.jclouds.go2cloud.compute.Go2CloudJohannesburg1TemplateBuilderLiveTest): 
  testTemplateBuilderCannotFind(org.jclouds.go2cloud.compute.Go2CloudJohannesburg1TemplateBuilderLiveTest): 
  testTemplateBuilderCannotFind(org.jclouds.go2cloud.compute.Go2CloudJohannesburg1TemplateBuilderLiveTest): 
  testTemplateBuilderCannotFind(org.jclouds.go2cloud.compute.Go2CloudJohannesburg1TemplateBuilderLiveTest): 
  testTemplateBuilderCannotFind(org.jclouds.go2cloud.compute.Go2CloudJohannesburg1TemplateBuilderLiveTest): 
  testTemplateBuilderCannotFind(org.jclouds.go2cloud.compute.Go2CloudJohannesburg1TemplateBuilderLiveTest): 
  testTemplateBuilderCannotFind(org.jclouds.go2cloud.compute.Go2CloudJohannesburg1TemplateBuilderLiveTest): 
  testTemplateBuilderCannotFind(org.jclouds.go2cloud.compute.Go2CloudJohannesburg1TemplateBuilderLiveTest): 
  testTemplateBuilderCannotFind(org.jclouds.go2cloud.compute.Go2CloudJohannesburg1TemplateBuilderLiveTest): 
  testTemplateBuilderCannotFind(org.jclouds.go2cloud.compute.Go2CloudJohannesburg1TemplateBuilderLiveTest): 
  testTemplateBuilderCannotFind(org.jclouds.go2cloud.compute.Go2CloudJohannesburg1TemplateBuilderLiveTest): 
  testTemplateBuilderCannotFind(org.jclouds.go2cloud.compute.Go2CloudJohannesburg1TemplateBuilderLiveTest): 
  testTemplateBuilderCannotFind(org.jclouds.go2cloud.compute.Go2CloudJohannesburg1TemplateBuilderLiveTest): 
  testTemplateBuilderCannotFind(org.jclouds.go2cloud.compute.Go2CloudJohannesburg1TemplateBuilderLiveTest): 
  testTemplateBuilderCannotFind(org.jclouds.go2cloud.compute.Go2CloudJohannesburg1TemplateBuilderLiveTest): 
  testTemplateBuilderCannotFind(org.jclouds.go2cloud.compute.Go2CloudJohannesburg1TemplateBuilderLiveTest): 
  testTemplateBuilderCannotFind(org.jclouds.go2cloud.compute.Go2CloudJohannesburg1TemplateBuilderLiveTest): 
  testTemplateBuilderCannotFind(org.jclouds.go2cloud.compute.Go2CloudJohannesburg1TemplateBuilderLiveTest): 
  testTemplateBuilderCannotFind(org.jclouds.go2cloud.compute.Go2CloudJohannesburg1TemplateBuilderLiveTest): 
  testTemplateBuilderCannotFind(org.jclouds.go2cloud.compute.Go2CloudJohannesburg1TemplateBuilderLiveTest): 
  testTemplateBuilderCannotFind(org.jclouds.go2cloud.compute.Go2CloudJohannesburg1TemplateBuilderLiveTest): 
  testTemplateBuilderCannotFind(org.jclouds.go2cloud.compute.Go2CloudJohannesburg1TemplateBuilderLiveTest): 
  testTemplateBuilderCannotFind(org.jclouds.go2cloud.compute.Go2CloudJohannesburg1TemplateBuilderLiveTest): 
  testTemplateBuilderCannotFind(org.jclouds.go2cloud.compute.Go2CloudJohannesburg1TemplateBuilderLiveTest): 
  testTemplateBuilderCannotFind(org.jclouds.go2cloud.compute.Go2CloudJohannesburg1TemplateBuilderLiveTest): 
  testTemplateBuilderCannotFind(org.jclouds.go2cloud.compute.Go2CloudJohannesburg1TemplateBuilderLiveTest): 
  testTemplateBuilderCannotFind(org.jclouds.go2cloud.compute.Go2CloudJohannesburg1TemplateBuilderLiveTest): 
  testTemplateBuilderCannotFind(org.jclouds.go2cloud.compute.Go2CloudJohannesburg1TemplateBuilderLiveTest): 
  testTemplateBuilderCannotFind(org.jclouds.go2cloud.compute.Go2CloudJohannesburg1TemplateBuilderLiveTest): 
  testTemplateBuilderCannotFind(org.jclouds.go2cloud.compute.Go2CloudJohannesburg1TemplateBuilderLiveTest): 
  testTemplateBuilderCannotFind(org.jclouds.go2cloud.compute.Go2CloudJohannesburg1TemplateBuilderLiveTest): 
  testTemplateBuilderCannotFind(org.jclouds.go2cloud.compute.Go2CloudJohannesburg1TemplateBuilderLiveTest): 
  testTemplateBuilderCannotFind(org.jclouds.go2cloud.compute.Go2CloudJohannesburg1TemplateBuilderLiveTest): 
  testTemplateBuilderCannotFind(org.jclouds.go2cloud.compute.Go2CloudJohannesburg1TemplateBuilderLiveTest): 
  testTemplateBuilderCannotFind(org.jclouds.go2cloud.compute.Go2CloudJohannesburg1TemplateBuilderLiveTest): 
  testTemplateBuilderCannotFind(org.jclouds.go2cloud.compute.Go2CloudJohannesburg1TemplateBuilderLiveTest): 
  testTemplateBuilderCannotFind(org.jclouds.go2cloud.compute.Go2CloudJohannesburg1TemplateBuilderLiveTest): 
  testTemplateBuilderCannotFind(org.jclouds.go2cloud.compute.Go2CloudJohannesburg1TemplateBuilderLiveTest): 
  testTemplateBuilderCannotFind(org.jclouds.go2cloud.compute.Go2CloudJohannesburg1TemplateBuilderLiveTest): 
  testTemplateBuilderCannotFind(org.jclouds.go2cloud.compute.Go2CloudJohannesburg1TemplateBuilderLiveTest): 
  testTemplateBuilderCannotFind(org.jclouds.go2cloud.compute.Go2CloudJohannesburg1TemplateBuilderLiveTest): 
  testTemplateBuilderCannotFind(org.jclouds.go2cloud.compute.Go2CloudJohannesburg1TemplateBuilderLiveTest): 
  testTemplateBuilderCannotFind(org.jclouds.go2cloud.compute.Go2CloudJohannesburg1TemplateBuilderLiveTest): 
  testTemplateBuilderCannotFind(org.jclouds.go2cloud.compute.Go2CloudJohannesburg1TemplateBuilderLiveTest): 
  testTemplateBuilderCannotFind(org.jclouds.go2cloud.compute.Go2CloudJohannesburg1TemplateBuilderLiveTest): 
  testTemplateBuilderCannotFind(org.jclouds.go2cloud.compute.Go2CloudJohannesburg1TemplateBuilderLiveTest): 
  testTemplateBuilderCannotFind(org.jclouds.go2cloud.compute.Go2CloudJohannesburg1TemplateBuilderLiveTest): 
  testTemplateBuilderCannotFind(org.jclouds.go2cloud.compute.Go2CloudJohannesburg1TemplateBuilderLiveTest): 
  testTemplateBuilderCannotFind(org.jclouds.go2cloud.compute.Go2CloudJohannesburg1TemplateBuilderLiveTest): 
  testTemplateBuilderCannotFind(org.jclouds.go2cloud.compute.Go2CloudJohannesburg1TemplateBuilderLiveTest): 
  testTemplateBuilderCannotFind(org.jclouds.go2cloud.compute.Go2CloudJohannesburg1TemplateBuilderLiveTest): 
  testTemplateBuilderCannotFind(org.jclouds.go2cloud.compute.Go2CloudJohannesburg1TemplateBuilderLiveTest): 
  testTemplateBuilderCannotFind(org.jclouds.go2cloud.compute.Go2CloudJohannesburg1TemplateBuilderLiveTest): 
  testTemplateBuilderCannotFind(org.jclouds.go2cloud.compute.Go2CloudJohannesburg1TemplateBuilderLiveTest): 
  testCompareSizes(org.jclouds.go2cloud.compute.Go2CloudJohannesburg1TemplateBuilderLiveTest): CacheLoader returned null for key 77ad0ffe-9537-4c64-a8e3-10db185261c0.
  testTemplateBuilderCanUseImageId(org.jclouds.go2cloud.compute.Go2CloudJohannesburg1TemplateBuilderLiveTest): CacheLoader returned null for key 77ad0ffe-9537-4c64-a8e3-10db185261c0.
  testFromTemplate(org.jclouds.go2cloud.compute.Go2CloudJohannesburg1TemplateBuilderLiveTest): CacheLoader returned null for key 77ad0ffe-9537-4c64-a8e3-10db185261c0.
  testTemplateBuilderCanFind(org.jclouds.go2cloud.compute.Go2CloudJohannesburg1TemplateBuilderLiveTest): CacheLoader returned null for key 77ad0ffe-9537-4c64-a8e3-10db185261c0.
  testTemplateBuilderCanFind(org.jclouds.go2cloud.compute.Go2CloudJohannesburg1TemplateBuilderLiveTest): CacheLoader returned null for key 77ad0ffe-9537-4c64-a8e3-10db185261c0.
  testTemplateBuilderCanFind(org.jclouds.go2cloud.compute.Go2CloudJohannesburg1TemplateBuilderLiveTest): CacheLoader returned null for key 77ad0ffe-9537-4c64-a8e3-10db185261c0.
  testTemplateBuilderCanFind(org.jclouds.go2cloud.compute.Go2CloudJohannesburg1TemplateBuilderLiveTest): CacheLoader returned null for key 77ad0ffe-9537-4c64-a8e3-10db185261c0.
  testTemplateBuilderCanFind(org.jclouds.go2cloud.compute.Go2CloudJohannesburg1TemplateBuilderLiveTest): CacheLoader returned null for key 77ad0ffe-9537-4c64-a8e3-10db185261c0.
  testTemplateBuilderCanFind(org.jclouds.go2cloud.compute.Go2CloudJohannesburg1TemplateBuilderLiveTest): CacheLoader returned null for key 77ad0ffe-9537-4c64-a8e3-10db185261c0.

Tests run: 128, Failures: 95, Errors: 0, Skipped: 11

[INFO] ------------------------------------------------------------------------
[INFO] BUILD FAILURE
[INFO] ------------------------------------------------------------------------
[INFO] Total time: 4:32.756s
[INFO] Finished at: Thu Dec 15 04:55:58 PST 2011
[INFO] Final Memory: 20M/265M
[INFO] ------------------------------------------------------------------------
[ERROR] Failed to execute goal org.apache.maven.plugins:maven-surefire-plugin:2.10:test (integration) on project go2cloud-jhb1: There are test failures.
[ERROR] 
[ERROR] Please refer to /Users/adriancole/workspace/git/jclouds/providers/go2cloud-jhb1/target/surefire-reports for the individual test results.
[ERROR] -> [Help 1]
[ERROR] 
[ERROR] To see the full stack trace of the errors, re-run Maven with the -e switch.
[ERROR] Re-run Maven using the -X switch to enable full debug logging.
[ERROR] 
[ERROR] For more information about the errors and possible solutions, please read the following articles:
[ERROR] [Help 1] http://cwiki.apache.org/confluence/display/MAVEN/MojoFailureException
