[INFO] Scanning for projects...
[WARNING] 
[WARNING] Some problems were encountered while building the effective model for org.jclouds.provider:greenhousedata-element-vcloud:bundle:1.3.0-SNAPSHOT
[WARNING] 'parent.relativePath' of POM org.jclouds:jclouds-project:1.3.0-SNAPSHOT (/Users/adriancole/workspace/git/jclouds/project/pom.xml) points at org.jclouds:jclouds-multi instead of org.sonatype.oss:oss-parent, please verify your project structure @ org.jclouds:jclouds-project:1.3.0-SNAPSHOT, /Users/adriancole/workspace/git/jclouds/project/pom.xml, line 24, column 13
[WARNING] 
[WARNING] It is highly recommended to fix these problems because they threaten the stability of your build.
[WARNING] 
[WARNING] For this reason, future Maven versions might no longer support building such malformed projects.
[WARNING] 
[INFO]                                                                         
[INFO] ------------------------------------------------------------------------
[INFO] Building jclouds Green House Data Element vCloud provider 1.3.0-SNAPSHOT
[INFO] ------------------------------------------------------------------------
[INFO] 
[INFO] --- maven-clean-plugin:2.4.1:clean (default-clean) @ greenhousedata-element-vcloud ---
[INFO] Deleting /Users/adriancole/workspace/git/jclouds/providers/greenhousedata-element-vcloud/target
[INFO] 
[INFO] --- maven-enforcer-plugin:1.0.1:enforce (enforce-maven) @ greenhousedata-element-vcloud ---
[INFO] 
[INFO] --- maven-enforcer-plugin:1.0.1:enforce (enforce-banned-dependencies) @ greenhousedata-element-vcloud ---
[INFO] 
[INFO] --- maven-enforcer-plugin:1.0.1:enforce (enforce-java) @ greenhousedata-element-vcloud ---
[INFO] 
[INFO] --- maven-remote-resources-plugin:1.2:process (process-remote-resources) @ greenhousedata-element-vcloud ---
[INFO] Setting property: classpath.resource.loader.class => 'org.codehaus.plexus.velocity.ContextClassLoaderResourceLoader'.
[INFO] Setting property: velocimacro.messages.on => 'false'.
[INFO] Setting property: resource.loader => 'classpath'.
[INFO] Setting property: resource.manager.logwhenfound => 'false'.
[INFO] 
[INFO] --- maven-resources-plugin:2.4.2:resources (default-resources) @ greenhousedata-element-vcloud ---
[INFO] Using 'UTF-8' encoding to copy filtered resources.
[INFO] skip non existing resourceDirectory /Users/adriancole/workspace/git/jclouds/providers/greenhousedata-element-vcloud/src/main/clojure
[INFO] Copying 1 resource
[INFO] Copying 2 resources
[INFO] 
[INFO] --- maven-compiler-plugin:2.3:compile (default-compile) @ greenhousedata-element-vcloud ---
[INFO] Compiling 5 source files to /Users/adriancole/workspace/git/jclouds/providers/greenhousedata-element-vcloud/target/classes
[INFO] 
[INFO] --- maven-resources-plugin:2.4.2:testResources (default-testResources) @ greenhousedata-element-vcloud ---
[INFO] Using 'UTF-8' encoding to copy filtered resources.
[INFO] skip non existing resourceDirectory /Users/adriancole/workspace/git/jclouds/providers/greenhousedata-element-vcloud/src/test/clojure
[INFO] Copying 1 resource
[INFO] Copying 2 resources
[INFO] 
[INFO] --- maven-compiler-plugin:2.3:testCompile (default-testCompile) @ greenhousedata-element-vcloud ---
[INFO] Compiling 12 source files to /Users/adriancole/workspace/git/jclouds/providers/greenhousedata-element-vcloud/target/test-classes
[INFO] 
[INFO] --- maven-surefire-plugin:2.10:test (default-test) @ greenhousedata-element-vcloud ---
[INFO] Surefire report directory: /Users/adriancole/workspace/git/jclouds/providers/greenhousedata-element-vcloud/target/surefire-reports
[INFO] Using configured provider org.apache.maven.surefire.testng.TestNGProvider

-------------------------------------------------------
 T E S T S
-------------------------------------------------------
Running org.jclouds.greenhousedata.element.vcloud.GreenHouseDataElementVCloudProviderTest
Starting test testWithId(org.jclouds.greenhousedata.element.vcloud.GreenHouseDataElementVCloudProviderTest)
Starting test testAllContains(org.jclouds.greenhousedata.element.vcloud.GreenHouseDataElementVCloudProviderTest)
Starting test testOfTypeContains(org.jclouds.greenhousedata.element.vcloud.GreenHouseDataElementVCloudProviderTest)
[pool-2-thread-4] Test testOfTypeContains(org.jclouds.greenhousedata.element.vcloud.GreenHouseDataElementVCloudProviderTest) succeeded: 22ms
Test suite progress: tests succeeded: 1, failed: 0, skipped: 0.
Starting test testInRestProperties(org.jclouds.greenhousedata.element.vcloud.GreenHouseDataElementVCloudProviderTest)
[pool-2-thread-2] Test testWithId(org.jclouds.greenhousedata.element.vcloud.GreenHouseDataElementVCloudProviderTest) succeeded: 96ms
Test suite progress: tests succeeded: 2, failed: 0, skipped: 0.
[pool-2-thread-3] Test testAllContains(org.jclouds.greenhousedata.element.vcloud.GreenHouseDataElementVCloudProviderTest) succeeded: 105ms
Test suite progress: tests succeeded: 3, failed: 0, skipped: 0.
[pool-2-thread-1] Test testInRestProperties(org.jclouds.greenhousedata.element.vcloud.GreenHouseDataElementVCloudProviderTest) succeeded: 99ms
Test suite progress: tests succeeded: 4, failed: 0, skipped: 0.
Tests run: 4, Failures: 0, Errors: 0, Skipped: 0, Time elapsed: 0.466 sec

Results :

Tests run: 4, Failures: 0, Errors: 0, Skipped: 0

[INFO] 
[INFO] --- clojure-maven-plugin:1.3.3:test (test-clojure) @ greenhousedata-element-vcloud ---

Testing user

Ran 0 tests containing 0 assertions.
0 failures, 0 errors.
[INFO] 
[INFO] --- maven-bundle-plugin:2.3.4:bundle (default-bundle) @ greenhousedata-element-vcloud ---
[INFO] 
[INFO] --- maven-source-plugin:2.1.1:jar-no-fork (attach-sources) @ greenhousedata-element-vcloud ---
[INFO] Building jar: /Users/adriancole/workspace/git/jclouds/providers/greenhousedata-element-vcloud/target/greenhousedata-element-vcloud-1.3.0-SNAPSHOT-sources.jar
[INFO] 
[INFO] --- maven-javadoc-plugin:2.8:jar (javadoc) @ greenhousedata-element-vcloud ---
[INFO] Skipping javadoc generation
[INFO] 
[INFO] --- maven-jar-plugin:2.3.1:test-jar (default) @ greenhousedata-element-vcloud ---
[INFO] Building jar: /Users/adriancole/workspace/git/jclouds/providers/greenhousedata-element-vcloud/target/greenhousedata-element-vcloud-1.3.0-SNAPSHOT-tests.jar
[INFO] 
[INFO] --- maven-surefire-plugin:2.10:test (integration) @ greenhousedata-element-vcloud ---
[INFO] Surefire report directory: /Users/adriancole/workspace/git/jclouds/providers/greenhousedata-element-vcloud/target/surefire-reports
[INFO] Using configured provider org.apache.maven.surefire.testng.TestNGProvider

-------------------------------------------------------
 T E S T S
-------------------------------------------------------
Running TestSuite
Starting test testListOrgs(org.jclouds.greenhousedata.element.vcloud.features.GreenHouseDataElementVCloudOrgClientLiveTest)
Starting test testFindCatalogIsWriteable(org.jclouds.greenhousedata.element.vcloud.features.GreenHouseDataElementVCloudCatalogClientLiveTest)
Starting test testCompareSizes(org.jclouds.greenhousedata.element.vcloud.compute.GreenHouseDataElementVCloudTemplateBuilderLiveTest)
Starting test testCatalog(org.jclouds.greenhousedata.element.vcloud.DeprecatedGreenHouseDataElementVCloudClientLiveTest)
[pool-2-thread-4] Test testFindCatalogIsWriteable(org.jclouds.greenhousedata.element.vcloud.features.GreenHouseDataElementVCloudCatalogClientLiveTest) succeeded: 7527ms
Test suite progress: tests succeeded: 1, failed: 0, skipped: 0.
Starting test testGetCatalog(org.jclouds.greenhousedata.element.vcloud.features.GreenHouseDataElementVCloudCatalogClientLiveTest)
[pool-2-thread-4] Test testGetCatalog(org.jclouds.greenhousedata.element.vcloud.features.GreenHouseDataElementVCloudCatalogClientLiveTest) succeeded: 1472ms
Test suite progress: tests succeeded: 2, failed: 0, skipped: 0.
Starting test testCompareSizes(org.jclouds.greenhousedata.element.vcloud.compute.GreenHouseDataElementVCloudComputeServiceLiveTest)
Starting test testGetVApp(org.jclouds.greenhousedata.element.vcloud.features.GreenHouseDataElementVCloudVAppClientLiveTest)
[pool-2-thread-5] Test testListOrgs(org.jclouds.greenhousedata.element.vcloud.features.GreenHouseDataElementVCloudOrgClientLiveTest) succeeded: 14192ms
Test suite progress: tests succeeded: 3, failed: 0, skipped: 0.
Starting test testCaptureVApp(org.jclouds.greenhousedata.element.vcloud.features.GreenHouseDataElementVCloudVAppTemplateClientLiveTest)
[pool-2-thread-3] Test testCatalog(org.jclouds.greenhousedata.element.vcloud.DeprecatedGreenHouseDataElementVCloudClientLiveTest) succeeded: 11553ms
Test suite progress: tests succeeded: 4, failed: 0, skipped: 0.
Starting test testDefaultTasksList(org.jclouds.greenhousedata.element.vcloud.DeprecatedGreenHouseDataElementVCloudClientLiveTest)
[pool-2-thread-3] Test testDefaultTasksList(org.jclouds.greenhousedata.element.vcloud.DeprecatedGreenHouseDataElementVCloudClientLiveTest) succeeded: 3159ms
Test suite progress: tests succeeded: 5, failed: 0, skipped: 0.
Starting test testDefaultVDC(org.jclouds.greenhousedata.element.vcloud.DeprecatedGreenHouseDataElementVCloudClientLiveTest)
[pool-2-thread-4] Test testGetVApp(org.jclouds.greenhousedata.element.vcloud.features.GreenHouseDataElementVCloudVAppClientLiveTest) succeeded: 8732ms
Test suite progress: tests succeeded: 6, failed: 0, skipped: 0.
Starting test testExtendedOptionsWithCustomizationScript(org.jclouds.greenhousedata.element.vcloud.features.GreenHouseDataElementVCloudVmClientLiveTest)
[pool-2-thread-3] Test testDefaultVDC(org.jclouds.greenhousedata.element.vcloud.DeprecatedGreenHouseDataElementVCloudClientLiveTest) succeeded: 2292ms
Test suite progress: tests succeeded: 7, failed: 0, skipped: 0.
Starting test testFindCatalogItem(org.jclouds.greenhousedata.element.vcloud.DeprecatedGreenHouseDataElementVCloudClientLiveTest)
Dec 14, 2011 12:13:39 PM org.jclouds.compute.BaseComputeServiceLiveTest testCompareSizes
INFO: smallest [id=https://mycloud.greenhousedata.com/api/v1.0/vAppTemplate/vappTemplate-33578b29-1437-4b30-9f9a-4d4a3393b913, providerId=https://mycloud.greenhousedata.com/api/v1.0/vAppTemplate/vappTemplate-33578b29-1437-4b30-9f9a-4d4a3393b913, name=UbuntuServer-x64-2GB, processors=[[cores=1.0, speed=1.0]], ram=256, volumes=[[id=0, type=LOCAL, size=2.0, device=null, durable=true, isBootDevice=true]], supportsImage=idEquals(https://mycloud.greenhousedata.com/api/v1.0/vAppTemplate/vappTemplate-33578b29-1437-4b30-9f9a-4d4a3393b913), tags=[]]
Dec 14, 2011 12:13:39 PM org.jclouds.compute.BaseComputeServiceLiveTest testCompareSizes
INFO: fastest [id=https://mycloud.greenhousedata.com/api/v1.0/vAppTemplate/vappTemplate-e7f4085c-e245-43fe-bc0b-ff912447a241, providerId=https://mycloud.greenhousedata.com/api/v1.0/vAppTemplate/vappTemplate-e7f4085c-e245-43fe-bc0b-ff912447a241, name=CentOS-5.5-LAMP, processors=[[cores=2.0, speed=1.0]], ram=2048, volumes=[[id=0, type=LOCAL, size=30.0, device=null, durable=true, isBootDevice=true]], supportsImage=idEquals(https://mycloud.greenhousedata.com/api/v1.0/vAppTemplate/vappTemplate-e7f4085c-e245-43fe-bc0b-ff912447a241), tags=[]]
Dec 14, 2011 12:13:39 PM org.jclouds.compute.BaseComputeServiceLiveTest testCompareSizes
INFO: biggest [id=https://mycloud.greenhousedata.com/api/v1.0/vAppTemplate/vappTemplate-cf67c32e-9049-4ec7-96a8-257b29698a24, providerId=https://mycloud.greenhousedata.com/api/v1.0/vAppTemplate/vappTemplate-cf67c32e-9049-4ec7-96a8-257b29698a24, name=Windows2008-R2-x64, processors=[[cores=2.0, speed=1.0]], ram=4096, volumes=[[id=0, type=LOCAL, size=40.0, device=null, durable=true, isBootDevice=true]], supportsImage=idEquals(https://mycloud.greenhousedata.com/api/v1.0/vAppTemplate/vappTemplate-cf67c32e-9049-4ec7-96a8-257b29698a24), tags=[]]
[pool-2-thread-1] Test testCompareSizes(org.jclouds.greenhousedata.element.vcloud.compute.GreenHouseDataElementVCloudComputeServiceLiveTest) succeeded: 23565ms
Test suite progress: tests succeeded: 8, failed: 0, skipped: 0.
Starting test testAScriptExecutionAfterBootWithBasicTemplate(org.jclouds.greenhousedata.element.vcloud.compute.GreenHouseDataElementVCloudComputeServiceLiveTest)
smallest [id=https://mycloud.greenhousedata.com/api/v1.0/vAppTemplate/vappTemplate-33578b29-1437-4b30-9f9a-4d4a3393b913, providerId=https://mycloud.greenhousedata.com/api/v1.0/vAppTemplate/vappTemplate-33578b29-1437-4b30-9f9a-4d4a3393b913, name=UbuntuServer-x64-2GB, processors=[[cores=1.0, speed=1.0]], ram=256, volumes=[[id=0, type=LOCAL, size=2.0, device=null, durable=true, isBootDevice=true]], supportsImage=idEquals(https://mycloud.greenhousedata.com/api/v1.0/vAppTemplate/vappTemplate-33578b29-1437-4b30-9f9a-4d4a3393b913), tags=[]]
fastest [id=https://mycloud.greenhousedata.com/api/v1.0/vAppTemplate/vappTemplate-e7f4085c-e245-43fe-bc0b-ff912447a241, providerId=https://mycloud.greenhousedata.com/api/v1.0/vAppTemplate/vappTemplate-e7f4085c-e245-43fe-bc0b-ff912447a241, name=CentOS-5.5-LAMP, processors=[[cores=2.0, speed=1.0]], ram=2048, volumes=[[id=0, type=LOCAL, size=30.0, device=null, durable=true, isBootDevice=true]], supportsImage=idEquals(https://mycloud.greenhousedata.com/api/v1.0/vAppTemplate/vappTemplate-e7f4085c-e245-43fe-bc0b-ff912447a241), tags=[]]
biggest [id=https://mycloud.greenhousedata.com/api/v1.0/vAppTemplate/vappTemplate-cf67c32e-9049-4ec7-96a8-257b29698a24, providerId=https://mycloud.greenhousedata.com/api/v1.0/vAppTemplate/vappTemplate-cf67c32e-9049-4ec7-96a8-257b29698a24, name=Windows2008-R2-x64, processors=[[cores=2.0, speed=1.0]], ram=4096, volumes=[[id=0, type=LOCAL, size=40.0, device=null, durable=true, isBootDevice=true]], supportsImage=idEquals(https://mycloud.greenhousedata.com/api/v1.0/vAppTemplate/vappTemplate-cf67c32e-9049-4ec7-96a8-257b29698a24), tags=[]]
[pool-2-thread-2] Test testCompareSizes(org.jclouds.greenhousedata.element.vcloud.compute.GreenHouseDataElementVCloudTemplateBuilderLiveTest) succeeded: 32759ms
Test suite progress: tests succeeded: 9, failed: 0, skipped: 0.
Starting test testFromTemplate(org.jclouds.greenhousedata.element.vcloud.compute.GreenHouseDataElementVCloudTemplateBuilderLiveTest)
[pool-2-thread-2] Test testFromTemplate(org.jclouds.greenhousedata.element.vcloud.compute.GreenHouseDataElementVCloudTemplateBuilderLiveTest) succeeded: 2ms
Test suite progress: tests succeeded: 10, failed: 0, skipped: 0.
Starting test testGetAssignableLocations(org.jclouds.greenhousedata.element.vcloud.compute.GreenHouseDataElementVCloudTemplateBuilderLiveTest)
location [id=https://mycloud.greenhousedata.com/api/v1.0/vdc/e9cd3387-ac57-4d27-a481-9bee75e0690f, scope=ZONE, description=orgVDC-cloudsoft-Tier1-PAYG, parent=https://mycloud.greenhousedata.com/api/v1.0/org/c076f90a-397a-49fa-89b8-b294c1599cd0, iso3166Codes=[], metadata={}]
[pool-2-thread-2] Test testGetAssignableLocations(org.jclouds.greenhousedata.element.vcloud.compute.GreenHouseDataElementVCloudTemplateBuilderLiveTest) succeeded: 1ms
Test suite progress: tests succeeded: 11, failed: 0, skipped: 0.
Starting test testTemplateBuilderCanFind(org.jclouds.greenhousedata.element.vcloud.compute.GreenHouseDataElementVCloudTemplateBuilderLiveTest)
[pool-2-thread-2] Test testTemplateBuilderCanFind(org.jclouds.greenhousedata.element.vcloud.compute.GreenHouseDataElementVCloudTemplateBuilderLiveTest) succeeded: 1ms
Test suite progress: tests succeeded: 12, failed: 0, skipped: 0.
Starting test testTemplateBuilderCanUseImageId(org.jclouds.greenhousedata.element.vcloud.compute.GreenHouseDataElementVCloudTemplateBuilderLiveTest)
[pool-2-thread-3] Test testFindCatalogItem(org.jclouds.greenhousedata.element.vcloud.DeprecatedGreenHouseDataElementVCloudClientLiveTest) failed.
Test suite progress: tests succeeded: 12, failed: 1, skipped: 0.
Starting test testFindVAppTemplate(org.jclouds.greenhousedata.element.vcloud.DeprecatedGreenHouseDataElementVCloudClientLiveTest)
[pool-2-thread-3] Test testFindVAppTemplate(org.jclouds.greenhousedata.element.vcloud.DeprecatedGreenHouseDataElementVCloudClientLiveTest) failed.
Test suite progress: tests succeeded: 12, failed: 2, skipped: 0.
Starting test testGetCatalogItem(org.jclouds.greenhousedata.element.vcloud.DeprecatedGreenHouseDataElementVCloudClientLiveTest)
[pool-2-thread-3] Test testGetCatalogItem(org.jclouds.greenhousedata.element.vcloud.DeprecatedGreenHouseDataElementVCloudClientLiveTest) failed.
Test suite progress: tests succeeded: 12, failed: 3, skipped: 0.
Starting test testGetOrgNetwork(org.jclouds.greenhousedata.element.vcloud.DeprecatedGreenHouseDataElementVCloudClientLiveTest)
[pool-2-thread-3] Test testGetOrgNetwork(org.jclouds.greenhousedata.element.vcloud.DeprecatedGreenHouseDataElementVCloudClientLiveTest) succeeded: 2602ms
Test suite progress: tests succeeded: 13, failed: 3, skipped: 0.
Starting test testGetOvfEnvelopeForVAppTemplate(org.jclouds.greenhousedata.element.vcloud.DeprecatedGreenHouseDataElementVCloudClientLiveTest)
[pool-2-thread-3] Test testGetOvfEnvelopeForVAppTemplate(org.jclouds.greenhousedata.element.vcloud.DeprecatedGreenHouseDataElementVCloudClientLiveTest) failed.
Test suite progress: tests succeeded: 13, failed: 4, skipped: 0.
Starting test testGetTask(org.jclouds.greenhousedata.element.vcloud.DeprecatedGreenHouseDataElementVCloudClientLiveTest)
[pool-2-thread-2] Test testTemplateBuilderCanUseImageId(org.jclouds.greenhousedata.element.vcloud.compute.GreenHouseDataElementVCloudTemplateBuilderLiveTest) succeeded: 15366ms
Test suite progress: tests succeeded: 14, failed: 4, skipped: 0.
Starting test testTemplateBuilderCannotFind(org.jclouds.greenhousedata.element.vcloud.compute.GreenHouseDataElementVCloudTemplateBuilderLiveTest)
[pool-2-thread-2] Test testTemplateBuilderCannotFind(org.jclouds.greenhousedata.element.vcloud.compute.GreenHouseDataElementVCloudTemplateBuilderLiveTest) succeeded: 1ms
Test suite progress: tests succeeded: 15, failed: 4, skipped: 0.
Starting test testTemplateBuilderCannotFind(org.jclouds.greenhousedata.element.vcloud.compute.GreenHouseDataElementVCloudTemplateBuilderLiveTest)
[pool-2-thread-2] Test testTemplateBuilderCannotFind(org.jclouds.greenhousedata.element.vcloud.compute.GreenHouseDataElementVCloudTemplateBuilderLiveTest) succeeded: 0ms
Test suite progress: tests succeeded: 16, failed: 4, skipped: 0.
Starting test testTemplateBuilderCannotFind(org.jclouds.greenhousedata.element.vcloud.compute.GreenHouseDataElementVCloudTemplateBuilderLiveTest)
[pool-2-thread-2] Test testTemplateBuilderCannotFind(org.jclouds.greenhousedata.element.vcloud.compute.GreenHouseDataElementVCloudTemplateBuilderLiveTest) succeeded: 2ms
Test suite progress: tests succeeded: 17, failed: 4, skipped: 0.
Starting test testTemplateBuilderCannotFind(org.jclouds.greenhousedata.element.vcloud.compute.GreenHouseDataElementVCloudTemplateBuilderLiveTest)
[pool-2-thread-2] Test testTemplateBuilderCannotFind(org.jclouds.greenhousedata.element.vcloud.compute.GreenHouseDataElementVCloudTemplateBuilderLiveTest) succeeded: 0ms
Test suite progress: tests succeeded: 18, failed: 4, skipped: 0.
Starting test testTemplateBuilderCannotFind(org.jclouds.greenhousedata.element.vcloud.compute.GreenHouseDataElementVCloudTemplateBuilderLiveTest)
[pool-2-thread-2] Test testTemplateBuilderCannotFind(org.jclouds.greenhousedata.element.vcloud.compute.GreenHouseDataElementVCloudTemplateBuilderLiveTest) succeeded: 0ms
Test suite progress: tests succeeded: 19, failed: 4, skipped: 0.
Starting test testTemplateBuilderCannotFind(org.jclouds.greenhousedata.element.vcloud.compute.GreenHouseDataElementVCloudTemplateBuilderLiveTest)
[pool-2-thread-2] Test testTemplateBuilderCannotFind(org.jclouds.greenhousedata.element.vcloud.compute.GreenHouseDataElementVCloudTemplateBuilderLiveTest) succeeded: 0ms
Test suite progress: tests succeeded: 20, failed: 4, skipped: 0.
Starting test testTemplateBuilderCannotFind(org.jclouds.greenhousedata.element.vcloud.compute.GreenHouseDataElementVCloudTemplateBuilderLiveTest)
[pool-2-thread-2] Test testTemplateBuilderCannotFind(org.jclouds.greenhousedata.element.vcloud.compute.GreenHouseDataElementVCloudTemplateBuilderLiveTest) succeeded: 0ms
Test suite progress: tests succeeded: 21, failed: 4, skipped: 0.
Starting test testTemplateBuilderCannotFind(org.jclouds.greenhousedata.element.vcloud.compute.GreenHouseDataElementVCloudTemplateBuilderLiveTest)
[pool-2-thread-2] Test testTemplateBuilderCannotFind(org.jclouds.greenhousedata.element.vcloud.compute.GreenHouseDataElementVCloudTemplateBuilderLiveTest) succeeded: 0ms
Test suite progress: tests succeeded: 22, failed: 4, skipped: 0.
Starting test testTemplateBuilderCannotFind(org.jclouds.greenhousedata.element.vcloud.compute.GreenHouseDataElementVCloudTemplateBuilderLiveTest)
[pool-2-thread-2] Test testTemplateBuilderCannotFind(org.jclouds.greenhousedata.element.vcloud.compute.GreenHouseDataElementVCloudTemplateBuilderLiveTest) succeeded: 1ms
Test suite progress: tests succeeded: 23, failed: 4, skipped: 0.
Starting test testTemplateBuilderCannotFind(org.jclouds.greenhousedata.element.vcloud.compute.GreenHouseDataElementVCloudTemplateBuilderLiveTest)
[pool-2-thread-2] Test testTemplateBuilderCannotFind(org.jclouds.greenhousedata.element.vcloud.compute.GreenHouseDataElementVCloudTemplateBuilderLiveTest) succeeded: 1ms
Test suite progress: tests succeeded: 24, failed: 4, skipped: 0.
Starting test testTemplateBuilderCannotFind(org.jclouds.greenhousedata.element.vcloud.compute.GreenHouseDataElementVCloudTemplateBuilderLiveTest)
[pool-2-thread-2] Test testTemplateBuilderCannotFind(org.jclouds.greenhousedata.element.vcloud.compute.GreenHouseDataElementVCloudTemplateBuilderLiveTest) succeeded: 0ms
Test suite progress: tests succeeded: 25, failed: 4, skipped: 0.
Starting test testTemplateBuilderCannotFind(org.jclouds.greenhousedata.element.vcloud.compute.GreenHouseDataElementVCloudTemplateBuilderLiveTest)
[pool-2-thread-2] Test testTemplateBuilderCannotFind(org.jclouds.greenhousedata.element.vcloud.compute.GreenHouseDataElementVCloudTemplateBuilderLiveTest) succeeded: 0ms
Test suite progress: tests succeeded: 26, failed: 4, skipped: 0.
Starting test testTemplateBuilderCannotFind(org.jclouds.greenhousedata.element.vcloud.compute.GreenHouseDataElementVCloudTemplateBuilderLiveTest)
[pool-2-thread-2] Test testTemplateBuilderCannotFind(org.jclouds.greenhousedata.element.vcloud.compute.GreenHouseDataElementVCloudTemplateBuilderLiveTest) succeeded: 0ms
Test suite progress: tests succeeded: 27, failed: 4, skipped: 0.
Starting test testTemplateBuilderCannotFind(org.jclouds.greenhousedata.element.vcloud.compute.GreenHouseDataElementVCloudTemplateBuilderLiveTest)
[pool-2-thread-2] Test testTemplateBuilderCannotFind(org.jclouds.greenhousedata.element.vcloud.compute.GreenHouseDataElementVCloudTemplateBuilderLiveTest) succeeded: 2ms
Test suite progress: tests succeeded: 28, failed: 4, skipped: 0.
Starting test testTemplateBuilderCannotFind(org.jclouds.greenhousedata.element.vcloud.compute.GreenHouseDataElementVCloudTemplateBuilderLiveTest)
[pool-2-thread-2] Test testTemplateBuilderCannotFind(org.jclouds.greenhousedata.element.vcloud.compute.GreenHouseDataElementVCloudTemplateBuilderLiveTest) succeeded: 0ms
Test suite progress: tests succeeded: 29, failed: 4, skipped: 0.
Starting test testTemplateBuilderCannotFind(org.jclouds.greenhousedata.element.vcloud.compute.GreenHouseDataElementVCloudTemplateBuilderLiveTest)
[pool-2-thread-2] Test testTemplateBuilderCannotFind(org.jclouds.greenhousedata.element.vcloud.compute.GreenHouseDataElementVCloudTemplateBuilderLiveTest) succeeded: 0ms
Test suite progress: tests succeeded: 30, failed: 4, skipped: 0.
Starting test testTemplateBuilderCannotFind(org.jclouds.greenhousedata.element.vcloud.compute.GreenHouseDataElementVCloudTemplateBuilderLiveTest)
[pool-2-thread-2] Test testTemplateBuilderCannotFind(org.jclouds.greenhousedata.element.vcloud.compute.GreenHouseDataElementVCloudTemplateBuilderLiveTest) succeeded: 1ms
Test suite progress: tests succeeded: 31, failed: 4, skipped: 0.
Starting test testTemplateBuilderCannotFind(org.jclouds.greenhousedata.element.vcloud.compute.GreenHouseDataElementVCloudTemplateBuilderLiveTest)
[pool-2-thread-2] Test testTemplateBuilderCannotFind(org.jclouds.greenhousedata.element.vcloud.compute.GreenHouseDataElementVCloudTemplateBuilderLiveTest) succeeded: 0ms
Test suite progress: tests succeeded: 32, failed: 4, skipped: 0.
Starting test testTemplateBuilderCannotFind(org.jclouds.greenhousedata.element.vcloud.compute.GreenHouseDataElementVCloudTemplateBuilderLiveTest)
[pool-2-thread-2] Test testTemplateBuilderCannotFind(org.jclouds.greenhousedata.element.vcloud.compute.GreenHouseDataElementVCloudTemplateBuilderLiveTest) succeeded: 1ms
Test suite progress: tests succeeded: 33, failed: 4, skipped: 0.
Starting test testTemplateBuilderCannotFind(org.jclouds.greenhousedata.element.vcloud.compute.GreenHouseDataElementVCloudTemplateBuilderLiveTest)
[pool-2-thread-2] Test testTemplateBuilderCannotFind(org.jclouds.greenhousedata.element.vcloud.compute.GreenHouseDataElementVCloudTemplateBuilderLiveTest) succeeded: 0ms
Test suite progress: tests succeeded: 34, failed: 4, skipped: 0.
Starting test testTemplateBuilderCannotFind(org.jclouds.greenhousedata.element.vcloud.compute.GreenHouseDataElementVCloudTemplateBuilderLiveTest)
[pool-2-thread-2] Test testTemplateBuilderCannotFind(org.jclouds.greenhousedata.element.vcloud.compute.GreenHouseDataElementVCloudTemplateBuilderLiveTest) succeeded: 1ms
Test suite progress: tests succeeded: 35, failed: 4, skipped: 0.
Starting test testTemplateBuilderCannotFind(org.jclouds.greenhousedata.element.vcloud.compute.GreenHouseDataElementVCloudTemplateBuilderLiveTest)
[pool-2-thread-2] Test testTemplateBuilderCannotFind(org.jclouds.greenhousedata.element.vcloud.compute.GreenHouseDataElementVCloudTemplateBuilderLiveTest) succeeded: 0ms
Test suite progress: tests succeeded: 36, failed: 4, skipped: 0.
Starting test testTemplateBuilderCannotFind(org.jclouds.greenhousedata.element.vcloud.compute.GreenHouseDataElementVCloudTemplateBuilderLiveTest)
[pool-2-thread-2] Test testTemplateBuilderCannotFind(org.jclouds.greenhousedata.element.vcloud.compute.GreenHouseDataElementVCloudTemplateBuilderLiveTest) succeeded: 1ms
Test suite progress: tests succeeded: 37, failed: 4, skipped: 0.
Starting test testTemplateBuilderCannotFind(org.jclouds.greenhousedata.element.vcloud.compute.GreenHouseDataElementVCloudTemplateBuilderLiveTest)
[pool-2-thread-2] Test testTemplateBuilderCannotFind(org.jclouds.greenhousedata.element.vcloud.compute.GreenHouseDataElementVCloudTemplateBuilderLiveTest) succeeded: 0ms
Test suite progress: tests succeeded: 38, failed: 4, skipped: 0.
Starting test testTemplateBuilderCannotFind(org.jclouds.greenhousedata.element.vcloud.compute.GreenHouseDataElementVCloudTemplateBuilderLiveTest)
[pool-2-thread-2] Test testTemplateBuilderCannotFind(org.jclouds.greenhousedata.element.vcloud.compute.GreenHouseDataElementVCloudTemplateBuilderLiveTest) succeeded: 1ms
Test suite progress: tests succeeded: 39, failed: 4, skipped: 0.
Starting test testTemplateBuilderCannotFind(org.jclouds.greenhousedata.element.vcloud.compute.GreenHouseDataElementVCloudTemplateBuilderLiveTest)
[pool-2-thread-2] Test testTemplateBuilderCannotFind(org.jclouds.greenhousedata.element.vcloud.compute.GreenHouseDataElementVCloudTemplateBuilderLiveTest) succeeded: 1ms
Test suite progress: tests succeeded: 40, failed: 4, skipped: 0.
Starting test testTemplateBuilderCannotFind(org.jclouds.greenhousedata.element.vcloud.compute.GreenHouseDataElementVCloudTemplateBuilderLiveTest)
[pool-2-thread-2] Test testTemplateBuilderCannotFind(org.jclouds.greenhousedata.element.vcloud.compute.GreenHouseDataElementVCloudTemplateBuilderLiveTest) succeeded: 1ms
Test suite progress: tests succeeded: 41, failed: 4, skipped: 0.
Starting test testTemplateBuilderCannotFind(org.jclouds.greenhousedata.element.vcloud.compute.GreenHouseDataElementVCloudTemplateBuilderLiveTest)
[pool-2-thread-2] Test testTemplateBuilderCannotFind(org.jclouds.greenhousedata.element.vcloud.compute.GreenHouseDataElementVCloudTemplateBuilderLiveTest) succeeded: 0ms
Test suite progress: tests succeeded: 42, failed: 4, skipped: 0.
Starting test testTemplateBuilderCannotFind(org.jclouds.greenhousedata.element.vcloud.compute.GreenHouseDataElementVCloudTemplateBuilderLiveTest)
[pool-2-thread-2] Test testTemplateBuilderCannotFind(org.jclouds.greenhousedata.element.vcloud.compute.GreenHouseDataElementVCloudTemplateBuilderLiveTest) succeeded: 1ms
Test suite progress: tests succeeded: 43, failed: 4, skipped: 0.
Starting test testTemplateBuilderCannotFind(org.jclouds.greenhousedata.element.vcloud.compute.GreenHouseDataElementVCloudTemplateBuilderLiveTest)
[pool-2-thread-2] Test testTemplateBuilderCannotFind(org.jclouds.greenhousedata.element.vcloud.compute.GreenHouseDataElementVCloudTemplateBuilderLiveTest) succeeded: 0ms
Test suite progress: tests succeeded: 44, failed: 4, skipped: 0.
Starting test testTemplateBuilderCannotFind(org.jclouds.greenhousedata.element.vcloud.compute.GreenHouseDataElementVCloudTemplateBuilderLiveTest)
[pool-2-thread-2] Test testTemplateBuilderCannotFind(org.jclouds.greenhousedata.element.vcloud.compute.GreenHouseDataElementVCloudTemplateBuilderLiveTest) succeeded: 2ms
Test suite progress: tests succeeded: 45, failed: 4, skipped: 0.
Starting test testTemplateBuilderCannotFind(org.jclouds.greenhousedata.element.vcloud.compute.GreenHouseDataElementVCloudTemplateBuilderLiveTest)
[pool-2-thread-2] Test testTemplateBuilderCannotFind(org.jclouds.greenhousedata.element.vcloud.compute.GreenHouseDataElementVCloudTemplateBuilderLiveTest) succeeded: 0ms
Test suite progress: tests succeeded: 46, failed: 4, skipped: 0.
Starting test testTemplateBuilderCannotFind(org.jclouds.greenhousedata.element.vcloud.compute.GreenHouseDataElementVCloudTemplateBuilderLiveTest)
[pool-2-thread-2] Test testTemplateBuilderCannotFind(org.jclouds.greenhousedata.element.vcloud.compute.GreenHouseDataElementVCloudTemplateBuilderLiveTest) succeeded: 4ms
Test suite progress: tests succeeded: 47, failed: 4, skipped: 0.
Starting test testTemplateBuilderCannotFind(org.jclouds.greenhousedata.element.vcloud.compute.GreenHouseDataElementVCloudTemplateBuilderLiveTest)
[pool-2-thread-2] Test testTemplateBuilderCannotFind(org.jclouds.greenhousedata.element.vcloud.compute.GreenHouseDataElementVCloudTemplateBuilderLiveTest) succeeded: 0ms
Test suite progress: tests succeeded: 48, failed: 4, skipped: 0.
Starting test testTemplateBuilderCannotFind(org.jclouds.greenhousedata.element.vcloud.compute.GreenHouseDataElementVCloudTemplateBuilderLiveTest)
[pool-2-thread-2] Test testTemplateBuilderCannotFind(org.jclouds.greenhousedata.element.vcloud.compute.GreenHouseDataElementVCloudTemplateBuilderLiveTest) succeeded: 0ms
Test suite progress: tests succeeded: 49, failed: 4, skipped: 0.
Starting test testTemplateBuilderCannotFind(org.jclouds.greenhousedata.element.vcloud.compute.GreenHouseDataElementVCloudTemplateBuilderLiveTest)
[pool-2-thread-2] Test testTemplateBuilderCannotFind(org.jclouds.greenhousedata.element.vcloud.compute.GreenHouseDataElementVCloudTemplateBuilderLiveTest) succeeded: 29ms
Test suite progress: tests succeeded: 50, failed: 4, skipped: 0.
Starting test testTemplateBuilderCannotFind(org.jclouds.greenhousedata.element.vcloud.compute.GreenHouseDataElementVCloudTemplateBuilderLiveTest)
[pool-2-thread-2] Test testTemplateBuilderCannotFind(org.jclouds.greenhousedata.element.vcloud.compute.GreenHouseDataElementVCloudTemplateBuilderLiveTest) succeeded: 0ms
Test suite progress: tests succeeded: 51, failed: 4, skipped: 0.
Starting test testTemplateBuilderCannotFind(org.jclouds.greenhousedata.element.vcloud.compute.GreenHouseDataElementVCloudTemplateBuilderLiveTest)
[pool-2-thread-2] Test testTemplateBuilderCannotFind(org.jclouds.greenhousedata.element.vcloud.compute.GreenHouseDataElementVCloudTemplateBuilderLiveTest) succeeded: 0ms
Test suite progress: tests succeeded: 52, failed: 4, skipped: 0.
Starting test testTemplateBuilderCannotFind(org.jclouds.greenhousedata.element.vcloud.compute.GreenHouseDataElementVCloudTemplateBuilderLiveTest)
[pool-2-thread-2] Test testTemplateBuilderCannotFind(org.jclouds.greenhousedata.element.vcloud.compute.GreenHouseDataElementVCloudTemplateBuilderLiveTest) succeeded: 0ms
Test suite progress: tests succeeded: 53, failed: 4, skipped: 0.
Starting test testTemplateBuilderCannotFind(org.jclouds.greenhousedata.element.vcloud.compute.GreenHouseDataElementVCloudTemplateBuilderLiveTest)
[pool-2-thread-2] Test testTemplateBuilderCannotFind(org.jclouds.greenhousedata.element.vcloud.compute.GreenHouseDataElementVCloudTemplateBuilderLiveTest) succeeded: 0ms
Test suite progress: tests succeeded: 54, failed: 4, skipped: 0.
Starting test testTemplateBuilderCannotFind(org.jclouds.greenhousedata.element.vcloud.compute.GreenHouseDataElementVCloudTemplateBuilderLiveTest)
[pool-2-thread-2] Test testTemplateBuilderCannotFind(org.jclouds.greenhousedata.element.vcloud.compute.GreenHouseDataElementVCloudTemplateBuilderLiveTest) succeeded: 0ms
Test suite progress: tests succeeded: 55, failed: 4, skipped: 0.
Starting test testTemplateBuilderCannotFind(org.jclouds.greenhousedata.element.vcloud.compute.GreenHouseDataElementVCloudTemplateBuilderLiveTest)
[pool-2-thread-2] Test testTemplateBuilderCannotFind(org.jclouds.greenhousedata.element.vcloud.compute.GreenHouseDataElementVCloudTemplateBuilderLiveTest) succeeded: 0ms
Test suite progress: tests succeeded: 56, failed: 4, skipped: 0.
Starting test testTemplateBuilderCannotFind(org.jclouds.greenhousedata.element.vcloud.compute.GreenHouseDataElementVCloudTemplateBuilderLiveTest)
[pool-2-thread-2] Test testTemplateBuilderCannotFind(org.jclouds.greenhousedata.element.vcloud.compute.GreenHouseDataElementVCloudTemplateBuilderLiveTest) succeeded: 1ms
Test suite progress: tests succeeded: 57, failed: 4, skipped: 0.
Starting test testTemplateBuilderCannotFind(org.jclouds.greenhousedata.element.vcloud.compute.GreenHouseDataElementVCloudTemplateBuilderLiveTest)
[pool-2-thread-2] Test testTemplateBuilderCannotFind(org.jclouds.greenhousedata.element.vcloud.compute.GreenHouseDataElementVCloudTemplateBuilderLiveTest) succeeded: 0ms
Test suite progress: tests succeeded: 58, failed: 4, skipped: 0.
Starting test testTemplateBuilderCannotFind(org.jclouds.greenhousedata.element.vcloud.compute.GreenHouseDataElementVCloudTemplateBuilderLiveTest)
[pool-2-thread-2] Test testTemplateBuilderCannotFind(org.jclouds.greenhousedata.element.vcloud.compute.GreenHouseDataElementVCloudTemplateBuilderLiveTest) succeeded: 1ms
Test suite progress: tests succeeded: 59, failed: 4, skipped: 0.
Starting test testTemplateBuilderCannotFind(org.jclouds.greenhousedata.element.vcloud.compute.GreenHouseDataElementVCloudTemplateBuilderLiveTest)
[pool-2-thread-2] Test testTemplateBuilderCannotFind(org.jclouds.greenhousedata.element.vcloud.compute.GreenHouseDataElementVCloudTemplateBuilderLiveTest) succeeded: 0ms
Test suite progress: tests succeeded: 60, failed: 4, skipped: 0.
Starting test testTemplateBuilderCannotFind(org.jclouds.greenhousedata.element.vcloud.compute.GreenHouseDataElementVCloudTemplateBuilderLiveTest)
[pool-2-thread-2] Test testTemplateBuilderCannotFind(org.jclouds.greenhousedata.element.vcloud.compute.GreenHouseDataElementVCloudTemplateBuilderLiveTest) succeeded: 0ms
Test suite progress: tests succeeded: 61, failed: 4, skipped: 0.
Starting test testTemplateBuilderCannotFind(org.jclouds.greenhousedata.element.vcloud.compute.GreenHouseDataElementVCloudTemplateBuilderLiveTest)
[pool-2-thread-2] Test testTemplateBuilderCannotFind(org.jclouds.greenhousedata.element.vcloud.compute.GreenHouseDataElementVCloudTemplateBuilderLiveTest) succeeded: 0ms
Test suite progress: tests succeeded: 62, failed: 4, skipped: 0.
Starting test testTemplateBuilderCannotFind(org.jclouds.greenhousedata.element.vcloud.compute.GreenHouseDataElementVCloudTemplateBuilderLiveTest)
[pool-2-thread-2] Test testTemplateBuilderCannotFind(org.jclouds.greenhousedata.element.vcloud.compute.GreenHouseDataElementVCloudTemplateBuilderLiveTest) succeeded: 0ms
Test suite progress: tests succeeded: 63, failed: 4, skipped: 0.
Starting test testTemplateBuilderCannotFind(org.jclouds.greenhousedata.element.vcloud.compute.GreenHouseDataElementVCloudTemplateBuilderLiveTest)
[pool-2-thread-2] Test testTemplateBuilderCannotFind(org.jclouds.greenhousedata.element.vcloud.compute.GreenHouseDataElementVCloudTemplateBuilderLiveTest) succeeded: 1ms
Test suite progress: tests succeeded: 64, failed: 4, skipped: 0.
Starting test testTemplateBuilderCannotFind(org.jclouds.greenhousedata.element.vcloud.compute.GreenHouseDataElementVCloudTemplateBuilderLiveTest)
[pool-2-thread-2] Test testTemplateBuilderCannotFind(org.jclouds.greenhousedata.element.vcloud.compute.GreenHouseDataElementVCloudTemplateBuilderLiveTest) succeeded: 4ms
Test suite progress: tests succeeded: 65, failed: 4, skipped: 0.
Starting test testTemplateBuilderCannotFind(org.jclouds.greenhousedata.element.vcloud.compute.GreenHouseDataElementVCloudTemplateBuilderLiveTest)
[pool-2-thread-2] Test testTemplateBuilderCannotFind(org.jclouds.greenhousedata.element.vcloud.compute.GreenHouseDataElementVCloudTemplateBuilderLiveTest) succeeded: 1ms
Test suite progress: tests succeeded: 66, failed: 4, skipped: 0.
Starting test testTemplateBuilderCannotFind(org.jclouds.greenhousedata.element.vcloud.compute.GreenHouseDataElementVCloudTemplateBuilderLiveTest)
[pool-2-thread-2] Test testTemplateBuilderCannotFind(org.jclouds.greenhousedata.element.vcloud.compute.GreenHouseDataElementVCloudTemplateBuilderLiveTest) succeeded: 0ms
Test suite progress: tests succeeded: 67, failed: 4, skipped: 0.
Starting test testTemplateBuilderCannotFind(org.jclouds.greenhousedata.element.vcloud.compute.GreenHouseDataElementVCloudTemplateBuilderLiveTest)
[pool-2-thread-2] Test testTemplateBuilderCannotFind(org.jclouds.greenhousedata.element.vcloud.compute.GreenHouseDataElementVCloudTemplateBuilderLiveTest) succeeded: 1ms
Test suite progress: tests succeeded: 68, failed: 4, skipped: 0.
Starting test testTemplateBuilderCannotFind(org.jclouds.greenhousedata.element.vcloud.compute.GreenHouseDataElementVCloudTemplateBuilderLiveTest)
[pool-2-thread-2] Test testTemplateBuilderCannotFind(org.jclouds.greenhousedata.element.vcloud.compute.GreenHouseDataElementVCloudTemplateBuilderLiveTest) succeeded: 1ms
Test suite progress: tests succeeded: 69, failed: 4, skipped: 0.
Starting test testTemplateBuilderCannotFind(org.jclouds.greenhousedata.element.vcloud.compute.GreenHouseDataElementVCloudTemplateBuilderLiveTest)
[pool-2-thread-2] Test testTemplateBuilderCannotFind(org.jclouds.greenhousedata.element.vcloud.compute.GreenHouseDataElementVCloudTemplateBuilderLiveTest) succeeded: 1ms
Test suite progress: tests succeeded: 70, failed: 4, skipped: 0.
Starting test testTemplateBuilderCannotFind(org.jclouds.greenhousedata.element.vcloud.compute.GreenHouseDataElementVCloudTemplateBuilderLiveTest)
[pool-2-thread-2] Test testTemplateBuilderCannotFind(org.jclouds.greenhousedata.element.vcloud.compute.GreenHouseDataElementVCloudTemplateBuilderLiveTest) succeeded: 0ms
Test suite progress: tests succeeded: 71, failed: 4, skipped: 0.
Starting test testTemplateBuilderCannotFind(org.jclouds.greenhousedata.element.vcloud.compute.GreenHouseDataElementVCloudTemplateBuilderLiveTest)
[pool-2-thread-2] Test testTemplateBuilderCannotFind(org.jclouds.greenhousedata.element.vcloud.compute.GreenHouseDataElementVCloudTemplateBuilderLiveTest) succeeded: 0ms
Test suite progress: tests succeeded: 72, failed: 4, skipped: 0.
Starting test testTemplateBuilderCannotFind(org.jclouds.greenhousedata.element.vcloud.compute.GreenHouseDataElementVCloudTemplateBuilderLiveTest)
[pool-2-thread-2] Test testTemplateBuilderCannotFind(org.jclouds.greenhousedata.element.vcloud.compute.GreenHouseDataElementVCloudTemplateBuilderLiveTest) succeeded: 1ms
Test suite progress: tests succeeded: 73, failed: 4, skipped: 0.
Starting test testTemplateBuilderCannotFind(org.jclouds.greenhousedata.element.vcloud.compute.GreenHouseDataElementVCloudTemplateBuilderLiveTest)
[pool-2-thread-2] Test testTemplateBuilderCannotFind(org.jclouds.greenhousedata.element.vcloud.compute.GreenHouseDataElementVCloudTemplateBuilderLiveTest) succeeded: 1ms
Test suite progress: tests succeeded: 74, failed: 4, skipped: 0.
Starting test testTemplateBuilderCannotFind(org.jclouds.greenhousedata.element.vcloud.compute.GreenHouseDataElementVCloudTemplateBuilderLiveTest)
[pool-2-thread-2] Test testTemplateBuilderCannotFind(org.jclouds.greenhousedata.element.vcloud.compute.GreenHouseDataElementVCloudTemplateBuilderLiveTest) succeeded: 8ms
Test suite progress: tests succeeded: 75, failed: 4, skipped: 0.
Starting test testTemplateBuilderCannotFind(org.jclouds.greenhousedata.element.vcloud.compute.GreenHouseDataElementVCloudTemplateBuilderLiveTest)
[pool-2-thread-2] Test testTemplateBuilderCannotFind(org.jclouds.greenhousedata.element.vcloud.compute.GreenHouseDataElementVCloudTemplateBuilderLiveTest) succeeded: 1ms
Test suite progress: tests succeeded: 76, failed: 4, skipped: 0.
Starting test testTemplateBuilderCannotFind(org.jclouds.greenhousedata.element.vcloud.compute.GreenHouseDataElementVCloudTemplateBuilderLiveTest)
[pool-2-thread-2] Test testTemplateBuilderCannotFind(org.jclouds.greenhousedata.element.vcloud.compute.GreenHouseDataElementVCloudTemplateBuilderLiveTest) succeeded: 0ms
Test suite progress: tests succeeded: 77, failed: 4, skipped: 0.
Starting test testTemplateBuilderCannotFind(org.jclouds.greenhousedata.element.vcloud.compute.GreenHouseDataElementVCloudTemplateBuilderLiveTest)
[pool-2-thread-2] Test testTemplateBuilderCannotFind(org.jclouds.greenhousedata.element.vcloud.compute.GreenHouseDataElementVCloudTemplateBuilderLiveTest) succeeded: 1ms
Test suite progress: tests succeeded: 78, failed: 4, skipped: 0.
Starting test testTemplateBuilderCannotFind(org.jclouds.greenhousedata.element.vcloud.compute.GreenHouseDataElementVCloudTemplateBuilderLiveTest)
[pool-2-thread-2] Test testTemplateBuilderCannotFind(org.jclouds.greenhousedata.element.vcloud.compute.GreenHouseDataElementVCloudTemplateBuilderLiveTest) succeeded: 0ms
Test suite progress: tests succeeded: 79, failed: 4, skipped: 0.
Starting test testTemplateBuilderCannotFind(org.jclouds.greenhousedata.element.vcloud.compute.GreenHouseDataElementVCloudTemplateBuilderLiveTest)
[pool-2-thread-2] Test testTemplateBuilderCannotFind(org.jclouds.greenhousedata.element.vcloud.compute.GreenHouseDataElementVCloudTemplateBuilderLiveTest) succeeded: 0ms
Test suite progress: tests succeeded: 80, failed: 4, skipped: 0.
Starting test testTemplateBuilderCannotFind(org.jclouds.greenhousedata.element.vcloud.compute.GreenHouseDataElementVCloudTemplateBuilderLiveTest)
[pool-2-thread-2] Test testTemplateBuilderCannotFind(org.jclouds.greenhousedata.element.vcloud.compute.GreenHouseDataElementVCloudTemplateBuilderLiveTest) succeeded: 1ms
Test suite progress: tests succeeded: 81, failed: 4, skipped: 0.
Starting test testTemplateBuilderCannotFind(org.jclouds.greenhousedata.element.vcloud.compute.GreenHouseDataElementVCloudTemplateBuilderLiveTest)
[pool-2-thread-2] Test testTemplateBuilderCannotFind(org.jclouds.greenhousedata.element.vcloud.compute.GreenHouseDataElementVCloudTemplateBuilderLiveTest) succeeded: 0ms
Test suite progress: tests succeeded: 82, failed: 4, skipped: 0.
Starting test testTemplateBuilderCannotFind(org.jclouds.greenhousedata.element.vcloud.compute.GreenHouseDataElementVCloudTemplateBuilderLiveTest)
[pool-2-thread-2] Test testTemplateBuilderCannotFind(org.jclouds.greenhousedata.element.vcloud.compute.GreenHouseDataElementVCloudTemplateBuilderLiveTest) succeeded: 0ms
Test suite progress: tests succeeded: 83, failed: 4, skipped: 0.
Starting test testTemplateBuilderCannotFind(org.jclouds.greenhousedata.element.vcloud.compute.GreenHouseDataElementVCloudTemplateBuilderLiveTest)
[pool-2-thread-2] Test testTemplateBuilderCannotFind(org.jclouds.greenhousedata.element.vcloud.compute.GreenHouseDataElementVCloudTemplateBuilderLiveTest) succeeded: 1ms
Test suite progress: tests succeeded: 84, failed: 4, skipped: 0.
Starting test testTemplateBuilderCannotFind(org.jclouds.greenhousedata.element.vcloud.compute.GreenHouseDataElementVCloudTemplateBuilderLiveTest)
[pool-2-thread-2] Test testTemplateBuilderCannotFind(org.jclouds.greenhousedata.element.vcloud.compute.GreenHouseDataElementVCloudTemplateBuilderLiveTest) succeeded: 0ms
Test suite progress: tests succeeded: 85, failed: 4, skipped: 0.
Starting test testTemplateBuilderCannotFind(org.jclouds.greenhousedata.element.vcloud.compute.GreenHouseDataElementVCloudTemplateBuilderLiveTest)
[pool-2-thread-2] Test testTemplateBuilderCannotFind(org.jclouds.greenhousedata.element.vcloud.compute.GreenHouseDataElementVCloudTemplateBuilderLiveTest) succeeded: 1ms
Test suite progress: tests succeeded: 86, failed: 4, skipped: 0.
Starting test testTemplateBuilderCannotFind(org.jclouds.greenhousedata.element.vcloud.compute.GreenHouseDataElementVCloudTemplateBuilderLiveTest)
[pool-2-thread-2] Test testTemplateBuilderCannotFind(org.jclouds.greenhousedata.element.vcloud.compute.GreenHouseDataElementVCloudTemplateBuilderLiveTest) succeeded: 0ms
Test suite progress: tests succeeded: 87, failed: 4, skipped: 0.
Starting test testTemplateBuilderCannotFind(org.jclouds.greenhousedata.element.vcloud.compute.GreenHouseDataElementVCloudTemplateBuilderLiveTest)
[pool-2-thread-2] Test testTemplateBuilderCannotFind(org.jclouds.greenhousedata.element.vcloud.compute.GreenHouseDataElementVCloudTemplateBuilderLiveTest) succeeded: 0ms
Test suite progress: tests succeeded: 88, failed: 4, skipped: 0.
Starting test testTemplateBuilderCannotFind(org.jclouds.greenhousedata.element.vcloud.compute.GreenHouseDataElementVCloudTemplateBuilderLiveTest)
[pool-2-thread-2] Test testTemplateBuilderCannotFind(org.jclouds.greenhousedata.element.vcloud.compute.GreenHouseDataElementVCloudTemplateBuilderLiveTest) succeeded: 0ms
Test suite progress: tests succeeded: 89, failed: 4, skipped: 0.
Starting test testTemplateBuilderCannotFind(org.jclouds.greenhousedata.element.vcloud.compute.GreenHouseDataElementVCloudTemplateBuilderLiveTest)
[pool-2-thread-2] Test testTemplateBuilderCannotFind(org.jclouds.greenhousedata.element.vcloud.compute.GreenHouseDataElementVCloudTemplateBuilderLiveTest) succeeded: 0ms
Test suite progress: tests succeeded: 90, failed: 4, skipped: 0.
Starting test testTemplateBuilderCannotFind(org.jclouds.greenhousedata.element.vcloud.compute.GreenHouseDataElementVCloudTemplateBuilderLiveTest)
[pool-2-thread-2] Test testTemplateBuilderCannotFind(org.jclouds.greenhousedata.element.vcloud.compute.GreenHouseDataElementVCloudTemplateBuilderLiveTest) succeeded: 1ms
Test suite progress: tests succeeded: 91, failed: 4, skipped: 0.
Starting test testTemplateBuilderCannotFind(org.jclouds.greenhousedata.element.vcloud.compute.GreenHouseDataElementVCloudTemplateBuilderLiveTest)
[pool-2-thread-2] Test testTemplateBuilderCannotFind(org.jclouds.greenhousedata.element.vcloud.compute.GreenHouseDataElementVCloudTemplateBuilderLiveTest) succeeded: 0ms
Test suite progress: tests succeeded: 92, failed: 4, skipped: 0.
Starting test testTemplateBuilderCannotFind(org.jclouds.greenhousedata.element.vcloud.compute.GreenHouseDataElementVCloudTemplateBuilderLiveTest)
[pool-2-thread-2] Test testTemplateBuilderCannotFind(org.jclouds.greenhousedata.element.vcloud.compute.GreenHouseDataElementVCloudTemplateBuilderLiveTest) succeeded: 0ms
Test suite progress: tests succeeded: 93, failed: 4, skipped: 0.
Starting test testTemplateBuilderCannotFind(org.jclouds.greenhousedata.element.vcloud.compute.GreenHouseDataElementVCloudTemplateBuilderLiveTest)
[pool-2-thread-2] Test testTemplateBuilderCannotFind(org.jclouds.greenhousedata.element.vcloud.compute.GreenHouseDataElementVCloudTemplateBuilderLiveTest) succeeded: 0ms
Test suite progress: tests succeeded: 94, failed: 4, skipped: 0.
Starting test testTemplateBuilderCannotFind(org.jclouds.greenhousedata.element.vcloud.compute.GreenHouseDataElementVCloudTemplateBuilderLiveTest)
[pool-2-thread-2] Test testTemplateBuilderCannotFind(org.jclouds.greenhousedata.element.vcloud.compute.GreenHouseDataElementVCloudTemplateBuilderLiveTest) succeeded: 1ms
Test suite progress: tests succeeded: 95, failed: 4, skipped: 0.
Starting test testTemplateBuilderCannotFind(org.jclouds.greenhousedata.element.vcloud.compute.GreenHouseDataElementVCloudTemplateBuilderLiveTest)
[pool-2-thread-2] Test testTemplateBuilderCannotFind(org.jclouds.greenhousedata.element.vcloud.compute.GreenHouseDataElementVCloudTemplateBuilderLiveTest) succeeded: 0ms
Test suite progress: tests succeeded: 96, failed: 4, skipped: 0.
Starting test testTemplateBuilderCannotFind(org.jclouds.greenhousedata.element.vcloud.compute.GreenHouseDataElementVCloudTemplateBuilderLiveTest)
[pool-2-thread-2] Test testTemplateBuilderCannotFind(org.jclouds.greenhousedata.element.vcloud.compute.GreenHouseDataElementVCloudTemplateBuilderLiveTest) succeeded: 1ms
Test suite progress: tests succeeded: 97, failed: 4, skipped: 0.
Starting test testTemplateBuilderWithImageIdSpecified(org.jclouds.greenhousedata.element.vcloud.compute.GreenHouseDataElementVCloudTemplateBuilderLiveTest)
[pool-2-thread-3] Test testGetTask(org.jclouds.greenhousedata.element.vcloud.DeprecatedGreenHouseDataElementVCloudClientLiveTest) succeeded: 1342ms
Test suite progress: tests succeeded: 98, failed: 4, skipped: 0.
Starting test testGetThumbnailOfVm(org.jclouds.greenhousedata.element.vcloud.DeprecatedGreenHouseDataElementVCloudClientLiveTest)
[pool-2-thread-3] Test testGetThumbnailOfVm(org.jclouds.greenhousedata.element.vcloud.DeprecatedGreenHouseDataElementVCloudClientLiveTest) succeeded: 6473ms
Test suite progress: tests succeeded: 99, failed: 4, skipped: 0.
Starting test testGetVApp(org.jclouds.greenhousedata.element.vcloud.DeprecatedGreenHouseDataElementVCloudClientLiveTest)
[pool-2-thread-3] Test testGetVApp(org.jclouds.greenhousedata.element.vcloud.DeprecatedGreenHouseDataElementVCloudClientLiveTest) succeeded: 6892ms
Test suite progress: tests succeeded: 100, failed: 4, skipped: 0.
Starting test testGetVAppTemplate(org.jclouds.greenhousedata.element.vcloud.DeprecatedGreenHouseDataElementVCloudClientLiveTest)
[pool-2-thread-3] Test testGetVAppTemplate(org.jclouds.greenhousedata.element.vcloud.DeprecatedGreenHouseDataElementVCloudClientLiveTest) failed.
Test suite progress: tests succeeded: 100, failed: 5, skipped: 0.
Starting test testGetVDCNetwork(org.jclouds.greenhousedata.element.vcloud.DeprecatedGreenHouseDataElementVCloudClientLiveTest)
[pool-2-thread-3] Test testGetVDCNetwork(org.jclouds.greenhousedata.element.vcloud.DeprecatedGreenHouseDataElementVCloudClientLiveTest) succeeded: 6571ms
Test suite progress: tests succeeded: 101, failed: 5, skipped: 0.
Starting test testGetVm(org.jclouds.greenhousedata.element.vcloud.DeprecatedGreenHouseDataElementVCloudClientLiveTest)
[pool-2-thread-2] Test testTemplateBuilderWithImageIdSpecified(org.jclouds.greenhousedata.element.vcloud.compute.GreenHouseDataElementVCloudTemplateBuilderLiveTest) succeeded: 30342ms
Test suite progress: tests succeeded: 102, failed: 5, skipped: 0.
Starting test testTemplateBuilderWithLoginUserSpecified(org.jclouds.greenhousedata.element.vcloud.compute.GreenHouseDataElementVCloudTemplateBuilderLiveTest)
[pool-2-thread-3] Test testGetVm(org.jclouds.greenhousedata.element.vcloud.DeprecatedGreenHouseDataElementVCloudClientLiveTest) failed.
Test suite progress: tests succeeded: 102, failed: 6, skipped: 0.
Starting test testListOrgs(org.jclouds.greenhousedata.element.vcloud.DeprecatedGreenHouseDataElementVCloudClientLiveTest)
[pool-2-thread-3] Test testListOrgs(org.jclouds.greenhousedata.element.vcloud.DeprecatedGreenHouseDataElementVCloudClientLiveTest) succeeded: 1966ms
Test suite progress: tests succeeded: 103, failed: 6, skipped: 0.
Starting test testOrg(org.jclouds.greenhousedata.element.vcloud.DeprecatedGreenHouseDataElementVCloudClientLiveTest)
[pool-2-thread-3] Test testOrg(org.jclouds.greenhousedata.element.vcloud.DeprecatedGreenHouseDataElementVCloudClientLiveTest) succeeded: 1159ms
Test suite progress: tests succeeded: 104, failed: 6, skipped: 0.
Starting test testPropertiesCanOverrideDefaultCatalog(org.jclouds.greenhousedata.element.vcloud.DeprecatedGreenHouseDataElementVCloudClientLiveTest)
[pool-2-thread-3] Test testPropertiesCanOverrideDefaultCatalog(org.jclouds.greenhousedata.element.vcloud.DeprecatedGreenHouseDataElementVCloudClientLiveTest) succeeded: 7393ms
Test suite progress: tests succeeded: 105, failed: 6, skipped: 0.
Starting test testPropertiesCanOverrideDefaultNetwork(org.jclouds.greenhousedata.element.vcloud.DeprecatedGreenHouseDataElementVCloudClientLiveTest)
[pool-2-thread-3] Test testPropertiesCanOverrideDefaultNetwork(org.jclouds.greenhousedata.element.vcloud.DeprecatedGreenHouseDataElementVCloudClientLiveTest) succeeded: 13897ms
Test suite progress: tests succeeded: 106, failed: 6, skipped: 0.
Starting test testPropertiesCanOverrideDefaultOrg(org.jclouds.greenhousedata.element.vcloud.DeprecatedGreenHouseDataElementVCloudClientLiveTest)
[pool-2-thread-3] Test testPropertiesCanOverrideDefaultOrg(org.jclouds.greenhousedata.element.vcloud.DeprecatedGreenHouseDataElementVCloudClientLiveTest) succeeded: 2535ms
Test suite progress: tests succeeded: 107, failed: 6, skipped: 0.
Starting test testPropertiesCanOverrideDefaultVDC(org.jclouds.greenhousedata.element.vcloud.DeprecatedGreenHouseDataElementVCloudClientLiveTest)
[pool-2-thread-2] Test testTemplateBuilderWithLoginUserSpecified(org.jclouds.greenhousedata.element.vcloud.compute.GreenHouseDataElementVCloudTemplateBuilderLiveTest) succeeded: 33408ms
Test suite progress: tests succeeded: 108, failed: 6, skipped: 0.
Starting test testDefaultTemplateBuilder(org.jclouds.greenhousedata.element.vcloud.compute.GreenHouseDataElementVCloudTemplateBuilderLiveTest)
[pool-2-thread-2] Test testDefaultTemplateBuilder(org.jclouds.greenhousedata.element.vcloud.compute.GreenHouseDataElementVCloudTemplateBuilderLiveTest) succeeded: 0ms
Test suite progress: tests succeeded: 109, failed: 6, skipped: 0.
[pool-2-thread-3] Test testPropertiesCanOverrideDefaultVDC(org.jclouds.greenhousedata.element.vcloud.DeprecatedGreenHouseDataElementVCloudClientLiveTest) succeeded: 3988ms
Test suite progress: tests succeeded: 110, failed: 6, skipped: 0.
[pool-2-thread-1] Test testAScriptExecutionAfterBootWithBasicTemplate(org.jclouds.greenhousedata.element.vcloud.compute.GreenHouseDataElementVCloudComputeServiceLiveTest) failed.
Test suite progress: tests succeeded: 110, failed: 7, skipped: 0.
Starting test testCorrectAuthException(org.jclouds.greenhousedata.element.vcloud.compute.GreenHouseDataElementVCloudComputeServiceLiveTest)
[pool-2-thread-1] Test testCorrectAuthException(org.jclouds.greenhousedata.element.vcloud.compute.GreenHouseDataElementVCloudComputeServiceLiveTest) succeeded: 1085ms
Test suite progress: tests succeeded: 111, failed: 7, skipped: 0.
Starting test testCreateAndRunAService(org.jclouds.greenhousedata.element.vcloud.compute.GreenHouseDataElementVCloudComputeServiceLiveTest)
Dec 14, 2011 12:16:12 PM com.google.common.util.concurrent.ExecutionList$RunnableExecutorPair execute
SEVERE: RuntimeException while executing runnable com.google.common.util.concurrent.Futures$ChainingListenableFuture@4b9e2380 with executor java.util.concurrent.ThreadPoolExecutor@7b2ccf48
java.util.concurrent.RejectedExecutionException
	at java.util.concurrent.ThreadPoolExecutor$AbortPolicy.rejectedExecution(ThreadPoolExecutor.java:1768)
	at java.util.concurrent.ThreadPoolExecutor.reject(ThreadPoolExecutor.java:767)
	at java.util.concurrent.ThreadPoolExecutor.execute(ThreadPoolExecutor.java:658)
	at org.jclouds.concurrent.config.ExecutorServiceModule$DescribingExecutorService.execute(ExecutorServiceModule.java:198)
	at com.google.common.util.concurrent.ExecutionList$RunnableExecutorPair.execute(ExecutionList.java:161)
	at com.google.common.util.concurrent.ExecutionList.execute(ExecutionList.java:146)
	at org.jclouds.concurrent.Futures$CallGetAndRunExecutionList.run(Futures.java:72)
	at java.util.concurrent.ThreadPoolExecutor$Worker.runTask(ThreadPoolExecutor.java:886)
	at java.util.concurrent.ThreadPoolExecutor$Worker.run(ThreadPoolExecutor.java:908)
	at java.lang.Thread.run(Thread.java:680)
[pool-2-thread-4] Test testExtendedOptionsWithCustomizationScript(org.jclouds.greenhousedata.element.vcloud.features.GreenHouseDataElementVCloudVmClientLiveTest) failed.
Test suite progress: tests succeeded: 111, failed: 8, skipped: 0.
Starting test testGetThumbnailOfVm(org.jclouds.greenhousedata.element.vcloud.features.GreenHouseDataElementVCloudVmClientLiveTest)
[pool-2-thread-4] Test testGetThumbnailOfVm(org.jclouds.greenhousedata.element.vcloud.features.GreenHouseDataElementVCloudVmClientLiveTest) succeeded: 8616ms
Test suite progress: tests succeeded: 112, failed: 8, skipped: 0.
Starting test testGetVm(org.jclouds.greenhousedata.element.vcloud.features.GreenHouseDataElementVCloudVmClientLiveTest)
[pool-2-thread-4] Test testGetVm(org.jclouds.greenhousedata.element.vcloud.features.GreenHouseDataElementVCloudVmClientLiveTest) succeeded: 11003ms
Test suite progress: tests succeeded: 113, failed: 8, skipped: 0.
[pool-2-thread-5] Test testCaptureVApp(org.jclouds.greenhousedata.element.vcloud.features.GreenHouseDataElementVCloudVAppTemplateClientLiveTest) failed.
Test suite progress: tests succeeded: 113, failed: 9, skipped: 0.
Starting test testFindVAppTemplate(org.jclouds.greenhousedata.element.vcloud.features.GreenHouseDataElementVCloudVAppTemplateClientLiveTest)
[pool-2-thread-1] Test testCreateAndRunAService(org.jclouds.greenhousedata.element.vcloud.compute.GreenHouseDataElementVCloudComputeServiceLiveTest) failed.
Test suite progress: tests succeeded: 113, failed: 10, skipped: 0.
Starting test testCreateTwoNodesWithRunScript(org.jclouds.greenhousedata.element.vcloud.compute.GreenHouseDataElementVCloudComputeServiceLiveTest)
[pool-2-thread-5] Test testFindVAppTemplate(org.jclouds.greenhousedata.element.vcloud.features.GreenHouseDataElementVCloudVAppTemplateClientLiveTest) failed.
Test suite progress: tests succeeded: 113, failed: 11, skipped: 0.
Starting test testGetOvfEnvelopeForVAppTemplate(org.jclouds.greenhousedata.element.vcloud.features.GreenHouseDataElementVCloudVAppTemplateClientLiveTest)
[pool-2-thread-5] Test testGetOvfEnvelopeForVAppTemplate(org.jclouds.greenhousedata.element.vcloud.features.GreenHouseDataElementVCloudVAppTemplateClientLiveTest) succeeded: 12232ms
Test suite progress: tests succeeded: 114, failed: 11, skipped: 0.
Starting test testGetVAppTemplate(org.jclouds.greenhousedata.element.vcloud.features.GreenHouseDataElementVCloudVAppTemplateClientLiveTest)
[pool-2-thread-5] Test testGetVAppTemplate(org.jclouds.greenhousedata.element.vcloud.features.GreenHouseDataElementVCloudVAppTemplateClientLiveTest) failed.
Test suite progress: tests succeeded: 114, failed: 12, skipped: 0.
[pool-2-thread-1] Test testCreateTwoNodesWithRunScript(org.jclouds.greenhousedata.element.vcloud.compute.GreenHouseDataElementVCloudComputeServiceLiveTest) failed.
Test suite progress: tests succeeded: 114, failed: 13, skipped: 0.
[pool-2-thread-1] Test testCreateAnotherNodeWithANewContextToEnsureSharedMemIsntRequired(org.jclouds.greenhousedata.element.vcloud.compute.GreenHouseDataElementVCloudComputeServiceLiveTest) skipped.
Test suite progress: tests succeeded: 114, failed: 13, skipped: 1.
[pool-2-thread-1] Test testCredentialsCache(org.jclouds.greenhousedata.element.vcloud.compute.GreenHouseDataElementVCloudComputeServiceLiveTest) skipped.
Test suite progress: tests succeeded: 114, failed: 13, skipped: 2.
[pool-2-thread-1] Test testGet(org.jclouds.greenhousedata.element.vcloud.compute.GreenHouseDataElementVCloudComputeServiceLiveTest) skipped.
Test suite progress: tests succeeded: 114, failed: 13, skipped: 3.
Starting test testGetAssignableLocations(org.jclouds.greenhousedata.element.vcloud.compute.GreenHouseDataElementVCloudComputeServiceLiveTest)
Dec 14, 2011 12:18:53 PM org.jclouds.compute.BaseComputeServiceLiveTest testGetAssignableLocations
WARNING: location [id=https://mycloud.greenhousedata.com/api/v1.0/vdc/e9cd3387-ac57-4d27-a481-9bee75e0690f, scope=ZONE, description=orgVDC-cloudsoft-Tier1-PAYG, parent=https://mycloud.greenhousedata.com/api/v1.0/org/c076f90a-397a-49fa-89b8-b294c1599cd0, iso3166Codes=[], metadata={}]
[pool-2-thread-1] Test testGetAssignableLocations(org.jclouds.greenhousedata.element.vcloud.compute.GreenHouseDataElementVCloudComputeServiceLiveTest) succeeded: 0ms
Test suite progress: tests succeeded: 115, failed: 13, skipped: 3.
Starting test testImagesCache(org.jclouds.greenhousedata.element.vcloud.compute.GreenHouseDataElementVCloudComputeServiceLiveTest)
[pool-2-thread-1] Test testImagesCache(org.jclouds.greenhousedata.element.vcloud.compute.GreenHouseDataElementVCloudComputeServiceLiveTest) succeeded: 0ms
Test suite progress: tests succeeded: 116, failed: 13, skipped: 3.
Starting test testListImages(org.jclouds.greenhousedata.element.vcloud.compute.GreenHouseDataElementVCloudComputeServiceLiveTest)
[pool-2-thread-1] Test testListImages(org.jclouds.greenhousedata.element.vcloud.compute.GreenHouseDataElementVCloudComputeServiceLiveTest) succeeded: 0ms
Test suite progress: tests succeeded: 117, failed: 13, skipped: 3.
Starting test testListSizes(org.jclouds.greenhousedata.element.vcloud.compute.GreenHouseDataElementVCloudComputeServiceLiveTest)
[pool-2-thread-1] Test testListSizes(org.jclouds.greenhousedata.element.vcloud.compute.GreenHouseDataElementVCloudComputeServiceLiveTest) succeeded: 0ms
Test suite progress: tests succeeded: 118, failed: 13, skipped: 3.
Starting test testOptionToNotBlock(org.jclouds.greenhousedata.element.vcloud.compute.GreenHouseDataElementVCloudComputeServiceLiveTest)
[pool-2-thread-1] Test testOptionToNotBlock(org.jclouds.greenhousedata.element.vcloud.compute.GreenHouseDataElementVCloudComputeServiceLiveTest) succeeded: 60519ms
Test suite progress: tests succeeded: 119, failed: 13, skipped: 3.
[pool-2-thread-1] Test testReboot(org.jclouds.greenhousedata.element.vcloud.compute.GreenHouseDataElementVCloudComputeServiceLiveTest) skipped.
Test suite progress: tests succeeded: 119, failed: 13, skipped: 4.
[pool-2-thread-1] Test testSuspendResume(org.jclouds.greenhousedata.element.vcloud.compute.GreenHouseDataElementVCloudComputeServiceLiveTest) skipped.
Test suite progress: tests succeeded: 119, failed: 13, skipped: 5.
Starting test testTemplateMatch(org.jclouds.greenhousedata.element.vcloud.compute.GreenHouseDataElementVCloudComputeServiceLiveTest)
[pool-2-thread-1] Test testTemplateMatch(org.jclouds.greenhousedata.element.vcloud.compute.GreenHouseDataElementVCloudComputeServiceLiveTest) succeeded: 1ms
Test suite progress: tests succeeded: 120, failed: 13, skipped: 5.
Starting test setServiceDefaults(org.jclouds.greenhousedata.element.vcloud.compute.GreenHouseDataElementVCloudComputeServiceLiveTest)
[pool-2-thread-1] Test setServiceDefaults(org.jclouds.greenhousedata.element.vcloud.compute.GreenHouseDataElementVCloudComputeServiceLiveTest) succeeded: 0ms
Test suite progress: tests succeeded: 121, failed: 13, skipped: 5.
[pool-2-thread-1] Test testGetNodesWithDetails(org.jclouds.greenhousedata.element.vcloud.compute.GreenHouseDataElementVCloudComputeServiceLiveTest) skipped.
Test suite progress: tests succeeded: 121, failed: 13, skipped: 6.
Starting test testListNodes(org.jclouds.greenhousedata.element.vcloud.compute.GreenHouseDataElementVCloudComputeServiceLiveTest)
[id=https://mycloud.greenhousedata.com/api/v1.0/vApp/vapp-a3e699a3-626a-494d-8d97-70c0bd59e85e, providerId=https://mycloud.greenhousedata.com/api/v1.0/vApp/vapp-a3e699a3-626a-494d-8d97-70c0bd59e85e, name=director--35a, processors=[[cores=1.0, speed=1.0]], ram=256, volumes=[[id=0, type=LOCAL, size=2.0, device=null, durable=true, isBootDevice=true]], supportsImage=idEquals(https://mycloud.greenhousedata.com/api/v1.0/vApp/vapp-a3e699a3-626a-494d-8d97-70c0bd59e85e), tags=[]]
[id=https://mycloud.greenhousedata.com/api/v1.0/vApp/vapp-45bc1ca8-1762-4cfa-88bf-88c9ac89125a, providerId=https://mycloud.greenhousedata.com/api/v1.0/vApp/vapp-45bc1ca8-1762-4cfa-88bf-88c9ac89125a, name=adriancolecap-b9e, processors=[[cores=1.0, speed=1.0]], ram=256, volumes=[[id=0, type=LOCAL, size=2.0, device=null, durable=true, isBootDevice=true]], supportsImage=idEquals(https://mycloud.greenhousedata.com/api/v1.0/vApp/vapp-45bc1ca8-1762-4cfa-88bf-88c9ac89125a), tags=[]]
[id=https://mycloud.greenhousedata.com/api/v1.0/vApp/vapp-6b163b90-bb46-4ac5-9b06-62139b73b792, providerId=https://mycloud.greenhousedata.com/api/v1.0/vApp/vapp-6b163b90-bb46-4ac5-9b06-62139b73b792, name=adriancolecap-8a5, processors=[[cores=1.0, speed=1.0]], ram=256, volumes=[[id=0, type=LOCAL, size=2.0, device=null, durable=true, isBootDevice=true]], supportsImage=idEquals(https://mycloud.greenhousedata.com/api/v1.0/vApp/vapp-6b163b90-bb46-4ac5-9b06-62139b73b792), tags=[]]
[id=https://mycloud.greenhousedata.com/api/v1.0/vApp/vapp-ae02fbfd-5a08-4ae9-8433-e0427c8c0072, providerId=https://mycloud.greenhousedata.com/api/v1.0/vApp/vapp-ae02fbfd-5a08-4ae9-8433-e0427c8c0072, name=adriancolecustomize-a9f, processors=[[cores=1.0, speed=1.0]], ram=256, volumes=[[id=0, type=LOCAL, size=2.0, device=null, durable=true, isBootDevice=true]], supportsImage=idEquals(https://mycloud.greenhousedata.com/api/v1.0/vApp/vapp-ae02fbfd-5a08-4ae9-8433-e0427c8c0072), tags=[]]
[id=https://mycloud.greenhousedata.com/api/v1.0/vApp/vapp-d083290e-7d2d-48ec-82bf-e0f75ef39285, providerId=https://mycloud.greenhousedata.com/api/v1.0/vApp/vapp-d083290e-7d2d-48ec-82bf-e0f75ef39285, name=adriancolecustomize-6e9, processors=[[cores=1.0, speed=1.0]], ram=256, volumes=[[id=0, type=LOCAL, size=2.0, device=null, durable=true, isBootDevice=true]], supportsImage=idEquals(https://mycloud.greenhousedata.com/api/v1.0/vApp/vapp-d083290e-7d2d-48ec-82bf-e0f75ef39285), tags=[]]
[id=https://mycloud.greenhousedata.com/api/v1.0/vApp/vapp-64aa66e1-1fd2-416c-8cda-09b2295ed927, providerId=https://mycloud.greenhousedata.com/api/v1.0/vApp/vapp-64aa66e1-1fd2-416c-8cda-09b2295ed927, name=director--ba4, processors=[[cores=1.0, speed=1.0]], ram=256, volumes=[[id=0, type=LOCAL, size=2.0, device=null, durable=true, isBootDevice=true]], supportsImage=idEquals(https://mycloud.greenhousedata.com/api/v1.0/vApp/vapp-64aa66e1-1fd2-416c-8cda-09b2295ed927), tags=[]]
[pool-2-thread-1] Test testListNodes(org.jclouds.greenhousedata.element.vcloud.compute.GreenHouseDataElementVCloudComputeServiceLiveTest) succeeded: 27637ms
Test suite progress: tests succeeded: 122, failed: 13, skipped: 6.
[pool-2-thread-1] Test testDestroyNodes(org.jclouds.greenhousedata.element.vcloud.compute.GreenHouseDataElementVCloudComputeServiceLiveTest) skipped.
Test suite progress: tests succeeded: 122, failed: 13, skipped: 7.
Starting test testCorrectExceptionRunningNodesNotFound(org.jclouds.greenhousedata.element.vcloud.compute.GreenHouseDataElementVCloudComputeServiceLiveTest)
[pool-2-thread-1] Test testCorrectExceptionRunningNodesNotFound(org.jclouds.greenhousedata.element.vcloud.compute.GreenHouseDataElementVCloudComputeServiceLiveTest) succeeded: 5380ms
Test suite progress: tests succeeded: 123, failed: 13, skipped: 7.
Starting test testAssignability(org.jclouds.greenhousedata.element.vcloud.compute.GreenHouseDataElementVCloudComputeServiceLiveTest)
[pool-2-thread-1] Test testAssignability(org.jclouds.greenhousedata.element.vcloud.compute.GreenHouseDataElementVCloudComputeServiceLiveTest) succeeded: 78ms
Test suite progress: tests succeeded: 124, failed: 13, skipped: 7.
Tests run: 144, Failures: 13, Errors: 0, Skipped: 7, Time elapsed: 463.314 sec <<< FAILURE!

Results :

Failed tests:   testFindCatalogItem(org.jclouds.greenhousedata.element.vcloud.DeprecatedGreenHouseDataElementVCloudClientLiveTest): request: GET https://mycloud.greenhousedata.com/api/v1.0/catalogItem/060cc954-66df-48ee-8ae0-5910901500e2 HTTP/1.1; cause: java.lang.NullPointerException
  testFindVAppTemplate(org.jclouds.greenhousedata.element.vcloud.DeprecatedGreenHouseDataElementVCloudClientLiveTest): request: GET https://mycloud.greenhousedata.com/api/v1.0/catalogItem/ff76efe6-66a7-42f7-90ac-2969bf3af704 HTTP/1.1; cause: java.lang.NullPointerException
  testGetCatalogItem(org.jclouds.greenhousedata.element.vcloud.DeprecatedGreenHouseDataElementVCloudClientLiveTest): request: GET https://mycloud.greenhousedata.com/api/v1.0/catalogItem/7da56500-fc83-4746-9714-bbff0c791e01 HTTP/1.1; cause: java.lang.NullPointerException
  testGetOvfEnvelopeForVAppTemplate(org.jclouds.greenhousedata.element.vcloud.DeprecatedGreenHouseDataElementVCloudClientLiveTest): request: GET https://mycloud.greenhousedata.com/api/v1.0/catalog/0bc1a8fa-a8c0-4e88-8fc0-0b9f0d8f758c HTTP/1.1; cause: java.lang.NullPointerException
  testGetVAppTemplate(org.jclouds.greenhousedata.element.vcloud.DeprecatedGreenHouseDataElementVCloudClientLiveTest): request: GET https://mycloud.greenhousedata.com/api/v1.0/catalogItem/af14b84c-52b5-45fc-b3a3-4c19c3ba3196 HTTP/1.1; cause: java.lang.NullPointerException
  testGetVm(org.jclouds.greenhousedata.element.vcloud.DeprecatedGreenHouseDataElementVCloudClientLiveTest)
  testAScriptExecutionAfterBootWithBasicTemplate(org.jclouds.greenhousedata.element.vcloud.compute.GreenHouseDataElementVCloudComputeServiceLiveTest): error running 1 node tag(director-r) location(https://mycloud.greenhousedata.com/api/v1.0/vdc/e9cd3387-ac57-4d27-a481-9bee75e0690f) image(https://mycloud.greenhousedata.com/api/v1.0/vAppTemplate/vappTemplate-33578b29-1437-4b30-9f9a-4d4a3393b913) size(https://mycloud.greenhousedata.com/api/v1.0/vAppTemplate/vappTemplate-33578b29-1437-4b30-9f9a-4d4a3393b913) options([customizationScript=false, description=null, ipAddressAllocationMode=POOL, inboundPorts=[22], privateKey=false, publicKey=false, runScript=false, port:seconds=22:120, userMetadata: {}])
  testExtendedOptionsWithCustomizationScript(org.jclouds.greenhousedata.element.vcloud.features.GreenHouseDataElementVCloudVmClientLiveTest): error running 1 node tag(adriancolecustomize) location(https://mycloud.greenhousedata.com/api/v1.0/vdc/e9cd3387-ac57-4d27-a481-9bee75e0690f) image(https://mycloud.greenhousedata.com/api/v1.0/vAppTemplate/vappTemplate-33578b29-1437-4b30-9f9a-4d4a3393b913) size(https://mycloud.greenhousedata.com/api/v1.0/vAppTemplate/vappTemplate-33578b29-1437-4b30-9f9a-4d4a3393b913) options([customizationScript=true, description=adriancolecustomize, ipAddressAllocationMode=POOL, inboundPorts=[22], privateKey=false, publicKey=false, runScript=false, port:seconds=22:180, userMetadata: {}])
  testCaptureVApp(org.jclouds.greenhousedata.element.vcloud.features.GreenHouseDataElementVCloudVAppTemplateClientLiveTest): command: DELETE https://mycloud.greenhousedata.com/api/v1.0/vAppTemplate/vappTemplate-5e3b1e79-37a9-4440-a796-d3004ec1d65f HTTP/1.1 failed with response: HTTP/1.1 406 Not Acceptable; content: [<?xml version="1.0" encoding="UTF-8"?>
  testCreateAndRunAService(org.jclouds.greenhousedata.element.vcloud.compute.GreenHouseDataElementVCloudComputeServiceLiveTest): error running 1 node tag(director-s) location(https://mycloud.greenhousedata.com/api/v1.0/vdc/e9cd3387-ac57-4d27-a481-9bee75e0690f) image(https://mycloud.greenhousedata.com/api/v1.0/vAppTemplate/vappTemplate-33578b29-1437-4b30-9f9a-4d4a3393b913) size(https://mycloud.greenhousedata.com/api/v1.0/vAppTemplate/vappTemplate-33578b29-1437-4b30-9f9a-4d4a3393b913) options([customizationScript=false, description=null, ipAddressAllocationMode=POOL, inboundPorts=[22, 8080], privateKey=false, publicKey=false, runScript=false, port:seconds=22:300, userMetadata: {Name=director-s}])
  testFindVAppTemplate(org.jclouds.greenhousedata.element.vcloud.features.GreenHouseDataElementVCloudVAppTemplateClientLiveTest): expected:<UbuntuServer-x64-4GB-copy-9b427fe3-894d-4cac-986f-2bba461d6288> but was:<UbuntuServer-x64-4GB>
  testGetVAppTemplate(org.jclouds.greenhousedata.element.vcloud.features.GreenHouseDataElementVCloudVAppTemplateClientLiveTest): expected:<UbuntuServer-x64-4GB-copy-9b427fe3-894d-4cac-986f-2bba461d6288> but was:<UbuntuServer-x64-4GB>
  testCreateTwoNodesWithRunScript(org.jclouds.greenhousedata.element.vcloud.compute.GreenHouseDataElementVCloudComputeServiceLiveTest): error running 2 nodes tag(director-) location(https://mycloud.greenhousedata.com/api/v1.0/vdc/e9cd3387-ac57-4d27-a481-9bee75e0690f) image(https://mycloud.greenhousedata.com/api/v1.0/vAppTemplate/vappTemplate-33578b29-1437-4b30-9f9a-4d4a3393b913) size(https://mycloud.greenhousedata.com/api/v1.0/vAppTemplate/vappTemplate-33578b29-1437-4b30-9f9a-4d4a3393b913) options([customizationScript=false, description=null, ipAddressAllocationMode=POOL, inboundPorts=[22], privateKey=false, publicKey=false, runScript=true, port:seconds=-1:-1, userMetadata: {}])

Tests run: 144, Failures: 13, Errors: 0, Skipped: 7

[INFO] ------------------------------------------------------------------------
[INFO] BUILD FAILURE
[INFO] ------------------------------------------------------------------------
[INFO] Total time: 7:57.742s
[INFO] Finished at: Wed Dec 14 12:20:46 PST 2011
[INFO] Final Memory: 21M/265M
[INFO] ------------------------------------------------------------------------
[ERROR] Failed to execute goal org.apache.maven.plugins:maven-surefire-plugin:2.10:test (integration) on project greenhousedata-element-vcloud: There are test failures.
[ERROR] 
[ERROR] Please refer to /Users/adriancole/workspace/git/jclouds/providers/greenhousedata-element-vcloud/target/surefire-reports for the individual test results.
[ERROR] -> [Help 1]
[ERROR] 
[ERROR] To see the full stack trace of the errors, re-run Maven with the -e switch.
[ERROR] Re-run Maven using the -X switch to enable full debug logging.
[ERROR] 
[ERROR] For more information about the errors and possible solutions, please read the following articles:
[ERROR] [Help 1] http://cwiki.apache.org/confluence/display/MAVEN/MojoFailureException
