[INFO] Scanning for projects...
[WARNING] 
[WARNING] Some problems were encountered while building the effective model for org.jclouds.provider:skalicloud-sdg-my:bundle:1.3.0-SNAPSHOT
[WARNING] 'parent.relativePath' of POM org.jclouds:jclouds-project:1.3.0-SNAPSHOT (/Users/adriancole/workspace/git/jclouds/project/pom.xml) points at org.jclouds:jclouds-multi instead of org.sonatype.oss:oss-parent, please verify your project structure @ org.jclouds:jclouds-project:1.3.0-SNAPSHOT, /Users/adriancole/workspace/git/jclouds/project/pom.xml, line 24, column 13
[WARNING] 
[WARNING] It is highly recommended to fix these problems because they threaten the stability of your build.
[WARNING] 
[WARNING] For this reason, future Maven versions might no longer support building such malformed projects.
[WARNING] 
[INFO]                                                                         
[INFO] ------------------------------------------------------------------------
[INFO] Building jclouds SkaliCloud Malaysia provider 1.3.0-SNAPSHOT
[INFO] ------------------------------------------------------------------------
[INFO] 
[INFO] --- maven-clean-plugin:2.4.1:clean (default-clean) @ skalicloud-sdg-my ---
[INFO] Deleting /Users/adriancole/workspace/git/jclouds/providers/skalicloud-sdg-my/target
[INFO] 
[INFO] --- maven-enforcer-plugin:1.0.1:enforce (enforce-maven) @ skalicloud-sdg-my ---
[INFO] 
[INFO] --- maven-enforcer-plugin:1.0.1:enforce (enforce-banned-dependencies) @ skalicloud-sdg-my ---
[INFO] 
[INFO] --- maven-enforcer-plugin:1.0.1:enforce (enforce-java) @ skalicloud-sdg-my ---
[INFO] 
[INFO] --- maven-remote-resources-plugin:1.2:process (process-remote-resources) @ skalicloud-sdg-my ---
[INFO] Setting property: classpath.resource.loader.class => 'org.codehaus.plexus.velocity.ContextClassLoaderResourceLoader'.
[INFO] Setting property: velocimacro.messages.on => 'false'.
[INFO] Setting property: resource.loader => 'classpath'.
[INFO] Setting property: resource.manager.logwhenfound => 'false'.
[INFO] 
[INFO] --- maven-resources-plugin:2.4.2:resources (default-resources) @ skalicloud-sdg-my ---
[INFO] Using 'UTF-8' encoding to copy filtered resources.
[INFO] skip non existing resourceDirectory /Users/adriancole/workspace/git/jclouds/providers/skalicloud-sdg-my/src/main/clojure
[INFO] Copying 2 resources
[INFO] Copying 2 resources
[INFO] 
[INFO] --- maven-compiler-plugin:2.3:compile (default-compile) @ skalicloud-sdg-my ---
[INFO] Compiling 4 source files to /Users/adriancole/workspace/git/jclouds/providers/skalicloud-sdg-my/target/classes
[INFO] 
[INFO] --- maven-resources-plugin:2.4.2:testResources (default-testResources) @ skalicloud-sdg-my ---
[INFO] Using 'UTF-8' encoding to copy filtered resources.
[INFO] skip non existing resourceDirectory /Users/adriancole/workspace/git/jclouds/providers/skalicloud-sdg-my/src/test/clojure
[INFO] skip non existing resourceDirectory /Users/adriancole/workspace/git/jclouds/providers/skalicloud-sdg-my/src/test/resources
[INFO] Copying 2 resources
[INFO] 
[INFO] --- maven-compiler-plugin:2.3:testCompile (default-testCompile) @ skalicloud-sdg-my ---
[INFO] Compiling 4 source files to /Users/adriancole/workspace/git/jclouds/providers/skalicloud-sdg-my/target/test-classes
[INFO] 
[INFO] --- maven-surefire-plugin:2.10:test (default-test) @ skalicloud-sdg-my ---
[INFO] Surefire report directory: /Users/adriancole/workspace/git/jclouds/providers/skalicloud-sdg-my/target/surefire-reports
[INFO] Using configured provider org.apache.maven.surefire.testng.TestNGProvider

-------------------------------------------------------
 T E S T S
-------------------------------------------------------
Running org.jclouds.skalicloud.SkaliCloudMalaysiaProviderTest
Starting test testInRestProperties(org.jclouds.skalicloud.SkaliCloudMalaysiaProviderTest)
Starting test testWithId(org.jclouds.skalicloud.SkaliCloudMalaysiaProviderTest)
Starting test testAllContains(org.jclouds.skalicloud.SkaliCloudMalaysiaProviderTest)
Starting test testOfTypeContains(org.jclouds.skalicloud.SkaliCloudMalaysiaProviderTest)
[pool-2-thread-3] Test testAllContains(org.jclouds.skalicloud.SkaliCloudMalaysiaProviderTest) succeeded: 37ms
Test suite progress: tests succeeded: 1, failed: 0, skipped: 0.
[pool-2-thread-4] Test testOfTypeContains(org.jclouds.skalicloud.SkaliCloudMalaysiaProviderTest) succeeded: 36ms
Test suite progress: tests succeeded: 2, failed: 0, skipped: 0.
[pool-2-thread-2] Test testWithId(org.jclouds.skalicloud.SkaliCloudMalaysiaProviderTest) succeeded: 42ms
Test suite progress: tests succeeded: 3, failed: 0, skipped: 0.
[pool-2-thread-1] Test testInRestProperties(org.jclouds.skalicloud.SkaliCloudMalaysiaProviderTest) succeeded: 82ms
Test suite progress: tests succeeded: 4, failed: 0, skipped: 0.
Tests run: 4, Failures: 0, Errors: 0, Skipped: 0, Time elapsed: 0.436 sec

Results :

Tests run: 4, Failures: 0, Errors: 0, Skipped: 0

[INFO] 
[INFO] --- clojure-maven-plugin:1.3.3:test (test-clojure) @ skalicloud-sdg-my ---

Testing user

Ran 0 tests containing 0 assertions.
0 failures, 0 errors.
[INFO] 
[INFO] --- maven-bundle-plugin:2.3.4:bundle (default-bundle) @ skalicloud-sdg-my ---
[INFO] 
[INFO] --- maven-source-plugin:2.1.1:jar-no-fork (attach-sources) @ skalicloud-sdg-my ---
[INFO] Building jar: /Users/adriancole/workspace/git/jclouds/providers/skalicloud-sdg-my/target/skalicloud-sdg-my-1.3.0-SNAPSHOT-sources.jar
[INFO] 
[INFO] --- maven-javadoc-plugin:2.8:jar (javadoc) @ skalicloud-sdg-my ---
[INFO] Skipping javadoc generation
[INFO] 
[INFO] --- maven-jar-plugin:2.3.1:test-jar (default) @ skalicloud-sdg-my ---
[INFO] Building jar: /Users/adriancole/workspace/git/jclouds/providers/skalicloud-sdg-my/target/skalicloud-sdg-my-1.3.0-SNAPSHOT-tests.jar
[INFO] 
[INFO] --- maven-surefire-plugin:2.10:test (integration) @ skalicloud-sdg-my ---
[INFO] Surefire report directory: /Users/adriancole/workspace/git/jclouds/providers/skalicloud-sdg-my/target/surefire-reports
[INFO] Using configured provider org.apache.maven.surefire.testng.TestNGProvider

-------------------------------------------------------
 T E S T S
-------------------------------------------------------
Running TestSuite
Starting test testCreateDrive(org.jclouds.skalicloud.SkaliCloudMalaysiaClientLiveTest)
Starting test setServiceDefaults(org.jclouds.skalicloud.compute.SkaliCloudMalaysiaComputeServiceLiveTest)
[pool-2-thread-1] Test setServiceDefaults(org.jclouds.skalicloud.compute.SkaliCloudMalaysiaComputeServiceLiveTest) succeeded: 0ms
Test suite progress: tests succeeded: 1, failed: 0, skipped: 0.
Starting test testCompareSizes(org.jclouds.skalicloud.compute.SkaliCloudMalaysiaComputeServiceLiveTest)
[pool-2-thread-2] Test testCreateDrive(org.jclouds.skalicloud.SkaliCloudMalaysiaClientLiveTest) succeeded: 8353ms
Test suite progress: tests succeeded: 2, failed: 0, skipped: 0.
Starting test testSetDriveData(org.jclouds.skalicloud.SkaliCloudMalaysiaClientLiveTest)
[pool-2-thread-2] Test testSetDriveData(org.jclouds.skalicloud.SkaliCloudMalaysiaClientLiveTest) succeeded: 1730ms
Test suite progress: tests succeeded: 3, failed: 0, skipped: 0.
Starting test testCreateAndStartServer(org.jclouds.skalicloud.SkaliCloudMalaysiaClientLiveTest)
Dec 14, 2011 1:01:54 PM org.jclouds.elasticstack.ElasticStackClientLiveTest testCreateAndStartServer
INFO: preparing drive
before prepare[size=1073741824, claimType=shared, readers=[ffffffff-ffff-ffff-ffff-ffffffffffff], uuid=f207212a-4058-4187-adb3-c44e9319e5f2, name=rediculous, tags=[networking, security, gateway], userMetadata={foo=bar}, status=active, user=878df165-0e46-499f-bbd2-8b7709daafb2, claimed=[], encryptionCipher=aes-xts-plain, imaging=null, metrics=[readBytes=4096, readRequests=1, writeBytes=4096, writeRequests=1]]
Dec 14, 2011 1:02:03 PM org.jclouds.compute.BaseComputeServiceLiveTest testCompareSizes
INFO: smallest [id=cpu=1000.000000,ram=512,disk=1.000000, providerId=cpu=1000.000000,ram=512,disk=1.000000, name=null, processors=[[cores=1.0, speed=1000.0]], ram=512, volumes=[[id=null, type=LOCAL, size=1.0, device=null, durable=true, isBootDevice=true]], supportsImage=sizeLessThanOrEqual(1.0), tags=[]]
Dec 14, 2011 1:02:03 PM org.jclouds.compute.BaseComputeServiceLiveTest testCompareSizes
INFO: fastest [id=cpu=20000.000000,ram=512,disk=20.000000, providerId=cpu=20000.000000,ram=512,disk=20.000000, name=null, processors=[[cores=1.0, speed=20000.0]], ram=512, volumes=[[id=null, type=LOCAL, size=20.0, device=null, durable=true, isBootDevice=true]], supportsImage=sizeLessThanOrEqual(20.0), tags=[]]
Dec 14, 2011 1:02:03 PM org.jclouds.compute.BaseComputeServiceLiveTest testCompareSizes
INFO: biggest [id=cpu=20000.000000,ram=8192,disk=20.000000, providerId=cpu=20000.000000,ram=8192,disk=20.000000, name=null, processors=[[cores=1.0, speed=20000.0]], ram=8192, volumes=[[id=null, type=LOCAL, size=20.0, device=null, durable=true, isBootDevice=true]], supportsImage=sizeLessThanOrEqual(20.0), tags=[]]
[pool-2-thread-1] Test testCompareSizes(org.jclouds.skalicloud.compute.SkaliCloudMalaysiaComputeServiceLiveTest) succeeded: 18662ms
Test suite progress: tests succeeded: 4, failed: 0, skipped: 0.
Starting test testAScriptExecutionAfterBootWithBasicTemplate(org.jclouds.skalicloud.compute.SkaliCloudMalaysiaComputeServiceLiveTest)
after prepare[size=1073741824, claimType=shared, readers=[ffffffff-ffff-ffff-ffff-ffffffffffff], uuid=f207212a-4058-4187-adb3-c44e9319e5f2, name=rediculous, tags=[networking, security, gateway], userMetadata={foo=bar}, status=active, user=878df165-0e46-499f-bbd2-8b7709daafb2, claimed=[], encryptionCipher=aes-xts-plain, imaging=null, metrics=[readBytes=4096, readRequests=1, writeBytes=648814592, writeRequests=158557]]
Dec 14, 2011 1:02:35 PM org.jclouds.elasticstack.ElasticStackClientLiveTest testCreateAndStartServer
INFO: starting server
{"status":"ACTIVE","started":"Jan 15, 1970 11:44:56 PM","user":"878df165-0e46-499f-bbd2-8b7709daafb2","metrics":{"txPackets":0,"tx":0,"rxPackets":0,"rx":0,"driveMetrics":{"ide:0:0":{"readBytes":36864,"readRequests":9,"writeBytes":0,"writeRequests":0}}},"cpu":1000,"smp":1,"mem":512,"persistent":true,"devices":{"ide:0:0":{"bus":0,"unit":0,"driveUuid":"f207212a-4058-4187-adb3-c44e9319e5f2","mediaType":"DISK"}},"bootDeviceIds":["ide:0:0"],"nics":[{"dhcp":"202.186.27.43","model":"E1000","block":["tcp/43594","tcp/5902","udp/5060","tcp/5900","tcp/5901","tcp/21","tcp/22","tcp/23","tcp/25","tcp/110","tcp/143","tcp/43595"]}],"vnc":{"ip":"202.186.27.43","password":"Il0veVNC","tls":false},"uuid":"8e992344-d552-4c30-a2f5-ebba2269f4d9","name":"adriancole.test","tags":[],"userMetadata":{}}
[pool-2-thread-2] Test testCreateAndStartServer(org.jclouds.skalicloud.SkaliCloudMalaysiaClientLiveTest) succeeded: 48641ms
Test suite progress: tests succeeded: 5, failed: 0, skipped: 0.
Starting test testConnectivity(org.jclouds.skalicloud.SkaliCloudMalaysiaClientLiveTest)
Dec 14, 2011 1:02:43 PM org.jclouds.elasticstack.ElasticStackClientLiveTest testConnectivity
INFO: awaiting vnc: [address=202.186.27.43, port=5900]
Dec 14, 2011 1:02:44 PM org.jclouds.elasticstack.ElasticStackClientLiveTest testConnectivity
INFO: awaiting ssh: [address=202.186.27.43, port=22]
SLF4J: Failed to load class "org.slf4j.impl.StaticLoggerBinder".
SLF4J: Defaulting to no-operation (NOP) logger implementation
SLF4J: See http://www.slf4j.org/codes.html#StaticLoggerBinder for further details.
Filesystem           1K-blocks      Used Available Use% Mounted on
/dev/sda               1032632    498796    482500  51% /
none                    245636       152    245484   1% /dev
none                    252496         0    252496   0% /dev/shm
none                    252496        40    252456   1% /var/run
none                    252496         0    252496   0% /var/lock

/dev/sda on / type ext3 (rw,noatime)
proc on /proc type proc (rw)
none on /sys type sysfs (rw,noexec,nosuid,nodev)
fusectl on /sys/fs/fuse/connections type fusectl (rw)
none on /sys/kernel/debug type debugfs (rw)
none on /sys/kernel/security type securityfs (rw)
none on /dev type devtmpfs (rw,mode=0755)
none on /dev/pts type devpts (rw,noexec,nosuid,gid=5,mode=0620)
none on /dev/shm type tmpfs (rw,nosuid,nodev)
none on /var/run type tmpfs (rw,nosuid,mode=0755)
none on /var/lock type tmpfs (rw,noexec,nosuid,nodev)
none on /var/lib/ureadahead/debugfs type debugfs (rw,relatime)

Linux ubuntu 2.6.35-24-generic #42-Ubuntu SMP Thu Dec 2 02:41:37 UTC 2010 x86_64 GNU/Linux

[pool-2-thread-2] Test testConnectivity(org.jclouds.skalicloud.SkaliCloudMalaysiaClientLiveTest) succeeded: 23738ms
Test suite progress: tests succeeded: 6, failed: 0, skipped: 0.
Starting test testLifeCycle(org.jclouds.skalicloud.SkaliCloudMalaysiaClientLiveTest)
[pool-2-thread-2] Test testLifeCycle(org.jclouds.skalicloud.SkaliCloudMalaysiaClientLiveTest) succeeded: 12897ms
Test suite progress: tests succeeded: 7, failed: 0, skipped: 0.
Starting test testSetServerConfiguration(org.jclouds.skalicloud.SkaliCloudMalaysiaClientLiveTest)
[pool-2-thread-2] Test testSetServerConfiguration(org.jclouds.skalicloud.SkaliCloudMalaysiaClientLiveTest) succeeded: 5156ms
Test suite progress: tests succeeded: 8, failed: 0, skipped: 0.
Starting test testDestroyServer(org.jclouds.skalicloud.SkaliCloudMalaysiaClientLiveTest)
[pool-2-thread-2] Test testDestroyServer(org.jclouds.skalicloud.SkaliCloudMalaysiaClientLiveTest) succeeded: 2207ms
Test suite progress: tests succeeded: 9, failed: 0, skipped: 0.
Starting test testDestroyDrive(org.jclouds.skalicloud.SkaliCloudMalaysiaClientLiveTest)
[pool-2-thread-2] Test testDestroyDrive(org.jclouds.skalicloud.SkaliCloudMalaysiaClientLiveTest) succeeded: 4777ms
Test suite progress: tests succeeded: 10, failed: 0, skipped: 0.
Starting test testWeCanReadAndWriteToDrive(org.jclouds.skalicloud.SkaliCloudMalaysiaClientLiveTest)
[pool-2-thread-2] Test testWeCanReadAndWriteToDrive(org.jclouds.skalicloud.SkaliCloudMalaysiaClientLiveTest) succeeded: 8194ms
Test suite progress: tests succeeded: 11, failed: 0, skipped: 0.
Starting test testWeCopyADriveContentsViaGzip(org.jclouds.skalicloud.SkaliCloudMalaysiaClientLiveTest)
<< problem applying options to node(65924e19-f630-4e8b-b858-f59fe27d2a77): 
org.jclouds.rest.AuthorizationException: (root:password@202.186.27.65:22) (root:password@202.186.27.65:22) error acquiring SSHClient(timeout=60000) (not retryable): Exhausted available authentication methods
	at org.jclouds.sshj.SshjSshClient.propagate(SshjSshClient.java:411)
	at org.jclouds.sshj.SshjSshClient.acquire(SshjSshClient.java:241)
	at org.jclouds.sshj.SshjSshClient.connect(SshjSshClient.java:252)
	at org.jclouds.compute.callables.RunScriptOnNodeUsingSsh.call(RunScriptOnNodeUsingSsh.java:73)
	at org.jclouds.compute.strategy.RunScriptOnNodeAndAddToGoodMapOrPutExceptionIntoBadMap.call(RunScriptOnNodeAndAddToGoodMapOrPutExceptionIntoBadMap.java:69)
	at org.jclouds.compute.strategy.RunScriptOnNodeAndAddToGoodMapOrPutExceptionIntoBadMap.call(RunScriptOnNodeAndAddToGoodMapOrPutExceptionIntoBadMap.java:44)
	at java.util.concurrent.FutureTask$Sync.innerRun(FutureTask.java:303)
	at java.util.concurrent.FutureTask.run(FutureTask.java:138)
	at java.util.concurrent.ThreadPoolExecutor$Worker.runTask(ThreadPoolExecutor.java:886)
	at java.util.concurrent.ThreadPoolExecutor$Worker.run(ThreadPoolExecutor.java:908)
	at java.lang.Thread.run(Thread.java:680)
Caused by: net.schmizz.sshj.userauth.UserAuthException: Exhausted available authentication methods
	at net.schmizz.sshj.userauth.UserAuthImpl.authenticate(UserAuthImpl.java:114)
	at net.schmizz.sshj.SSHClient.auth(SSHClient.java:204)
	at net.schmizz.sshj.SSHClient.auth(SSHClient.java:189)
	at net.schmizz.sshj.SSHClient.authPassword(SSHClient.java:265)
	at net.schmizz.sshj.SSHClient.authPassword(SSHClient.java:235)
	at net.schmizz.sshj.SSHClient.authPassword(SSHClient.java:219)
	at org.jclouds.sshj.SshjSshClient$1.create(SshjSshClient.java:197)
	at org.jclouds.sshj.SshjSshClient$1.create(SshjSshClient.java:173)
	at org.jclouds.sshj.SshjSshClient.acquire(SshjSshClient.java:222)
	... 9 more
Caused by: net.schmizz.sshj.userauth.UserAuthException: keyboard-interactive auth not allowed by server
	at net.schmizz.sshj.userauth.UserAuthImpl.authenticate(UserAuthImpl.java:81)
	... 17 more
before image; drive 2[size=4194304, claimType=exclusive, readers=[], uuid=6968b205-6294-4f28-9637-7981c6a89b3d, name=adriancole.test2, tags=[], userMetadata={}, status=active, user=878df165-0e46-499f-bbd2-8b7709daafb2, claimed=[], encryptionCipher=aes-xts-plain, imaging=null, metrics=[readBytes=8192, readRequests=2, writeBytes=8192, writeRequests=3]]
before image; drive 3[size=4194304, claimType=exclusive, readers=[], uuid=544de1c0-1120-4709-8a39-f41e09101ac6, name=adriancole.test3, tags=[], userMetadata={}, status=active, user=878df165-0e46-499f-bbd2-8b7709daafb2, claimed=[], encryptionCipher=aes-xts-plain, imaging=null, metrics=[readBytes=4096, readRequests=1, writeBytes=4096, writeRequests=1]]
after image; drive 2[size=4194304, claimType=exclusive, readers=[], uuid=6968b205-6294-4f28-9637-7981c6a89b3d, name=adriancole.test2, tags=[], userMetadata={}, status=active, user=878df165-0e46-499f-bbd2-8b7709daafb2, claimed=[], encryptionCipher=aes-xts-plain, imaging=null, metrics=[readBytes=4202496, readRequests=1026, writeBytes=8192, writeRequests=3]]
[pool-2-thread-1] Test testAScriptExecutionAfterBootWithBasicTemplate(org.jclouds.skalicloud.compute.SkaliCloudMalaysiaComputeServiceLiveTest) failed.
Test suite progress: tests succeeded: 11, failed: 1, skipped: 0.
Starting test testCorrectAuthException(org.jclouds.skalicloud.compute.SkaliCloudMalaysiaComputeServiceLiveTest)
after image; drive 3[size=4194304, claimType=exclusive, readers=[], uuid=544de1c0-1120-4709-8a39-f41e09101ac6, name=adriancole.test3, tags=[], userMetadata={}, status=active, user=878df165-0e46-499f-bbd2-8b7709daafb2, claimed=[], encryptionCipher=aes-xts-plain, imaging=null, metrics=[readBytes=4096, readRequests=1, writeBytes=4198400, writeRequests=1026]]
[pool-2-thread-1] Test testCorrectAuthException(org.jclouds.skalicloud.compute.SkaliCloudMalaysiaComputeServiceLiveTest) succeeded: 1254ms
Test suite progress: tests succeeded: 12, failed: 1, skipped: 0.
Starting test testCreateAndRunAService(org.jclouds.skalicloud.compute.SkaliCloudMalaysiaComputeServiceLiveTest)
[pool-2-thread-2] Test testWeCopyADriveContentsViaGzip(org.jclouds.skalicloud.SkaliCloudMalaysiaClientLiveTest) succeeded: 21600ms
Test suite progress: tests succeeded: 13, failed: 1, skipped: 0.
Starting test testCompareSizes(org.jclouds.skalicloud.compute.SkaliCloudMalaysiaTemplateBuilderLiveTest)
smallest [id=cpu=1000.000000,ram=512,disk=1.000000, providerId=cpu=1000.000000,ram=512,disk=1.000000, name=null, processors=[[cores=1.0, speed=1000.0]], ram=512, volumes=[[id=null, type=LOCAL, size=1.0, device=null, durable=true, isBootDevice=true]], supportsImage=sizeLessThanOrEqual(1.0), tags=[]]
fastest [id=cpu=20000.000000,ram=512,disk=20.000000, providerId=cpu=20000.000000,ram=512,disk=20.000000, name=null, processors=[[cores=1.0, speed=20000.0]], ram=512, volumes=[[id=null, type=LOCAL, size=20.0, device=null, durable=true, isBootDevice=true]], supportsImage=sizeLessThanOrEqual(20.0), tags=[]]
biggest [id=cpu=20000.000000,ram=8192,disk=20.000000, providerId=cpu=20000.000000,ram=8192,disk=20.000000, name=null, processors=[[cores=1.0, speed=20000.0]], ram=8192, volumes=[[id=null, type=LOCAL, size=20.0, device=null, durable=true, isBootDevice=true]], supportsImage=sizeLessThanOrEqual(20.0), tags=[]]
[pool-2-thread-2] Test testCompareSizes(org.jclouds.skalicloud.compute.SkaliCloudMalaysiaTemplateBuilderLiveTest) succeeded: 16773ms
Test suite progress: tests succeeded: 14, failed: 1, skipped: 0.
Starting test testFromTemplate(org.jclouds.skalicloud.compute.SkaliCloudMalaysiaTemplateBuilderLiveTest)
[pool-2-thread-2] Test testFromTemplate(org.jclouds.skalicloud.compute.SkaliCloudMalaysiaTemplateBuilderLiveTest) succeeded: 4ms
Test suite progress: tests succeeded: 15, failed: 1, skipped: 0.
Starting test testGetAssignableLocations(org.jclouds.skalicloud.compute.SkaliCloudMalaysiaTemplateBuilderLiveTest)
location [id=skalicloud-sdg-my, scope=PROVIDER, description=https://api.sdg-my.skalicloud.com, parent=null, iso3166Codes=[MY-10], metadata={}]
[pool-2-thread-2] Test testGetAssignableLocations(org.jclouds.skalicloud.compute.SkaliCloudMalaysiaTemplateBuilderLiveTest) succeeded: 1ms
Test suite progress: tests succeeded: 16, failed: 1, skipped: 0.
Starting test testTemplateBuilderCanFind(org.jclouds.skalicloud.compute.SkaliCloudMalaysiaTemplateBuilderLiveTest)
[pool-2-thread-2] Test testTemplateBuilderCanFind(org.jclouds.skalicloud.compute.SkaliCloudMalaysiaTemplateBuilderLiveTest) succeeded: 1ms
Test suite progress: tests succeeded: 17, failed: 1, skipped: 0.
Starting test testTemplateBuilderCanFind(org.jclouds.skalicloud.compute.SkaliCloudMalaysiaTemplateBuilderLiveTest)
[pool-2-thread-2] Test testTemplateBuilderCanFind(org.jclouds.skalicloud.compute.SkaliCloudMalaysiaTemplateBuilderLiveTest) succeeded: 3ms
Test suite progress: tests succeeded: 18, failed: 1, skipped: 0.
Starting test testTemplateBuilderCanFind(org.jclouds.skalicloud.compute.SkaliCloudMalaysiaTemplateBuilderLiveTest)
[pool-2-thread-2] Test testTemplateBuilderCanFind(org.jclouds.skalicloud.compute.SkaliCloudMalaysiaTemplateBuilderLiveTest) succeeded: 1ms
Test suite progress: tests succeeded: 19, failed: 1, skipped: 0.
Starting test testTemplateBuilderCanFind(org.jclouds.skalicloud.compute.SkaliCloudMalaysiaTemplateBuilderLiveTest)
[pool-2-thread-2] Test testTemplateBuilderCanFind(org.jclouds.skalicloud.compute.SkaliCloudMalaysiaTemplateBuilderLiveTest) succeeded: 2ms
Test suite progress: tests succeeded: 20, failed: 1, skipped: 0.
Starting test testTemplateBuilderCanFind(org.jclouds.skalicloud.compute.SkaliCloudMalaysiaTemplateBuilderLiveTest)
[pool-2-thread-2] Test testTemplateBuilderCanFind(org.jclouds.skalicloud.compute.SkaliCloudMalaysiaTemplateBuilderLiveTest) succeeded: 2ms
Test suite progress: tests succeeded: 21, failed: 1, skipped: 0.
Starting test testTemplateBuilderCanFind(org.jclouds.skalicloud.compute.SkaliCloudMalaysiaTemplateBuilderLiveTest)
[pool-2-thread-2] Test testTemplateBuilderCanFind(org.jclouds.skalicloud.compute.SkaliCloudMalaysiaTemplateBuilderLiveTest) succeeded: 4ms
Test suite progress: tests succeeded: 22, failed: 1, skipped: 0.
Starting test testTemplateBuilderCanFind(org.jclouds.skalicloud.compute.SkaliCloudMalaysiaTemplateBuilderLiveTest)
[pool-2-thread-2] Test testTemplateBuilderCanFind(org.jclouds.skalicloud.compute.SkaliCloudMalaysiaTemplateBuilderLiveTest) succeeded: 3ms
Test suite progress: tests succeeded: 23, failed: 1, skipped: 0.
Starting test testTemplateBuilderCanFind(org.jclouds.skalicloud.compute.SkaliCloudMalaysiaTemplateBuilderLiveTest)
[pool-2-thread-2] Test testTemplateBuilderCanFind(org.jclouds.skalicloud.compute.SkaliCloudMalaysiaTemplateBuilderLiveTest) succeeded: 0ms
Test suite progress: tests succeeded: 24, failed: 1, skipped: 0.
Starting test testTemplateBuilderCanFind(org.jclouds.skalicloud.compute.SkaliCloudMalaysiaTemplateBuilderLiveTest)
[pool-2-thread-2] Test testTemplateBuilderCanFind(org.jclouds.skalicloud.compute.SkaliCloudMalaysiaTemplateBuilderLiveTest) succeeded: 2ms
Test suite progress: tests succeeded: 25, failed: 1, skipped: 0.
Starting test testTemplateBuilderCanFind(org.jclouds.skalicloud.compute.SkaliCloudMalaysiaTemplateBuilderLiveTest)
[pool-2-thread-2] Test testTemplateBuilderCanFind(org.jclouds.skalicloud.compute.SkaliCloudMalaysiaTemplateBuilderLiveTest) succeeded: 2ms
Test suite progress: tests succeeded: 26, failed: 1, skipped: 0.
Starting test testTemplateBuilderCanFind(org.jclouds.skalicloud.compute.SkaliCloudMalaysiaTemplateBuilderLiveTest)
[pool-2-thread-2] Test testTemplateBuilderCanFind(org.jclouds.skalicloud.compute.SkaliCloudMalaysiaTemplateBuilderLiveTest) succeeded: 0ms
Test suite progress: tests succeeded: 27, failed: 1, skipped: 0.
Starting test testTemplateBuilderCanFind(org.jclouds.skalicloud.compute.SkaliCloudMalaysiaTemplateBuilderLiveTest)
[pool-2-thread-2] Test testTemplateBuilderCanFind(org.jclouds.skalicloud.compute.SkaliCloudMalaysiaTemplateBuilderLiveTest) succeeded: 1ms
Test suite progress: tests succeeded: 28, failed: 1, skipped: 0.
Starting test testTemplateBuilderCanFind(org.jclouds.skalicloud.compute.SkaliCloudMalaysiaTemplateBuilderLiveTest)
[pool-2-thread-2] Test testTemplateBuilderCanFind(org.jclouds.skalicloud.compute.SkaliCloudMalaysiaTemplateBuilderLiveTest) succeeded: 1ms
Test suite progress: tests succeeded: 29, failed: 1, skipped: 0.
Starting test testTemplateBuilderCanFind(org.jclouds.skalicloud.compute.SkaliCloudMalaysiaTemplateBuilderLiveTest)
[pool-2-thread-2] Test testTemplateBuilderCanFind(org.jclouds.skalicloud.compute.SkaliCloudMalaysiaTemplateBuilderLiveTest) succeeded: 1ms
Test suite progress: tests succeeded: 30, failed: 1, skipped: 0.
Starting test testTemplateBuilderCanFind(org.jclouds.skalicloud.compute.SkaliCloudMalaysiaTemplateBuilderLiveTest)
[pool-2-thread-2] Test testTemplateBuilderCanFind(org.jclouds.skalicloud.compute.SkaliCloudMalaysiaTemplateBuilderLiveTest) succeeded: 1ms
Test suite progress: tests succeeded: 31, failed: 1, skipped: 0.
Starting test testTemplateBuilderCanFind(org.jclouds.skalicloud.compute.SkaliCloudMalaysiaTemplateBuilderLiveTest)
[pool-2-thread-2] Test testTemplateBuilderCanFind(org.jclouds.skalicloud.compute.SkaliCloudMalaysiaTemplateBuilderLiveTest) succeeded: 1ms
Test suite progress: tests succeeded: 32, failed: 1, skipped: 0.
Starting test testTemplateBuilderCanFind(org.jclouds.skalicloud.compute.SkaliCloudMalaysiaTemplateBuilderLiveTest)
[pool-2-thread-2] Test testTemplateBuilderCanFind(org.jclouds.skalicloud.compute.SkaliCloudMalaysiaTemplateBuilderLiveTest) succeeded: 0ms
Test suite progress: tests succeeded: 33, failed: 1, skipped: 0.
Starting test testTemplateBuilderCanFind(org.jclouds.skalicloud.compute.SkaliCloudMalaysiaTemplateBuilderLiveTest)
[pool-2-thread-2] Test testTemplateBuilderCanFind(org.jclouds.skalicloud.compute.SkaliCloudMalaysiaTemplateBuilderLiveTest) succeeded: 1ms
Test suite progress: tests succeeded: 34, failed: 1, skipped: 0.
Starting test testTemplateBuilderCanFind(org.jclouds.skalicloud.compute.SkaliCloudMalaysiaTemplateBuilderLiveTest)
[pool-2-thread-2] Test testTemplateBuilderCanFind(org.jclouds.skalicloud.compute.SkaliCloudMalaysiaTemplateBuilderLiveTest) succeeded: 1ms
Test suite progress: tests succeeded: 35, failed: 1, skipped: 0.
Starting test testTemplateBuilderCanUseImageId(org.jclouds.skalicloud.compute.SkaliCloudMalaysiaTemplateBuilderLiveTest)
[pool-2-thread-2] Test testTemplateBuilderCanUseImageId(org.jclouds.skalicloud.compute.SkaliCloudMalaysiaTemplateBuilderLiveTest) succeeded: 16840ms
Test suite progress: tests succeeded: 36, failed: 1, skipped: 0.
Starting test testTemplateBuilderCannotFind(org.jclouds.skalicloud.compute.SkaliCloudMalaysiaTemplateBuilderLiveTest)
[pool-2-thread-2] Test testTemplateBuilderCannotFind(org.jclouds.skalicloud.compute.SkaliCloudMalaysiaTemplateBuilderLiveTest) succeeded: 1ms
Test suite progress: tests succeeded: 37, failed: 1, skipped: 0.
Starting test testTemplateBuilderCannotFind(org.jclouds.skalicloud.compute.SkaliCloudMalaysiaTemplateBuilderLiveTest)
[pool-2-thread-2] Test testTemplateBuilderCannotFind(org.jclouds.skalicloud.compute.SkaliCloudMalaysiaTemplateBuilderLiveTest) succeeded: 1ms
Test suite progress: tests succeeded: 38, failed: 1, skipped: 0.
Starting test testTemplateBuilderCannotFind(org.jclouds.skalicloud.compute.SkaliCloudMalaysiaTemplateBuilderLiveTest)
[pool-2-thread-2] Test testTemplateBuilderCannotFind(org.jclouds.skalicloud.compute.SkaliCloudMalaysiaTemplateBuilderLiveTest) succeeded: 1ms
Test suite progress: tests succeeded: 39, failed: 1, skipped: 0.
Starting test testTemplateBuilderCannotFind(org.jclouds.skalicloud.compute.SkaliCloudMalaysiaTemplateBuilderLiveTest)
[pool-2-thread-2] Test testTemplateBuilderCannotFind(org.jclouds.skalicloud.compute.SkaliCloudMalaysiaTemplateBuilderLiveTest) succeeded: 0ms
Test suite progress: tests succeeded: 40, failed: 1, skipped: 0.
Starting test testTemplateBuilderCannotFind(org.jclouds.skalicloud.compute.SkaliCloudMalaysiaTemplateBuilderLiveTest)
[pool-2-thread-2] Test testTemplateBuilderCannotFind(org.jclouds.skalicloud.compute.SkaliCloudMalaysiaTemplateBuilderLiveTest) succeeded: 1ms
Test suite progress: tests succeeded: 41, failed: 1, skipped: 0.
Starting test testTemplateBuilderCannotFind(org.jclouds.skalicloud.compute.SkaliCloudMalaysiaTemplateBuilderLiveTest)
[pool-2-thread-2] Test testTemplateBuilderCannotFind(org.jclouds.skalicloud.compute.SkaliCloudMalaysiaTemplateBuilderLiveTest) succeeded: 0ms
Test suite progress: tests succeeded: 42, failed: 1, skipped: 0.
Starting test testTemplateBuilderCannotFind(org.jclouds.skalicloud.compute.SkaliCloudMalaysiaTemplateBuilderLiveTest)
[pool-2-thread-2] Test testTemplateBuilderCannotFind(org.jclouds.skalicloud.compute.SkaliCloudMalaysiaTemplateBuilderLiveTest) succeeded: 1ms
Test suite progress: tests succeeded: 43, failed: 1, skipped: 0.
Starting test testTemplateBuilderCannotFind(org.jclouds.skalicloud.compute.SkaliCloudMalaysiaTemplateBuilderLiveTest)
[pool-2-thread-2] Test testTemplateBuilderCannotFind(org.jclouds.skalicloud.compute.SkaliCloudMalaysiaTemplateBuilderLiveTest) succeeded: 0ms
Test suite progress: tests succeeded: 44, failed: 1, skipped: 0.
Starting test testTemplateBuilderCannotFind(org.jclouds.skalicloud.compute.SkaliCloudMalaysiaTemplateBuilderLiveTest)
[pool-2-thread-2] Test testTemplateBuilderCannotFind(org.jclouds.skalicloud.compute.SkaliCloudMalaysiaTemplateBuilderLiveTest) succeeded: 0ms
Test suite progress: tests succeeded: 45, failed: 1, skipped: 0.
Starting test testTemplateBuilderCannotFind(org.jclouds.skalicloud.compute.SkaliCloudMalaysiaTemplateBuilderLiveTest)
[pool-2-thread-2] Test testTemplateBuilderCannotFind(org.jclouds.skalicloud.compute.SkaliCloudMalaysiaTemplateBuilderLiveTest) succeeded: 1ms
Test suite progress: tests succeeded: 46, failed: 1, skipped: 0.
Starting test testTemplateBuilderCannotFind(org.jclouds.skalicloud.compute.SkaliCloudMalaysiaTemplateBuilderLiveTest)
[pool-2-thread-2] Test testTemplateBuilderCannotFind(org.jclouds.skalicloud.compute.SkaliCloudMalaysiaTemplateBuilderLiveTest) succeeded: 0ms
Test suite progress: tests succeeded: 47, failed: 1, skipped: 0.
Starting test testTemplateBuilderCannotFind(org.jclouds.skalicloud.compute.SkaliCloudMalaysiaTemplateBuilderLiveTest)
[pool-2-thread-2] Test testTemplateBuilderCannotFind(org.jclouds.skalicloud.compute.SkaliCloudMalaysiaTemplateBuilderLiveTest) succeeded: 1ms
Test suite progress: tests succeeded: 48, failed: 1, skipped: 0.
Starting test testTemplateBuilderCannotFind(org.jclouds.skalicloud.compute.SkaliCloudMalaysiaTemplateBuilderLiveTest)
[pool-2-thread-2] Test testTemplateBuilderCannotFind(org.jclouds.skalicloud.compute.SkaliCloudMalaysiaTemplateBuilderLiveTest) succeeded: 0ms
Test suite progress: tests succeeded: 49, failed: 1, skipped: 0.
Starting test testTemplateBuilderCannotFind(org.jclouds.skalicloud.compute.SkaliCloudMalaysiaTemplateBuilderLiveTest)
[pool-2-thread-2] Test testTemplateBuilderCannotFind(org.jclouds.skalicloud.compute.SkaliCloudMalaysiaTemplateBuilderLiveTest) succeeded: 0ms
Test suite progress: tests succeeded: 50, failed: 1, skipped: 0.
Starting test testTemplateBuilderCannotFind(org.jclouds.skalicloud.compute.SkaliCloudMalaysiaTemplateBuilderLiveTest)
[pool-2-thread-2] Test testTemplateBuilderCannotFind(org.jclouds.skalicloud.compute.SkaliCloudMalaysiaTemplateBuilderLiveTest) succeeded: 1ms
Test suite progress: tests succeeded: 51, failed: 1, skipped: 0.
Starting test testTemplateBuilderCannotFind(org.jclouds.skalicloud.compute.SkaliCloudMalaysiaTemplateBuilderLiveTest)
[pool-2-thread-2] Test testTemplateBuilderCannotFind(org.jclouds.skalicloud.compute.SkaliCloudMalaysiaTemplateBuilderLiveTest) succeeded: 1ms
Test suite progress: tests succeeded: 52, failed: 1, skipped: 0.
Starting test testTemplateBuilderCannotFind(org.jclouds.skalicloud.compute.SkaliCloudMalaysiaTemplateBuilderLiveTest)
[pool-2-thread-2] Test testTemplateBuilderCannotFind(org.jclouds.skalicloud.compute.SkaliCloudMalaysiaTemplateBuilderLiveTest) succeeded: 3ms
Test suite progress: tests succeeded: 53, failed: 1, skipped: 0.
Starting test testTemplateBuilderCannotFind(org.jclouds.skalicloud.compute.SkaliCloudMalaysiaTemplateBuilderLiveTest)
[pool-2-thread-2] Test testTemplateBuilderCannotFind(org.jclouds.skalicloud.compute.SkaliCloudMalaysiaTemplateBuilderLiveTest) succeeded: 1ms
Test suite progress: tests succeeded: 54, failed: 1, skipped: 0.
Starting test testTemplateBuilderCannotFind(org.jclouds.skalicloud.compute.SkaliCloudMalaysiaTemplateBuilderLiveTest)
[pool-2-thread-2] Test testTemplateBuilderCannotFind(org.jclouds.skalicloud.compute.SkaliCloudMalaysiaTemplateBuilderLiveTest) succeeded: 0ms
Test suite progress: tests succeeded: 55, failed: 1, skipped: 0.
Starting test testTemplateBuilderCannotFind(org.jclouds.skalicloud.compute.SkaliCloudMalaysiaTemplateBuilderLiveTest)
[pool-2-thread-2] Test testTemplateBuilderCannotFind(org.jclouds.skalicloud.compute.SkaliCloudMalaysiaTemplateBuilderLiveTest) succeeded: 1ms
Test suite progress: tests succeeded: 56, failed: 1, skipped: 0.
Starting test testTemplateBuilderCannotFind(org.jclouds.skalicloud.compute.SkaliCloudMalaysiaTemplateBuilderLiveTest)
[pool-2-thread-2] Test testTemplateBuilderCannotFind(org.jclouds.skalicloud.compute.SkaliCloudMalaysiaTemplateBuilderLiveTest) succeeded: 0ms
Test suite progress: tests succeeded: 57, failed: 1, skipped: 0.
Starting test testTemplateBuilderCannotFind(org.jclouds.skalicloud.compute.SkaliCloudMalaysiaTemplateBuilderLiveTest)
[pool-2-thread-2] Test testTemplateBuilderCannotFind(org.jclouds.skalicloud.compute.SkaliCloudMalaysiaTemplateBuilderLiveTest) succeeded: 1ms
Test suite progress: tests succeeded: 58, failed: 1, skipped: 0.
Starting test testTemplateBuilderCannotFind(org.jclouds.skalicloud.compute.SkaliCloudMalaysiaTemplateBuilderLiveTest)
[pool-2-thread-2] Test testTemplateBuilderCannotFind(org.jclouds.skalicloud.compute.SkaliCloudMalaysiaTemplateBuilderLiveTest) succeeded: 1ms
Test suite progress: tests succeeded: 59, failed: 1, skipped: 0.
Starting test testTemplateBuilderCannotFind(org.jclouds.skalicloud.compute.SkaliCloudMalaysiaTemplateBuilderLiveTest)
[pool-2-thread-2] Test testTemplateBuilderCannotFind(org.jclouds.skalicloud.compute.SkaliCloudMalaysiaTemplateBuilderLiveTest) succeeded: 1ms
Test suite progress: tests succeeded: 60, failed: 1, skipped: 0.
Starting test testTemplateBuilderCannotFind(org.jclouds.skalicloud.compute.SkaliCloudMalaysiaTemplateBuilderLiveTest)
[pool-2-thread-2] Test testTemplateBuilderCannotFind(org.jclouds.skalicloud.compute.SkaliCloudMalaysiaTemplateBuilderLiveTest) succeeded: 0ms
Test suite progress: tests succeeded: 61, failed: 1, skipped: 0.
Starting test testTemplateBuilderCannotFind(org.jclouds.skalicloud.compute.SkaliCloudMalaysiaTemplateBuilderLiveTest)
[pool-2-thread-2] Test testTemplateBuilderCannotFind(org.jclouds.skalicloud.compute.SkaliCloudMalaysiaTemplateBuilderLiveTest) succeeded: 0ms
Test suite progress: tests succeeded: 62, failed: 1, skipped: 0.
Starting test testTemplateBuilderCannotFind(org.jclouds.skalicloud.compute.SkaliCloudMalaysiaTemplateBuilderLiveTest)
[pool-2-thread-2] Test testTemplateBuilderCannotFind(org.jclouds.skalicloud.compute.SkaliCloudMalaysiaTemplateBuilderLiveTest) succeeded: 1ms
Test suite progress: tests succeeded: 63, failed: 1, skipped: 0.
Starting test testTemplateBuilderCannotFind(org.jclouds.skalicloud.compute.SkaliCloudMalaysiaTemplateBuilderLiveTest)
[pool-2-thread-2] Test testTemplateBuilderCannotFind(org.jclouds.skalicloud.compute.SkaliCloudMalaysiaTemplateBuilderLiveTest) succeeded: 0ms
Test suite progress: tests succeeded: 64, failed: 1, skipped: 0.
Starting test testTemplateBuilderCannotFind(org.jclouds.skalicloud.compute.SkaliCloudMalaysiaTemplateBuilderLiveTest)
[pool-2-thread-2] Test testTemplateBuilderCannotFind(org.jclouds.skalicloud.compute.SkaliCloudMalaysiaTemplateBuilderLiveTest) succeeded: 0ms
Test suite progress: tests succeeded: 65, failed: 1, skipped: 0.
Starting test testTemplateBuilderCannotFind(org.jclouds.skalicloud.compute.SkaliCloudMalaysiaTemplateBuilderLiveTest)
[pool-2-thread-2] Test testTemplateBuilderCannotFind(org.jclouds.skalicloud.compute.SkaliCloudMalaysiaTemplateBuilderLiveTest) succeeded: 1ms
Test suite progress: tests succeeded: 66, failed: 1, skipped: 0.
Starting test testTemplateBuilderCannotFind(org.jclouds.skalicloud.compute.SkaliCloudMalaysiaTemplateBuilderLiveTest)
[pool-2-thread-2] Test testTemplateBuilderCannotFind(org.jclouds.skalicloud.compute.SkaliCloudMalaysiaTemplateBuilderLiveTest) succeeded: 0ms
Test suite progress: tests succeeded: 67, failed: 1, skipped: 0.
Starting test testTemplateBuilderCannotFind(org.jclouds.skalicloud.compute.SkaliCloudMalaysiaTemplateBuilderLiveTest)
[pool-2-thread-2] Test testTemplateBuilderCannotFind(org.jclouds.skalicloud.compute.SkaliCloudMalaysiaTemplateBuilderLiveTest) succeeded: 1ms
Test suite progress: tests succeeded: 68, failed: 1, skipped: 0.
Starting test testTemplateBuilderCannotFind(org.jclouds.skalicloud.compute.SkaliCloudMalaysiaTemplateBuilderLiveTest)
[pool-2-thread-2] Test testTemplateBuilderCannotFind(org.jclouds.skalicloud.compute.SkaliCloudMalaysiaTemplateBuilderLiveTest) succeeded: 0ms
Test suite progress: tests succeeded: 69, failed: 1, skipped: 0.
Starting test testTemplateBuilderCannotFind(org.jclouds.skalicloud.compute.SkaliCloudMalaysiaTemplateBuilderLiveTest)
[pool-2-thread-2] Test testTemplateBuilderCannotFind(org.jclouds.skalicloud.compute.SkaliCloudMalaysiaTemplateBuilderLiveTest) succeeded: 2ms
Test suite progress: tests succeeded: 70, failed: 1, skipped: 0.
Starting test testTemplateBuilderCannotFind(org.jclouds.skalicloud.compute.SkaliCloudMalaysiaTemplateBuilderLiveTest)
[pool-2-thread-2] Test testTemplateBuilderCannotFind(org.jclouds.skalicloud.compute.SkaliCloudMalaysiaTemplateBuilderLiveTest) succeeded: 0ms
Test suite progress: tests succeeded: 71, failed: 1, skipped: 0.
Starting test testTemplateBuilderCannotFind(org.jclouds.skalicloud.compute.SkaliCloudMalaysiaTemplateBuilderLiveTest)
[pool-2-thread-2] Test testTemplateBuilderCannotFind(org.jclouds.skalicloud.compute.SkaliCloudMalaysiaTemplateBuilderLiveTest) succeeded: 2ms
Test suite progress: tests succeeded: 72, failed: 1, skipped: 0.
Starting test testTemplateBuilderCannotFind(org.jclouds.skalicloud.compute.SkaliCloudMalaysiaTemplateBuilderLiveTest)
[pool-2-thread-2] Test testTemplateBuilderCannotFind(org.jclouds.skalicloud.compute.SkaliCloudMalaysiaTemplateBuilderLiveTest) succeeded: 2ms
Test suite progress: tests succeeded: 73, failed: 1, skipped: 0.
Starting test testTemplateBuilderCannotFind(org.jclouds.skalicloud.compute.SkaliCloudMalaysiaTemplateBuilderLiveTest)
[pool-2-thread-2] Test testTemplateBuilderCannotFind(org.jclouds.skalicloud.compute.SkaliCloudMalaysiaTemplateBuilderLiveTest) succeeded: 1ms
Test suite progress: tests succeeded: 74, failed: 1, skipped: 0.
Starting test testTemplateBuilderCannotFind(org.jclouds.skalicloud.compute.SkaliCloudMalaysiaTemplateBuilderLiveTest)
[pool-2-thread-2] Test testTemplateBuilderCannotFind(org.jclouds.skalicloud.compute.SkaliCloudMalaysiaTemplateBuilderLiveTest) succeeded: 2ms
Test suite progress: tests succeeded: 75, failed: 1, skipped: 0.
Starting test testTemplateBuilderCannotFind(org.jclouds.skalicloud.compute.SkaliCloudMalaysiaTemplateBuilderLiveTest)
[pool-2-thread-2] Test testTemplateBuilderCannotFind(org.jclouds.skalicloud.compute.SkaliCloudMalaysiaTemplateBuilderLiveTest) succeeded: 2ms
Test suite progress: tests succeeded: 76, failed: 1, skipped: 0.
Starting test testTemplateBuilderCannotFind(org.jclouds.skalicloud.compute.SkaliCloudMalaysiaTemplateBuilderLiveTest)
[pool-2-thread-2] Test testTemplateBuilderCannotFind(org.jclouds.skalicloud.compute.SkaliCloudMalaysiaTemplateBuilderLiveTest) succeeded: 1ms
Test suite progress: tests succeeded: 77, failed: 1, skipped: 0.
Starting test testTemplateBuilderCannotFind(org.jclouds.skalicloud.compute.SkaliCloudMalaysiaTemplateBuilderLiveTest)
[pool-2-thread-2] Test testTemplateBuilderCannotFind(org.jclouds.skalicloud.compute.SkaliCloudMalaysiaTemplateBuilderLiveTest) succeeded: 1ms
Test suite progress: tests succeeded: 78, failed: 1, skipped: 0.
Starting test testTemplateBuilderCannotFind(org.jclouds.skalicloud.compute.SkaliCloudMalaysiaTemplateBuilderLiveTest)
[pool-2-thread-2] Test testTemplateBuilderCannotFind(org.jclouds.skalicloud.compute.SkaliCloudMalaysiaTemplateBuilderLiveTest) succeeded: 0ms
Test suite progress: tests succeeded: 79, failed: 1, skipped: 0.
Starting test testTemplateBuilderCannotFind(org.jclouds.skalicloud.compute.SkaliCloudMalaysiaTemplateBuilderLiveTest)
[pool-2-thread-2] Test testTemplateBuilderCannotFind(org.jclouds.skalicloud.compute.SkaliCloudMalaysiaTemplateBuilderLiveTest) succeeded: 2ms
Test suite progress: tests succeeded: 80, failed: 1, skipped: 0.
Starting test testTemplateBuilderCannotFind(org.jclouds.skalicloud.compute.SkaliCloudMalaysiaTemplateBuilderLiveTest)
[pool-2-thread-2] Test testTemplateBuilderCannotFind(org.jclouds.skalicloud.compute.SkaliCloudMalaysiaTemplateBuilderLiveTest) succeeded: 1ms
Test suite progress: tests succeeded: 81, failed: 1, skipped: 0.
Starting test testTemplateBuilderCannotFind(org.jclouds.skalicloud.compute.SkaliCloudMalaysiaTemplateBuilderLiveTest)
[pool-2-thread-2] Test testTemplateBuilderCannotFind(org.jclouds.skalicloud.compute.SkaliCloudMalaysiaTemplateBuilderLiveTest) succeeded: 2ms
Test suite progress: tests succeeded: 82, failed: 1, skipped: 0.
Starting test testTemplateBuilderCannotFind(org.jclouds.skalicloud.compute.SkaliCloudMalaysiaTemplateBuilderLiveTest)
[pool-2-thread-2] Test testTemplateBuilderCannotFind(org.jclouds.skalicloud.compute.SkaliCloudMalaysiaTemplateBuilderLiveTest) succeeded: 1ms
Test suite progress: tests succeeded: 83, failed: 1, skipped: 0.
Starting test testTemplateBuilderCannotFind(org.jclouds.skalicloud.compute.SkaliCloudMalaysiaTemplateBuilderLiveTest)
[pool-2-thread-2] Test testTemplateBuilderCannotFind(org.jclouds.skalicloud.compute.SkaliCloudMalaysiaTemplateBuilderLiveTest) succeeded: 1ms
Test suite progress: tests succeeded: 84, failed: 1, skipped: 0.
Starting test testTemplateBuilderCannotFind(org.jclouds.skalicloud.compute.SkaliCloudMalaysiaTemplateBuilderLiveTest)
[pool-2-thread-2] Test testTemplateBuilderCannotFind(org.jclouds.skalicloud.compute.SkaliCloudMalaysiaTemplateBuilderLiveTest) succeeded: 2ms
Test suite progress: tests succeeded: 85, failed: 1, skipped: 0.
Starting test testTemplateBuilderCannotFind(org.jclouds.skalicloud.compute.SkaliCloudMalaysiaTemplateBuilderLiveTest)
[pool-2-thread-2] Test testTemplateBuilderCannotFind(org.jclouds.skalicloud.compute.SkaliCloudMalaysiaTemplateBuilderLiveTest) succeeded: 1ms
Test suite progress: tests succeeded: 86, failed: 1, skipped: 0.
Starting test testTemplateBuilderCannotFind(org.jclouds.skalicloud.compute.SkaliCloudMalaysiaTemplateBuilderLiveTest)
[pool-2-thread-2] Test testTemplateBuilderCannotFind(org.jclouds.skalicloud.compute.SkaliCloudMalaysiaTemplateBuilderLiveTest) succeeded: 1ms
Test suite progress: tests succeeded: 87, failed: 1, skipped: 0.
Starting test testTemplateBuilderCannotFind(org.jclouds.skalicloud.compute.SkaliCloudMalaysiaTemplateBuilderLiveTest)
[pool-2-thread-2] Test testTemplateBuilderCannotFind(org.jclouds.skalicloud.compute.SkaliCloudMalaysiaTemplateBuilderLiveTest) succeeded: 1ms
Test suite progress: tests succeeded: 88, failed: 1, skipped: 0.
Starting test testTemplateBuilderCannotFind(org.jclouds.skalicloud.compute.SkaliCloudMalaysiaTemplateBuilderLiveTest)
[pool-2-thread-2] Test testTemplateBuilderCannotFind(org.jclouds.skalicloud.compute.SkaliCloudMalaysiaTemplateBuilderLiveTest) succeeded: 1ms
Test suite progress: tests succeeded: 89, failed: 1, skipped: 0.
Starting test testTemplateBuilderCannotFind(org.jclouds.skalicloud.compute.SkaliCloudMalaysiaTemplateBuilderLiveTest)
[pool-2-thread-2] Test testTemplateBuilderCannotFind(org.jclouds.skalicloud.compute.SkaliCloudMalaysiaTemplateBuilderLiveTest) succeeded: 1ms
Test suite progress: tests succeeded: 90, failed: 1, skipped: 0.
Starting test testTemplateBuilderCannotFind(org.jclouds.skalicloud.compute.SkaliCloudMalaysiaTemplateBuilderLiveTest)
[pool-2-thread-2] Test testTemplateBuilderCannotFind(org.jclouds.skalicloud.compute.SkaliCloudMalaysiaTemplateBuilderLiveTest) succeeded: 1ms
Test suite progress: tests succeeded: 91, failed: 1, skipped: 0.
Starting test testTemplateBuilderCannotFind(org.jclouds.skalicloud.compute.SkaliCloudMalaysiaTemplateBuilderLiveTest)
[pool-2-thread-2] Test testTemplateBuilderCannotFind(org.jclouds.skalicloud.compute.SkaliCloudMalaysiaTemplateBuilderLiveTest) succeeded: 2ms
Test suite progress: tests succeeded: 92, failed: 1, skipped: 0.
Starting test testTemplateBuilderCannotFind(org.jclouds.skalicloud.compute.SkaliCloudMalaysiaTemplateBuilderLiveTest)
[pool-2-thread-2] Test testTemplateBuilderCannotFind(org.jclouds.skalicloud.compute.SkaliCloudMalaysiaTemplateBuilderLiveTest) succeeded: 1ms
Test suite progress: tests succeeded: 93, failed: 1, skipped: 0.
Starting test testTemplateBuilderCannotFind(org.jclouds.skalicloud.compute.SkaliCloudMalaysiaTemplateBuilderLiveTest)
[pool-2-thread-2] Test testTemplateBuilderCannotFind(org.jclouds.skalicloud.compute.SkaliCloudMalaysiaTemplateBuilderLiveTest) succeeded: 0ms
Test suite progress: tests succeeded: 94, failed: 1, skipped: 0.
Starting test testTemplateBuilderCannotFind(org.jclouds.skalicloud.compute.SkaliCloudMalaysiaTemplateBuilderLiveTest)
[pool-2-thread-2] Test testTemplateBuilderCannotFind(org.jclouds.skalicloud.compute.SkaliCloudMalaysiaTemplateBuilderLiveTest) succeeded: 1ms
Test suite progress: tests succeeded: 95, failed: 1, skipped: 0.
Starting test testTemplateBuilderCannotFind(org.jclouds.skalicloud.compute.SkaliCloudMalaysiaTemplateBuilderLiveTest)
[pool-2-thread-2] Test testTemplateBuilderCannotFind(org.jclouds.skalicloud.compute.SkaliCloudMalaysiaTemplateBuilderLiveTest) succeeded: 0ms
Test suite progress: tests succeeded: 96, failed: 1, skipped: 0.
Starting test testTemplateBuilderCannotFind(org.jclouds.skalicloud.compute.SkaliCloudMalaysiaTemplateBuilderLiveTest)
[pool-2-thread-2] Test testTemplateBuilderCannotFind(org.jclouds.skalicloud.compute.SkaliCloudMalaysiaTemplateBuilderLiveTest) succeeded: 1ms
Test suite progress: tests succeeded: 97, failed: 1, skipped: 0.
Starting test testTemplateBuilderCannotFind(org.jclouds.skalicloud.compute.SkaliCloudMalaysiaTemplateBuilderLiveTest)
[pool-2-thread-2] Test testTemplateBuilderCannotFind(org.jclouds.skalicloud.compute.SkaliCloudMalaysiaTemplateBuilderLiveTest) succeeded: 0ms
Test suite progress: tests succeeded: 98, failed: 1, skipped: 0.
Starting test testTemplateBuilderCannotFind(org.jclouds.skalicloud.compute.SkaliCloudMalaysiaTemplateBuilderLiveTest)
[pool-2-thread-2] Test testTemplateBuilderCannotFind(org.jclouds.skalicloud.compute.SkaliCloudMalaysiaTemplateBuilderLiveTest) succeeded: 1ms
Test suite progress: tests succeeded: 99, failed: 1, skipped: 0.
Starting test testTemplateBuilderCannotFind(org.jclouds.skalicloud.compute.SkaliCloudMalaysiaTemplateBuilderLiveTest)
[pool-2-thread-2] Test testTemplateBuilderCannotFind(org.jclouds.skalicloud.compute.SkaliCloudMalaysiaTemplateBuilderLiveTest) succeeded: 0ms
Test suite progress: tests succeeded: 100, failed: 1, skipped: 0.
Starting test testTemplateBuilderCannotFind(org.jclouds.skalicloud.compute.SkaliCloudMalaysiaTemplateBuilderLiveTest)
[pool-2-thread-2] Test testTemplateBuilderCannotFind(org.jclouds.skalicloud.compute.SkaliCloudMalaysiaTemplateBuilderLiveTest) succeeded: 0ms
Test suite progress: tests succeeded: 101, failed: 1, skipped: 0.
Starting test testTemplateBuilderWithImageIdSpecified(org.jclouds.skalicloud.compute.SkaliCloudMalaysiaTemplateBuilderLiveTest)
Dec 14, 2011 1:04:57 PM org.jclouds.compute.BaseComputeServiceLiveTest testCreateAndRunAService
INFO: << available node(e29ba60c-dafb-4166-9dae-b5fe8a98ffa6) os([name=Ubuntu Server 10.10 -64bit, family=ubuntu, version=10.10, arch=null, is64Bit=true, description=img/Ubuntu Server 10.10 -64bit/1]) in 61s
[pool-2-thread-2] Test testTemplateBuilderWithImageIdSpecified(org.jclouds.skalicloud.compute.SkaliCloudMalaysiaTemplateBuilderLiveTest) succeeded: 32459ms
Test suite progress: tests succeeded: 102, failed: 1, skipped: 0.
Starting test testTemplateBuilderWithLoginUserSpecified(org.jclouds.skalicloud.compute.SkaliCloudMalaysiaTemplateBuilderLiveTest)
[pool-2-thread-1] Test testCreateAndRunAService(org.jclouds.skalicloud.compute.SkaliCloudMalaysiaComputeServiceLiveTest) failed.
Test suite progress: tests succeeded: 102, failed: 2, skipped: 0.
Starting test testCreateTwoNodesWithRunScript(org.jclouds.skalicloud.compute.SkaliCloudMalaysiaComputeServiceLiveTest)
[pool-2-thread-2] Test testTemplateBuilderWithLoginUserSpecified(org.jclouds.skalicloud.compute.SkaliCloudMalaysiaTemplateBuilderLiveTest) succeeded: 33459ms
Test suite progress: tests succeeded: 103, failed: 2, skipped: 0.
Starting test testDefaultTemplateBuilder(org.jclouds.skalicloud.compute.SkaliCloudMalaysiaTemplateBuilderLiveTest)
[pool-2-thread-2] Test testDefaultTemplateBuilder(org.jclouds.skalicloud.compute.SkaliCloudMalaysiaTemplateBuilderLiveTest) succeeded: 6ms
Test suite progress: tests succeeded: 104, failed: 2, skipped: 0.
Starting test testGetDrive(org.jclouds.skalicloud.SkaliCloudMalaysiaClientLiveTest)
[pool-2-thread-2] Test testGetDrive(org.jclouds.skalicloud.SkaliCloudMalaysiaClientLiveTest) succeeded: 3842ms
Test suite progress: tests succeeded: 105, failed: 2, skipped: 0.
Starting test testGetServer(org.jclouds.skalicloud.SkaliCloudMalaysiaClientLiveTest)
[pool-2-thread-2] Test testGetServer(org.jclouds.skalicloud.SkaliCloudMalaysiaClientLiveTest) succeeded: 1182ms
Test suite progress: tests succeeded: 106, failed: 2, skipped: 0.
Starting test testListDriveInfo(org.jclouds.skalicloud.SkaliCloudMalaysiaClientLiveTest)
[pool-2-thread-2] Test testListDriveInfo(org.jclouds.skalicloud.SkaliCloudMalaysiaClientLiveTest) succeeded: 1445ms
Test suite progress: tests succeeded: 107, failed: 2, skipped: 0.
Starting test testListDrives(org.jclouds.skalicloud.SkaliCloudMalaysiaClientLiveTest)
[pool-2-thread-2] Test testListDrives(org.jclouds.skalicloud.SkaliCloudMalaysiaClientLiveTest) succeeded: 1110ms
Test suite progress: tests succeeded: 108, failed: 2, skipped: 0.
Starting test testListServers(org.jclouds.skalicloud.SkaliCloudMalaysiaClientLiveTest)
[pool-2-thread-2] Test testListServers(org.jclouds.skalicloud.SkaliCloudMalaysiaClientLiveTest) succeeded: 1086ms
Test suite progress: tests succeeded: 109, failed: 2, skipped: 0.
Starting test testListServerInfo(org.jclouds.skalicloud.SkaliCloudMalaysiaClientLiveTest)
[pool-2-thread-2] Test testListServerInfo(org.jclouds.skalicloud.SkaliCloudMalaysiaClientLiveTest) succeeded: 1096ms
Test suite progress: tests succeeded: 110, failed: 2, skipped: 0.
Dec 14, 2011 1:05:53 PM com.google.common.util.concurrent.ExecutionList$RunnableExecutorPair execute
SEVERE: RuntimeException while executing runnable com.google.common.util.concurrent.Futures$ChainingListenableFuture@7694837a with executor java.util.concurrent.ThreadPoolExecutor@1043fb68
java.util.concurrent.RejectedExecutionException
	at java.util.concurrent.ThreadPoolExecutor$AbortPolicy.rejectedExecution(ThreadPoolExecutor.java:1768)
	at java.util.concurrent.ThreadPoolExecutor.reject(ThreadPoolExecutor.java:767)
	at java.util.concurrent.ThreadPoolExecutor.execute(ThreadPoolExecutor.java:658)
	at org.jclouds.concurrent.config.ExecutorServiceModule$DescribingExecutorService.execute(ExecutorServiceModule.java:198)
	at com.google.common.util.concurrent.ExecutionList$RunnableExecutorPair.execute(ExecutionList.java:161)
	at com.google.common.util.concurrent.ExecutionList.execute(ExecutionList.java:146)
	at org.jclouds.concurrent.Futures$CallGetAndRunExecutionList.run(Futures.java:72)
	at java.util.concurrent.ThreadPoolExecutor$Worker.runTask(ThreadPoolExecutor.java:886)
	at java.util.concurrent.ThreadPoolExecutor$Worker.run(ThreadPoolExecutor.java:908)
	at java.lang.Thread.run(Thread.java:680)
[pool-2-thread-1] Test testCreateTwoNodesWithRunScript(org.jclouds.skalicloud.compute.SkaliCloudMalaysiaComputeServiceLiveTest) failed.
Test suite progress: tests succeeded: 110, failed: 3, skipped: 0.
[pool-2-thread-1] Test testCreateAnotherNodeWithANewContextToEnsureSharedMemIsntRequired(org.jclouds.skalicloud.compute.SkaliCloudMalaysiaComputeServiceLiveTest) skipped.
Test suite progress: tests succeeded: 110, failed: 3, skipped: 1.
[pool-2-thread-1] Test testCredentialsCache(org.jclouds.skalicloud.compute.SkaliCloudMalaysiaComputeServiceLiveTest) skipped.
Test suite progress: tests succeeded: 110, failed: 3, skipped: 2.
[pool-2-thread-1] Test testGet(org.jclouds.skalicloud.compute.SkaliCloudMalaysiaComputeServiceLiveTest) skipped.
Test suite progress: tests succeeded: 110, failed: 3, skipped: 3.
Starting test testGetAssignableLocations(org.jclouds.skalicloud.compute.SkaliCloudMalaysiaComputeServiceLiveTest)
Dec 14, 2011 1:06:52 PM org.jclouds.compute.BaseComputeServiceLiveTest testGetAssignableLocations
WARNING: location [id=skalicloud-sdg-my, scope=PROVIDER, description=https://api.sdg-my.skalicloud.com, parent=null, iso3166Codes=[MY-10], metadata={}]
[pool-2-thread-1] Test testGetAssignableLocations(org.jclouds.skalicloud.compute.SkaliCloudMalaysiaComputeServiceLiveTest) succeeded: 1ms
Test suite progress: tests succeeded: 111, failed: 3, skipped: 3.
Starting test testImagesCache(org.jclouds.skalicloud.compute.SkaliCloudMalaysiaComputeServiceLiveTest)
[pool-2-thread-1] Test testImagesCache(org.jclouds.skalicloud.compute.SkaliCloudMalaysiaComputeServiceLiveTest) succeeded: 1ms
Test suite progress: tests succeeded: 112, failed: 3, skipped: 3.
Starting test testListImages(org.jclouds.skalicloud.compute.SkaliCloudMalaysiaComputeServiceLiveTest)
[pool-2-thread-1] Test testListImages(org.jclouds.skalicloud.compute.SkaliCloudMalaysiaComputeServiceLiveTest) succeeded: 0ms
Test suite progress: tests succeeded: 113, failed: 3, skipped: 3.
Starting test testListSizes(org.jclouds.skalicloud.compute.SkaliCloudMalaysiaComputeServiceLiveTest)
[pool-2-thread-1] Test testListSizes(org.jclouds.skalicloud.compute.SkaliCloudMalaysiaComputeServiceLiveTest) succeeded: 1ms
Test suite progress: tests succeeded: 114, failed: 3, skipped: 3.
[pool-2-thread-1] Test testReboot(org.jclouds.skalicloud.compute.SkaliCloudMalaysiaComputeServiceLiveTest) skipped.
Test suite progress: tests succeeded: 114, failed: 3, skipped: 4.
[pool-2-thread-1] Test testSuspendResume(org.jclouds.skalicloud.compute.SkaliCloudMalaysiaComputeServiceLiveTest) skipped.
Test suite progress: tests succeeded: 114, failed: 3, skipped: 5.
[pool-2-thread-1] Test testGetNodesWithDetails(org.jclouds.skalicloud.compute.SkaliCloudMalaysiaComputeServiceLiveTest) skipped.
Test suite progress: tests succeeded: 114, failed: 3, skipped: 6.
[pool-2-thread-1] Test testListNodes(org.jclouds.skalicloud.compute.SkaliCloudMalaysiaComputeServiceLiveTest) skipped.
Test suite progress: tests succeeded: 114, failed: 3, skipped: 7.
[pool-2-thread-1] Test testDestroyNodes(org.jclouds.skalicloud.compute.SkaliCloudMalaysiaComputeServiceLiveTest) skipped.
Test suite progress: tests succeeded: 114, failed: 3, skipped: 8.
Starting test testTemplateMatch(org.jclouds.skalicloud.compute.SkaliCloudMalaysiaComputeServiceLiveTest)
[pool-2-thread-1] Test testTemplateMatch(org.jclouds.skalicloud.compute.SkaliCloudMalaysiaComputeServiceLiveTest) succeeded: 2ms
Test suite progress: tests succeeded: 115, failed: 3, skipped: 8.
Starting test testCorrectExceptionRunningNodesNotFound(org.jclouds.skalicloud.compute.SkaliCloudMalaysiaComputeServiceLiveTest)
[pool-2-thread-1] Test testCorrectExceptionRunningNodesNotFound(org.jclouds.skalicloud.compute.SkaliCloudMalaysiaComputeServiceLiveTest) succeeded: 1260ms
Test suite progress: tests succeeded: 116, failed: 3, skipped: 8.
Starting test testOptionToNotBlock(org.jclouds.skalicloud.compute.SkaliCloudMalaysiaComputeServiceLiveTest)
[pool-2-thread-1] Test testOptionToNotBlock(org.jclouds.skalicloud.compute.SkaliCloudMalaysiaComputeServiceLiveTest) succeeded: 0ms
Test suite progress: tests succeeded: 117, failed: 3, skipped: 8.
Tests run: 128, Failures: 3, Errors: 0, Skipped: 8, Time elapsed: 326.31 sec <<< FAILURE!

Results :

Failed tests:   testAScriptExecutionAfterBootWithBasicTemplate(org.jclouds.skalicloud.compute.SkaliCloudMalaysiaComputeServiceLiveTest): error runScript on filtered nodes options([loginUser=root, loginPasswordPresent=true, loginPrivateKeyPresent=false, shouldAuthenticateSudo=null, port:seconds=-1:-1, runAsRoot=false, blockOnComplete=true, wrapInInitScript=false])
  testCreateAndRunAService(org.jclouds.skalicloud.compute.SkaliCloudMalaysiaComputeServiceLiveTest): (root:password@202.186.27.43:22) (root:password@202.186.27.43:22) error acquiring SSHClient(timeout=60000) (not retryable): Exhausted available authentication methods
  testCreateTwoNodesWithRunScript(org.jclouds.skalicloud.compute.SkaliCloudMalaysiaComputeServiceLiveTest): error running 2 nodes tag(skalicloud-sdg-my) location(skalicloud-sdg-my) image(3051699a-a536-4220-aeb5-67f2ec101a09) size(cpu=1000.000000,ram=512,disk=1.000000) options([inboundPorts=[22], privateKey=false, publicKey=false, runScript=true, blockUntilRunning=true, blockOnComplete=true, port:seconds=-1:-1, userMetadata: {}])

Tests run: 128, Failures: 3, Errors: 0, Skipped: 8

[INFO] ------------------------------------------------------------------------
[INFO] BUILD FAILURE
[INFO] ------------------------------------------------------------------------
[INFO] Total time: 5:41.503s
[INFO] Finished at: Wed Dec 14 13:07:09 PST 2011
[INFO] Final Memory: 20M/265M
[INFO] ------------------------------------------------------------------------
[ERROR] Failed to execute goal org.apache.maven.plugins:maven-surefire-plugin:2.10:test (integration) on project skalicloud-sdg-my: There are test failures.
[ERROR] 
[ERROR] Please refer to /Users/adriancole/workspace/git/jclouds/providers/skalicloud-sdg-my/target/surefire-reports for the individual test results.
[ERROR] -> [Help 1]
[ERROR] 
[ERROR] To see the full stack trace of the errors, re-run Maven with the -e switch.
[ERROR] Re-run Maven using the -X switch to enable full debug logging.
[ERROR] 
[ERROR] For more information about the errors and possible solutions, please read the following articles:
[ERROR] [Help 1] http://cwiki.apache.org/confluence/display/MAVEN/MojoFailureException
