[INFO] Scanning for projects...
[WARNING] 
[WARNING] Some problems were encountered while building the effective model for org.jclouds.provider:stratogen-vcloud-mycloud:bundle:1.3.0-SNAPSHOT
[WARNING] 'parent.relativePath' of POM org.jclouds:jclouds-project:1.3.0-SNAPSHOT (/Users/adriancole/workspace/git/jclouds/project/pom.xml) points at org.jclouds:jclouds-multi instead of org.sonatype.oss:oss-parent, please verify your project structure @ org.jclouds:jclouds-project:1.3.0-SNAPSHOT, /Users/adriancole/workspace/git/jclouds/project/pom.xml, line 24, column 13
[WARNING] 
[WARNING] It is highly recommended to fix these problems because they threaten the stability of your build.
[WARNING] 
[WARNING] For this reason, future Maven versions might no longer support building such malformed projects.
[WARNING] 
[INFO]                                                                         
[INFO] ------------------------------------------------------------------------
[INFO] Building jclouds StratoGen vCloud MyCloud provider 1.3.0-SNAPSHOT
[INFO] ------------------------------------------------------------------------
[INFO] 
[INFO] --- maven-clean-plugin:2.4.1:clean (default-clean) @ stratogen-vcloud-mycloud ---
[INFO] Deleting /Users/adriancole/workspace/git/jclouds/providers/stratogen-vcloud-mycloud/target
[INFO] 
[INFO] --- maven-enforcer-plugin:1.0.1:enforce (enforce-maven) @ stratogen-vcloud-mycloud ---
[INFO] 
[INFO] --- maven-enforcer-plugin:1.0.1:enforce (enforce-banned-dependencies) @ stratogen-vcloud-mycloud ---
[INFO] 
[INFO] --- maven-enforcer-plugin:1.0.1:enforce (enforce-java) @ stratogen-vcloud-mycloud ---
[INFO] 
[INFO] --- maven-remote-resources-plugin:1.2:process (process-remote-resources) @ stratogen-vcloud-mycloud ---
[INFO] Setting property: classpath.resource.loader.class => 'org.codehaus.plexus.velocity.ContextClassLoaderResourceLoader'.
[INFO] Setting property: velocimacro.messages.on => 'false'.
[INFO] Setting property: resource.loader => 'classpath'.
[INFO] Setting property: resource.manager.logwhenfound => 'false'.
[INFO] 
[INFO] --- maven-resources-plugin:2.4.2:resources (default-resources) @ stratogen-vcloud-mycloud ---
[INFO] Using 'UTF-8' encoding to copy filtered resources.
[INFO] skip non existing resourceDirectory /Users/adriancole/workspace/git/jclouds/providers/stratogen-vcloud-mycloud/src/main/clojure
[INFO] Copying 1 resource
[INFO] Copying 2 resources
[INFO] 
[INFO] --- maven-compiler-plugin:2.3:compile (default-compile) @ stratogen-vcloud-mycloud ---
[INFO] Compiling 5 source files to /Users/adriancole/workspace/git/jclouds/providers/stratogen-vcloud-mycloud/target/classes
[INFO] 
[INFO] --- maven-resources-plugin:2.4.2:testResources (default-testResources) @ stratogen-vcloud-mycloud ---
[INFO] Using 'UTF-8' encoding to copy filtered resources.
[INFO] skip non existing resourceDirectory /Users/adriancole/workspace/git/jclouds/providers/stratogen-vcloud-mycloud/src/test/clojure
[INFO] Copying 1 resource
[INFO] Copying 2 resources
[INFO] 
[INFO] --- maven-compiler-plugin:2.3:testCompile (default-testCompile) @ stratogen-vcloud-mycloud ---
[INFO] Compiling 12 source files to /Users/adriancole/workspace/git/jclouds/providers/stratogen-vcloud-mycloud/target/test-classes
[INFO] 
[INFO] --- maven-surefire-plugin:2.10:test (default-test) @ stratogen-vcloud-mycloud ---
[INFO] Surefire report directory: /Users/adriancole/workspace/git/jclouds/providers/stratogen-vcloud-mycloud/target/surefire-reports
[INFO] Using configured provider org.apache.maven.surefire.testng.TestNGProvider

-------------------------------------------------------
 T E S T S
-------------------------------------------------------
Running org.jclouds.stratogen.vcloud.mycloud.StratoGenVCloudMyCloudProviderTest
Starting test testInRestProperties(org.jclouds.stratogen.vcloud.mycloud.StratoGenVCloudMyCloudProviderTest)
Starting test testWithId(org.jclouds.stratogen.vcloud.mycloud.StratoGenVCloudMyCloudProviderTest)
Starting test testAllContains(org.jclouds.stratogen.vcloud.mycloud.StratoGenVCloudMyCloudProviderTest)
Starting test testOfTypeContains(org.jclouds.stratogen.vcloud.mycloud.StratoGenVCloudMyCloudProviderTest)
[pool-2-thread-3] Test testAllContains(org.jclouds.stratogen.vcloud.mycloud.StratoGenVCloudMyCloudProviderTest) succeeded: 29ms
Test suite progress: tests succeeded: 1, failed: 0, skipped: 0.
[pool-2-thread-2] Test testWithId(org.jclouds.stratogen.vcloud.mycloud.StratoGenVCloudMyCloudProviderTest) succeeded: 39ms
Test suite progress: tests succeeded: 2, failed: 0, skipped: 0.
[pool-2-thread-4] Test testOfTypeContains(org.jclouds.stratogen.vcloud.mycloud.StratoGenVCloudMyCloudProviderTest) succeeded: 37ms
Test suite progress: tests succeeded: 3, failed: 0, skipped: 0.
[pool-2-thread-1] Test testInRestProperties(org.jclouds.stratogen.vcloud.mycloud.StratoGenVCloudMyCloudProviderTest) succeeded: 143ms
Test suite progress: tests succeeded: 4, failed: 0, skipped: 0.
Tests run: 4, Failures: 0, Errors: 0, Skipped: 0, Time elapsed: 0.644 sec

Results :

Tests run: 4, Failures: 0, Errors: 0, Skipped: 0

[INFO] 
[INFO] --- clojure-maven-plugin:1.3.3:test (test-clojure) @ stratogen-vcloud-mycloud ---

Testing user

Ran 0 tests containing 0 assertions.
0 failures, 0 errors.
[INFO] 
[INFO] --- maven-bundle-plugin:2.3.4:bundle (default-bundle) @ stratogen-vcloud-mycloud ---
[INFO] 
[INFO] --- maven-source-plugin:2.1.1:jar-no-fork (attach-sources) @ stratogen-vcloud-mycloud ---
[INFO] Building jar: /Users/adriancole/workspace/git/jclouds/providers/stratogen-vcloud-mycloud/target/stratogen-vcloud-mycloud-1.3.0-SNAPSHOT-sources.jar
[INFO] 
[INFO] --- maven-javadoc-plugin:2.8:jar (javadoc) @ stratogen-vcloud-mycloud ---
[INFO] Skipping javadoc generation
[INFO] 
[INFO] --- maven-jar-plugin:2.3.1:test-jar (default) @ stratogen-vcloud-mycloud ---
[INFO] Building jar: /Users/adriancole/workspace/git/jclouds/providers/stratogen-vcloud-mycloud/target/stratogen-vcloud-mycloud-1.3.0-SNAPSHOT-tests.jar
[INFO] 
[INFO] --- maven-surefire-plugin:2.10:test (integration) @ stratogen-vcloud-mycloud ---
[INFO] Surefire report directory: /Users/adriancole/workspace/git/jclouds/providers/stratogen-vcloud-mycloud/target/surefire-reports
[INFO] Using configured provider org.apache.maven.surefire.testng.TestNGProvider

-------------------------------------------------------
 T E S T S
-------------------------------------------------------
Running TestSuite
Starting test testCompareSizes(org.jclouds.stratogen.vcloud.mycloud.compute.StratoGenVCloudMyCloudTemplateBuilderLiveTest)
Starting test testListOrgs(org.jclouds.stratogen.vcloud.mycloud.features.StratoGenVCloudMyCloudOrgClientLiveTest)
Starting test testFindCatalogIsWriteable(org.jclouds.stratogen.vcloud.mycloud.features.StratoGenVCloudMyCloudCatalogClientLiveTest)
Starting test testCompareSizes(org.jclouds.stratogen.vcloud.mycloud.compute.StratoGenVCloudMyCloudComputeServiceLiveTest)
[pool-2-thread-4] Test testFindCatalogIsWriteable(org.jclouds.stratogen.vcloud.mycloud.features.StratoGenVCloudMyCloudCatalogClientLiveTest) succeeded: 18822ms
Test suite progress: tests succeeded: 1, failed: 0, skipped: 0.
Starting test testGetCatalog(org.jclouds.stratogen.vcloud.mycloud.features.StratoGenVCloudMyCloudCatalogClientLiveTest)
Starting test testCatalog(org.jclouds.stratogen.vcloud.mycloud.DeprecatedStratoGenVCloudMyCloudClientLiveTest)
[pool-2-thread-4] Test testGetCatalog(org.jclouds.stratogen.vcloud.mycloud.features.StratoGenVCloudMyCloudCatalogClientLiveTest) succeeded: 2845ms
Test suite progress: tests succeeded: 2, failed: 0, skipped: 0.
Starting test testGetVApp(org.jclouds.stratogen.vcloud.mycloud.features.StratoGenVCloudMyCloudVAppClientLiveTest)
[pool-2-thread-5] Test testListOrgs(org.jclouds.stratogen.vcloud.mycloud.features.StratoGenVCloudMyCloudOrgClientLiveTest) succeeded: 21947ms
Test suite progress: tests succeeded: 3, failed: 0, skipped: 0.
Starting test testCaptureVApp(org.jclouds.stratogen.vcloud.mycloud.features.StratoGenVCloudMyCloudVAppTemplateClientLiveTest)
[pool-2-thread-3] Test testCatalog(org.jclouds.stratogen.vcloud.mycloud.DeprecatedStratoGenVCloudMyCloudClientLiveTest) succeeded: 8536ms
Test suite progress: tests succeeded: 4, failed: 0, skipped: 0.
Starting test testDefaultTasksList(org.jclouds.stratogen.vcloud.mycloud.DeprecatedStratoGenVCloudMyCloudClientLiveTest)
[pool-2-thread-4] Test testGetVApp(org.jclouds.stratogen.vcloud.mycloud.features.StratoGenVCloudMyCloudVAppClientLiveTest) succeeded: 9804ms
Test suite progress: tests succeeded: 5, failed: 0, skipped: 0.
Starting test testExtendedOptionsWithCustomizationScript(org.jclouds.stratogen.vcloud.mycloud.features.StratoGenVCloudMyCloudVmClientLiveTest)
[pool-2-thread-3] Test testDefaultTasksList(org.jclouds.stratogen.vcloud.mycloud.DeprecatedStratoGenVCloudMyCloudClientLiveTest) succeeded: 2539ms
Test suite progress: tests succeeded: 6, failed: 0, skipped: 0.
Starting test testDefaultVDC(org.jclouds.stratogen.vcloud.mycloud.DeprecatedStratoGenVCloudMyCloudClientLiveTest)
[pool-2-thread-3] Test testDefaultVDC(org.jclouds.stratogen.vcloud.mycloud.DeprecatedStratoGenVCloudMyCloudClientLiveTest) succeeded: 3137ms
Test suite progress: tests succeeded: 7, failed: 0, skipped: 0.
Starting test testFindCatalogItem(org.jclouds.stratogen.vcloud.mycloud.DeprecatedStratoGenVCloudMyCloudClientLiveTest)
[pool-2-thread-2] Test testCompareSizes(org.jclouds.stratogen.vcloud.mycloud.compute.StratoGenVCloudMyCloudTemplateBuilderLiveTest) failed.
Test suite progress: tests succeeded: 7, failed: 1, skipped: 0.
Starting test testFromTemplate(org.jclouds.stratogen.vcloud.mycloud.compute.StratoGenVCloudMyCloudTemplateBuilderLiveTest)
[pool-2-thread-1] Test testCompareSizes(org.jclouds.stratogen.vcloud.mycloud.compute.StratoGenVCloudMyCloudComputeServiceLiveTest) failed.
Test suite progress: tests succeeded: 7, failed: 2, skipped: 0.
[pool-2-thread-1] Test testAScriptExecutionAfterBootWithBasicTemplate(org.jclouds.stratogen.vcloud.mycloud.compute.StratoGenVCloudMyCloudComputeServiceLiveTest) skipped.
Test suite progress: tests succeeded: 7, failed: 2, skipped: 1.
Starting test testCorrectExceptionRunningNodesNotFound(org.jclouds.stratogen.vcloud.mycloud.compute.StratoGenVCloudMyCloudComputeServiceLiveTest)
[pool-2-thread-1] Test testCorrectExceptionRunningNodesNotFound(org.jclouds.stratogen.vcloud.mycloud.compute.StratoGenVCloudMyCloudComputeServiceLiveTest) succeeded: 4220ms
Test suite progress: tests succeeded: 8, failed: 2, skipped: 1.
[pool-2-thread-1] Test testCreateTwoNodesWithRunScript(org.jclouds.stratogen.vcloud.mycloud.compute.StratoGenVCloudMyCloudComputeServiceLiveTest) skipped.
Test suite progress: tests succeeded: 8, failed: 2, skipped: 2.
[pool-2-thread-1] Test testCreateAnotherNodeWithANewContextToEnsureSharedMemIsntRequired(org.jclouds.stratogen.vcloud.mycloud.compute.StratoGenVCloudMyCloudComputeServiceLiveTest) skipped.
Test suite progress: tests succeeded: 8, failed: 2, skipped: 3.
[pool-2-thread-1] Test testCredentialsCache(org.jclouds.stratogen.vcloud.mycloud.compute.StratoGenVCloudMyCloudComputeServiceLiveTest) skipped.
Test suite progress: tests succeeded: 8, failed: 2, skipped: 4.
[pool-2-thread-1] Test testGet(org.jclouds.stratogen.vcloud.mycloud.compute.StratoGenVCloudMyCloudComputeServiceLiveTest) skipped.
Test suite progress: tests succeeded: 8, failed: 2, skipped: 5.
Starting test testGetAssignableLocations(org.jclouds.stratogen.vcloud.mycloud.compute.StratoGenVCloudMyCloudComputeServiceLiveTest)
Dec 14, 2011 3:21:05 PM org.jclouds.compute.BaseComputeServiceLiveTest testGetAssignableLocations
WARNING: location [id=https://vcd.stratogen.net/api/v1.0/vdc/712149e0-a241-4dbc-8d06-d4a9d6f5af75, scope=ZONE, description=jClouds, parent=https://vcd.stratogen.net/api/v1.0/org/4fc44942-ba30-4222-9977-a61fc6d5824c, iso3166Codes=[], metadata={}]
[pool-2-thread-1] Test testGetAssignableLocations(org.jclouds.stratogen.vcloud.mycloud.compute.StratoGenVCloudMyCloudComputeServiceLiveTest) succeeded: 83ms
Test suite progress: tests succeeded: 9, failed: 2, skipped: 5.
Starting test testImagesCache(org.jclouds.stratogen.vcloud.mycloud.compute.StratoGenVCloudMyCloudComputeServiceLiveTest)
[pool-2-thread-5] Test testCaptureVApp(org.jclouds.stratogen.vcloud.mycloud.features.StratoGenVCloudMyCloudVAppTemplateClientLiveTest) failed.
Test suite progress: tests succeeded: 9, failed: 3, skipped: 5.
Starting test testFindVAppTemplate(org.jclouds.stratogen.vcloud.mycloud.features.StratoGenVCloudMyCloudVAppTemplateClientLiveTest)
[pool-2-thread-4] Test testExtendedOptionsWithCustomizationScript(org.jclouds.stratogen.vcloud.mycloud.features.StratoGenVCloudMyCloudVmClientLiveTest) failed.
Test suite progress: tests succeeded: 9, failed: 4, skipped: 5.
Starting test testGetThumbnailOfVm(org.jclouds.stratogen.vcloud.mycloud.features.StratoGenVCloudMyCloudVmClientLiveTest)
[pool-2-thread-4] Test testGetThumbnailOfVm(org.jclouds.stratogen.vcloud.mycloud.features.StratoGenVCloudMyCloudVmClientLiveTest) succeeded: 7179ms
Test suite progress: tests succeeded: 10, failed: 4, skipped: 5.
Starting test testGetVm(org.jclouds.stratogen.vcloud.mycloud.features.StratoGenVCloudMyCloudVmClientLiveTest)
[pool-2-thread-3] Test testFindCatalogItem(org.jclouds.stratogen.vcloud.mycloud.DeprecatedStratoGenVCloudMyCloudClientLiveTest) succeeded: 62502ms
Test suite progress: tests succeeded: 11, failed: 4, skipped: 5.
Starting test testFindVAppTemplate(org.jclouds.stratogen.vcloud.mycloud.DeprecatedStratoGenVCloudMyCloudClientLiveTest)
[pool-2-thread-5] Test testFindVAppTemplate(org.jclouds.stratogen.vcloud.mycloud.features.StratoGenVCloudMyCloudVAppTemplateClientLiveTest) failed.
Test suite progress: tests succeeded: 11, failed: 5, skipped: 5.
Starting test testGetOvfEnvelopeForVAppTemplate(org.jclouds.stratogen.vcloud.mycloud.features.StratoGenVCloudMyCloudVAppTemplateClientLiveTest)
[pool-2-thread-4] Test testGetVm(org.jclouds.stratogen.vcloud.mycloud.features.StratoGenVCloudMyCloudVmClientLiveTest) succeeded: 7319ms
Test suite progress: tests succeeded: 12, failed: 5, skipped: 5.
[pool-2-thread-3] Test testFindVAppTemplate(org.jclouds.stratogen.vcloud.mycloud.DeprecatedStratoGenVCloudMyCloudClientLiveTest) failed.
Test suite progress: tests succeeded: 12, failed: 6, skipped: 5.
Starting test testGetCatalogItem(org.jclouds.stratogen.vcloud.mycloud.DeprecatedStratoGenVCloudMyCloudClientLiveTest)
[pool-2-thread-3] Test testGetCatalogItem(org.jclouds.stratogen.vcloud.mycloud.DeprecatedStratoGenVCloudMyCloudClientLiveTest) failed.
Test suite progress: tests succeeded: 12, failed: 7, skipped: 5.
Starting test testGetOrgNetwork(org.jclouds.stratogen.vcloud.mycloud.DeprecatedStratoGenVCloudMyCloudClientLiveTest)
[pool-2-thread-3] Test testGetOrgNetwork(org.jclouds.stratogen.vcloud.mycloud.DeprecatedStratoGenVCloudMyCloudClientLiveTest) succeeded: 2312ms
Test suite progress: tests succeeded: 13, failed: 7, skipped: 5.
Starting test testGetOvfEnvelopeForVAppTemplate(org.jclouds.stratogen.vcloud.mycloud.DeprecatedStratoGenVCloudMyCloudClientLiveTest)
[pool-2-thread-2] Test testFromTemplate(org.jclouds.stratogen.vcloud.mycloud.compute.StratoGenVCloudMyCloudTemplateBuilderLiveTest) failed.
Test suite progress: tests succeeded: 13, failed: 8, skipped: 5.
Starting test testGetAssignableLocations(org.jclouds.stratogen.vcloud.mycloud.compute.StratoGenVCloudMyCloudTemplateBuilderLiveTest)
location [id=https://vcd.stratogen.net/api/v1.0/vdc/712149e0-a241-4dbc-8d06-d4a9d6f5af75, scope=ZONE, description=jClouds, parent=https://vcd.stratogen.net/api/v1.0/org/4fc44942-ba30-4222-9977-a61fc6d5824c, iso3166Codes=[], metadata={}]
[pool-2-thread-2] Test testGetAssignableLocations(org.jclouds.stratogen.vcloud.mycloud.compute.StratoGenVCloudMyCloudTemplateBuilderLiveTest) succeeded: 1ms
Test suite progress: tests succeeded: 14, failed: 8, skipped: 5.
Starting test testTemplateBuilderCanFind(org.jclouds.stratogen.vcloud.mycloud.compute.StratoGenVCloudMyCloudTemplateBuilderLiveTest)
[pool-2-thread-1] Test testImagesCache(org.jclouds.stratogen.vcloud.mycloud.compute.StratoGenVCloudMyCloudComputeServiceLiveTest) failed.
Test suite progress: tests succeeded: 14, failed: 9, skipped: 5.
Starting test testListImages(org.jclouds.stratogen.vcloud.mycloud.compute.StratoGenVCloudMyCloudComputeServiceLiveTest)
[pool-2-thread-5] Test testGetOvfEnvelopeForVAppTemplate(org.jclouds.stratogen.vcloud.mycloud.features.StratoGenVCloudMyCloudVAppTemplateClientLiveTest) failed.
Test suite progress: tests succeeded: 14, failed: 10, skipped: 5.
Starting test testGetVAppTemplate(org.jclouds.stratogen.vcloud.mycloud.features.StratoGenVCloudMyCloudVAppTemplateClientLiveTest)
[pool-2-thread-5] Test testGetVAppTemplate(org.jclouds.stratogen.vcloud.mycloud.features.StratoGenVCloudMyCloudVAppTemplateClientLiveTest) failed.
Test suite progress: tests succeeded: 14, failed: 11, skipped: 5.
[pool-2-thread-3] Test testGetOvfEnvelopeForVAppTemplate(org.jclouds.stratogen.vcloud.mycloud.DeprecatedStratoGenVCloudMyCloudClientLiveTest) failed.
Test suite progress: tests succeeded: 14, failed: 12, skipped: 5.
Starting test testGetTask(org.jclouds.stratogen.vcloud.mycloud.DeprecatedStratoGenVCloudMyCloudClientLiveTest)
[pool-2-thread-3] Test testGetTask(org.jclouds.stratogen.vcloud.mycloud.DeprecatedStratoGenVCloudMyCloudClientLiveTest) succeeded: 2054ms
Test suite progress: tests succeeded: 15, failed: 12, skipped: 5.
Starting test testGetThumbnailOfVm(org.jclouds.stratogen.vcloud.mycloud.DeprecatedStratoGenVCloudMyCloudClientLiveTest)
[pool-2-thread-3] Test testGetThumbnailOfVm(org.jclouds.stratogen.vcloud.mycloud.DeprecatedStratoGenVCloudMyCloudClientLiveTest) succeeded: 6087ms
Test suite progress: tests succeeded: 16, failed: 12, skipped: 5.
Starting test testGetVApp(org.jclouds.stratogen.vcloud.mycloud.DeprecatedStratoGenVCloudMyCloudClientLiveTest)
[pool-2-thread-3] Test testGetVApp(org.jclouds.stratogen.vcloud.mycloud.DeprecatedStratoGenVCloudMyCloudClientLiveTest) succeeded: 5204ms
Test suite progress: tests succeeded: 17, failed: 12, skipped: 5.
Starting test testGetVAppTemplate(org.jclouds.stratogen.vcloud.mycloud.DeprecatedStratoGenVCloudMyCloudClientLiveTest)
[pool-2-thread-2] Test testTemplateBuilderCanFind(org.jclouds.stratogen.vcloud.mycloud.compute.StratoGenVCloudMyCloudTemplateBuilderLiveTest) failed.
Test suite progress: tests succeeded: 17, failed: 13, skipped: 5.
Starting test testTemplateBuilderCanUseImageId(org.jclouds.stratogen.vcloud.mycloud.compute.StratoGenVCloudMyCloudTemplateBuilderLiveTest)
[pool-2-thread-3] Test testGetVAppTemplate(org.jclouds.stratogen.vcloud.mycloud.DeprecatedStratoGenVCloudMyCloudClientLiveTest) failed.
Test suite progress: tests succeeded: 17, failed: 14, skipped: 5.
Starting test testGetVDCNetwork(org.jclouds.stratogen.vcloud.mycloud.DeprecatedStratoGenVCloudMyCloudClientLiveTest)
[pool-2-thread-1] Test testListImages(org.jclouds.stratogen.vcloud.mycloud.compute.StratoGenVCloudMyCloudComputeServiceLiveTest) failed.
Test suite progress: tests succeeded: 17, failed: 15, skipped: 5.
Starting test testListSizes(org.jclouds.stratogen.vcloud.mycloud.compute.StratoGenVCloudMyCloudComputeServiceLiveTest)
[pool-2-thread-3] Test testGetVDCNetwork(org.jclouds.stratogen.vcloud.mycloud.DeprecatedStratoGenVCloudMyCloudClientLiveTest) succeeded: 4825ms
Test suite progress: tests succeeded: 18, failed: 15, skipped: 5.
Starting test testGetVm(org.jclouds.stratogen.vcloud.mycloud.DeprecatedStratoGenVCloudMyCloudClientLiveTest)
[pool-2-thread-3] Test testGetVm(org.jclouds.stratogen.vcloud.mycloud.DeprecatedStratoGenVCloudMyCloudClientLiveTest) succeeded: 8437ms
Test suite progress: tests succeeded: 19, failed: 15, skipped: 5.
Starting test testListOrgs(org.jclouds.stratogen.vcloud.mycloud.DeprecatedStratoGenVCloudMyCloudClientLiveTest)
[pool-2-thread-3] Test testListOrgs(org.jclouds.stratogen.vcloud.mycloud.DeprecatedStratoGenVCloudMyCloudClientLiveTest) succeeded: 3040ms
Test suite progress: tests succeeded: 20, failed: 15, skipped: 5.
Starting test testOrg(org.jclouds.stratogen.vcloud.mycloud.DeprecatedStratoGenVCloudMyCloudClientLiveTest)
[pool-2-thread-3] Test testOrg(org.jclouds.stratogen.vcloud.mycloud.DeprecatedStratoGenVCloudMyCloudClientLiveTest) succeeded: 1607ms
Test suite progress: tests succeeded: 21, failed: 15, skipped: 5.
Starting test testPropertiesCanOverrideDefaultCatalog(org.jclouds.stratogen.vcloud.mycloud.DeprecatedStratoGenVCloudMyCloudClientLiveTest)
[pool-2-thread-3] Test testPropertiesCanOverrideDefaultCatalog(org.jclouds.stratogen.vcloud.mycloud.DeprecatedStratoGenVCloudMyCloudClientLiveTest) succeeded: 11890ms
Test suite progress: tests succeeded: 22, failed: 15, skipped: 5.
Starting test testPropertiesCanOverrideDefaultNetwork(org.jclouds.stratogen.vcloud.mycloud.DeprecatedStratoGenVCloudMyCloudClientLiveTest)
[pool-2-thread-3] Test testPropertiesCanOverrideDefaultNetwork(org.jclouds.stratogen.vcloud.mycloud.DeprecatedStratoGenVCloudMyCloudClientLiveTest) succeeded: 9099ms
Test suite progress: tests succeeded: 23, failed: 15, skipped: 5.
Starting test testPropertiesCanOverrideDefaultOrg(org.jclouds.stratogen.vcloud.mycloud.DeprecatedStratoGenVCloudMyCloudClientLiveTest)
[pool-2-thread-3] Test testPropertiesCanOverrideDefaultOrg(org.jclouds.stratogen.vcloud.mycloud.DeprecatedStratoGenVCloudMyCloudClientLiveTest) succeeded: 6021ms
Test suite progress: tests succeeded: 24, failed: 15, skipped: 5.
Starting test testPropertiesCanOverrideDefaultVDC(org.jclouds.stratogen.vcloud.mycloud.DeprecatedStratoGenVCloudMyCloudClientLiveTest)
[pool-2-thread-2] Test testTemplateBuilderCanUseImageId(org.jclouds.stratogen.vcloud.mycloud.compute.StratoGenVCloudMyCloudTemplateBuilderLiveTest) failed.
Test suite progress: tests succeeded: 24, failed: 16, skipped: 5.
Starting test testTemplateBuilderCannotFind(org.jclouds.stratogen.vcloud.mycloud.compute.StratoGenVCloudMyCloudTemplateBuilderLiveTest)
[pool-2-thread-3] Test testPropertiesCanOverrideDefaultVDC(org.jclouds.stratogen.vcloud.mycloud.DeprecatedStratoGenVCloudMyCloudClientLiveTest) succeeded: 9926ms
Test suite progress: tests succeeded: 25, failed: 16, skipped: 5.
[pool-2-thread-1] Test testListSizes(org.jclouds.stratogen.vcloud.mycloud.compute.StratoGenVCloudMyCloudComputeServiceLiveTest) failed.
Test suite progress: tests succeeded: 25, failed: 17, skipped: 5.
Starting test testOptionToNotBlock(org.jclouds.stratogen.vcloud.mycloud.compute.StratoGenVCloudMyCloudComputeServiceLiveTest)
[pool-2-thread-2] Test testTemplateBuilderCannotFind(org.jclouds.stratogen.vcloud.mycloud.compute.StratoGenVCloudMyCloudTemplateBuilderLiveTest) failed.
Test suite progress: tests succeeded: 25, failed: 18, skipped: 5.
Starting test testTemplateBuilderCannotFind(org.jclouds.stratogen.vcloud.mycloud.compute.StratoGenVCloudMyCloudTemplateBuilderLiveTest)
[pool-2-thread-1] Test testOptionToNotBlock(org.jclouds.stratogen.vcloud.mycloud.compute.StratoGenVCloudMyCloudComputeServiceLiveTest) failed.
Test suite progress: tests succeeded: 25, failed: 19, skipped: 5.
[pool-2-thread-1] Test testReboot(org.jclouds.stratogen.vcloud.mycloud.compute.StratoGenVCloudMyCloudComputeServiceLiveTest) skipped.
Test suite progress: tests succeeded: 25, failed: 19, skipped: 6.
[pool-2-thread-1] Test testSuspendResume(org.jclouds.stratogen.vcloud.mycloud.compute.StratoGenVCloudMyCloudComputeServiceLiveTest) skipped.
Test suite progress: tests succeeded: 25, failed: 19, skipped: 7.
[pool-2-thread-1] Test testTemplateMatch(org.jclouds.stratogen.vcloud.mycloud.compute.StratoGenVCloudMyCloudComputeServiceLiveTest) skipped.
Test suite progress: tests succeeded: 25, failed: 19, skipped: 8.
Starting test setServiceDefaults(org.jclouds.stratogen.vcloud.mycloud.compute.StratoGenVCloudMyCloudComputeServiceLiveTest)
[pool-2-thread-1] Test setServiceDefaults(org.jclouds.stratogen.vcloud.mycloud.compute.StratoGenVCloudMyCloudComputeServiceLiveTest) succeeded: 0ms
Test suite progress: tests succeeded: 26, failed: 19, skipped: 8.
Starting test testTemplateBuilder(org.jclouds.stratogen.vcloud.mycloud.compute.StratoGenVCloudMyCloudComputeServiceLiveTest)
[pool-2-thread-2] Test testTemplateBuilderCannotFind(org.jclouds.stratogen.vcloud.mycloud.compute.StratoGenVCloudMyCloudTemplateBuilderLiveTest) failed.
Test suite progress: tests succeeded: 26, failed: 20, skipped: 8.
Starting test testTemplateBuilderCannotFind(org.jclouds.stratogen.vcloud.mycloud.compute.StratoGenVCloudMyCloudTemplateBuilderLiveTest)
[pool-2-thread-1] Test testTemplateBuilder(org.jclouds.stratogen.vcloud.mycloud.compute.StratoGenVCloudMyCloudComputeServiceLiveTest) failed.
Test suite progress: tests succeeded: 26, failed: 21, skipped: 8.
[pool-2-thread-1] Test testGetNodesWithDetails(org.jclouds.stratogen.vcloud.mycloud.compute.StratoGenVCloudMyCloudComputeServiceLiveTest) skipped.
Test suite progress: tests succeeded: 26, failed: 21, skipped: 9.
Starting test testListNodes(org.jclouds.stratogen.vcloud.mycloud.compute.StratoGenVCloudMyCloudComputeServiceLiveTest)
[id=https://vcd.stratogen.net/api/v1.0/vApp/vapp-ceb61235-83fe-4fac-93a2-bdc7bc47c785, providerId=https://vcd.stratogen.net/api/v1.0/vApp/vapp-ceb61235-83fe-4fac-93a2-bdc7bc47c785, name=director--b34, processors=[[cores=1.0, speed=1.0]], ram=1024, volumes=[[id=0, type=LOCAL, size=50.0, device=null, durable=true, isBootDevice=true]], supportsImage=idEquals(https://vcd.stratogen.net/api/v1.0/vApp/vapp-ceb61235-83fe-4fac-93a2-bdc7bc47c785), tags=[]]
[id=https://vcd.stratogen.net/api/v1.0/vApp/vapp-500ecc6a-4a14-4177-bfd6-da38fdb0ca74, providerId=https://vcd.stratogen.net/api/v1.0/vApp/vapp-500ecc6a-4a14-4177-bfd6-da38fdb0ca74, name=director--357, processors=[[cores=1.0, speed=1.0]], ram=1024, volumes=[[id=0, type=LOCAL, size=50.0, device=null, durable=true, isBootDevice=true]], supportsImage=idEquals(https://vcd.stratogen.net/api/v1.0/vApp/vapp-500ecc6a-4a14-4177-bfd6-da38fdb0ca74), tags=[]]
[pool-2-thread-1] Test testListNodes(org.jclouds.stratogen.vcloud.mycloud.compute.StratoGenVCloudMyCloudComputeServiceLiveTest) succeeded: 19582ms
Test suite progress: tests succeeded: 27, failed: 21, skipped: 9.
[pool-2-thread-1] Test testDestroyNodes(org.jclouds.stratogen.vcloud.mycloud.compute.StratoGenVCloudMyCloudComputeServiceLiveTest) skipped.
Test suite progress: tests succeeded: 27, failed: 21, skipped: 10.
Starting test testCorrectAuthException(org.jclouds.stratogen.vcloud.mycloud.compute.StratoGenVCloudMyCloudComputeServiceLiveTest)
[pool-2-thread-1] Test testCorrectAuthException(org.jclouds.stratogen.vcloud.mycloud.compute.StratoGenVCloudMyCloudComputeServiceLiveTest) succeeded: 3383ms
Test suite progress: tests succeeded: 28, failed: 21, skipped: 10.
Starting test testAssignability(org.jclouds.stratogen.vcloud.mycloud.compute.StratoGenVCloudMyCloudComputeServiceLiveTest)
[pool-2-thread-1] Test testAssignability(org.jclouds.stratogen.vcloud.mycloud.compute.StratoGenVCloudMyCloudComputeServiceLiveTest) succeeded: 834ms
Test suite progress: tests succeeded: 29, failed: 21, skipped: 10.
Starting test testCreateAndRunAService(org.jclouds.stratogen.vcloud.mycloud.compute.StratoGenVCloudMyCloudComputeServiceLiveTest)
[pool-2-thread-2] Test testTemplateBuilderCannotFind(org.jclouds.stratogen.vcloud.mycloud.compute.StratoGenVCloudMyCloudTemplateBuilderLiveTest) failed.
Test suite progress: tests succeeded: 29, failed: 22, skipped: 10.
Starting test testTemplateBuilderCannotFind(org.jclouds.stratogen.vcloud.mycloud.compute.StratoGenVCloudMyCloudTemplateBuilderLiveTest)
[pool-2-thread-1] Test testCreateAndRunAService(org.jclouds.stratogen.vcloud.mycloud.compute.StratoGenVCloudMyCloudComputeServiceLiveTest) failed.
Test suite progress: tests succeeded: 29, failed: 23, skipped: 10.
[pool-2-thread-2] Test testTemplateBuilderCannotFind(org.jclouds.stratogen.vcloud.mycloud.compute.StratoGenVCloudMyCloudTemplateBuilderLiveTest) failed.
Test suite progress: tests succeeded: 29, failed: 24, skipped: 10.
Starting test testTemplateBuilderCannotFind(org.jclouds.stratogen.vcloud.mycloud.compute.StratoGenVCloudMyCloudTemplateBuilderLiveTest)
[pool-2-thread-2] Test testTemplateBuilderCannotFind(org.jclouds.stratogen.vcloud.mycloud.compute.StratoGenVCloudMyCloudTemplateBuilderLiveTest) failed.
Test suite progress: tests succeeded: 29, failed: 25, skipped: 10.
Starting test testTemplateBuilderCannotFind(org.jclouds.stratogen.vcloud.mycloud.compute.StratoGenVCloudMyCloudTemplateBuilderLiveTest)
[pool-2-thread-2] Test testTemplateBuilderCannotFind(org.jclouds.stratogen.vcloud.mycloud.compute.StratoGenVCloudMyCloudTemplateBuilderLiveTest) failed.
Test suite progress: tests succeeded: 29, failed: 26, skipped: 10.
Starting test testTemplateBuilderCannotFind(org.jclouds.stratogen.vcloud.mycloud.compute.StratoGenVCloudMyCloudTemplateBuilderLiveTest)
[pool-2-thread-2] Test testTemplateBuilderCannotFind(org.jclouds.stratogen.vcloud.mycloud.compute.StratoGenVCloudMyCloudTemplateBuilderLiveTest) failed.
Test suite progress: tests succeeded: 29, failed: 27, skipped: 10.
Starting test testTemplateBuilderCannotFind(org.jclouds.stratogen.vcloud.mycloud.compute.StratoGenVCloudMyCloudTemplateBuilderLiveTest)
[pool-2-thread-2] Test testTemplateBuilderCannotFind(org.jclouds.stratogen.vcloud.mycloud.compute.StratoGenVCloudMyCloudTemplateBuilderLiveTest) failed.
Test suite progress: tests succeeded: 29, failed: 28, skipped: 10.
Starting test testTemplateBuilderCannotFind(org.jclouds.stratogen.vcloud.mycloud.compute.StratoGenVCloudMyCloudTemplateBuilderLiveTest)
[pool-2-thread-2] Test testTemplateBuilderCannotFind(org.jclouds.stratogen.vcloud.mycloud.compute.StratoGenVCloudMyCloudTemplateBuilderLiveTest) failed.
Test suite progress: tests succeeded: 29, failed: 29, skipped: 10.
Starting test testTemplateBuilderCannotFind(org.jclouds.stratogen.vcloud.mycloud.compute.StratoGenVCloudMyCloudTemplateBuilderLiveTest)
[pool-2-thread-2] Test testTemplateBuilderCannotFind(org.jclouds.stratogen.vcloud.mycloud.compute.StratoGenVCloudMyCloudTemplateBuilderLiveTest) failed.
Test suite progress: tests succeeded: 29, failed: 30, skipped: 10.
Starting test testTemplateBuilderCannotFind(org.jclouds.stratogen.vcloud.mycloud.compute.StratoGenVCloudMyCloudTemplateBuilderLiveTest)
[pool-2-thread-2] Test testTemplateBuilderCannotFind(org.jclouds.stratogen.vcloud.mycloud.compute.StratoGenVCloudMyCloudTemplateBuilderLiveTest) failed.
Test suite progress: tests succeeded: 29, failed: 31, skipped: 10.
Starting test testTemplateBuilderCannotFind(org.jclouds.stratogen.vcloud.mycloud.compute.StratoGenVCloudMyCloudTemplateBuilderLiveTest)
[pool-2-thread-2] Test testTemplateBuilderCannotFind(org.jclouds.stratogen.vcloud.mycloud.compute.StratoGenVCloudMyCloudTemplateBuilderLiveTest) failed.
Test suite progress: tests succeeded: 29, failed: 32, skipped: 10.
Starting test testTemplateBuilderCannotFind(org.jclouds.stratogen.vcloud.mycloud.compute.StratoGenVCloudMyCloudTemplateBuilderLiveTest)
[pool-2-thread-2] Test testTemplateBuilderCannotFind(org.jclouds.stratogen.vcloud.mycloud.compute.StratoGenVCloudMyCloudTemplateBuilderLiveTest) failed.
Test suite progress: tests succeeded: 29, failed: 33, skipped: 10.
Starting test testTemplateBuilderCannotFind(org.jclouds.stratogen.vcloud.mycloud.compute.StratoGenVCloudMyCloudTemplateBuilderLiveTest)
[pool-2-thread-2] Test testTemplateBuilderCannotFind(org.jclouds.stratogen.vcloud.mycloud.compute.StratoGenVCloudMyCloudTemplateBuilderLiveTest) failed.
Test suite progress: tests succeeded: 29, failed: 34, skipped: 10.
Starting test testTemplateBuilderCannotFind(org.jclouds.stratogen.vcloud.mycloud.compute.StratoGenVCloudMyCloudTemplateBuilderLiveTest)
[pool-2-thread-2] Test testTemplateBuilderCannotFind(org.jclouds.stratogen.vcloud.mycloud.compute.StratoGenVCloudMyCloudTemplateBuilderLiveTest) failed.
Test suite progress: tests succeeded: 29, failed: 35, skipped: 10.
Starting test testTemplateBuilderCannotFind(org.jclouds.stratogen.vcloud.mycloud.compute.StratoGenVCloudMyCloudTemplateBuilderLiveTest)
[pool-2-thread-2] Test testTemplateBuilderCannotFind(org.jclouds.stratogen.vcloud.mycloud.compute.StratoGenVCloudMyCloudTemplateBuilderLiveTest) failed.
Test suite progress: tests succeeded: 29, failed: 36, skipped: 10.
Starting test testTemplateBuilderCannotFind(org.jclouds.stratogen.vcloud.mycloud.compute.StratoGenVCloudMyCloudTemplateBuilderLiveTest)
[pool-2-thread-2] Test testTemplateBuilderCannotFind(org.jclouds.stratogen.vcloud.mycloud.compute.StratoGenVCloudMyCloudTemplateBuilderLiveTest) failed.
Test suite progress: tests succeeded: 29, failed: 37, skipped: 10.
Starting test testTemplateBuilderCannotFind(org.jclouds.stratogen.vcloud.mycloud.compute.StratoGenVCloudMyCloudTemplateBuilderLiveTest)
[pool-2-thread-2] Test testTemplateBuilderCannotFind(org.jclouds.stratogen.vcloud.mycloud.compute.StratoGenVCloudMyCloudTemplateBuilderLiveTest) failed.
Test suite progress: tests succeeded: 29, failed: 38, skipped: 10.
Starting test testTemplateBuilderCannotFind(org.jclouds.stratogen.vcloud.mycloud.compute.StratoGenVCloudMyCloudTemplateBuilderLiveTest)
[pool-2-thread-2] Test testTemplateBuilderCannotFind(org.jclouds.stratogen.vcloud.mycloud.compute.StratoGenVCloudMyCloudTemplateBuilderLiveTest) failed.
Test suite progress: tests succeeded: 29, failed: 39, skipped: 10.
Starting test testTemplateBuilderCannotFind(org.jclouds.stratogen.vcloud.mycloud.compute.StratoGenVCloudMyCloudTemplateBuilderLiveTest)
[pool-2-thread-2] Test testTemplateBuilderCannotFind(org.jclouds.stratogen.vcloud.mycloud.compute.StratoGenVCloudMyCloudTemplateBuilderLiveTest) failed.
Test suite progress: tests succeeded: 29, failed: 40, skipped: 10.
Starting test testTemplateBuilderCannotFind(org.jclouds.stratogen.vcloud.mycloud.compute.StratoGenVCloudMyCloudTemplateBuilderLiveTest)
[pool-2-thread-2] Test testTemplateBuilderCannotFind(org.jclouds.stratogen.vcloud.mycloud.compute.StratoGenVCloudMyCloudTemplateBuilderLiveTest) failed.
Test suite progress: tests succeeded: 29, failed: 41, skipped: 10.
Starting test testTemplateBuilderCannotFind(org.jclouds.stratogen.vcloud.mycloud.compute.StratoGenVCloudMyCloudTemplateBuilderLiveTest)
[pool-2-thread-2] Test testTemplateBuilderCannotFind(org.jclouds.stratogen.vcloud.mycloud.compute.StratoGenVCloudMyCloudTemplateBuilderLiveTest) failed.
Test suite progress: tests succeeded: 29, failed: 42, skipped: 10.
Starting test testTemplateBuilderCannotFind(org.jclouds.stratogen.vcloud.mycloud.compute.StratoGenVCloudMyCloudTemplateBuilderLiveTest)
[pool-2-thread-2] Test testTemplateBuilderCannotFind(org.jclouds.stratogen.vcloud.mycloud.compute.StratoGenVCloudMyCloudTemplateBuilderLiveTest) failed.
Test suite progress: tests succeeded: 29, failed: 43, skipped: 10.
Starting test testTemplateBuilderCannotFind(org.jclouds.stratogen.vcloud.mycloud.compute.StratoGenVCloudMyCloudTemplateBuilderLiveTest)
[pool-2-thread-2] Test testTemplateBuilderCannotFind(org.jclouds.stratogen.vcloud.mycloud.compute.StratoGenVCloudMyCloudTemplateBuilderLiveTest) failed.
Test suite progress: tests succeeded: 29, failed: 44, skipped: 10.
Starting test testTemplateBuilderCannotFind(org.jclouds.stratogen.vcloud.mycloud.compute.StratoGenVCloudMyCloudTemplateBuilderLiveTest)
[pool-2-thread-2] Test testTemplateBuilderCannotFind(org.jclouds.stratogen.vcloud.mycloud.compute.StratoGenVCloudMyCloudTemplateBuilderLiveTest) failed.
Test suite progress: tests succeeded: 29, failed: 45, skipped: 10.
Starting test testTemplateBuilderCannotFind(org.jclouds.stratogen.vcloud.mycloud.compute.StratoGenVCloudMyCloudTemplateBuilderLiveTest)
[pool-2-thread-2] Test testTemplateBuilderCannotFind(org.jclouds.stratogen.vcloud.mycloud.compute.StratoGenVCloudMyCloudTemplateBuilderLiveTest) failed.
Test suite progress: tests succeeded: 29, failed: 46, skipped: 10.
Starting test testTemplateBuilderCannotFind(org.jclouds.stratogen.vcloud.mycloud.compute.StratoGenVCloudMyCloudTemplateBuilderLiveTest)
[pool-2-thread-2] Test testTemplateBuilderCannotFind(org.jclouds.stratogen.vcloud.mycloud.compute.StratoGenVCloudMyCloudTemplateBuilderLiveTest) failed.
Test suite progress: tests succeeded: 29, failed: 47, skipped: 10.
Starting test testTemplateBuilderCannotFind(org.jclouds.stratogen.vcloud.mycloud.compute.StratoGenVCloudMyCloudTemplateBuilderLiveTest)
[pool-2-thread-2] Test testTemplateBuilderCannotFind(org.jclouds.stratogen.vcloud.mycloud.compute.StratoGenVCloudMyCloudTemplateBuilderLiveTest) failed.
Test suite progress: tests succeeded: 29, failed: 48, skipped: 10.
Starting test testTemplateBuilderCannotFind(org.jclouds.stratogen.vcloud.mycloud.compute.StratoGenVCloudMyCloudTemplateBuilderLiveTest)
[pool-2-thread-2] Test testTemplateBuilderCannotFind(org.jclouds.stratogen.vcloud.mycloud.compute.StratoGenVCloudMyCloudTemplateBuilderLiveTest) failed.
Test suite progress: tests succeeded: 29, failed: 49, skipped: 10.
Starting test testTemplateBuilderCannotFind(org.jclouds.stratogen.vcloud.mycloud.compute.StratoGenVCloudMyCloudTemplateBuilderLiveTest)
[pool-2-thread-2] Test testTemplateBuilderCannotFind(org.jclouds.stratogen.vcloud.mycloud.compute.StratoGenVCloudMyCloudTemplateBuilderLiveTest) failed.
Test suite progress: tests succeeded: 29, failed: 50, skipped: 10.
Starting test testTemplateBuilderCannotFind(org.jclouds.stratogen.vcloud.mycloud.compute.StratoGenVCloudMyCloudTemplateBuilderLiveTest)
[pool-2-thread-2] Test testTemplateBuilderCannotFind(org.jclouds.stratogen.vcloud.mycloud.compute.StratoGenVCloudMyCloudTemplateBuilderLiveTest) failed.
Test suite progress: tests succeeded: 29, failed: 51, skipped: 10.
Starting test testTemplateBuilderCannotFind(org.jclouds.stratogen.vcloud.mycloud.compute.StratoGenVCloudMyCloudTemplateBuilderLiveTest)
[pool-2-thread-2] Test testTemplateBuilderCannotFind(org.jclouds.stratogen.vcloud.mycloud.compute.StratoGenVCloudMyCloudTemplateBuilderLiveTest) failed.
Test suite progress: tests succeeded: 29, failed: 52, skipped: 10.
Starting test testTemplateBuilderCannotFind(org.jclouds.stratogen.vcloud.mycloud.compute.StratoGenVCloudMyCloudTemplateBuilderLiveTest)
[pool-2-thread-2] Test testTemplateBuilderCannotFind(org.jclouds.stratogen.vcloud.mycloud.compute.StratoGenVCloudMyCloudTemplateBuilderLiveTest) failed.
Test suite progress: tests succeeded: 29, failed: 53, skipped: 10.
Starting test testTemplateBuilderCannotFind(org.jclouds.stratogen.vcloud.mycloud.compute.StratoGenVCloudMyCloudTemplateBuilderLiveTest)
[pool-2-thread-2] Test testTemplateBuilderCannotFind(org.jclouds.stratogen.vcloud.mycloud.compute.StratoGenVCloudMyCloudTemplateBuilderLiveTest) failed.
Test suite progress: tests succeeded: 29, failed: 54, skipped: 10.
Starting test testTemplateBuilderCannotFind(org.jclouds.stratogen.vcloud.mycloud.compute.StratoGenVCloudMyCloudTemplateBuilderLiveTest)
[pool-2-thread-2] Test testTemplateBuilderCannotFind(org.jclouds.stratogen.vcloud.mycloud.compute.StratoGenVCloudMyCloudTemplateBuilderLiveTest) failed.
Test suite progress: tests succeeded: 29, failed: 55, skipped: 10.
Starting test testTemplateBuilderCannotFind(org.jclouds.stratogen.vcloud.mycloud.compute.StratoGenVCloudMyCloudTemplateBuilderLiveTest)
[pool-2-thread-2] Test testTemplateBuilderCannotFind(org.jclouds.stratogen.vcloud.mycloud.compute.StratoGenVCloudMyCloudTemplateBuilderLiveTest) failed.
Test suite progress: tests succeeded: 29, failed: 56, skipped: 10.
Starting test testTemplateBuilderCannotFind(org.jclouds.stratogen.vcloud.mycloud.compute.StratoGenVCloudMyCloudTemplateBuilderLiveTest)
[pool-2-thread-2] Test testTemplateBuilderCannotFind(org.jclouds.stratogen.vcloud.mycloud.compute.StratoGenVCloudMyCloudTemplateBuilderLiveTest) failed.
Test suite progress: tests succeeded: 29, failed: 57, skipped: 10.
Starting test testTemplateBuilderCannotFind(org.jclouds.stratogen.vcloud.mycloud.compute.StratoGenVCloudMyCloudTemplateBuilderLiveTest)
[pool-2-thread-2] Test testTemplateBuilderCannotFind(org.jclouds.stratogen.vcloud.mycloud.compute.StratoGenVCloudMyCloudTemplateBuilderLiveTest) failed.
Test suite progress: tests succeeded: 29, failed: 58, skipped: 10.
Starting test testTemplateBuilderCannotFind(org.jclouds.stratogen.vcloud.mycloud.compute.StratoGenVCloudMyCloudTemplateBuilderLiveTest)
[pool-2-thread-2] Test testTemplateBuilderCannotFind(org.jclouds.stratogen.vcloud.mycloud.compute.StratoGenVCloudMyCloudTemplateBuilderLiveTest) failed.
Test suite progress: tests succeeded: 29, failed: 59, skipped: 10.
Starting test testTemplateBuilderCannotFind(org.jclouds.stratogen.vcloud.mycloud.compute.StratoGenVCloudMyCloudTemplateBuilderLiveTest)
[pool-2-thread-2] Test testTemplateBuilderCannotFind(org.jclouds.stratogen.vcloud.mycloud.compute.StratoGenVCloudMyCloudTemplateBuilderLiveTest) failed.
Test suite progress: tests succeeded: 29, failed: 60, skipped: 10.
Starting test testTemplateBuilderCannotFind(org.jclouds.stratogen.vcloud.mycloud.compute.StratoGenVCloudMyCloudTemplateBuilderLiveTest)
[pool-2-thread-2] Test testTemplateBuilderCannotFind(org.jclouds.stratogen.vcloud.mycloud.compute.StratoGenVCloudMyCloudTemplateBuilderLiveTest) failed.
Test suite progress: tests succeeded: 29, failed: 61, skipped: 10.
Starting test testTemplateBuilderCannotFind(org.jclouds.stratogen.vcloud.mycloud.compute.StratoGenVCloudMyCloudTemplateBuilderLiveTest)
[pool-2-thread-2] Test testTemplateBuilderCannotFind(org.jclouds.stratogen.vcloud.mycloud.compute.StratoGenVCloudMyCloudTemplateBuilderLiveTest) failed.
Test suite progress: tests succeeded: 29, failed: 62, skipped: 10.
Starting test testTemplateBuilderCannotFind(org.jclouds.stratogen.vcloud.mycloud.compute.StratoGenVCloudMyCloudTemplateBuilderLiveTest)
[pool-2-thread-2] Test testTemplateBuilderCannotFind(org.jclouds.stratogen.vcloud.mycloud.compute.StratoGenVCloudMyCloudTemplateBuilderLiveTest) failed.
Test suite progress: tests succeeded: 29, failed: 63, skipped: 10.
Starting test testTemplateBuilderCannotFind(org.jclouds.stratogen.vcloud.mycloud.compute.StratoGenVCloudMyCloudTemplateBuilderLiveTest)
[pool-2-thread-2] Test testTemplateBuilderCannotFind(org.jclouds.stratogen.vcloud.mycloud.compute.StratoGenVCloudMyCloudTemplateBuilderLiveTest) failed.
Test suite progress: tests succeeded: 29, failed: 64, skipped: 10.
Starting test testTemplateBuilderCannotFind(org.jclouds.stratogen.vcloud.mycloud.compute.StratoGenVCloudMyCloudTemplateBuilderLiveTest)
[pool-2-thread-2] Test testTemplateBuilderCannotFind(org.jclouds.stratogen.vcloud.mycloud.compute.StratoGenVCloudMyCloudTemplateBuilderLiveTest) failed.
Test suite progress: tests succeeded: 29, failed: 65, skipped: 10.
Starting test testTemplateBuilderCannotFind(org.jclouds.stratogen.vcloud.mycloud.compute.StratoGenVCloudMyCloudTemplateBuilderLiveTest)
[pool-2-thread-2] Test testTemplateBuilderCannotFind(org.jclouds.stratogen.vcloud.mycloud.compute.StratoGenVCloudMyCloudTemplateBuilderLiveTest) failed.
Test suite progress: tests succeeded: 29, failed: 66, skipped: 10.
Starting test testTemplateBuilderCannotFind(org.jclouds.stratogen.vcloud.mycloud.compute.StratoGenVCloudMyCloudTemplateBuilderLiveTest)
[pool-2-thread-2] Test testTemplateBuilderCannotFind(org.jclouds.stratogen.vcloud.mycloud.compute.StratoGenVCloudMyCloudTemplateBuilderLiveTest) failed.
Test suite progress: tests succeeded: 29, failed: 67, skipped: 10.
Starting test testTemplateBuilderCannotFind(org.jclouds.stratogen.vcloud.mycloud.compute.StratoGenVCloudMyCloudTemplateBuilderLiveTest)
[pool-2-thread-2] Test testTemplateBuilderCannotFind(org.jclouds.stratogen.vcloud.mycloud.compute.StratoGenVCloudMyCloudTemplateBuilderLiveTest) failed.
Test suite progress: tests succeeded: 29, failed: 68, skipped: 10.
Starting test testTemplateBuilderCannotFind(org.jclouds.stratogen.vcloud.mycloud.compute.StratoGenVCloudMyCloudTemplateBuilderLiveTest)
[pool-2-thread-2] Test testTemplateBuilderCannotFind(org.jclouds.stratogen.vcloud.mycloud.compute.StratoGenVCloudMyCloudTemplateBuilderLiveTest) failed.
Test suite progress: tests succeeded: 29, failed: 69, skipped: 10.
Starting test testTemplateBuilderCannotFind(org.jclouds.stratogen.vcloud.mycloud.compute.StratoGenVCloudMyCloudTemplateBuilderLiveTest)
[pool-2-thread-2] Test testTemplateBuilderCannotFind(org.jclouds.stratogen.vcloud.mycloud.compute.StratoGenVCloudMyCloudTemplateBuilderLiveTest) failed.
Test suite progress: tests succeeded: 29, failed: 70, skipped: 10.
Starting test testTemplateBuilderCannotFind(org.jclouds.stratogen.vcloud.mycloud.compute.StratoGenVCloudMyCloudTemplateBuilderLiveTest)
[pool-2-thread-2] Test testTemplateBuilderCannotFind(org.jclouds.stratogen.vcloud.mycloud.compute.StratoGenVCloudMyCloudTemplateBuilderLiveTest) failed.
Test suite progress: tests succeeded: 29, failed: 71, skipped: 10.
Starting test testTemplateBuilderCannotFind(org.jclouds.stratogen.vcloud.mycloud.compute.StratoGenVCloudMyCloudTemplateBuilderLiveTest)
[pool-2-thread-2] Test testTemplateBuilderCannotFind(org.jclouds.stratogen.vcloud.mycloud.compute.StratoGenVCloudMyCloudTemplateBuilderLiveTest) failed.
Test suite progress: tests succeeded: 29, failed: 72, skipped: 10.
Starting test testTemplateBuilderCannotFind(org.jclouds.stratogen.vcloud.mycloud.compute.StratoGenVCloudMyCloudTemplateBuilderLiveTest)
[pool-2-thread-2] Test testTemplateBuilderCannotFind(org.jclouds.stratogen.vcloud.mycloud.compute.StratoGenVCloudMyCloudTemplateBuilderLiveTest) failed.
Test suite progress: tests succeeded: 29, failed: 73, skipped: 10.
Starting test testTemplateBuilderCannotFind(org.jclouds.stratogen.vcloud.mycloud.compute.StratoGenVCloudMyCloudTemplateBuilderLiveTest)
[pool-2-thread-2] Test testTemplateBuilderCannotFind(org.jclouds.stratogen.vcloud.mycloud.compute.StratoGenVCloudMyCloudTemplateBuilderLiveTest) failed.
Test suite progress: tests succeeded: 29, failed: 74, skipped: 10.
Starting test testTemplateBuilderCannotFind(org.jclouds.stratogen.vcloud.mycloud.compute.StratoGenVCloudMyCloudTemplateBuilderLiveTest)
[pool-2-thread-2] Test testTemplateBuilderCannotFind(org.jclouds.stratogen.vcloud.mycloud.compute.StratoGenVCloudMyCloudTemplateBuilderLiveTest) failed.
Test suite progress: tests succeeded: 29, failed: 75, skipped: 10.
Starting test testTemplateBuilderCannotFind(org.jclouds.stratogen.vcloud.mycloud.compute.StratoGenVCloudMyCloudTemplateBuilderLiveTest)
[pool-2-thread-2] Test testTemplateBuilderCannotFind(org.jclouds.stratogen.vcloud.mycloud.compute.StratoGenVCloudMyCloudTemplateBuilderLiveTest) failed.
Test suite progress: tests succeeded: 29, failed: 76, skipped: 10.
Starting test testTemplateBuilderCannotFind(org.jclouds.stratogen.vcloud.mycloud.compute.StratoGenVCloudMyCloudTemplateBuilderLiveTest)
[pool-2-thread-2] Test testTemplateBuilderCannotFind(org.jclouds.stratogen.vcloud.mycloud.compute.StratoGenVCloudMyCloudTemplateBuilderLiveTest) failed.
Test suite progress: tests succeeded: 29, failed: 77, skipped: 10.
Starting test testTemplateBuilderCannotFind(org.jclouds.stratogen.vcloud.mycloud.compute.StratoGenVCloudMyCloudTemplateBuilderLiveTest)
[pool-2-thread-2] Test testTemplateBuilderCannotFind(org.jclouds.stratogen.vcloud.mycloud.compute.StratoGenVCloudMyCloudTemplateBuilderLiveTest) failed.
Test suite progress: tests succeeded: 29, failed: 78, skipped: 10.
Starting test testTemplateBuilderCannotFind(org.jclouds.stratogen.vcloud.mycloud.compute.StratoGenVCloudMyCloudTemplateBuilderLiveTest)
[pool-2-thread-2] Test testTemplateBuilderCannotFind(org.jclouds.stratogen.vcloud.mycloud.compute.StratoGenVCloudMyCloudTemplateBuilderLiveTest) failed.
Test suite progress: tests succeeded: 29, failed: 79, skipped: 10.
Starting test testTemplateBuilderCannotFind(org.jclouds.stratogen.vcloud.mycloud.compute.StratoGenVCloudMyCloudTemplateBuilderLiveTest)
[pool-2-thread-2] Test testTemplateBuilderCannotFind(org.jclouds.stratogen.vcloud.mycloud.compute.StratoGenVCloudMyCloudTemplateBuilderLiveTest) failed.
Test suite progress: tests succeeded: 29, failed: 80, skipped: 10.
Starting test testTemplateBuilderCannotFind(org.jclouds.stratogen.vcloud.mycloud.compute.StratoGenVCloudMyCloudTemplateBuilderLiveTest)
[pool-2-thread-2] Test testTemplateBuilderCannotFind(org.jclouds.stratogen.vcloud.mycloud.compute.StratoGenVCloudMyCloudTemplateBuilderLiveTest) failed.
Test suite progress: tests succeeded: 29, failed: 81, skipped: 10.
Starting test testTemplateBuilderCannotFind(org.jclouds.stratogen.vcloud.mycloud.compute.StratoGenVCloudMyCloudTemplateBuilderLiveTest)
[pool-2-thread-2] Test testTemplateBuilderCannotFind(org.jclouds.stratogen.vcloud.mycloud.compute.StratoGenVCloudMyCloudTemplateBuilderLiveTest) failed.
Test suite progress: tests succeeded: 29, failed: 82, skipped: 10.
Starting test testTemplateBuilderCannotFind(org.jclouds.stratogen.vcloud.mycloud.compute.StratoGenVCloudMyCloudTemplateBuilderLiveTest)
[pool-2-thread-2] Test testTemplateBuilderCannotFind(org.jclouds.stratogen.vcloud.mycloud.compute.StratoGenVCloudMyCloudTemplateBuilderLiveTest) failed.
Test suite progress: tests succeeded: 29, failed: 83, skipped: 10.
Starting test testTemplateBuilderCannotFind(org.jclouds.stratogen.vcloud.mycloud.compute.StratoGenVCloudMyCloudTemplateBuilderLiveTest)
[pool-2-thread-2] Test testTemplateBuilderCannotFind(org.jclouds.stratogen.vcloud.mycloud.compute.StratoGenVCloudMyCloudTemplateBuilderLiveTest) failed.
Test suite progress: tests succeeded: 29, failed: 84, skipped: 10.
Starting test testTemplateBuilderCannotFind(org.jclouds.stratogen.vcloud.mycloud.compute.StratoGenVCloudMyCloudTemplateBuilderLiveTest)
[pool-2-thread-2] Test testTemplateBuilderCannotFind(org.jclouds.stratogen.vcloud.mycloud.compute.StratoGenVCloudMyCloudTemplateBuilderLiveTest) failed.
Test suite progress: tests succeeded: 29, failed: 85, skipped: 10.
Starting test testTemplateBuilderCannotFind(org.jclouds.stratogen.vcloud.mycloud.compute.StratoGenVCloudMyCloudTemplateBuilderLiveTest)
[pool-2-thread-2] Test testTemplateBuilderCannotFind(org.jclouds.stratogen.vcloud.mycloud.compute.StratoGenVCloudMyCloudTemplateBuilderLiveTest) failed.
Test suite progress: tests succeeded: 29, failed: 86, skipped: 10.
Starting test testTemplateBuilderCannotFind(org.jclouds.stratogen.vcloud.mycloud.compute.StratoGenVCloudMyCloudTemplateBuilderLiveTest)
[pool-2-thread-2] Test testTemplateBuilderCannotFind(org.jclouds.stratogen.vcloud.mycloud.compute.StratoGenVCloudMyCloudTemplateBuilderLiveTest) failed.
Test suite progress: tests succeeded: 29, failed: 87, skipped: 10.
Starting test testTemplateBuilderCannotFind(org.jclouds.stratogen.vcloud.mycloud.compute.StratoGenVCloudMyCloudTemplateBuilderLiveTest)
[pool-2-thread-2] Test testTemplateBuilderCannotFind(org.jclouds.stratogen.vcloud.mycloud.compute.StratoGenVCloudMyCloudTemplateBuilderLiveTest) failed.
Test suite progress: tests succeeded: 29, failed: 88, skipped: 10.
Starting test testTemplateBuilderCannotFind(org.jclouds.stratogen.vcloud.mycloud.compute.StratoGenVCloudMyCloudTemplateBuilderLiveTest)
[pool-2-thread-2] Test testTemplateBuilderCannotFind(org.jclouds.stratogen.vcloud.mycloud.compute.StratoGenVCloudMyCloudTemplateBuilderLiveTest) failed.
Test suite progress: tests succeeded: 29, failed: 89, skipped: 10.
Starting test testTemplateBuilderCannotFind(org.jclouds.stratogen.vcloud.mycloud.compute.StratoGenVCloudMyCloudTemplateBuilderLiveTest)
[pool-2-thread-2] Test testTemplateBuilderCannotFind(org.jclouds.stratogen.vcloud.mycloud.compute.StratoGenVCloudMyCloudTemplateBuilderLiveTest) failed.
Test suite progress: tests succeeded: 29, failed: 90, skipped: 10.
Starting test testTemplateBuilderCannotFind(org.jclouds.stratogen.vcloud.mycloud.compute.StratoGenVCloudMyCloudTemplateBuilderLiveTest)
[pool-2-thread-2] Test testTemplateBuilderCannotFind(org.jclouds.stratogen.vcloud.mycloud.compute.StratoGenVCloudMyCloudTemplateBuilderLiveTest) failed.
Test suite progress: tests succeeded: 29, failed: 91, skipped: 10.
Starting test testTemplateBuilderCannotFind(org.jclouds.stratogen.vcloud.mycloud.compute.StratoGenVCloudMyCloudTemplateBuilderLiveTest)
[pool-2-thread-2] Test testTemplateBuilderCannotFind(org.jclouds.stratogen.vcloud.mycloud.compute.StratoGenVCloudMyCloudTemplateBuilderLiveTest) failed.
Test suite progress: tests succeeded: 29, failed: 92, skipped: 10.
Starting test testTemplateBuilderCannotFind(org.jclouds.stratogen.vcloud.mycloud.compute.StratoGenVCloudMyCloudTemplateBuilderLiveTest)
[pool-2-thread-2] Test testTemplateBuilderCannotFind(org.jclouds.stratogen.vcloud.mycloud.compute.StratoGenVCloudMyCloudTemplateBuilderLiveTest) failed.
Test suite progress: tests succeeded: 29, failed: 93, skipped: 10.
Starting test testTemplateBuilderCannotFind(org.jclouds.stratogen.vcloud.mycloud.compute.StratoGenVCloudMyCloudTemplateBuilderLiveTest)
[pool-2-thread-2] Test testTemplateBuilderCannotFind(org.jclouds.stratogen.vcloud.mycloud.compute.StratoGenVCloudMyCloudTemplateBuilderLiveTest) failed.
Test suite progress: tests succeeded: 29, failed: 94, skipped: 10.
Starting test testTemplateBuilderCannotFind(org.jclouds.stratogen.vcloud.mycloud.compute.StratoGenVCloudMyCloudTemplateBuilderLiveTest)
[pool-2-thread-2] Test testTemplateBuilderCannotFind(org.jclouds.stratogen.vcloud.mycloud.compute.StratoGenVCloudMyCloudTemplateBuilderLiveTest) failed.
Test suite progress: tests succeeded: 29, failed: 95, skipped: 10.
Starting test testTemplateBuilderCannotFind(org.jclouds.stratogen.vcloud.mycloud.compute.StratoGenVCloudMyCloudTemplateBuilderLiveTest)
[pool-2-thread-2] Test testTemplateBuilderCannotFind(org.jclouds.stratogen.vcloud.mycloud.compute.StratoGenVCloudMyCloudTemplateBuilderLiveTest) failed.
Test suite progress: tests succeeded: 29, failed: 96, skipped: 10.
Starting test testTemplateBuilderCannotFind(org.jclouds.stratogen.vcloud.mycloud.compute.StratoGenVCloudMyCloudTemplateBuilderLiveTest)
[pool-2-thread-2] Test testTemplateBuilderCannotFind(org.jclouds.stratogen.vcloud.mycloud.compute.StratoGenVCloudMyCloudTemplateBuilderLiveTest) failed.
Test suite progress: tests succeeded: 29, failed: 97, skipped: 10.
Starting test testTemplateBuilderCannotFind(org.jclouds.stratogen.vcloud.mycloud.compute.StratoGenVCloudMyCloudTemplateBuilderLiveTest)
[pool-2-thread-2] Test testTemplateBuilderCannotFind(org.jclouds.stratogen.vcloud.mycloud.compute.StratoGenVCloudMyCloudTemplateBuilderLiveTest) failed.
Test suite progress: tests succeeded: 29, failed: 98, skipped: 10.
Starting test testTemplateBuilderCannotFind(org.jclouds.stratogen.vcloud.mycloud.compute.StratoGenVCloudMyCloudTemplateBuilderLiveTest)
[pool-2-thread-2] Test testTemplateBuilderCannotFind(org.jclouds.stratogen.vcloud.mycloud.compute.StratoGenVCloudMyCloudTemplateBuilderLiveTest) failed.
Test suite progress: tests succeeded: 29, failed: 99, skipped: 10.
Starting test testTemplateBuilderCannotFind(org.jclouds.stratogen.vcloud.mycloud.compute.StratoGenVCloudMyCloudTemplateBuilderLiveTest)
[pool-2-thread-2] Test testTemplateBuilderCannotFind(org.jclouds.stratogen.vcloud.mycloud.compute.StratoGenVCloudMyCloudTemplateBuilderLiveTest) failed.
Test suite progress: tests succeeded: 29, failed: 100, skipped: 10.
Starting test testTemplateBuilderCannotFind(org.jclouds.stratogen.vcloud.mycloud.compute.StratoGenVCloudMyCloudTemplateBuilderLiveTest)
[pool-2-thread-2] Test testTemplateBuilderCannotFind(org.jclouds.stratogen.vcloud.mycloud.compute.StratoGenVCloudMyCloudTemplateBuilderLiveTest) failed.
Test suite progress: tests succeeded: 29, failed: 101, skipped: 10.
Starting test testTemplateBuilderCannotFind(org.jclouds.stratogen.vcloud.mycloud.compute.StratoGenVCloudMyCloudTemplateBuilderLiveTest)
[pool-2-thread-2] Test testTemplateBuilderCannotFind(org.jclouds.stratogen.vcloud.mycloud.compute.StratoGenVCloudMyCloudTemplateBuilderLiveTest) failed.
Test suite progress: tests succeeded: 29, failed: 102, skipped: 10.
Starting test testTemplateBuilderCannotFind(org.jclouds.stratogen.vcloud.mycloud.compute.StratoGenVCloudMyCloudTemplateBuilderLiveTest)
[pool-2-thread-2] Test testTemplateBuilderCannotFind(org.jclouds.stratogen.vcloud.mycloud.compute.StratoGenVCloudMyCloudTemplateBuilderLiveTest) failed.
Test suite progress: tests succeeded: 29, failed: 103, skipped: 10.
Starting test testTemplateBuilderWithImageIdSpecified(org.jclouds.stratogen.vcloud.mycloud.compute.StratoGenVCloudMyCloudTemplateBuilderLiveTest)
[pool-2-thread-2] Test testTemplateBuilderWithImageIdSpecified(org.jclouds.stratogen.vcloud.mycloud.compute.StratoGenVCloudMyCloudTemplateBuilderLiveTest) failed.
Test suite progress: tests succeeded: 29, failed: 104, skipped: 10.
Starting test testTemplateBuilderWithLoginUserSpecified(org.jclouds.stratogen.vcloud.mycloud.compute.StratoGenVCloudMyCloudTemplateBuilderLiveTest)
[pool-2-thread-2] Test testTemplateBuilderWithLoginUserSpecified(org.jclouds.stratogen.vcloud.mycloud.compute.StratoGenVCloudMyCloudTemplateBuilderLiveTest) failed.
Test suite progress: tests succeeded: 29, failed: 105, skipped: 10.
Starting test testDefaultTemplateBuilder(org.jclouds.stratogen.vcloud.mycloud.compute.StratoGenVCloudMyCloudTemplateBuilderLiveTest)
[pool-2-thread-2] Test testDefaultTemplateBuilder(org.jclouds.stratogen.vcloud.mycloud.compute.StratoGenVCloudMyCloudTemplateBuilderLiveTest) failed.
Test suite progress: tests succeeded: 29, failed: 106, skipped: 10.
Tests run: 145, Failures: 106, Errors: 0, Skipped: 10, Time elapsed: 4,558.615 sec <<< FAILURE!

Results :

Failed tests:   testCompareSizes(org.jclouds.stratogen.vcloud.mycloud.compute.StratoGenVCloudMyCloudTemplateBuilderLiveTest): request: GET https://vcd.stratogen.net/api/v1.0/vAppTemplate/vappTemplate-8eaea48f-8404-496e-aeb0-c2a2571a2689/ovf HTTP/1.1; cause: java.lang.NullPointerException: virtualSystem
  testCompareSizes(org.jclouds.stratogen.vcloud.mycloud.compute.StratoGenVCloudMyCloudComputeServiceLiveTest): request: GET https://vcd.stratogen.net/api/v1.0/vAppTemplate/vappTemplate-8eaea48f-8404-496e-aeb0-c2a2571a2689/ovf HTTP/1.1; cause: java.lang.NullPointerException: virtualSystem
  testCaptureVApp(org.jclouds.stratogen.vcloud.mycloud.features.StratoGenVCloudMyCloudVAppTemplateClientLiveTest): request: GET https://vcd.stratogen.net/api/v1.0/vAppTemplate/vappTemplate-8eaea48f-8404-496e-aeb0-c2a2571a2689/ovf HTTP/1.1; cause: java.lang.NullPointerException: virtualSystem
  testExtendedOptionsWithCustomizationScript(org.jclouds.stratogen.vcloud.mycloud.features.StratoGenVCloudMyCloudVmClientLiveTest): request: GET https://vcd.stratogen.net/api/v1.0/vAppTemplate/vappTemplate-8eaea48f-8404-496e-aeb0-c2a2571a2689/ovf HTTP/1.1; cause: java.lang.NullPointerException: virtualSystem
  testFindVAppTemplate(org.jclouds.stratogen.vcloud.mycloud.features.StratoGenVCloudMyCloudVAppTemplateClientLiveTest): expected:<Windows Server 2008 R2-copy-6ee8b0e2-7e52-4413-a6d8-84008be26e9f> but was:<Windows Server 2008 R2>
  testFindVAppTemplate(org.jclouds.stratogen.vcloud.mycloud.DeprecatedStratoGenVCloudMyCloudClientLiveTest): expected:<Windows Server 2008 R2-copy-6ee8b0e2-7e52-4413-a6d8-84008be26e9f> but was:<Windows Server 2008 R2>
  testGetCatalogItem(org.jclouds.stratogen.vcloud.mycloud.DeprecatedStratoGenVCloudMyCloudClientLiveTest): request: GET https://vcd.stratogen.net/api/v1.0/catalogItem/20ae2ec5-1326-447c-9d52-8080078b9e92 HTTP/1.1; cause: java.lang.NullPointerException
  testFromTemplate(org.jclouds.stratogen.vcloud.mycloud.compute.StratoGenVCloudMyCloudTemplateBuilderLiveTest): request: GET https://vcd.stratogen.net/api/v1.0/vAppTemplate/vappTemplate-8eaea48f-8404-496e-aeb0-c2a2571a2689/ovf HTTP/1.1; cause: java.lang.NullPointerException: virtualSystem
  testImagesCache(org.jclouds.stratogen.vcloud.mycloud.compute.StratoGenVCloudMyCloudComputeServiceLiveTest): request: GET https://vcd.stratogen.net/api/v1.0/vAppTemplate/vappTemplate-8eaea48f-8404-496e-aeb0-c2a2571a2689/ovf HTTP/1.1; cause: java.lang.NullPointerException: virtualSystem
  testGetOvfEnvelopeForVAppTemplate(org.jclouds.stratogen.vcloud.mycloud.features.StratoGenVCloudMyCloudVAppTemplateClientLiveTest): request: GET https://vcd.stratogen.net/api/v1.0/vAppTemplate/vappTemplate-8eaea48f-8404-496e-aeb0-c2a2571a2689/ovf HTTP/1.1; cause: java.lang.NullPointerException: virtualSystem
  testGetVAppTemplate(org.jclouds.stratogen.vcloud.mycloud.features.StratoGenVCloudMyCloudVAppTemplateClientLiveTest): expected:<Windows Server 2008 R2-copy-6ee8b0e2-7e52-4413-a6d8-84008be26e9f> but was:<Windows Server 2008 R2>
  testGetOvfEnvelopeForVAppTemplate(org.jclouds.stratogen.vcloud.mycloud.DeprecatedStratoGenVCloudMyCloudClientLiveTest): request: GET https://vcd.stratogen.net/api/v1.0/vAppTemplate/vappTemplate-8eaea48f-8404-496e-aeb0-c2a2571a2689/ovf HTTP/1.1; cause: java.lang.NullPointerException: virtualSystem
  testTemplateBuilderCanFind(org.jclouds.stratogen.vcloud.mycloud.compute.StratoGenVCloudMyCloudTemplateBuilderLiveTest): request: GET https://vcd.stratogen.net/api/v1.0/vAppTemplate/vappTemplate-8eaea48f-8404-496e-aeb0-c2a2571a2689/ovf HTTP/1.1; cause: java.lang.NullPointerException: virtualSystem
  testGetVAppTemplate(org.jclouds.stratogen.vcloud.mycloud.DeprecatedStratoGenVCloudMyCloudClientLiveTest): expected:<Windows Server 2008 R2-copy-6ee8b0e2-7e52-4413-a6d8-84008be26e9f> but was:<Windows Server 2008 R2>
  testListImages(org.jclouds.stratogen.vcloud.mycloud.compute.StratoGenVCloudMyCloudComputeServiceLiveTest): request: GET https://vcd.stratogen.net/api/v1.0/vAppTemplate/vappTemplate-8eaea48f-8404-496e-aeb0-c2a2571a2689/ovf HTTP/1.1; cause: java.lang.NullPointerException: virtualSystem
  testTemplateBuilderCanUseImageId(org.jclouds.stratogen.vcloud.mycloud.compute.StratoGenVCloudMyCloudTemplateBuilderLiveTest): request: GET https://vcd.stratogen.net/api/v1.0/vAppTemplate/vappTemplate-8eaea48f-8404-496e-aeb0-c2a2571a2689/ovf HTTP/1.1; cause: java.lang.NullPointerException: virtualSystem
  testListSizes(org.jclouds.stratogen.vcloud.mycloud.compute.StratoGenVCloudMyCloudComputeServiceLiveTest): request: GET https://vcd.stratogen.net/api/v1.0/vAppTemplate/vappTemplate-8eaea48f-8404-496e-aeb0-c2a2571a2689/ovf HTTP/1.1; cause: java.lang.NullPointerException: virtualSystem
  testTemplateBuilderCannotFind(org.jclouds.stratogen.vcloud.mycloud.compute.StratoGenVCloudMyCloudTemplateBuilderLiveTest): 
  testOptionToNotBlock(org.jclouds.stratogen.vcloud.mycloud.compute.StratoGenVCloudMyCloudComputeServiceLiveTest): request: GET https://vcd.stratogen.net/api/v1.0/vAppTemplate/vappTemplate-8eaea48f-8404-496e-aeb0-c2a2571a2689/ovf HTTP/1.1; cause: java.lang.NullPointerException: virtualSystem
  testTemplateBuilderCannotFind(org.jclouds.stratogen.vcloud.mycloud.compute.StratoGenVCloudMyCloudTemplateBuilderLiveTest): 
  testTemplateBuilder(org.jclouds.stratogen.vcloud.mycloud.compute.StratoGenVCloudMyCloudComputeServiceLiveTest): request: GET https://vcd.stratogen.net/api/v1.0/vAppTemplate/vappTemplate-8eaea48f-8404-496e-aeb0-c2a2571a2689/ovf HTTP/1.1; cause: java.lang.NullPointerException: virtualSystem
  testTemplateBuilderCannotFind(org.jclouds.stratogen.vcloud.mycloud.compute.StratoGenVCloudMyCloudTemplateBuilderLiveTest): 
  testCreateAndRunAService(org.jclouds.stratogen.vcloud.mycloud.compute.StratoGenVCloudMyCloudComputeServiceLiveTest): request: GET https://vcd.stratogen.net/api/v1.0/vAppTemplate/vappTemplate-8eaea48f-8404-496e-aeb0-c2a2571a2689/ovf HTTP/1.1; cause: java.lang.NullPointerException: virtualSystem
  testTemplateBuilderCannotFind(org.jclouds.stratogen.vcloud.mycloud.compute.StratoGenVCloudMyCloudTemplateBuilderLiveTest): 
  testTemplateBuilderCannotFind(org.jclouds.stratogen.vcloud.mycloud.compute.StratoGenVCloudMyCloudTemplateBuilderLiveTest): 
  testTemplateBuilderCannotFind(org.jclouds.stratogen.vcloud.mycloud.compute.StratoGenVCloudMyCloudTemplateBuilderLiveTest): 
  testTemplateBuilderCannotFind(org.jclouds.stratogen.vcloud.mycloud.compute.StratoGenVCloudMyCloudTemplateBuilderLiveTest): 
  testTemplateBuilderCannotFind(org.jclouds.stratogen.vcloud.mycloud.compute.StratoGenVCloudMyCloudTemplateBuilderLiveTest): 
  testTemplateBuilderCannotFind(org.jclouds.stratogen.vcloud.mycloud.compute.StratoGenVCloudMyCloudTemplateBuilderLiveTest): 
  testTemplateBuilderCannotFind(org.jclouds.stratogen.vcloud.mycloud.compute.StratoGenVCloudMyCloudTemplateBuilderLiveTest): 
  testTemplateBuilderCannotFind(org.jclouds.stratogen.vcloud.mycloud.compute.StratoGenVCloudMyCloudTemplateBuilderLiveTest): 
  testTemplateBuilderCannotFind(org.jclouds.stratogen.vcloud.mycloud.compute.StratoGenVCloudMyCloudTemplateBuilderLiveTest): 
  testTemplateBuilderCannotFind(org.jclouds.stratogen.vcloud.mycloud.compute.StratoGenVCloudMyCloudTemplateBuilderLiveTest): 
  testTemplateBuilderCannotFind(org.jclouds.stratogen.vcloud.mycloud.compute.StratoGenVCloudMyCloudTemplateBuilderLiveTest): 
  testTemplateBuilderCannotFind(org.jclouds.stratogen.vcloud.mycloud.compute.StratoGenVCloudMyCloudTemplateBuilderLiveTest): 
  testTemplateBuilderCannotFind(org.jclouds.stratogen.vcloud.mycloud.compute.StratoGenVCloudMyCloudTemplateBuilderLiveTest): 
  testTemplateBuilderCannotFind(org.jclouds.stratogen.vcloud.mycloud.compute.StratoGenVCloudMyCloudTemplateBuilderLiveTest): 
  testTemplateBuilderCannotFind(org.jclouds.stratogen.vcloud.mycloud.compute.StratoGenVCloudMyCloudTemplateBuilderLiveTest): 
  testTemplateBuilderCannotFind(org.jclouds.stratogen.vcloud.mycloud.compute.StratoGenVCloudMyCloudTemplateBuilderLiveTest): 
  testTemplateBuilderCannotFind(org.jclouds.stratogen.vcloud.mycloud.compute.StratoGenVCloudMyCloudTemplateBuilderLiveTest): 
  testTemplateBuilderCannotFind(org.jclouds.stratogen.vcloud.mycloud.compute.StratoGenVCloudMyCloudTemplateBuilderLiveTest): 
  testTemplateBuilderCannotFind(org.jclouds.stratogen.vcloud.mycloud.compute.StratoGenVCloudMyCloudTemplateBuilderLiveTest): 
  testTemplateBuilderCannotFind(org.jclouds.stratogen.vcloud.mycloud.compute.StratoGenVCloudMyCloudTemplateBuilderLiveTest): 
  testTemplateBuilderCannotFind(org.jclouds.stratogen.vcloud.mycloud.compute.StratoGenVCloudMyCloudTemplateBuilderLiveTest): 
  testTemplateBuilderCannotFind(org.jclouds.stratogen.vcloud.mycloud.compute.StratoGenVCloudMyCloudTemplateBuilderLiveTest): 
  testTemplateBuilderCannotFind(org.jclouds.stratogen.vcloud.mycloud.compute.StratoGenVCloudMyCloudTemplateBuilderLiveTest): 
  testTemplateBuilderCannotFind(org.jclouds.stratogen.vcloud.mycloud.compute.StratoGenVCloudMyCloudTemplateBuilderLiveTest): 
  testTemplateBuilderCannotFind(org.jclouds.stratogen.vcloud.mycloud.compute.StratoGenVCloudMyCloudTemplateBuilderLiveTest): 
  testTemplateBuilderCannotFind(org.jclouds.stratogen.vcloud.mycloud.compute.StratoGenVCloudMyCloudTemplateBuilderLiveTest): 
  testTemplateBuilderCannotFind(org.jclouds.stratogen.vcloud.mycloud.compute.StratoGenVCloudMyCloudTemplateBuilderLiveTest): 
  testTemplateBuilderCannotFind(org.jclouds.stratogen.vcloud.mycloud.compute.StratoGenVCloudMyCloudTemplateBuilderLiveTest): 
  testTemplateBuilderCannotFind(org.jclouds.stratogen.vcloud.mycloud.compute.StratoGenVCloudMyCloudTemplateBuilderLiveTest): 
  testTemplateBuilderCannotFind(org.jclouds.stratogen.vcloud.mycloud.compute.StratoGenVCloudMyCloudTemplateBuilderLiveTest): 
  testTemplateBuilderCannotFind(org.jclouds.stratogen.vcloud.mycloud.compute.StratoGenVCloudMyCloudTemplateBuilderLiveTest): 
  testTemplateBuilderCannotFind(org.jclouds.stratogen.vcloud.mycloud.compute.StratoGenVCloudMyCloudTemplateBuilderLiveTest): 
  testTemplateBuilderCannotFind(org.jclouds.stratogen.vcloud.mycloud.compute.StratoGenVCloudMyCloudTemplateBuilderLiveTest): 
  testTemplateBuilderCannotFind(org.jclouds.stratogen.vcloud.mycloud.compute.StratoGenVCloudMyCloudTemplateBuilderLiveTest): 
  testTemplateBuilderCannotFind(org.jclouds.stratogen.vcloud.mycloud.compute.StratoGenVCloudMyCloudTemplateBuilderLiveTest): 
  testTemplateBuilderCannotFind(org.jclouds.stratogen.vcloud.mycloud.compute.StratoGenVCloudMyCloudTemplateBuilderLiveTest): 
  testTemplateBuilderCannotFind(org.jclouds.stratogen.vcloud.mycloud.compute.StratoGenVCloudMyCloudTemplateBuilderLiveTest): 
  testTemplateBuilderCannotFind(org.jclouds.stratogen.vcloud.mycloud.compute.StratoGenVCloudMyCloudTemplateBuilderLiveTest): 
  testTemplateBuilderCannotFind(org.jclouds.stratogen.vcloud.mycloud.compute.StratoGenVCloudMyCloudTemplateBuilderLiveTest): 
  testTemplateBuilderCannotFind(org.jclouds.stratogen.vcloud.mycloud.compute.StratoGenVCloudMyCloudTemplateBuilderLiveTest): 
  testTemplateBuilderCannotFind(org.jclouds.stratogen.vcloud.mycloud.compute.StratoGenVCloudMyCloudTemplateBuilderLiveTest): 
  testTemplateBuilderCannotFind(org.jclouds.stratogen.vcloud.mycloud.compute.StratoGenVCloudMyCloudTemplateBuilderLiveTest): 
  testTemplateBuilderCannotFind(org.jclouds.stratogen.vcloud.mycloud.compute.StratoGenVCloudMyCloudTemplateBuilderLiveTest): 
  testTemplateBuilderCannotFind(org.jclouds.stratogen.vcloud.mycloud.compute.StratoGenVCloudMyCloudTemplateBuilderLiveTest): 
  testTemplateBuilderCannotFind(org.jclouds.stratogen.vcloud.mycloud.compute.StratoGenVCloudMyCloudTemplateBuilderLiveTest): 
  testTemplateBuilderCannotFind(org.jclouds.stratogen.vcloud.mycloud.compute.StratoGenVCloudMyCloudTemplateBuilderLiveTest): 
  testTemplateBuilderCannotFind(org.jclouds.stratogen.vcloud.mycloud.compute.StratoGenVCloudMyCloudTemplateBuilderLiveTest): 
  testTemplateBuilderCannotFind(org.jclouds.stratogen.vcloud.mycloud.compute.StratoGenVCloudMyCloudTemplateBuilderLiveTest): 
  testTemplateBuilderCannotFind(org.jclouds.stratogen.vcloud.mycloud.compute.StratoGenVCloudMyCloudTemplateBuilderLiveTest): 
  testTemplateBuilderCannotFind(org.jclouds.stratogen.vcloud.mycloud.compute.StratoGenVCloudMyCloudTemplateBuilderLiveTest): 
  testTemplateBuilderCannotFind(org.jclouds.stratogen.vcloud.mycloud.compute.StratoGenVCloudMyCloudTemplateBuilderLiveTest): 
  testTemplateBuilderCannotFind(org.jclouds.stratogen.vcloud.mycloud.compute.StratoGenVCloudMyCloudTemplateBuilderLiveTest): 
  testTemplateBuilderCannotFind(org.jclouds.stratogen.vcloud.mycloud.compute.StratoGenVCloudMyCloudTemplateBuilderLiveTest): 
  testTemplateBuilderCannotFind(org.jclouds.stratogen.vcloud.mycloud.compute.StratoGenVCloudMyCloudTemplateBuilderLiveTest): 
  testTemplateBuilderCannotFind(org.jclouds.stratogen.vcloud.mycloud.compute.StratoGenVCloudMyCloudTemplateBuilderLiveTest): 
  testTemplateBuilderCannotFind(org.jclouds.stratogen.vcloud.mycloud.compute.StratoGenVCloudMyCloudTemplateBuilderLiveTest): 
  testTemplateBuilderCannotFind(org.jclouds.stratogen.vcloud.mycloud.compute.StratoGenVCloudMyCloudTemplateBuilderLiveTest): 
  testTemplateBuilderCannotFind(org.jclouds.stratogen.vcloud.mycloud.compute.StratoGenVCloudMyCloudTemplateBuilderLiveTest): 
  testTemplateBuilderCannotFind(org.jclouds.stratogen.vcloud.mycloud.compute.StratoGenVCloudMyCloudTemplateBuilderLiveTest): 
  testTemplateBuilderCannotFind(org.jclouds.stratogen.vcloud.mycloud.compute.StratoGenVCloudMyCloudTemplateBuilderLiveTest): 
  testTemplateBuilderCannotFind(org.jclouds.stratogen.vcloud.mycloud.compute.StratoGenVCloudMyCloudTemplateBuilderLiveTest): 
  testTemplateBuilderCannotFind(org.jclouds.stratogen.vcloud.mycloud.compute.StratoGenVCloudMyCloudTemplateBuilderLiveTest): 
  testTemplateBuilderCannotFind(org.jclouds.stratogen.vcloud.mycloud.compute.StratoGenVCloudMyCloudTemplateBuilderLiveTest): 
  testTemplateBuilderCannotFind(org.jclouds.stratogen.vcloud.mycloud.compute.StratoGenVCloudMyCloudTemplateBuilderLiveTest): 
  testTemplateBuilderCannotFind(org.jclouds.stratogen.vcloud.mycloud.compute.StratoGenVCloudMyCloudTemplateBuilderLiveTest): 
  testTemplateBuilderCannotFind(org.jclouds.stratogen.vcloud.mycloud.compute.StratoGenVCloudMyCloudTemplateBuilderLiveTest): 
  testTemplateBuilderCannotFind(org.jclouds.stratogen.vcloud.mycloud.compute.StratoGenVCloudMyCloudTemplateBuilderLiveTest): 
  testTemplateBuilderCannotFind(org.jclouds.stratogen.vcloud.mycloud.compute.StratoGenVCloudMyCloudTemplateBuilderLiveTest): 
  testTemplateBuilderCannotFind(org.jclouds.stratogen.vcloud.mycloud.compute.StratoGenVCloudMyCloudTemplateBuilderLiveTest): 
  testTemplateBuilderCannotFind(org.jclouds.stratogen.vcloud.mycloud.compute.StratoGenVCloudMyCloudTemplateBuilderLiveTest): 
  testTemplateBuilderCannotFind(org.jclouds.stratogen.vcloud.mycloud.compute.StratoGenVCloudMyCloudTemplateBuilderLiveTest): 
  testTemplateBuilderCannotFind(org.jclouds.stratogen.vcloud.mycloud.compute.StratoGenVCloudMyCloudTemplateBuilderLiveTest): 
  testTemplateBuilderCannotFind(org.jclouds.stratogen.vcloud.mycloud.compute.StratoGenVCloudMyCloudTemplateBuilderLiveTest): 
  testTemplateBuilderCannotFind(org.jclouds.stratogen.vcloud.mycloud.compute.StratoGenVCloudMyCloudTemplateBuilderLiveTest): 
  testTemplateBuilderCannotFind(org.jclouds.stratogen.vcloud.mycloud.compute.StratoGenVCloudMyCloudTemplateBuilderLiveTest): 
  testTemplateBuilderCannotFind(org.jclouds.stratogen.vcloud.mycloud.compute.StratoGenVCloudMyCloudTemplateBuilderLiveTest): 
  testTemplateBuilderCannotFind(org.jclouds.stratogen.vcloud.mycloud.compute.StratoGenVCloudMyCloudTemplateBuilderLiveTest): 
  testTemplateBuilderCannotFind(org.jclouds.stratogen.vcloud.mycloud.compute.StratoGenVCloudMyCloudTemplateBuilderLiveTest): 
  testTemplateBuilderCannotFind(org.jclouds.stratogen.vcloud.mycloud.compute.StratoGenVCloudMyCloudTemplateBuilderLiveTest): 
  testTemplateBuilderCannotFind(org.jclouds.stratogen.vcloud.mycloud.compute.StratoGenVCloudMyCloudTemplateBuilderLiveTest): 
  testTemplateBuilderWithImageIdSpecified(org.jclouds.stratogen.vcloud.mycloud.compute.StratoGenVCloudMyCloudTemplateBuilderLiveTest): request: GET https://vcd.stratogen.net/api/v1.0/vAppTemplate/vappTemplate-8eaea48f-8404-496e-aeb0-c2a2571a2689/ovf HTTP/1.1; cause: java.lang.NullPointerException: virtualSystem
  testTemplateBuilderWithLoginUserSpecified(org.jclouds.stratogen.vcloud.mycloud.compute.StratoGenVCloudMyCloudTemplateBuilderLiveTest): request: GET https://vcd.stratogen.net/api/v1.0/vAppTemplate/vappTemplate-8eaea48f-8404-496e-aeb0-c2a2571a2689/ovf HTTP/1.1; cause: java.lang.NullPointerException: virtualSystem
  testDefaultTemplateBuilder(org.jclouds.stratogen.vcloud.mycloud.compute.StratoGenVCloudMyCloudTemplateBuilderLiveTest): request: GET https://vcd.stratogen.net/api/v1.0/vAppTemplate/vappTemplate-8eaea48f-8404-496e-aeb0-c2a2571a2689/ovf HTTP/1.1; cause: java.lang.NullPointerException: virtualSystem

Tests run: 145, Failures: 106, Errors: 0, Skipped: 10

[INFO] ------------------------------------------------------------------------
[INFO] BUILD FAILURE
[INFO] ------------------------------------------------------------------------
[INFO] Total time: 1:16:22.683s
[INFO] Finished at: Wed Dec 14 16:35:40 PST 2011
[INFO] Final Memory: 19M/265M
[INFO] ------------------------------------------------------------------------
[ERROR] Failed to execute goal org.apache.maven.plugins:maven-surefire-plugin:2.10:test (integration) on project stratogen-vcloud-mycloud: There are test failures.
[ERROR] 
[ERROR] Please refer to /Users/adriancole/workspace/git/jclouds/providers/stratogen-vcloud-mycloud/target/surefire-reports for the individual test results.
[ERROR] -> [Help 1]
[ERROR] 
[ERROR] To see the full stack trace of the errors, re-run Maven with the -e switch.
[ERROR] Re-run Maven using the -X switch to enable full debug logging.
[ERROR] 
[ERROR] For more information about the errors and possible solutions, please read the following articles:
[ERROR] [Help 1] http://cwiki.apache.org/confluence/display/MAVEN/MojoFailureException
