-------------------------------------------------------------------------------
Test set: TestSuite
-------------------------------------------------------------------------------
Tests run: 145, Failures: 3, Errors: 0, Skipped: 35, Time elapsed: 2,873.325 sec <<< FAILURE!
testCreateAnotherNodeWithANewContextToEnsureSharedMemIsntRequired(org.jclouds.trmk.vcloudexpress.compute.TerremarkVCloudExpressComputeServiceLiveTest)  Time elapsed: 259.697 sec  <<< FAILURE!
org.jclouds.compute.RunNodesException: error running 1 node tag(vcx-) location(https://services.vcloudexpress.terremark.com/api/v0.8a-ext1.6/vdc/32) image(https://services.vcloudexpress.terremark.com/api/v0.8a-ext1.6/vappTemplate/41) size(cpu=1,ram=512,disk=10) options(TerremarkVCloudTemplateOptions [keyPair=b9:bc:74:54:5e:18:a8:45:42:e2:75:04:f9:21:3b:6e, noKeyPair=false, inboundPorts=[22], privateKey=false, publicKey=false, runScript=true, port:seconds=-1:-1, userMetadata: {}])
Execution failures:
0 error[s]
Node failures:
1) NullPointerException on node https://services.vcloudexpress.terremark.com/api/v0.8a-ext1.6/vapp/419701:
java.lang.NullPointerException: no login identity found for node https://services.vcloudexpress.terremark.com/api/v0.8a-ext1.6/vapp/419701
	at com.google.common.base.Preconditions.checkNotNull(Preconditions.java:231)
	at org.jclouds.compute.functions.CreateSshClientOncePortIsListeningOnNode.apply(CreateSshClientOncePortIsListeningOnNode.java:55)
	at org.jclouds.compute.functions.CreateSshClientOncePortIsListeningOnNode.apply(CreateSshClientOncePortIsListeningOnNode.java:40)
	at org.jclouds.compute.callables.SudoAwareInitManager.init(SudoAwareInitManager.java:66)
	at org.jclouds.compute.callables.RunScriptOnNodeAsInitScriptUsingSsh.init(RunScriptOnNodeAsInitScriptUsingSsh.java:82)
	at org.jclouds.compute.callables.RunScriptOnNodeAsInitScriptUsingSshAndBlockUntilComplete.init(RunScriptOnNodeAsInitScriptUsingSshAndBlockUntilComplete.java:76)
	at org.jclouds.compute.callables.RunScriptOnNodeAsInitScriptUsingSshAndBlockUntilComplete.init(RunScriptOnNodeAsInitScriptUsingSshAndBlockUntilComplete.java:43)
	at org.jclouds.compute.strategy.InitializeRunScriptOnNodeOrPlaceInBadMap.call(InitializeRunScriptOnNodeOrPlaceInBadMap.java:67)
	at org.jclouds.compute.strategy.InitializeRunScriptOnNodeOrPlaceInBadMap.call(InitializeRunScriptOnNodeOrPlaceInBadMap.java:40)
	at org.jclouds.compute.strategy.CustomizeNodeAndAddToGoodMapOrPutExceptionIntoBadMap.call(CustomizeNodeAndAddToGoodMapOrPutExceptionIntoBadMap.java:148)
	at org.jclouds.compute.strategy.CustomizeNodeAndAddToGoodMapOrPutExceptionIntoBadMap.apply(CustomizeNodeAndAddToGoodMapOrPutExceptionIntoBadMap.java:170)
	at org.jclouds.compute.strategy.CustomizeNodeAndAddToGoodMapOrPutExceptionIntoBadMap.apply(CustomizeNodeAndAddToGoodMapOrPutExceptionIntoBadMap.java:57)
	at com.google.common.util.concurrent.Futures$4.apply(Futures.java:503)
	at com.google.common.util.concurrent.Futures$4.apply(Futures.java:501)
	at com.google.common.util.concurrent.Futures$3.apply(Futures.java:279)
	at com.google.common.util.concurrent.Futures$ChainingListenableFuture.run(Futures.java:851)
	at java.util.concurrent.ThreadPoolExecutor$Worker.runTask(ThreadPoolExecutor.java:886)
	at java.util.concurrent.ThreadPoolExecutor$Worker.run(ThreadPoolExecutor.java:908)
	at java.lang.Thread.run(Thread.java:680)
1 error[s]
	at org.jclouds.compute.internal.BaseComputeService.createNodesInGroup(BaseComputeService.java:237)
	at org.jclouds.compute.BaseComputeServiceLiveTest.testCreateAnotherNodeWithANewContextToEnsureSharedMemIsntRequired(BaseComputeServiceLiveTest.java:419)
	at sun.reflect.NativeMethodAccessorImpl.invoke0(Native Method)
	at sun.reflect.NativeMethodAccessorImpl.invoke(NativeMethodAccessorImpl.java:39)
	at sun.reflect.DelegatingMethodAccessorImpl.invoke(DelegatingMethodAccessorImpl.java:25)
	at java.lang.reflect.Method.invoke(Method.java:597)
	at org.testng.internal.MethodInvocationHelper.invokeMethod(MethodInvocationHelper.java:76)
	at org.testng.internal.Invoker.invokeMethod(Invoker.java:673)
	at org.testng.internal.Invoker.invokeTestMethod(Invoker.java:846)
	at org.testng.internal.Invoker.invokeTestMethods(Invoker.java:1170)
	at org.testng.internal.TestMethodWorker.invokeTestMethods(TestMethodWorker.java:125)
	at org.testng.internal.TestMethodWorker.run(TestMethodWorker.java:109)
	at org.testng.TestRunner.runWorkers(TestRunner.java:1147)
	at org.testng.TestRunner.privateRun(TestRunner.java:749)
	at org.testng.TestRunner.run(TestRunner.java:600)
	at org.testng.SuiteRunner.runTest(SuiteRunner.java:317)
	at org.testng.SuiteRunner.access$000(SuiteRunner.java:34)
	at org.testng.SuiteRunner$SuiteWorker.run(SuiteRunner.java:351)
	at org.testng.internal.thread.ThreadUtil$CountDownLatchedRunnable.run(ThreadUtil.java:147)
	at java.util.concurrent.ThreadPoolExecutor$Worker.runTask(ThreadPoolExecutor.java:886)
	at java.util.concurrent.ThreadPoolExecutor$Worker.run(ThreadPoolExecutor.java:908)
	at java.lang.Thread.run(Thread.java:680)
testTemplateBuilderWithImageIdSpecified(org.jclouds.trmk.vcloudexpress.compute.TerremarkVCloudExpressTemplateBuilderLiveTest)  Time elapsed: 12.951 sec  <<< FAILURE!
java.lang.NullPointerException
	at org.jclouds.trmk.vcloud_0_8.compute.functions.ImageForVCloudExpressVAppTemplate.apply(ImageForVCloudExpressVAppTemplate.java:61)
	at org.jclouds.trmk.vcloud_0_8.compute.functions.ImageForVCloudExpressVAppTemplate.apply(ImageForVCloudExpressVAppTemplate.java:38)
	at com.google.common.collect.Iterators$8.next(Iterators.java:812)
	at com.google.common.collect.Iterators$5.next(Iterators.java:554)
	at com.google.common.collect.Iterators$8.next(Iterators.java:811)
	at com.google.common.collect.Sets.newLinkedHashSet(Sets.java:287)
	at org.jclouds.trmk.vcloud_0_8.compute.suppliers.VAppTemplatesInOrgs.get(VAppTemplatesInOrgs.java:74)
	at org.jclouds.trmk.vcloud_0_8.compute.suppliers.VAppTemplatesInOrgs.get(VAppTemplatesInOrgs.java:47)
	at org.jclouds.compute.config.BaseComputeServiceContextModule$9.get(BaseComputeServiceContextModule.java:253)
	at org.jclouds.compute.config.BaseComputeServiceContextModule$9.get(BaseComputeServiceContextModule.java:250)
	at org.jclouds.rest.suppliers.SetAndThrowAuthorizationExceptionSupplier.get(SetAndThrowAuthorizationExceptionSupplier.java:49)
	at org.jclouds.concurrent.RetryOnTimeOutExceptionSupplier.get(RetryOnTimeOutExceptionSupplier.java:47)
	at com.google.common.base.Suppliers$ExpiringMemoizingSupplier.get(Suppliers.java:173)
	at org.jclouds.rest.suppliers.MemoizedRetryOnTimeOutButNotOnAuthorizationExceptionSupplier.get(MemoizedRetryOnTimeOutButNotOnAuthorizationExceptionSupplier.java:59)
	at org.jclouds.compute.domain.internal.TemplateBuilderImpl.getImages(TemplateBuilderImpl.java:669)
	at org.jclouds.compute.domain.internal.TemplateBuilderImpl.build(TemplateBuilderImpl.java:562)
	at org.jclouds.compute.domain.internal.TemplateBuilderImpl.build(TemplateBuilderImpl.java:555)
	at org.jclouds.compute.BaseTemplateBuilderLiveTest.testTemplateBuilderWithImageIdSpecified(BaseTemplateBuilderLiveTest.java:253)
	at sun.reflect.NativeMethodAccessorImpl.invoke0(Native Method)
	at sun.reflect.NativeMethodAccessorImpl.invoke(NativeMethodAccessorImpl.java:39)
	at sun.reflect.DelegatingMethodAccessorImpl.invoke(DelegatingMethodAccessorImpl.java:25)
	at java.lang.reflect.Method.invoke(Method.java:597)
	at org.testng.internal.MethodInvocationHelper.invokeMethod(MethodInvocationHelper.java:76)
	at org.testng.internal.Invoker.invokeMethod(Invoker.java:673)
	at org.testng.internal.Invoker.invokeTestMethod(Invoker.java:846)
	at org.testng.internal.Invoker.invokeTestMethods(Invoker.java:1170)
	at org.testng.internal.TestMethodWorker.invokeTestMethods(TestMethodWorker.java:125)
	at org.testng.internal.TestMethodWorker.run(TestMethodWorker.java:109)
	at org.testng.TestRunner.runWorkers(TestRunner.java:1147)
	at org.testng.TestRunner.privateRun(TestRunner.java:749)
	at org.testng.TestRunner.run(TestRunner.java:600)
	at org.testng.SuiteRunner.runTest(SuiteRunner.java:317)
	at org.testng.SuiteRunner.access$000(SuiteRunner.java:34)
	at org.testng.SuiteRunner$SuiteWorker.run(SuiteRunner.java:351)
	at org.testng.internal.thread.ThreadUtil$CountDownLatchedRunnable.run(ThreadUtil.java:147)
	at java.util.concurrent.ThreadPoolExecutor$Worker.runTask(ThreadPoolExecutor.java:886)
	at java.util.concurrent.ThreadPoolExecutor$Worker.run(ThreadPoolExecutor.java:908)
	at java.lang.Thread.run(Thread.java:680)
setupCredentials(org.jclouds.trmk.vcloudexpress.TerremarkVCloudExpressClientLiveTest)  Time elapsed: 72.372 sec  <<< FAILURE!
java.lang.NullPointerException: test.null.identity
	at com.google.common.base.Preconditions.checkNotNull(Preconditions.java:204)
	at org.jclouds.compute.BaseVersionedServiceLiveTest.setupCredentials(BaseVersionedServiceLiveTest.java:81)
	at sun.reflect.NativeMethodAccessorImpl.invoke0(Native Method)
	at sun.reflect.NativeMethodAccessorImpl.invoke(NativeMethodAccessorImpl.java:39)
	at sun.reflect.DelegatingMethodAccessorImpl.invoke(DelegatingMethodAccessorImpl.java:25)
	at java.lang.reflect.Method.invoke(Method.java:597)
	at org.testng.internal.MethodInvocationHelper.invokeMethod(MethodInvocationHelper.java:76)
	at org.testng.internal.Invoker.invokeConfigurationMethod(Invoker.java:525)
	at org.testng.internal.Invoker.invokeConfigurations(Invoker.java:202)
	at org.testng.internal.Invoker.invokeConfigurations(Invoker.java:130)
	at org.testng.internal.TestMethodWorker.invokeBeforeClassMethods(TestMethodWorker.java:173)
	at org.testng.internal.TestMethodWorker.run(TestMethodWorker.java:105)
	at org.testng.TestRunner.runWorkers(TestRunner.java:1147)
	at org.testng.TestRunner.privateRun(TestRunner.java:749)
	at org.testng.TestRunner.run(TestRunner.java:600)
	at org.testng.SuiteRunner.runTest(SuiteRunner.java:317)
	at org.testng.SuiteRunner.access$000(SuiteRunner.java:34)
	at org.testng.SuiteRunner$SuiteWorker.run(SuiteRunner.java:351)
	at org.testng.internal.thread.ThreadUtil$CountDownLatchedRunnable.run(ThreadUtil.java:147)
	at java.util.concurrent.ThreadPoolExecutor$Worker.runTask(ThreadPoolExecutor.java:886)
	at java.util.concurrent.ThreadPoolExecutor$Worker.run(ThreadPoolExecutor.java:908)
	at java.lang.Thread.run(Thread.java:680)
