-------------------------------------------------------------------------------
Test set: TestSuite
-------------------------------------------------------------------------------
Tests run: 33, Failures: 3, Errors: 0, Skipped: 0, Time elapsed: 1,706.199 sec <<< FAILURE!
testExtendedOptionsWithCustomizationScript(org.jclouds.vcloud.features.VmClientLiveTest)  Time elapsed: 244.004 sec  <<< FAILURE!
java.lang.AssertionError: expected:<cat > /root/foo.txt<<EOF
I '"love"' {asc|!}*&
EOF
> but was:<cat > /root/foo.txt<<EOFI '"love"' {asc|!}*&EOF>
	at org.testng.Assert.fail(Assert.java:89)
	at org.testng.Assert.failNotEquals(Assert.java:480)
	at org.testng.Assert.assertEquals(Assert.java:118)
	at org.testng.Assert.assertEquals(Assert.java:171)
	at org.testng.Assert.assertEquals(Assert.java:181)
	at org.jclouds.vcloud.features.VmClientLiveTest.checkApiOutput1_0_1(VmClientLiveTest.java:152)
	at org.jclouds.vcloud.features.VmClientLiveTest.checkApiOutput(VmClientLiveTest.java:140)
	at org.jclouds.vcloud.features.VmClientLiveTest.testExtendedOptionsWithCustomizationScript(VmClientLiveTest.java:118)
testAScriptExecutionAfterBootWithBasicTemplate(org.jclouds.vcloud.compute.VCloudComputeServiceLiveTest)  Time elapsed: 26.549 sec  <<< FAILURE!
java.lang.AssertionError: [id=https://zone01.bluelock.com/api/v1.0/vApp/vapp-1366158491, providerId=https://zone01.bluelock.com/api/v1.0/vApp/vapp-1366158491, group=vcloud-r, name=vcloud-r-492, location=[id=https://zone01.bluelock.com/api/v1.0/vdc/480447969, scope=ZONE, description=Cluster01-Jclouds, parent=https://zone01.bluelock.com/api/v1.0/org/1484502809, iso3166Codes=[], metadata={}], uri=https://zone01.bluelock.com/api/v1.0/vApp/vapp-1366158491, imageId=null, os=[osType=UBUNTU_64, arch=null, description=Ubuntu Linux (64-bit), family=ubuntu, is64Bit=true, name=Ubuntu 64-Bit, version=], state=RUNNING, loginPort=22, hostname=null, privateAddresses=[], publicAddresses=[173.240.109.144], hardware=[id=https://zone01.bluelock.com/api/v1.0/vApp/vapp-1366158491, providerId=https://zone01.bluelock.com/api/v1.0/vApp/vapp-1366158491, name=vcloud-r-492, processors=[[cores=1.0, speed=1.0]], ram=512, volumes=[[id=0, type=LOCAL, size=30.0, device=null, durable=true, isBootDevice=true]], supportsImage=idEquals(https://zone01.bluelock.com/api/v1.0/vApp/vapp-1366158491), tags=[]], loginUser=root, userMetadata={}, tags=[]]: [output=Ubuntu1004
, error=, exitCode=0]
	at org.jclouds.compute.BaseComputeServiceLiveTest.checkResponseEqualsHostname(BaseComputeServiceLiveTest.java:327)
	at org.jclouds.compute.BaseComputeServiceLiveTest.testAScriptExecutionAfterBootWithBasicTemplate(BaseComputeServiceLiveTest.java:239)
	at sun.reflect.NativeMethodAccessorImpl.invoke0(Native Method)
	at sun.reflect.NativeMethodAccessorImpl.invoke(NativeMethodAccessorImpl.java:39)
	at sun.reflect.DelegatingMethodAccessorImpl.invoke(DelegatingMethodAccessorImpl.java:25)
	at java.lang.reflect.Method.invoke(Method.java:597)
	at org.testng.internal.MethodInvocationHelper.invokeMethod(MethodInvocationHelper.java:76)
	at org.testng.internal.Invoker.invokeMethod(Invoker.java:673)
	at org.testng.internal.Invoker.invokeTestMethod(Invoker.java:846)
	at org.testng.internal.Invoker.invokeTestMethods(Invoker.java:1170)
	at org.testng.internal.TestMethodWorker.invokeTestMethods(TestMethodWorker.java:125)
	at org.testng.internal.TestMethodWorker.run(TestMethodWorker.java:109)
	at org.testng.TestRunner.runWorkers(TestRunner.java:1147)
	at org.testng.TestRunner.privateRun(TestRunner.java:749)
	at org.testng.TestRunner.run(TestRunner.java:600)
	at org.testng.SuiteRunner.runTest(SuiteRunner.java:317)
	at org.testng.SuiteRunner.access$000(SuiteRunner.java:34)
	at org.testng.SuiteRunner$SuiteWorker.run(SuiteRunner.java:351)
	at org.testng.internal.thread.ThreadUtil$CountDownLatchedRunnable.run(ThreadUtil.java:147)
	at java.util.concurrent.ThreadPoolExecutor$Worker.runTask(ThreadPoolExecutor.java:886)
	at java.util.concurrent.ThreadPoolExecutor$Worker.run(ThreadPoolExecutor.java:908)
	at java.lang.Thread.run(Thread.java:680)
testOptionToNotBlock(org.jclouds.vcloud.compute.VCloudComputeServiceLiveTest)  Time elapsed: 139.895 sec  <<< FAILURE!
java.lang.AssertionError: duration(88) longer than expected(30) seconds! 
	at org.jclouds.compute.BaseComputeServiceLiveTest.testOptionToNotBlock(BaseComputeServiceLiveTest.java:821)
	at sun.reflect.NativeMethodAccessorImpl.invoke0(Native Method)
	at sun.reflect.NativeMethodAccessorImpl.invoke(NativeMethodAccessorImpl.java:39)
	at sun.reflect.DelegatingMethodAccessorImpl.invoke(DelegatingMethodAccessorImpl.java:25)
	at java.lang.reflect.Method.invoke(Method.java:597)
	at org.testng.internal.MethodInvocationHelper.invokeMethod(MethodInvocationHelper.java:76)
	at org.testng.internal.Invoker.invokeMethod(Invoker.java:673)
	at org.testng.internal.Invoker.invokeTestMethod(Invoker.java:846)
	at org.testng.internal.Invoker.invokeTestMethods(Invoker.java:1170)
	at org.testng.internal.TestMethodWorker.invokeTestMethods(TestMethodWorker.java:125)
	at org.testng.internal.TestMethodWorker.run(TestMethodWorker.java:109)
	at org.testng.TestRunner.runWorkers(TestRunner.java:1147)
	at org.testng.TestRunner.privateRun(TestRunner.java:749)
	at org.testng.TestRunner.run(TestRunner.java:600)
	at org.testng.SuiteRunner.runTest(SuiteRunner.java:317)
	at org.testng.SuiteRunner.access$000(SuiteRunner.java:34)
	at org.testng.SuiteRunner$SuiteWorker.run(SuiteRunner.java:351)
	at org.testng.internal.thread.ThreadUtil$CountDownLatchedRunnable.run(ThreadUtil.java:147)
	at java.util.concurrent.ThreadPoolExecutor$Worker.runTask(ThreadPoolExecutor.java:886)
	at java.util.concurrent.ThreadPoolExecutor$Worker.run(ThreadPoolExecutor.java:908)
	at java.lang.Thread.run(Thread.java:680)
